<class 'pandas.core.frame.DataFrame'>
RangeIndex: 205 entries, 0 to 204
Data columns (total 26 columns):
 #   Column             Non-Null Count  Dtype  
---  ------             --------------  -----  
 0   symboling          205 non-null    int64  
 1   normalized-losses  164 non-null    float64
 2   make               205 non-null    object 
 3   fuel-type          205 non-null    object 
 4   aspiration         205 non-null    object 
 5   num-of-doors       203 non-null    object 
 6   body-style         205 non-null    object 
 7   drive-wheels       205 non-null    object 
 8   engine-location    205 non-null    object 
 9   wheel-base         205 non-null    float64
 10  length             205 non-null    float64
 11  width              205 non-null    float64
 12  height             205 non-null    float64
 13  curb-weight        205 non-null    int64  
 14  engine-type        205 non-null    object 
 15  num-of-cylinders   205 non-null    object 
 16  engine-size        205 non-null    int64  
 17  fuel-system        205 non-null    object 
 18  bore               201 non-null    float64
 19  stroke             201 non-null    float64
 20  compression-ratio  205 non-null    float64
 21  horsepower         203 non-null    float64
 22  peak-rpm           203 non-null    float64
 23  city-mpg           205 non-null    int64  
 24  highway-mpg        205 non-null    int64  
 25  price              201 non-null    float64
dtypes: float64(11), int64(5), object(10)
memory usage: 41.8+ KB
<class 'pandas.core.frame.DataFrame'>
RangeIndex: 205 entries, 0 to 204
Data columns (total 26 columns):
 #   Column             Non-Null Count  Dtype  
---  ------             --------------  -----  
 0   symboling          205 non-null    int64  
 1   normalized-losses  164 non-null    float64
 2   make               205 non-null    object 
 3   fuel-type          205 non-null    object 
 4   aspiration         205 non-null    object 
 5   num-of-doors       203 non-null    object 
 6   body-style         205 non-null    object 
 7   drive-wheels       205 non-null    object 
 8   engine-location    205 non-null    object 
 9   wheel-base         205 non-null    float64
 10  length             205 non-null    float64
 11  width              205 non-null    float64
 12  height             205 non-null    float64
 13  curb-weight        205 non-null    int64  
 14  engine-type        205 non-null    object 
 15  num-of-cylinders   205 non-null    object 
 16  engine-size        205 non-null    int64  
 17  fuel-system        205 non-null    object 
 18  bore               201 non-null    float64
 19  stroke             201 non-null    float64
 20  compression-ratio  205 non-null    float64
 21  horsepower         203 non-null    float64
 22  peak-rpm           203 non-null    float64
 23  city-mpg           205 non-null    int64  
 24  highway-mpg        205 non-null    int64  
 25  price              201 non-null    float64
dtypes: float64(11), int64(5), object(10)
memory usage: 41.8+ KB
Traceback (most recent call last):
  File "auto-imports-beginner-level-analysis.py", line 162, in <module>
    imp = scale( X='mean' ,copy=False)
  File "/home/cgzhu/anaconda3/envs/migration-plus/lib/python3.6/site-packages/sklearn/utils/validation.py", line 73, in inner_f
    return f(**kwargs)
  File "/home/cgzhu/anaconda3/envs/migration-plus/lib/python3.6/site-packages/sklearn/preprocessing/_data.py", line 143, in scale
    force_all_finite='allow-nan')
  File "/home/cgzhu/anaconda3/envs/migration-plus/lib/python3.6/site-packages/sklearn/utils/validation.py", line 73, in inner_f
    return f(**kwargs)
  File "/home/cgzhu/anaconda3/envs/migration-plus/lib/python3.6/site-packages/sklearn/utils/validation.py", line 599, in check_array
    array = np.asarray(array, order=order, dtype=dtype)
  File "/home/cgzhu/anaconda3/envs/migration-plus/lib/python3.6/site-packages/numpy/core/_asarray.py", line 85, in asarray
    return array(a, dtype, copy=False, order=order)
ValueError: could not convert string to float: 'mean'
