/home/cgzhu/anaconda3/envs/migration-plus/lib/python3.6/site-packages/sklearn/linear_model/_huber.py:296: ConvergenceWarning: lbfgs failed to converge (status=1):
STOP: TOTAL NO. of ITERATIONS REACHED LIMIT.

Increase the number of iterations (max_iter) or scale the data as shown in:
    https://scikit-learn.org/stable/modules/preprocessing.html
  self.n_iter_ = _check_optimize_result("lbfgs", opt_res, self.max_iter)
/home/cgzhu/anaconda3/envs/migration-plus/lib/python3.6/site-packages/sklearn/linear_model/_ridge.py:190: UserWarning: Singular matrix in solving dual problem. Using least-squares solution instead.
  warnings.warn("Singular matrix in solving dual problem. Using "
/home/cgzhu/anaconda3/envs/migration-plus/lib/python3.6/site-packages/sklearn/linear_model/_coordinate_descent.py:531: ConvergenceWarning: Objective did not converge. You might want to increase the number of iterations. Duality gap: 6.736624525094157, tolerance: 6.010435705669482
  positive)
/home/cgzhu/anaconda3/envs/migration-plus/lib/python3.6/site-packages/sklearn/linear_model/_coordinate_descent.py:531: ConvergenceWarning: Objective did not converge. You might want to increase the number of iterations. Duality gap: 12.595819072814265, tolerance: 6.010435705669482
  positive)
/home/cgzhu/anaconda3/envs/migration-plus/lib/python3.6/site-packages/sklearn/linear_model/_coordinate_descent.py:531: ConvergenceWarning: Objective did not converge. You might want to increase the number of iterations. Duality gap: 16.071483006018752, tolerance: 6.010435705669482
  positive)
/home/cgzhu/anaconda3/envs/migration-plus/lib/python3.6/site-packages/sklearn/linear_model/_coordinate_descent.py:531: ConvergenceWarning: Objective did not converge. You might want to increase the number of iterations. Duality gap: 18.724366586733595, tolerance: 6.010435705669482
  positive)
/home/cgzhu/anaconda3/envs/migration-plus/lib/python3.6/site-packages/sklearn/linear_model/_coordinate_descent.py:531: ConvergenceWarning: Objective did not converge. You might want to increase the number of iterations. Duality gap: 21.429169812525288, tolerance: 6.010435705669482
  positive)
/home/cgzhu/anaconda3/envs/migration-plus/lib/python3.6/site-packages/sklearn/linear_model/_coordinate_descent.py:531: ConvergenceWarning: Objective did not converge. You might want to increase the number of iterations. Duality gap: 23.824110724450293, tolerance: 6.010435705669482
  positive)
/home/cgzhu/anaconda3/envs/migration-plus/lib/python3.6/site-packages/sklearn/linear_model/_coordinate_descent.py:531: ConvergenceWarning: Objective did not converge. You might want to increase the number of iterations. Duality gap: 27.161478124176938, tolerance: 6.010435705669482
  positive)
/home/cgzhu/anaconda3/envs/migration-plus/lib/python3.6/site-packages/sklearn/linear_model/_coordinate_descent.py:531: ConvergenceWarning: Objective did not converge. You might want to increase the number of iterations. Duality gap: 53.5744961302571, tolerance: 6.010435705669482
  positive)
/home/cgzhu/anaconda3/envs/migration-plus/lib/python3.6/site-packages/sklearn/linear_model/_coordinate_descent.py:531: ConvergenceWarning: Objective did not converge. You might want to increase the number of iterations. Duality gap: 71.99757819401202, tolerance: 6.010435705669482
  positive)
/home/cgzhu/anaconda3/envs/migration-plus/lib/python3.6/site-packages/sklearn/linear_model/_coordinate_descent.py:531: ConvergenceWarning: Objective did not converge. You might want to increase the number of iterations. Duality gap: 65.06059735766394, tolerance: 6.010435705669482
  positive)
/home/cgzhu/anaconda3/envs/migration-plus/lib/python3.6/site-packages/sklearn/linear_model/_coordinate_descent.py:531: ConvergenceWarning: Objective did not converge. You might want to increase the number of iterations. Duality gap: 71.95478277017537, tolerance: 6.010435705669482
  positive)
/home/cgzhu/anaconda3/envs/migration-plus/lib/python3.6/site-packages/sklearn/linear_model/_coordinate_descent.py:531: ConvergenceWarning: Objective did not converge. You might want to increase the number of iterations. Duality gap: 83.18996593876363, tolerance: 6.010435705669482
  positive)
/home/cgzhu/anaconda3/envs/migration-plus/lib/python3.6/site-packages/sklearn/linear_model/_coordinate_descent.py:531: ConvergenceWarning: Objective did not converge. You might want to increase the number of iterations. Duality gap: 63.0047770951187, tolerance: 6.010435705669482
  positive)
/home/cgzhu/anaconda3/envs/migration-plus/lib/python3.6/site-packages/sklearn/linear_model/_coordinate_descent.py:531: ConvergenceWarning: Objective did not converge. You might want to increase the number of iterations. Duality gap: 45.06412457145416, tolerance: 6.010435705669482
  positive)
/home/cgzhu/anaconda3/envs/migration-plus/lib/python3.6/site-packages/sklearn/linear_model/_coordinate_descent.py:531: ConvergenceWarning: Objective did not converge. You might want to increase the number of iterations. Duality gap: 71.57874132387587, tolerance: 6.010435705669482
  positive)
/home/cgzhu/anaconda3/envs/migration-plus/lib/python3.6/site-packages/sklearn/linear_model/_coordinate_descent.py:531: ConvergenceWarning: Objective did not converge. You might want to increase the number of iterations. Duality gap: 151.99371812863592, tolerance: 6.010435705669482
  positive)
/home/cgzhu/anaconda3/envs/migration-plus/lib/python3.6/site-packages/sklearn/linear_model/_coordinate_descent.py:531: ConvergenceWarning: Objective did not converge. You might want to increase the number of iterations. Duality gap: 138.4767249264769, tolerance: 6.010435705669482
  positive)
/home/cgzhu/anaconda3/envs/migration-plus/lib/python3.6/site-packages/sklearn/linear_model/_coordinate_descent.py:531: ConvergenceWarning: Objective did not converge. You might want to increase the number of iterations. Duality gap: 172.37842077411187, tolerance: 6.010435705669482
  positive)
/home/cgzhu/anaconda3/envs/migration-plus/lib/python3.6/site-packages/sklearn/linear_model/_coordinate_descent.py:531: ConvergenceWarning: Objective did not converge. You might want to increase the number of iterations. Duality gap: 239.43686571398212, tolerance: 6.010435705669482
  positive)
/home/cgzhu/anaconda3/envs/migration-plus/lib/python3.6/site-packages/sklearn/linear_model/_coordinate_descent.py:531: ConvergenceWarning: Objective did not converge. You might want to increase the number of iterations. Duality gap: 287.2292452149504, tolerance: 6.010435705669482
  positive)
/home/cgzhu/anaconda3/envs/migration-plus/lib/python3.6/site-packages/sklearn/linear_model/_coordinate_descent.py:531: ConvergenceWarning: Objective did not converge. You might want to increase the number of iterations. Duality gap: 267.65173352449256, tolerance: 6.010435705669482
  positive)
/home/cgzhu/anaconda3/envs/migration-plus/lib/python3.6/site-packages/sklearn/linear_model/_coordinate_descent.py:531: ConvergenceWarning: Objective did not converge. You might want to increase the number of iterations. Duality gap: 234.81749417492483, tolerance: 6.010435705669482
  positive)
/home/cgzhu/anaconda3/envs/migration-plus/lib/python3.6/site-packages/sklearn/linear_model/_coordinate_descent.py:531: ConvergenceWarning: Objective did not converge. You might want to increase the number of iterations. Duality gap: 316.98244316754517, tolerance: 6.010435705669482
  positive)
/home/cgzhu/anaconda3/envs/migration-plus/lib/python3.6/site-packages/sklearn/linear_model/_coordinate_descent.py:531: ConvergenceWarning: Objective did not converge. You might want to increase the number of iterations. Duality gap: 307.28761941704306, tolerance: 6.010435705669482
  positive)
/home/cgzhu/anaconda3/envs/migration-plus/lib/python3.6/site-packages/sklearn/linear_model/_coordinate_descent.py:531: ConvergenceWarning: Objective did not converge. You might want to increase the number of iterations. Duality gap: 310.14100113799213, tolerance: 6.010435705669482
  positive)
/home/cgzhu/anaconda3/envs/migration-plus/lib/python3.6/site-packages/sklearn/linear_model/_coordinate_descent.py:531: ConvergenceWarning: Objective did not converge. You might want to increase the number of iterations. Duality gap: 9.56028378170231, tolerance: 6.287392762364295
  positive)
/home/cgzhu/anaconda3/envs/migration-plus/lib/python3.6/site-packages/sklearn/linear_model/_coordinate_descent.py:531: ConvergenceWarning: Objective did not converge. You might want to increase the number of iterations. Duality gap: 12.230078034786857, tolerance: 6.287392762364295
  positive)
/home/cgzhu/anaconda3/envs/migration-plus/lib/python3.6/site-packages/sklearn/linear_model/_coordinate_descent.py:531: ConvergenceWarning: Objective did not converge. You might want to increase the number of iterations. Duality gap: 17.842689098386472, tolerance: 6.287392762364295
  positive)
/home/cgzhu/anaconda3/envs/migration-plus/lib/python3.6/site-packages/sklearn/linear_model/_coordinate_descent.py:531: ConvergenceWarning: Objective did not converge. You might want to increase the number of iterations. Duality gap: 15.784386010096568, tolerance: 6.287392762364295
  positive)
/home/cgzhu/anaconda3/envs/migration-plus/lib/python3.6/site-packages/sklearn/linear_model/_coordinate_descent.py:531: ConvergenceWarning: Objective did not converge. You might want to increase the number of iterations. Duality gap: 13.204005469866388, tolerance: 6.287392762364295
  positive)
/home/cgzhu/anaconda3/envs/migration-plus/lib/python3.6/site-packages/sklearn/linear_model/_coordinate_descent.py:531: ConvergenceWarning: Objective did not converge. You might want to increase the number of iterations. Duality gap: 9.520611133073544, tolerance: 6.287392762364295
  positive)
/home/cgzhu/anaconda3/envs/migration-plus/lib/python3.6/site-packages/sklearn/linear_model/_coordinate_descent.py:531: ConvergenceWarning: Objective did not converge. You might want to increase the number of iterations. Duality gap: 11.221906615472108, tolerance: 6.287392762364295
  positive)
/home/cgzhu/anaconda3/envs/migration-plus/lib/python3.6/site-packages/sklearn/linear_model/_coordinate_descent.py:531: ConvergenceWarning: Objective did not converge. You might want to increase the number of iterations. Duality gap: 6.926253595805974, tolerance: 6.287392762364295
  positive)
/home/cgzhu/anaconda3/envs/migration-plus/lib/python3.6/site-packages/sklearn/linear_model/_coordinate_descent.py:531: ConvergenceWarning: Objective did not converge. You might want to increase the number of iterations. Duality gap: 8.727876779390499, tolerance: 6.287392762364295
  positive)
/home/cgzhu/anaconda3/envs/migration-plus/lib/python3.6/site-packages/sklearn/linear_model/_coordinate_descent.py:531: ConvergenceWarning: Objective did not converge. You might want to increase the number of iterations. Duality gap: 16.24317735178738, tolerance: 6.287392762364295
  positive)
/home/cgzhu/anaconda3/envs/migration-plus/lib/python3.6/site-packages/sklearn/linear_model/_coordinate_descent.py:531: ConvergenceWarning: Objective did not converge. You might want to increase the number of iterations. Duality gap: 23.900850399950286, tolerance: 6.287392762364295
  positive)
/home/cgzhu/anaconda3/envs/migration-plus/lib/python3.6/site-packages/sklearn/linear_model/_coordinate_descent.py:531: ConvergenceWarning: Objective did not converge. You might want to increase the number of iterations. Duality gap: 26.3099810260519, tolerance: 6.287392762364295
  positive)
/home/cgzhu/anaconda3/envs/migration-plus/lib/python3.6/site-packages/sklearn/linear_model/_coordinate_descent.py:531: ConvergenceWarning: Objective did not converge. You might want to increase the number of iterations. Duality gap: 27.82840356672932, tolerance: 6.287392762364295
  positive)
/home/cgzhu/anaconda3/envs/migration-plus/lib/python3.6/site-packages/sklearn/linear_model/_coordinate_descent.py:531: ConvergenceWarning: Objective did not converge. You might want to increase the number of iterations. Duality gap: 24.784802702963134, tolerance: 6.287392762364295
  positive)
/home/cgzhu/anaconda3/envs/migration-plus/lib/python3.6/site-packages/sklearn/linear_model/_coordinate_descent.py:531: ConvergenceWarning: Objective did not converge. You might want to increase the number of iterations. Duality gap: 21.434156011724554, tolerance: 6.287392762364295
  positive)
/home/cgzhu/anaconda3/envs/migration-plus/lib/python3.6/site-packages/sklearn/linear_model/_coordinate_descent.py:531: ConvergenceWarning: Objective did not converge. You might want to increase the number of iterations. Duality gap: 14.660886176690838, tolerance: 6.287392762364295
  positive)
/home/cgzhu/anaconda3/envs/migration-plus/lib/python3.6/site-packages/sklearn/linear_model/_coordinate_descent.py:531: ConvergenceWarning: Objective did not converge. You might want to increase the number of iterations. Duality gap: 30.77823373048159, tolerance: 6.287392762364295
  positive)
/home/cgzhu/anaconda3/envs/migration-plus/lib/python3.6/site-packages/sklearn/linear_model/_coordinate_descent.py:531: ConvergenceWarning: Objective did not converge. You might want to increase the number of iterations. Duality gap: 95.29342381800961, tolerance: 6.287392762364295
  positive)
/home/cgzhu/anaconda3/envs/migration-plus/lib/python3.6/site-packages/sklearn/linear_model/_coordinate_descent.py:531: ConvergenceWarning: Objective did not converge. You might want to increase the number of iterations. Duality gap: 80.95124192076219, tolerance: 6.287392762364295
  positive)
/home/cgzhu/anaconda3/envs/migration-plus/lib/python3.6/site-packages/sklearn/linear_model/_coordinate_descent.py:531: ConvergenceWarning: Objective did not converge. You might want to increase the number of iterations. Duality gap: 105.74202650863481, tolerance: 6.287392762364295
  positive)
/home/cgzhu/anaconda3/envs/migration-plus/lib/python3.6/site-packages/sklearn/linear_model/_coordinate_descent.py:531: ConvergenceWarning: Objective did not converge. You might want to increase the number of iterations. Duality gap: 113.16600949156054, tolerance: 6.287392762364295
  positive)
/home/cgzhu/anaconda3/envs/migration-plus/lib/python3.6/site-packages/sklearn/linear_model/_coordinate_descent.py:531: ConvergenceWarning: Objective did not converge. You might want to increase the number of iterations. Duality gap: 129.86700891799956, tolerance: 6.287392762364295
  positive)
/home/cgzhu/anaconda3/envs/migration-plus/lib/python3.6/site-packages/sklearn/linear_model/_coordinate_descent.py:531: ConvergenceWarning: Objective did not converge. You might want to increase the number of iterations. Duality gap: 68.85671119577819, tolerance: 6.287392762364295
  positive)
/home/cgzhu/anaconda3/envs/migration-plus/lib/python3.6/site-packages/sklearn/linear_model/_coordinate_descent.py:531: ConvergenceWarning: Objective did not converge. You might want to increase the number of iterations. Duality gap: 68.66551946410436, tolerance: 6.287392762364295
  positive)
/home/cgzhu/anaconda3/envs/migration-plus/lib/python3.6/site-packages/sklearn/linear_model/_coordinate_descent.py:531: ConvergenceWarning: Objective did not converge. You might want to increase the number of iterations. Duality gap: 48.19354617248973, tolerance: 6.287392762364295
  positive)
/home/cgzhu/anaconda3/envs/migration-plus/lib/python3.6/site-packages/sklearn/linear_model/_coordinate_descent.py:531: ConvergenceWarning: Objective did not converge. You might want to increase the number of iterations. Duality gap: 58.3180311494998, tolerance: 6.287392762364295
  positive)
/home/cgzhu/anaconda3/envs/migration-plus/lib/python3.6/site-packages/sklearn/linear_model/_coordinate_descent.py:531: ConvergenceWarning: Objective did not converge. You might want to increase the number of iterations. Duality gap: 158.78310780240645, tolerance: 6.287392762364295
  positive)
/home/cgzhu/anaconda3/envs/migration-plus/lib/python3.6/site-packages/sklearn/linear_model/_coordinate_descent.py:531: ConvergenceWarning: Objective did not converge. You might want to increase the number of iterations. Duality gap: 191.11112603832044, tolerance: 6.287392762364295
  positive)
/home/cgzhu/anaconda3/envs/migration-plus/lib/python3.6/site-packages/sklearn/linear_model/_coordinate_descent.py:531: ConvergenceWarning: Objective did not converge. You might want to increase the number of iterations. Duality gap: 355.4944585355197, tolerance: 6.287392762364295
  positive)
/home/cgzhu/anaconda3/envs/migration-plus/lib/python3.6/site-packages/sklearn/linear_model/_coordinate_descent.py:531: ConvergenceWarning: Objective did not converge. You might want to increase the number of iterations. Duality gap: 511.98229484861895, tolerance: 6.287392762364295
  positive)
/home/cgzhu/anaconda3/envs/migration-plus/lib/python3.6/site-packages/sklearn/linear_model/_coordinate_descent.py:531: ConvergenceWarning: Objective did not converge. You might want to increase the number of iterations. Duality gap: 622.4225892828063, tolerance: 6.287392762364295
  positive)
/home/cgzhu/anaconda3/envs/migration-plus/lib/python3.6/site-packages/sklearn/linear_model/_coordinate_descent.py:531: ConvergenceWarning: Objective did not converge. You might want to increase the number of iterations. Duality gap: 690.1545373399995, tolerance: 6.287392762364295
  positive)
/home/cgzhu/anaconda3/envs/migration-plus/lib/python3.6/site-packages/sklearn/linear_model/_coordinate_descent.py:531: ConvergenceWarning: Objective did not converge. You might want to increase the number of iterations. Duality gap: 1000.4057676366701, tolerance: 6.287392762364295
  positive)
/home/cgzhu/anaconda3/envs/migration-plus/lib/python3.6/site-packages/sklearn/linear_model/_coordinate_descent.py:531: ConvergenceWarning: Objective did not converge. You might want to increase the number of iterations. Duality gap: 980.36842271566, tolerance: 6.287392762364295
  positive)
/home/cgzhu/anaconda3/envs/migration-plus/lib/python3.6/site-packages/sklearn/linear_model/_coordinate_descent.py:531: ConvergenceWarning: Objective did not converge. You might want to increase the number of iterations. Duality gap: 920.1466253448389, tolerance: 6.287392762364295
  positive)
/home/cgzhu/anaconda3/envs/migration-plus/lib/python3.6/site-packages/sklearn/linear_model/_coordinate_descent.py:531: ConvergenceWarning: Objective did not converge. You might want to increase the number of iterations. Duality gap: 6.919900626156959, tolerance: 6.552282409638554
  positive)
/home/cgzhu/anaconda3/envs/migration-plus/lib/python3.6/site-packages/sklearn/linear_model/_coordinate_descent.py:531: ConvergenceWarning: Objective did not converge. You might want to increase the number of iterations. Duality gap: 11.031287870062442, tolerance: 6.552282409638554
  positive)
/home/cgzhu/anaconda3/envs/migration-plus/lib/python3.6/site-packages/sklearn/linear_model/_coordinate_descent.py:531: ConvergenceWarning: Objective did not converge. You might want to increase the number of iterations. Duality gap: 7.108038862204921, tolerance: 6.552282409638554
  positive)
/home/cgzhu/anaconda3/envs/migration-plus/lib/python3.6/site-packages/sklearn/linear_model/_coordinate_descent.py:531: ConvergenceWarning: Objective did not converge. You might want to increase the number of iterations. Duality gap: 7.827343834407657, tolerance: 6.552282409638554
  positive)
/home/cgzhu/anaconda3/envs/migration-plus/lib/python3.6/site-packages/sklearn/linear_model/_coordinate_descent.py:531: ConvergenceWarning: Objective did not converge. You might want to increase the number of iterations. Duality gap: 14.886030108404157, tolerance: 6.552282409638554
  positive)
/home/cgzhu/anaconda3/envs/migration-plus/lib/python3.6/site-packages/sklearn/linear_model/_coordinate_descent.py:531: ConvergenceWarning: Objective did not converge. You might want to increase the number of iterations. Duality gap: 13.128429999174841, tolerance: 6.552282409638554
  positive)
/home/cgzhu/anaconda3/envs/migration-plus/lib/python3.6/site-packages/sklearn/linear_model/_coordinate_descent.py:531: ConvergenceWarning: Objective did not converge. You might want to increase the number of iterations. Duality gap: 8.035283549994347, tolerance: 6.552282409638554
  positive)
/home/cgzhu/anaconda3/envs/migration-plus/lib/python3.6/site-packages/sklearn/linear_model/_coordinate_descent.py:531: ConvergenceWarning: Objective did not converge. You might want to increase the number of iterations. Duality gap: 10.990759085821992, tolerance: 6.552282409638554
  positive)
/home/cgzhu/anaconda3/envs/migration-plus/lib/python3.6/site-packages/sklearn/linear_model/_coordinate_descent.py:531: ConvergenceWarning: Objective did not converge. You might want to increase the number of iterations. Duality gap: 22.80193041395978, tolerance: 6.552282409638554
  positive)
/home/cgzhu/anaconda3/envs/migration-plus/lib/python3.6/site-packages/sklearn/linear_model/_coordinate_descent.py:531: ConvergenceWarning: Objective did not converge. You might want to increase the number of iterations. Duality gap: 39.94421063345726, tolerance: 6.552282409638554
  positive)
/home/cgzhu/anaconda3/envs/migration-plus/lib/python3.6/site-packages/sklearn/linear_model/_coordinate_descent.py:531: ConvergenceWarning: Objective did not converge. You might want to increase the number of iterations. Duality gap: 78.41234474991325, tolerance: 6.552282409638554
  positive)
/home/cgzhu/anaconda3/envs/migration-plus/lib/python3.6/site-packages/sklearn/linear_model/_coordinate_descent.py:531: ConvergenceWarning: Objective did not converge. You might want to increase the number of iterations. Duality gap: 45.43412416339379, tolerance: 6.552282409638554
  positive)
/home/cgzhu/anaconda3/envs/migration-plus/lib/python3.6/site-packages/sklearn/linear_model/_coordinate_descent.py:531: ConvergenceWarning: Objective did not converge. You might want to increase the number of iterations. Duality gap: 63.52078663343855, tolerance: 6.552282409638554
  positive)
/home/cgzhu/anaconda3/envs/migration-plus/lib/python3.6/site-packages/sklearn/linear_model/_coordinate_descent.py:531: ConvergenceWarning: Objective did not converge. You might want to increase the number of iterations. Duality gap: 106.5595460862005, tolerance: 6.552282409638554
  positive)
/home/cgzhu/anaconda3/envs/migration-plus/lib/python3.6/site-packages/sklearn/linear_model/_coordinate_descent.py:531: ConvergenceWarning: Objective did not converge. You might want to increase the number of iterations. Duality gap: 192.8820447822418, tolerance: 6.552282409638554
  positive)
/home/cgzhu/anaconda3/envs/migration-plus/lib/python3.6/site-packages/sklearn/linear_model/_coordinate_descent.py:531: ConvergenceWarning: Objective did not converge. You might want to increase the number of iterations. Duality gap: 253.0000681386009, tolerance: 6.552282409638554
  positive)
/home/cgzhu/anaconda3/envs/migration-plus/lib/python3.6/site-packages/sklearn/linear_model/_coordinate_descent.py:531: ConvergenceWarning: Objective did not converge. You might want to increase the number of iterations. Duality gap: 211.53156028841113, tolerance: 6.552282409638554
  positive)
/home/cgzhu/anaconda3/envs/migration-plus/lib/python3.6/site-packages/sklearn/linear_model/_coordinate_descent.py:531: ConvergenceWarning: Objective did not converge. You might want to increase the number of iterations. Duality gap: 188.30103791488364, tolerance: 6.552282409638554
  positive)
/home/cgzhu/anaconda3/envs/migration-plus/lib/python3.6/site-packages/sklearn/linear_model/_coordinate_descent.py:531: ConvergenceWarning: Objective did not converge. You might want to increase the number of iterations. Duality gap: 188.01474509536274, tolerance: 6.552282409638554
  positive)
/home/cgzhu/anaconda3/envs/migration-plus/lib/python3.6/site-packages/sklearn/linear_model/_coordinate_descent.py:531: ConvergenceWarning: Objective did not converge. You might want to increase the number of iterations. Duality gap: 204.19043274049363, tolerance: 6.552282409638554
  positive)
/home/cgzhu/anaconda3/envs/migration-plus/lib/python3.6/site-packages/sklearn/linear_model/_coordinate_descent.py:531: ConvergenceWarning: Objective did not converge. You might want to increase the number of iterations. Duality gap: 184.10452119666297, tolerance: 6.552282409638554
  positive)
/home/cgzhu/anaconda3/envs/migration-plus/lib/python3.6/site-packages/sklearn/linear_model/_coordinate_descent.py:531: ConvergenceWarning: Objective did not converge. You might want to increase the number of iterations. Duality gap: 147.03025567679833, tolerance: 6.552282409638554
  positive)
/home/cgzhu/anaconda3/envs/migration-plus/lib/python3.6/site-packages/sklearn/linear_model/_coordinate_descent.py:531: ConvergenceWarning: Objective did not converge. You might want to increase the number of iterations. Duality gap: 178.72100706140372, tolerance: 6.552282409638554
  positive)
/home/cgzhu/anaconda3/envs/migration-plus/lib/python3.6/site-packages/sklearn/linear_model/_coordinate_descent.py:531: ConvergenceWarning: Objective did not converge. You might want to increase the number of iterations. Duality gap: 268.6499804132527, tolerance: 6.552282409638554
  positive)
/home/cgzhu/anaconda3/envs/migration-plus/lib/python3.6/site-packages/sklearn/linear_model/_coordinate_descent.py:531: ConvergenceWarning: Objective did not converge. You might want to increase the number of iterations. Duality gap: 405.43915762837787, tolerance: 6.552282409638554
  positive)
/home/cgzhu/anaconda3/envs/migration-plus/lib/python3.6/site-packages/sklearn/linear_model/_coordinate_descent.py:531: ConvergenceWarning: Objective did not converge. You might want to increase the number of iterations. Duality gap: 430.70289635348126, tolerance: 6.552282409638554
  positive)
/home/cgzhu/anaconda3/envs/migration-plus/lib/python3.6/site-packages/sklearn/linear_model/_coordinate_descent.py:531: ConvergenceWarning: Objective did not converge. You might want to increase the number of iterations. Duality gap: 556.6154770892263, tolerance: 6.552282409638554
  positive)
/home/cgzhu/anaconda3/envs/migration-plus/lib/python3.6/site-packages/sklearn/linear_model/_coordinate_descent.py:531: ConvergenceWarning: Objective did not converge. You might want to increase the number of iterations. Duality gap: 606.500661460811, tolerance: 6.552282409638554
  positive)
/home/cgzhu/anaconda3/envs/migration-plus/lib/python3.6/site-packages/sklearn/linear_model/_coordinate_descent.py:531: ConvergenceWarning: Objective did not converge. You might want to increase the number of iterations. Duality gap: 525.8688754701107, tolerance: 6.552282409638554
  positive)
/home/cgzhu/anaconda3/envs/migration-plus/lib/python3.6/site-packages/sklearn/linear_model/_coordinate_descent.py:531: ConvergenceWarning: Objective did not converge. You might want to increase the number of iterations. Duality gap: 395.0085478603214, tolerance: 6.552282409638554
  positive)
/home/cgzhu/anaconda3/envs/migration-plus/lib/python3.6/site-packages/sklearn/linear_model/_coordinate_descent.py:531: ConvergenceWarning: Objective did not converge. You might want to increase the number of iterations. Duality gap: 438.98244571345094, tolerance: 6.552282409638554
  positive)
/home/cgzhu/anaconda3/envs/migration-plus/lib/python3.6/site-packages/sklearn/linear_model/_coordinate_descent.py:531: ConvergenceWarning: Objective did not converge. You might want to increase the number of iterations. Duality gap: 490.22867476651936, tolerance: 6.552282409638554
  positive)
/home/cgzhu/anaconda3/envs/migration-plus/lib/python3.6/site-packages/sklearn/linear_model/_coordinate_descent.py:531: ConvergenceWarning: Objective did not converge. You might want to increase the number of iterations. Duality gap: 9.821590576264498, tolerance: 6.512242891566266
  positive)
/home/cgzhu/anaconda3/envs/migration-plus/lib/python3.6/site-packages/sklearn/linear_model/_coordinate_descent.py:531: ConvergenceWarning: Objective did not converge. You might want to increase the number of iterations. Duality gap: 28.581001792514144, tolerance: 6.512242891566266
  positive)
/home/cgzhu/anaconda3/envs/migration-plus/lib/python3.6/site-packages/sklearn/linear_model/_coordinate_descent.py:531: ConvergenceWarning: Objective did not converge. You might want to increase the number of iterations. Duality gap: 21.499115382577656, tolerance: 6.512242891566266
  positive)
/home/cgzhu/anaconda3/envs/migration-plus/lib/python3.6/site-packages/sklearn/linear_model/_coordinate_descent.py:531: ConvergenceWarning: Objective did not converge. You might want to increase the number of iterations. Duality gap: 13.010297277774953, tolerance: 6.512242891566266
  positive)
/home/cgzhu/anaconda3/envs/migration-plus/lib/python3.6/site-packages/sklearn/linear_model/_coordinate_descent.py:531: ConvergenceWarning: Objective did not converge. You might want to increase the number of iterations. Duality gap: 16.371754985633743, tolerance: 6.512242891566266
  positive)
/home/cgzhu/anaconda3/envs/migration-plus/lib/python3.6/site-packages/sklearn/linear_model/_coordinate_descent.py:531: ConvergenceWarning: Objective did not converge. You might want to increase the number of iterations. Duality gap: 18.98875452579523, tolerance: 6.512242891566266
  positive)
/home/cgzhu/anaconda3/envs/migration-plus/lib/python3.6/site-packages/sklearn/linear_model/_coordinate_descent.py:531: ConvergenceWarning: Objective did not converge. You might want to increase the number of iterations. Duality gap: 21.115282247254072, tolerance: 6.512242891566266
  positive)
/home/cgzhu/anaconda3/envs/migration-plus/lib/python3.6/site-packages/sklearn/linear_model/_coordinate_descent.py:531: ConvergenceWarning: Objective did not converge. You might want to increase the number of iterations. Duality gap: 48.01599573416752, tolerance: 6.512242891566266
  positive)
/home/cgzhu/anaconda3/envs/migration-plus/lib/python3.6/site-packages/sklearn/linear_model/_coordinate_descent.py:531: ConvergenceWarning: Objective did not converge. You might want to increase the number of iterations. Duality gap: 35.10882965273231, tolerance: 6.512242891566266
  positive)
/home/cgzhu/anaconda3/envs/migration-plus/lib/python3.6/site-packages/sklearn/linear_model/_coordinate_descent.py:531: ConvergenceWarning: Objective did not converge. You might want to increase the number of iterations. Duality gap: 41.73954136796601, tolerance: 6.512242891566266
  positive)
/home/cgzhu/anaconda3/envs/migration-plus/lib/python3.6/site-packages/sklearn/linear_model/_coordinate_descent.py:531: ConvergenceWarning: Objective did not converge. You might want to increase the number of iterations. Duality gap: 41.19086214468189, tolerance: 6.512242891566266
  positive)
/home/cgzhu/anaconda3/envs/migration-plus/lib/python3.6/site-packages/sklearn/linear_model/_coordinate_descent.py:531: ConvergenceWarning: Objective did not converge. You might want to increase the number of iterations. Duality gap: 55.641412335919085, tolerance: 6.512242891566266
  positive)
/home/cgzhu/anaconda3/envs/migration-plus/lib/python3.6/site-packages/sklearn/linear_model/_coordinate_descent.py:531: ConvergenceWarning: Objective did not converge. You might want to increase the number of iterations. Duality gap: 133.30509902416816, tolerance: 6.512242891566266
  positive)
/home/cgzhu/anaconda3/envs/migration-plus/lib/python3.6/site-packages/sklearn/linear_model/_coordinate_descent.py:531: ConvergenceWarning: Objective did not converge. You might want to increase the number of iterations. Duality gap: 203.30251415389466, tolerance: 6.512242891566266
  positive)
/home/cgzhu/anaconda3/envs/migration-plus/lib/python3.6/site-packages/sklearn/linear_model/_coordinate_descent.py:531: ConvergenceWarning: Objective did not converge. You might want to increase the number of iterations. Duality gap: 267.7443346091277, tolerance: 6.512242891566266
  positive)
/home/cgzhu/anaconda3/envs/migration-plus/lib/python3.6/site-packages/sklearn/linear_model/_coordinate_descent.py:531: ConvergenceWarning: Objective did not converge. You might want to increase the number of iterations. Duality gap: 293.64748159326336, tolerance: 6.512242891566266
  positive)
/home/cgzhu/anaconda3/envs/migration-plus/lib/python3.6/site-packages/sklearn/linear_model/_coordinate_descent.py:531: ConvergenceWarning: Objective did not converge. You might want to increase the number of iterations. Duality gap: 212.34530871091738, tolerance: 6.512242891566266
  positive)
/home/cgzhu/anaconda3/envs/migration-plus/lib/python3.6/site-packages/sklearn/linear_model/_coordinate_descent.py:531: ConvergenceWarning: Objective did not converge. You might want to increase the number of iterations. Duality gap: 89.48510902190901, tolerance: 6.512242891566266
  positive)
/home/cgzhu/anaconda3/envs/migration-plus/lib/python3.6/site-packages/sklearn/linear_model/_coordinate_descent.py:531: ConvergenceWarning: Objective did not converge. You might want to increase the number of iterations. Duality gap: 116.54425534950497, tolerance: 6.512242891566266
  positive)
/home/cgzhu/anaconda3/envs/migration-plus/lib/python3.6/site-packages/sklearn/linear_model/_coordinate_descent.py:531: ConvergenceWarning: Objective did not converge. You might want to increase the number of iterations. Duality gap: 310.1513304219634, tolerance: 6.512242891566266
  positive)
/home/cgzhu/anaconda3/envs/migration-plus/lib/python3.6/site-packages/sklearn/linear_model/_coordinate_descent.py:531: ConvergenceWarning: Objective did not converge. You might want to increase the number of iterations. Duality gap: 446.04798449185, tolerance: 6.512242891566266
  positive)
/home/cgzhu/anaconda3/envs/migration-plus/lib/python3.6/site-packages/sklearn/linear_model/_coordinate_descent.py:531: ConvergenceWarning: Objective did not converge. You might want to increase the number of iterations. Duality gap: 670.76892772471, tolerance: 6.512242891566266
  positive)
/home/cgzhu/anaconda3/envs/migration-plus/lib/python3.6/site-packages/sklearn/linear_model/_coordinate_descent.py:531: ConvergenceWarning: Objective did not converge. You might want to increase the number of iterations. Duality gap: 842.6785169623654, tolerance: 6.512242891566266
  positive)
/home/cgzhu/anaconda3/envs/migration-plus/lib/python3.6/site-packages/sklearn/linear_model/_coordinate_descent.py:531: ConvergenceWarning: Objective did not converge. You might want to increase the number of iterations. Duality gap: 902.6600270086474, tolerance: 6.512242891566266
  positive)
/home/cgzhu/anaconda3/envs/migration-plus/lib/python3.6/site-packages/sklearn/linear_model/_coordinate_descent.py:531: ConvergenceWarning: Objective did not converge. You might want to increase the number of iterations. Duality gap: 951.3856589332754, tolerance: 6.512242891566266
  positive)
/home/cgzhu/anaconda3/envs/migration-plus/lib/python3.6/site-packages/sklearn/linear_model/_coordinate_descent.py:531: ConvergenceWarning: Objective did not converge. You might want to increase the number of iterations. Duality gap: 7.41971647446735, tolerance: 6.712587469879518
  positive)
/home/cgzhu/anaconda3/envs/migration-plus/lib/python3.6/site-packages/sklearn/linear_model/_coordinate_descent.py:531: ConvergenceWarning: Objective did not converge. You might want to increase the number of iterations. Duality gap: 12.015879924936598, tolerance: 6.712587469879518
  positive)
/home/cgzhu/anaconda3/envs/migration-plus/lib/python3.6/site-packages/sklearn/linear_model/_coordinate_descent.py:531: ConvergenceWarning: Objective did not converge. You might want to increase the number of iterations. Duality gap: 19.945215078349065, tolerance: 6.712587469879518
  positive)
/home/cgzhu/anaconda3/envs/migration-plus/lib/python3.6/site-packages/sklearn/linear_model/_coordinate_descent.py:531: ConvergenceWarning: Objective did not converge. You might want to increase the number of iterations. Duality gap: 31.006465638853115, tolerance: 6.712587469879518
  positive)
/home/cgzhu/anaconda3/envs/migration-plus/lib/python3.6/site-packages/sklearn/linear_model/_coordinate_descent.py:531: ConvergenceWarning: Objective did not converge. You might want to increase the number of iterations. Duality gap: 41.124871060406804, tolerance: 6.712587469879518
  positive)
/home/cgzhu/anaconda3/envs/migration-plus/lib/python3.6/site-packages/sklearn/linear_model/_coordinate_descent.py:531: ConvergenceWarning: Objective did not converge. You might want to increase the number of iterations. Duality gap: 30.32255370931489, tolerance: 6.712587469879518
  positive)
/home/cgzhu/anaconda3/envs/migration-plus/lib/python3.6/site-packages/sklearn/linear_model/_coordinate_descent.py:531: ConvergenceWarning: Objective did not converge. You might want to increase the number of iterations. Duality gap: 29.270111975360123, tolerance: 6.712587469879518
  positive)
/home/cgzhu/anaconda3/envs/migration-plus/lib/python3.6/site-packages/sklearn/linear_model/_coordinate_descent.py:531: ConvergenceWarning: Objective did not converge. You might want to increase the number of iterations. Duality gap: 28.527405827113398, tolerance: 6.712587469879518
  positive)
/home/cgzhu/anaconda3/envs/migration-plus/lib/python3.6/site-packages/sklearn/linear_model/_coordinate_descent.py:531: ConvergenceWarning: Objective did not converge. You might want to increase the number of iterations. Duality gap: 21.753236520497012, tolerance: 6.712587469879518
  positive)
/home/cgzhu/anaconda3/envs/migration-plus/lib/python3.6/site-packages/sklearn/linear_model/_coordinate_descent.py:531: ConvergenceWarning: Objective did not converge. You might want to increase the number of iterations. Duality gap: 42.83258154628311, tolerance: 6.712587469879518
  positive)
/home/cgzhu/anaconda3/envs/migration-plus/lib/python3.6/site-packages/sklearn/linear_model/_coordinate_descent.py:531: ConvergenceWarning: Objective did not converge. You might want to increase the number of iterations. Duality gap: 43.560464899115686, tolerance: 6.712587469879518
  positive)
/home/cgzhu/anaconda3/envs/migration-plus/lib/python3.6/site-packages/sklearn/linear_model/_coordinate_descent.py:531: ConvergenceWarning: Objective did not converge. You might want to increase the number of iterations. Duality gap: 53.51694715395206, tolerance: 6.712587469879518
  positive)
/home/cgzhu/anaconda3/envs/migration-plus/lib/python3.6/site-packages/sklearn/linear_model/_coordinate_descent.py:531: ConvergenceWarning: Objective did not converge. You might want to increase the number of iterations. Duality gap: 101.91495381738969, tolerance: 6.712587469879518
  positive)
/home/cgzhu/anaconda3/envs/migration-plus/lib/python3.6/site-packages/sklearn/linear_model/_coordinate_descent.py:531: ConvergenceWarning: Objective did not converge. You might want to increase the number of iterations. Duality gap: 147.06640279601925, tolerance: 6.712587469879518
  positive)
/home/cgzhu/anaconda3/envs/migration-plus/lib/python3.6/site-packages/sklearn/linear_model/_coordinate_descent.py:531: ConvergenceWarning: Objective did not converge. You might want to increase the number of iterations. Duality gap: 148.75623696920775, tolerance: 6.712587469879518
  positive)
/home/cgzhu/anaconda3/envs/migration-plus/lib/python3.6/site-packages/sklearn/linear_model/_coordinate_descent.py:531: ConvergenceWarning: Objective did not converge. You might want to increase the number of iterations. Duality gap: 101.41193269725045, tolerance: 6.712587469879518
  positive)
/home/cgzhu/anaconda3/envs/migration-plus/lib/python3.6/site-packages/sklearn/linear_model/_coordinate_descent.py:531: ConvergenceWarning: Objective did not converge. You might want to increase the number of iterations. Duality gap: 70.10197914756282, tolerance: 6.712587469879518
  positive)
/home/cgzhu/anaconda3/envs/migration-plus/lib/python3.6/site-packages/sklearn/linear_model/_coordinate_descent.py:531: ConvergenceWarning: Objective did not converge. You might want to increase the number of iterations. Duality gap: 64.6924539438005, tolerance: 6.712587469879518
  positive)
/home/cgzhu/anaconda3/envs/migration-plus/lib/python3.6/site-packages/sklearn/linear_model/_coordinate_descent.py:531: ConvergenceWarning: Objective did not converge. You might want to increase the number of iterations. Duality gap: 74.97192427653863, tolerance: 6.712587469879518
  positive)
/home/cgzhu/anaconda3/envs/migration-plus/lib/python3.6/site-packages/sklearn/linear_model/_coordinate_descent.py:531: ConvergenceWarning: Objective did not converge. You might want to increase the number of iterations. Duality gap: 186.45981470663628, tolerance: 6.712587469879518
  positive)
/home/cgzhu/anaconda3/envs/migration-plus/lib/python3.6/site-packages/sklearn/linear_model/_coordinate_descent.py:531: ConvergenceWarning: Objective did not converge. You might want to increase the number of iterations. Duality gap: 171.77608264329592, tolerance: 6.712587469879518
  positive)
/home/cgzhu/anaconda3/envs/migration-plus/lib/python3.6/site-packages/sklearn/linear_model/_coordinate_descent.py:531: ConvergenceWarning: Objective did not converge. You might want to increase the number of iterations. Duality gap: 221.9171998180027, tolerance: 6.712587469879518
  positive)
/home/cgzhu/anaconda3/envs/migration-plus/lib/python3.6/site-packages/sklearn/linear_model/_coordinate_descent.py:531: ConvergenceWarning: Objective did not converge. You might want to increase the number of iterations. Duality gap: 361.4748038337584, tolerance: 6.712587469879518
  positive)
/home/cgzhu/anaconda3/envs/migration-plus/lib/python3.6/site-packages/sklearn/linear_model/_coordinate_descent.py:531: ConvergenceWarning: Objective did not converge. You might want to increase the number of iterations. Duality gap: 462.14976028307683, tolerance: 6.712587469879518
  positive)
/home/cgzhu/anaconda3/envs/migration-plus/lib/python3.6/site-packages/sklearn/linear_model/_coordinate_descent.py:531: ConvergenceWarning: Objective did not converge. You might want to increase the number of iterations. Duality gap: 270.94555929503986, tolerance: 6.712587469879518
  positive)
/home/cgzhu/anaconda3/envs/migration-plus/lib/python3.6/site-packages/sklearn/linear_model/_coordinate_descent.py:531: ConvergenceWarning: Objective did not converge. You might want to increase the number of iterations. Duality gap: 83.88007633232337, tolerance: 8.019805785920928
  positive)
/home/cgzhu/anaconda3/envs/migration-plus/lib/python3.6/site-packages/sklearn/linear_model/_logistic.py:764: ConvergenceWarning: lbfgs failed to converge (status=1):
STOP: TOTAL NO. of ITERATIONS REACHED LIMIT.

Increase the number of iterations (max_iter) or scale the data as shown in:
    https://scikit-learn.org/stable/modules/preprocessing.html
Please also refer to the documentation for alternative solver options:
    https://scikit-learn.org/stable/modules/linear_model.html#logistic-regression
  extra_warning_msg=_LOGISTIC_SOLVER_CONVERGENCE_MSG)
/home/cgzhu/anaconda3/envs/migration-plus/lib/python3.6/site-packages/sklearn/decomposition/_nmf.py:1077: ConvergenceWarning: Maximum number of iterations 200 reached. Increase it to improve convergence.
  " improve convergence." % max_iter, ConvergenceWarning)
camera_dataset.csv

                          count         mean         std  ...     50%     75%     max
Release date             1037.0  2003.596914    2.718361  ...  2004.0  2006.0  2007.0
Max resolution           1037.0  2476.071360  758.541004  ...  2560.0  3072.0  5616.0
Low resolution           1037.0  1775.029894  830.551314  ...  2048.0  2560.0  4992.0
Effective pixels         1037.0     4.600771    2.841828  ...     4.0     7.0    21.0
Zoom wide (W)            1037.0    32.958534   10.336950  ...    36.0    38.0    52.0
Zoom tele (T)            1037.0   121.532305   93.500223  ...   108.0   117.0   518.0
Normal focus range       1037.0    44.120540   24.140234  ...    50.0    60.0   120.0
Macro focus range        1036.0     7.756757    8.041841  ...     6.0    10.0    85.0
Storage included         1035.0    17.460870   27.450732  ...    16.0    20.0   450.0
Weight (inc. batteries)  1035.0   319.168116  260.517178  ...   226.0   345.0  1860.0
Dimensions               1035.0   105.373430   24.272349  ...   101.0   115.0   240.0
Price                    1037.0   457.652845  760.770633  ...   199.0   399.0  7999.0

[12 rows x 8 columns]
                    Model  Release date  ...  Dimensions   Price
0        Agfa ePhoto 1680          1998  ...       158.0   179.0
1        Agfa ePhoto CL18          2000  ...         0.0   179.0
2        Agfa ePhoto CL30          1999  ...         0.0   269.0
3  Agfa ePhoto CL30 Clik!          1999  ...       128.0  1299.0
4        Agfa ePhoto CL45          2001  ...       119.0   179.0

[5 rows x 13 columns]
                       Model  Release date  Max resolution  ...  Dimensions   Price  group
0           Agfa ePhoto 1680          1998          1280.0  ...       158.0   179.0      1
1           Agfa ePhoto CL18          2000           640.0  ...         0.0   179.0      5
2           Agfa ePhoto CL30          1999          1152.0  ...         0.0   269.0      1
3     Agfa ePhoto CL30 Clik!          1999          1152.0  ...       128.0  1299.0      3
4           Agfa ePhoto CL45          2001          1600.0  ...       119.0   179.0      1
...                      ...           ...             ...  ...         ...     ...    ...
1032         Toshiba PDR-M65          2001          2048.0  ...       120.0    62.0      1
1033         Toshiba PDR-M70          2000          2048.0  ...       116.0    62.0      1
1034         Toshiba PDR-M71          2001          2048.0  ...       107.0    62.0      1
1035         Toshiba PDR-M81          2001          2400.0  ...       107.0    62.0      1
1036         Toshiba PDR-T10          2002          1600.0  ...        86.0   129.0      1

[1037 rows x 14 columns]
              countt   meant        stdt    mint  ...     maxgt      efft       eff2t  clustt
Release date                                      ...                                        
1994             1.0  1524.0  183.826005  1524.0  ...  4.859812  0.120621   22.173228       4
1995             1.0  3060.0  183.826005  3060.0  ...  4.859812  0.060074   11.043137       4
1996             4.0   784.0  183.826005   640.0  ...  7.437795  0.234472   43.102041       4
1997            10.0   832.0  290.947876   512.0  ...  7.437795  0.349697  101.743590       4
1998            32.0  1282.5  387.470540   640.0  ...  7.437795  0.302121  117.063095       4

[5 rows x 19 columns]
Performing dimensionality reduction using LSA
Explained variance of the SVD step: 31%
<zip object at 0x7fb5c024ff88>
HuberRegressor %error 5.5 rmsle 0.07955164021540444
Ridge %error 1.6 rmsle 0.027496692280708175
Lasso %error 7.5 rmsle 0.10285893555839522
LassoCV %error 5.5 rmsle 0.0771950847363302
Lars %error 10.4 rmsle 0.12939355086192006
SGDClassifier %error 3.9 rmsle 0.08845898946324542
RidgeClassifier %error 2.7 rmsle 0.07128502954770051
LogisticRegression %error 3.1 rmsle 0.0793382954832586
OrthogonalMatchingPursuit %error 4.8 rmsle 0.06354361485748634
<zip object at 0x7fb5cd9493c8>

Ypredict [54.87361833 56.87361833 57.87361833 ... 64.87361833 53.87361833
 53.87361833]
PCA %error 10.6 rmsle 0.13632026424310767

Ypredict [54.87361833 56.87361833 57.87361833 ... 64.87361833 53.87361833
 53.87361833]
FastICA %error 10.6 rmsle 0.13632054598097948

Ypredict [20. 24. 27. ... 69. 25. 34.]
Gauss %error 25.3 rmsle 0.3436423193871686

Ypredict [50. 52. 52. ... 61. 68. 75.]
KMeans %error 11.6 rmsle 0.14138029745200273

Ypredict [41. 47. 48. ... 61. 35. 45.]
SparsePCA %error 20.3 rmsle 0.31687192033412726

Ypredict [52. 50. 53. ... 64. 49. 49.]
SparseRP %error 2.0 rmsle 0.036961870209890495

Ypredict [39. 49. 49. ... 57. 20. 23.]
Birch %error 14.3 rmsle 0.18104075091961203
