0
<class 'pandas.core.frame.DataFrame'>
RangeIndex: 53940 entries, 0 to 53939
Data columns (total 10 columns):
 #   Column   Non-Null Count  Dtype  
---  ------   --------------  -----  
 0   carat    53940 non-null  float64
 1   cut      53940 non-null  object 
 2   color    53940 non-null  object 
 3   clarity  53940 non-null  object 
 4   depth    53940 non-null  float64
 5   table    53940 non-null  float64
 6   price    53940 non-null  int64  
 7   x        53940 non-null  float64
 8   y        53940 non-null  float64
 9   z        53940 non-null  float64
dtypes: float64(6), int64(1), object(3)
memory usage: 4.1+ MB
Number of rows with x == 0: 8 
Number of rows with y == 0: 7 
Number of rows with z == 0: 20 
Number of rows with depth == 0: 0 

 mu = 3930.99 and sigma = 3987.24



 mu = 7.79 and sigma = 1.01



 mu = 2.17 and sigma = 0.12


Find most important features relative to target
price            1.000000
x                0.964412
y                0.962362
z                0.957772
carat            0.945650
clarity_SI2      0.171309
table            0.160714
cut_Premium      0.093164
color_J          0.080975
color_I          0.073451
cut_Fair         0.056615
color_H          0.052321
clarity_SI1      0.035497
clarity_I1       0.030751
cut_Good         0.018366
cut_Very Good    0.004739
depth            0.001540
color_G          0.000674
color_F         -0.008559
clarity_VS2     -0.013875
clarity_VS1     -0.027420
color_D         -0.060628
clarity_IF      -0.069120
clarity_VVS2    -0.082822
color_E         -0.093034
cut_Ideal       -0.117440
clarity_VVS1    -0.123295
Name: price, dtype: float64

####### Linear Regression #######
Score : 0.9584
[0.93164776 0.9557923  0.9493499  0.95183803 0.94900781]

MSE    : 0.00 
MAE    : 0.02 
RMSE   : 0.02 
R2     : 0.96 

###### AdaBoost Regression ######
Score : 0.9352
[0.93564178 0.93610446 0.93174332 0.9291102  0.93261146]

MSE    : 0.00 
MAE    : 0.02 
RMSE   : 0.03 
R2     : 0.94 

###### Ridge Regression ######
Score : 0.8058
[0.80772474 0.80780679 0.80351784 0.8072948  0.8046159 ]

MSE    : 0.00 
MAE    : 0.04 
RMSE   : 0.05 
R2     : 0.81 
      Iter       Train Loss   Remaining Time 
         1           0.0115            1.08s
         2           0.0100            1.08s
         3           0.0087            1.08s
         4           0.0076            1.07s
         5           0.0068            1.05s
         6           0.0060            1.04s
         7           0.0053            1.03s
         8           0.0048            1.02s
         9           0.0043            1.01s
        10           0.0039            1.00s
        20           0.0018            0.89s
        30           0.0012            0.77s
        40           0.0010            0.65s
        50           0.0009            0.53s
        60           0.0008            0.42s
        70           0.0008            0.32s
        80           0.0007            0.21s
        90           0.0007            0.10s
       100           0.0006            0.00s
      Iter       Train Loss   Remaining Time 
         1           0.0115            0.87s
         2           0.0100            0.85s
         3           0.0087            0.85s
         4           0.0076            0.84s
         5           0.0068            0.82s
         6           0.0060            0.82s
         7           0.0053            0.81s
         8           0.0048            0.80s
         9           0.0043            0.79s
        10           0.0039            0.78s
        20           0.0018            0.71s
        30           0.0012            0.63s
        40           0.0010            0.54s
        50           0.0009            0.44s
        60           0.0008            0.35s
        70           0.0008            0.26s
        80           0.0007            0.17s
        90           0.0007            0.09s
       100           0.0006            0.00s
      Iter       Train Loss   Remaining Time 
         1           0.0115            0.88s
         2           0.0100            0.86s
         3           0.0087            0.86s
         4           0.0077            0.85s
         5           0.0068            0.83s
         6           0.0060            0.82s
         7           0.0053            0.81s
         8           0.0048            0.81s
         9           0.0043            0.80s
        10           0.0039            0.79s
        20           0.0018            0.70s
        30           0.0012            0.61s
        40           0.0010            0.52s
        50           0.0009            0.43s
        60           0.0008            0.35s
        70           0.0008            0.26s
        80           0.0007            0.17s
        90           0.0007            0.09s
       100           0.0006            0.00s
      Iter       Train Loss   Remaining Time 
         1           0.0115            0.88s
         2           0.0100            0.86s
         3           0.0087            0.86s
         4           0.0076            0.85s
         5           0.0068            0.83s
         6           0.0060            0.82s
         7           0.0053            0.81s
         8           0.0048            0.80s
         9           0.0043            0.79s
        10           0.0039            0.78s
        20           0.0018            0.70s
        30           0.0012            0.61s
        40           0.0010            0.52s
        50           0.0009            0.43s
        60           0.0008            0.35s
        70           0.0008            0.26s
        80           0.0007            0.17s
        90           0.0007            0.09s
       100           0.0006            0.00s
      Iter       Train Loss   Remaining Time 
         1           0.0115            0.90s
         2           0.0100            0.87s
         3           0.0087            0.87s
         4           0.0076            0.85s
         5           0.0067            0.83s
         6           0.0060            0.83s
         7           0.0053            0.82s
         8           0.0047            0.81s
         9           0.0043            0.80s
        10           0.0039            0.79s
        20           0.0018            0.70s
        30           0.0012            0.61s
        40           0.0010            0.52s
        50           0.0009            0.43s
        60           0.0008            0.35s
        70           0.0008            0.26s
        80           0.0007            0.17s
        90           0.0007            0.09s
       100           0.0006            0.00s
      Iter       Train Loss   Remaining Time 
         1           0.0115            0.89s
         2           0.0100            0.87s
         3           0.0087            0.86s
         4           0.0077            0.85s
         5           0.0068            0.84s
         6           0.0060            0.83s
         7           0.0053            0.82s
         8           0.0048            0.81s
         9           0.0043            0.80s
        10           0.0039            0.79s
        20           0.0018            0.69s
        30           0.0012            0.60s
        40           0.0010            0.51s
        50           0.0009            0.43s
        60           0.0008            0.34s
        70           0.0008            0.26s
        80           0.0007            0.17s
        90           0.0007            0.09s
       100           0.0006            0.00s

###### Gradient Boosting Regression #######
Score : 0.9525
[0.95304344 0.95251394 0.95204462 0.95176005 0.95167529]

MSE    : 0.00 
MAE    : 0.02 
RMSE   : 0.03 
R2     : 0.95 

###### Random Forest ######
Score : 0.9768
[0.97643659 0.97660139 0.97604185 0.97566848 0.97623063]

MSE    : 0.00 
MAE    : 0.01 
RMSE   : 0.02 
R2     : 0.98 
[Parallel(n_jobs=1)]: Using backend SequentialBackend with 1 concurrent workers.
[Parallel(n_jobs=1)]: Done   5 out of   5 | elapsed:    0.0s finished
[Parallel(n_jobs=1)]: Using backend SequentialBackend with 1 concurrent workers.
[Parallel(n_jobs=1)]: Done   5 out of   5 | elapsed:   11.5s finished
[Parallel(n_jobs=1)]: Using backend SequentialBackend with 1 concurrent workers.
[Parallel(n_jobs=1)]: Done   5 out of   5 | elapsed:    0.0s finished
[Parallel(n_jobs=1)]: Using backend SequentialBackend with 1 concurrent workers.
[Parallel(n_jobs=1)]: Done   5 out of   5 | elapsed:    4.3s finished
[Parallel(n_jobs=1)]: Using backend SequentialBackend with 1 concurrent workers.
[Parallel(n_jobs=1)]: Done   5 out of   5 | elapsed:   43.8s finished
[Parallel(n_jobs=1)]: Using backend SequentialBackend with 1 concurrent workers.
[Parallel(n_jobs=1)]: Done   5 out of   5 | elapsed:    5.8s finished
Score : 0.9766
R2     : 0.98 

###### KNeighbours Regression ######
Score : 0.9719
[0.97017928 0.97032496 0.96834073 0.96919054 0.969203  ]

MSE    : 0.00 
MAE    : 0.01 
RMSE   : 0.02 
R2     : 0.97 
Score : 0.9719
R2     : 0.97 
