Traceback (most recent call last):
  File "ml-bank-marketing-solution.py", line 41, in <module>
    from sklearn.cross_validation import train_test_split
ModuleNotFoundError: No module named 'sklearn.cross_validation'
[Try Solution]: OrderedDict([('action', 'fqn'), ('old_fqn', 'sklearn.cross_validation'), ('new_fqn', 'sklearn.utils.validation'), ('line_no', 41)])Traceback (most recent call last):
  File "ml-bank-marketing-solution.py", line 42, in <module>
    from sklearn.utils.validation import train_test_split
ImportError: cannot import name 'train_test_split'
[Try Solution]: OrderedDict([('action', 'fqn'), ('old_fqn', 'sklearn.cross_validation'), ('new_fqn', 'sklearn.cross_decomposition'), ('line_no', 41)])Traceback (most recent call last):
  File "ml-bank-marketing-solution.py", line 42, in <module>
    from sklearn.cross_decomposition import train_test_split
ImportError: cannot import name 'train_test_split'
[Try Solution]: OrderedDict([('action', 'fqn'), ('old_fqn', 'sklearn.cross_validation'), ('new_fqn', 'sklearn.utils.validation.check_memory'), ('line_no', 41)])Traceback (most recent call last):
  File "ml-bank-marketing-solution.py", line 42, in <module>
    from sklearn.utils.validation.check_memory import train_test_split
ModuleNotFoundError: No module named 'sklearn.utils.validation.check_memory'; 'sklearn.utils.validation' is not a package
[Try Solution]: OrderedDict([('action', 'fqn'), ('old_fqn', 'sklearn.cross_validation'), ('new_fqn', 'sklearn.utils.validation.column_or_1d'), ('line_no', 41)])Traceback (most recent call last):
  File "ml-bank-marketing-solution.py", line 42, in <module>
    from sklearn.utils.validation.column_or_1d import train_test_split
ModuleNotFoundError: No module named 'sklearn.utils.validation.column_or_1d'; 'sklearn.utils.validation' is not a package
[Try Solution]: OrderedDict([('action', 'fqn'), ('old_fqn', 'sklearn.cross_validation'), ('new_fqn', 'sklearn.utils.validation.check_is_fitted'), ('line_no', 41)])Traceback (most recent call last):
  File "ml-bank-marketing-solution.py", line 42, in <module>
    from sklearn.utils.validation.check_is_fitted import train_test_split
ModuleNotFoundError: No module named 'sklearn.utils.validation.check_is_fitted'; 'sklearn.utils.validation' is not a package
[Try Solution]: OrderedDict([('action', 'fqn'), ('old_fqn', 'sklearn.cross_validation'), ('new_fqn', 'sklearn.utils.validation.check_symmetric'), ('line_no', 41)])Traceback (most recent call last):
  File "ml-bank-marketing-solution.py", line 42, in <module>
    from sklearn.utils.validation.check_symmetric import train_test_split
ModuleNotFoundError: No module named 'sklearn.utils.validation.check_symmetric'; 'sklearn.utils.validation' is not a package
[Try Solution]: OrderedDict([('action', 'fqn'), ('old_fqn', 'sklearn.cross_validation'), ('new_fqn', 'sklearn.cluster.Birch'), ('line_no', 41)])Traceback (most recent call last):
  File "ml-bank-marketing-solution.py", line 42, in <module>
    from sklearn.cluster.Birch import train_test_split
ModuleNotFoundError: No module named 'sklearn.cluster.Birch'
[Try Solution]: OrderedDict([('action', 'fqn'), ('old_fqn', 'sklearn.cross_validation'), ('new_fqn', 'sklearn.cluster.KMeans'), ('line_no', 41)])Traceback (most recent call last):
  File "ml-bank-marketing-solution.py", line 42, in <module>
    from sklearn.cluster.KMeans import train_test_split
ModuleNotFoundError: No module named 'sklearn.cluster.KMeans'
[Try Solution]: OrderedDict([('action', 'fqn'), ('old_fqn', 'sklearn.cross_validation'), ('new_fqn', 'sklearn.utils.validation.has_fit_parameter'), ('line_no', 41)])Traceback (most recent call last):
  File "ml-bank-marketing-solution.py", line 42, in <module>
    from sklearn.utils.validation.has_fit_parameter import train_test_split
ModuleNotFoundError: No module named 'sklearn.utils.validation.has_fit_parameter'; 'sklearn.utils.validation' is not a package
[Try Solution]: OrderedDict([('action', 'fqn'), ('old_fqn', 'sklearn.cross_validation'), ('new_fqn', 'sklearn.cross_decomposition.CCA'), ('line_no', 41)])Traceback (most recent call last):
  File "ml-bank-marketing-solution.py", line 42, in <module>
    from sklearn.cross_decomposition.CCA import train_test_split
ModuleNotFoundError: No module named 'sklearn.cross_decomposition.CCA'
[Try Solution]: OrderedDict([('action', 'fqn'), ('old_fqn', 'sklearn.cross_validation'), ('new_fqn', 'sklearn.utils.all_estimators'), ('line_no', 41)])Traceback (most recent call last):
  File "ml-bank-marketing-solution.py", line 42, in <module>
    from sklearn.utils.all_estimators import train_test_split
ModuleNotFoundError: No module named 'sklearn.utils.all_estimators'
[Try Solution]: OrderedDict([('action', 'fqn'), ('old_fqn', 'sklearn.cross_validation'), ('new_fqn', 'sklearn.model_selection'), ('line_no', 41)])ml-bank-marketing-solution.py:178: MatplotlibDeprecationWarning: Adding an axes using the same arguments as a previous axes currently reuses the earlier instance.  In a future version, a new instance will always be created and returned.  Meanwhile, this warning can be suppressed, and the future behavior ensured, by passing a unique label to each axes instance.
  ax = fig.add_subplot(211)
ml-bank-marketing-solution.py:180: MatplotlibDeprecationWarning: Adding an axes using the same arguments as a previous axes currently reuses the earlier instance.  In a future version, a new instance will always be created and returned.  Meanwhile, this warning can be suppressed, and the future behavior ensured, by passing a unique label to each axes instance.
  ax = fig.add_subplot(212)
ml-bank-marketing-solution.py:189: MatplotlibDeprecationWarning: Adding an axes using the same arguments as a previous axes currently reuses the earlier instance.  In a future version, a new instance will always be created and returned.  Meanwhile, this warning can be suppressed, and the future behavior ensured, by passing a unique label to each axes instance.
  ax1 = fig.add_subplot(211)
ml-bank-marketing-solution.py:191: MatplotlibDeprecationWarning: Adding an axes using the same arguments as a previous axes currently reuses the earlier instance.  In a future version, a new instance will always be created and returned.  Meanwhile, this warning can be suppressed, and the future behavior ensured, by passing a unique label to each axes instance.
  ax2 = fig.add_subplot(212)









Index(['age', 'job', 'marital', 'education', 'default', 'balance', 'housing',
       'loan', 'contact', 'month', 'duration', 'campaign', 'pdays', 'previous',
       'deposit', 'Adult', 'Middle_Aged', 'old', 'primary', 'secondary',
       'tertiary', 'unknown', 'Neg_Balance', 'No_Balance', 'Pos_Balance',
       'Not_Contacted', 'Contacted', 't_min', 't_e_min', 'e_min',
       'pdays_not_contacted', 'months_passed', 'married', 'singles',
       'divorced'],
      dtype='object')
















Index(['job', 'default', 'housing', 'loan', 'contact', 'month', 'campaign',
       'Adult', 'Middle_Aged', 'old', 'primary', 'secondary', 'tertiary',
       'unknown', 'Neg_Balance', 'No_Balance', 'Pos_Balance', 'Not_Contacted',
       'Contacted', 't_min', 't_e_min', 'e_min', 'pdays_not_contacted',
       'months_passed', 'married', 'singles', 'divorced'],
      dtype='object')
                     Classifier  Accuracy  ...  F1-Score  roc-auc_Score
0  Gradient Boosting Classifier  0.720555  ...  0.715928       0.724479
0  Gradient Boosting Classifier  0.722794  ...  0.718171       0.726876
0  Adaptive Boosting Classifier  0.704433  ...  0.701510       0.704962
0  Adaptive Boosting Classifier  0.703986  ...  0.700867       0.704727
0  Linear Discriminant Analysis  0.675325  ...  0.671843       0.675440
0  Linear Discriminant Analysis  0.681146  ...  0.677389       0.681719
0           Logistic Regression  0.675773  ...  0.672565       0.675681
0           Logistic Regression  0.685177  ...  0.681498       0.685829
0      Random Forest Classifier  0.673086  ...  0.671886       0.672098
0      Random Forest Classifier  0.681146  ...  0.679906       0.680194
0           K Nearest Neighbour  0.682938  ...  0.673635       0.691008
0           K Nearest Neighbour  0.671742  ...  0.660747       0.680795

[12 rows x 6 columns]


                     Classifier  Accuracy  ...  F1-Score  roc-auc_Score
0  Gradient Boosting Classifier  0.720555  ...  0.715928       0.724479
0  Gradient Boosting Classifier  0.722794  ...  0.718171       0.726876
0  Adaptive Boosting Classifier  0.704433  ...  0.701510       0.704962
0  Adaptive Boosting Classifier  0.703986  ...  0.700867       0.704727
0  Linear Discriminant Analysis  0.675325  ...  0.671843       0.675440
0  Linear Discriminant Analysis  0.681146  ...  0.677389       0.681719
0           Logistic Regression  0.675773  ...  0.672565       0.675681
0           Logistic Regression  0.685177  ...  0.681498       0.685829
0      Random Forest Classifier  0.673086  ...  0.671886       0.672098
0      Random Forest Classifier  0.681146  ...  0.679906       0.680194
0           K Nearest Neighbour  0.682938  ...  0.673635       0.691008
0           K Nearest Neighbour  0.671742  ...  0.660747       0.680795
0  Gradient Boosting Classifier  0.711599  ...  0.704292       0.714116
0  Adaptive Boosting Classifier  0.698164  ...  0.694547       0.696441
0  Linear Discriminant Analysis  0.674429  ...  0.670093       0.672363
0           Logistic Regression  0.675773  ...  0.671556       0.673704
0      Random Forest Classifier  0.660546  ...  0.658251       0.658326
0           K Nearest Neighbour  0.683386  ...  0.670837       0.689397

[18 rows x 6 columns]

[REPAIR EXEC TIME]: 56.923299074172974