../../../input/chirin_africa-economic-banking-and-systemic-crisis-data/african_crises.csv
<class 'pandas.core.frame.DataFrame'>
RangeIndex: 1059 entries, 0 to 1058
Data columns (total 14 columns):
 #   Column                           Non-Null Count  Dtype  
---  ------                           --------------  -----  
 0   case                             1059 non-null   int64  
 1   cc3                              1059 non-null   object 
 2   country                          1059 non-null   object 
 3   year                             1059 non-null   int64  
 4   systemic_crisis                  1059 non-null   int64  
 5   exch_usd                         1059 non-null   float64
 6   domestic_debt_in_default         1059 non-null   int64  
 7   sovereign_external_debt_default  1059 non-null   int64  
 8   gdp_weighted_default             1059 non-null   float64
 9   inflation_annual_cpi             1059 non-null   float64
 10  independence                     1059 non-null   int64  
 11  currency_crises                  1059 non-null   int64  
 12  inflation_crises                 1059 non-null   int64  
 13  banking_crisis                   1059 non-null   object 
dtypes: float64(3), int64(8), object(3)
memory usage: 116.0+ KB

Coefficient Values Of The Surface Are:     systemic_crisis  exch_usd  ...  inflation_crises  intercept
0         5.031402 -0.004304  ...          0.231052   -5.32249

[1 rows x 10 columns]
Model score:
 0.9842767295597484
[[291   2]
 [  3  22]]
              precision    recall  f1-score   support

           0       0.99      0.99      0.99       293
           1       0.92      0.88      0.90        25

    accuracy                           0.98       318
   macro avg       0.95      0.94      0.94       318
weighted avg       0.98      0.98      0.98       318

[[283  10]
 [  3  22]]
              precision    recall  f1-score   support

           0       0.99      0.97      0.98       293
           1       0.69      0.88      0.77        25

    accuracy                           0.96       318
   macro avg       0.84      0.92      0.87       318
weighted avg       0.97      0.96      0.96       318

Traceback (most recent call last):
  File "african-crisis-eda-and-modelling.py", line 402, in <module>
    from sklearn.externals.six import StringIO  
ModuleNotFoundError: No module named 'sklearn.externals.six'
[Try Solution]: OrderedDict([('action', 'fqn'), ('old_fqn', 'sklearn.externals.six'), ('new_fqn', 'six'), ('line_no', 402)])../../../input/chirin_africa-economic-banking-and-systemic-crisis-data/african_crises.csv
<class 'pandas.core.frame.DataFrame'>
RangeIndex: 1059 entries, 0 to 1058
Data columns (total 14 columns):
 #   Column                           Non-Null Count  Dtype  
---  ------                           --------------  -----  
 0   case                             1059 non-null   int64  
 1   cc3                              1059 non-null   object 
 2   country                          1059 non-null   object 
 3   year                             1059 non-null   int64  
 4   systemic_crisis                  1059 non-null   int64  
 5   exch_usd                         1059 non-null   float64
 6   domestic_debt_in_default         1059 non-null   int64  
 7   sovereign_external_debt_default  1059 non-null   int64  
 8   gdp_weighted_default             1059 non-null   float64
 9   inflation_annual_cpi             1059 non-null   float64
 10  independence                     1059 non-null   int64  
 11  currency_crises                  1059 non-null   int64  
 12  inflation_crises                 1059 non-null   int64  
 13  banking_crisis                   1059 non-null   object 
dtypes: float64(3), int64(8), object(3)
memory usage: 116.0+ KB

Coefficient Values Of The Surface Are:     systemic_crisis  exch_usd  ...  inflation_crises  intercept
0         5.031402 -0.004304  ...          0.231052   -5.32249

[1 rows x 10 columns]
Model score:
 0.9842767295597484
[[291   2]
 [  3  22]]
              precision    recall  f1-score   support

           0       0.99      0.99      0.99       293
           1       0.92      0.88      0.90        25

    accuracy                           0.98       318
   macro avg       0.95      0.94      0.94       318
weighted avg       0.98      0.98      0.98       318

[[286   7]
 [  3  22]]
              precision    recall  f1-score   support

           0       0.99      0.98      0.98       293
           1       0.76      0.88      0.81        25

    accuracy                           0.97       318
   macro avg       0.87      0.93      0.90       318
weighted avg       0.97      0.97      0.97       318

[[293   0]
 [  2  23]]
              precision    recall  f1-score   support

           0       0.99      1.00      1.00       293
           1       1.00      0.92      0.96        25

    accuracy                           0.99       318
   macro avg       1.00      0.96      0.98       318
weighted avg       0.99      0.99      0.99       318

[[293   0]
 [ 25   0]]
              precision    recall  f1-score   support

           0       0.92      1.00      0.96       293
           1       0.00      0.00      0.00        25

    accuracy                           0.92       318
   macro avg       0.46      0.50      0.48       318
weighted avg       0.85      0.92      0.88       318

Fitting 5 folds for each of 16 candidates, totalling 80 fits
[CV] C=0.1, gamma=1 ..................................................
[CV] ................................... C=0.1, gamma=1, total=   0.0s
[CV] C=0.1, gamma=1 ..................................................
[CV] ................................... C=0.1, gamma=1, total=   0.0s
[CV] C=0.1, gamma=1 ..................................................
[CV] ................................... C=0.1, gamma=1, total=   0.0s
[CV] C=0.1, gamma=1 ..................................................
[CV] ................................... C=0.1, gamma=1, total=   0.0s
[CV] C=0.1, gamma=1 ..................................................
[CV] ................................... C=0.1, gamma=1, total=   0.0s
[CV] C=0.1, gamma=0.1 ................................................
[CV] ................................. C=0.1, gamma=0.1, total=   0.0s
[CV] C=0.1, gamma=0.1 ................................................
[CV] ................................. C=0.1, gamma=0.1, total=   0.0s
[CV] C=0.1, gamma=0.1 ................................................
[CV] ................................. C=0.1, gamma=0.1, total=   0.0s
[CV] C=0.1, gamma=0.1 ................................................
[CV] ................................. C=0.1, gamma=0.1, total=   0.0s
[CV] C=0.1, gamma=0.1 ................................................
[CV] ................................. C=0.1, gamma=0.1, total=   0.0s
[CV] C=0.1, gamma=0.01 ...............................................
[CV] ................................ C=0.1, gamma=0.01, total=   0.0s
[CV] C=0.1, gamma=0.01 ...............................................
[CV] ................................ C=0.1, gamma=0.01, total=   0.0s
[CV] C=0.1, gamma=0.01 ...............................................
[CV] ................................ C=0.1, gamma=0.01, total=   0.0s
[CV] C=0.1, gamma=0.01 ...............................................
[CV] ................................ C=0.1, gamma=0.01, total=   0.0s
[CV] C=0.1, gamma=0.01 ...............................................
[CV] ................................ C=0.1, gamma=0.01, total=   0.0s
[CV] C=0.1, gamma=0.001 ..............................................
[CV] ............................... C=0.1, gamma=0.001, total=   0.0s
[CV] C=0.1, gamma=0.001 ..............................................
[CV] ............................... C=0.1, gamma=0.001, total=   0.0s
[CV] C=0.1, gamma=0.001 ..............................................
[CV] ............................... C=0.1, gamma=0.001, total=   0.0s
[CV] C=0.1, gamma=0.001 ..............................................
[CV] ............................... C=0.1, gamma=0.001, total=   0.0s
[CV] C=0.1, gamma=0.001 ..............................................
[CV] ............................... C=0.1, gamma=0.001, total=   0.0s
[CV] C=1, gamma=1 ....................................................
[CV] ..................................... C=1, gamma=1, total=   0.0s
[CV] C=1, gamma=1 ....................................................
[CV] ..................................... C=1, gamma=1, total=   0.0s
[CV] C=1, gamma=1 ....................................................
[CV] ..................................... C=1, gamma=1, total=   0.0s
[CV] C=1, gamma=1 ....................................................
[CV] ..................................... C=1, gamma=1, total=   0.0s
[CV] C=1, gamma=1 ....................................................
[CV] ..................................... C=1, gamma=1, total=   0.0s
[CV] C=1, gamma=0.1 ..................................................
[CV] ................................... C=1, gamma=0.1, total=   0.0s
[CV] C=1, gamma=0.1 ..................................................
[CV] ................................... C=1, gamma=0.1, total=   0.0s
[CV] C=1, gamma=0.1 ..................................................
[CV] ................................... C=1, gamma=0.1, total=   0.0s
[CV] C=1, gamma=0.1 ..................................................
[CV] ................................... C=1, gamma=0.1, total=   0.0s
[CV] C=1, gamma=0.1 ..................................................
[CV] ................................... C=1, gamma=0.1, total=   0.0s
[CV] C=1, gamma=0.01 .................................................
[CV] .................................. C=1, gamma=0.01, total=   0.0s
[CV] C=1, gamma=0.01 .................................................
[CV] .................................. C=1, gamma=0.01, total=   0.0s
[CV] C=1, gamma=0.01 .................................................
[CV] .................................. C=1, gamma=0.01, total=   0.0s
[CV] C=1, gamma=0.01 .................................................
[CV] .................................. C=1, gamma=0.01, total=   0.0s
[CV] C=1, gamma=0.01 .................................................
[CV] .................................. C=1, gamma=0.01, total=   0.0s
[CV] C=1, gamma=0.001 ................................................
[CV] ................................. C=1, gamma=0.001, total=   0.0s
[CV] C=1, gamma=0.001 ................................................
[CV] ................................. C=1, gamma=0.001, total=   0.0s
[CV] C=1, gamma=0.001 ................................................/home/cgzhu/anaconda3/envs/migration-plus/lib/python3.6/site-packages/sklearn/metrics/_classification.py:1221: UndefinedMetricWarning: Precision and F-score are ill-defined and being set to 0.0 in labels with no predicted samples. Use `zero_division` parameter to control this behavior.
  _warn_prf(average, modifier, msg_start, len(result))
[Parallel(n_jobs=1)]: Using backend SequentialBackend with 1 concurrent workers.
[Parallel(n_jobs=1)]: Done   1 out of   1 | elapsed:    0.0s remaining:    0.0s
[Parallel(n_jobs=1)]: Done  80 out of  80 | elapsed:    1.1s finished

[CV] ................................. C=1, gamma=0.001, total=   0.0s
[CV] C=1, gamma=0.001 ................................................
[CV] ................................. C=1, gamma=0.001, total=   0.0s
[CV] C=1, gamma=0.001 ................................................
[CV] ................................. C=1, gamma=0.001, total=   0.0s
[CV] C=10, gamma=1 ...................................................
[CV] .................................... C=10, gamma=1, total=   0.0s
[CV] C=10, gamma=1 ...................................................
[CV] .................................... C=10, gamma=1, total=   0.0s
[CV] C=10, gamma=1 ...................................................
[CV] .................................... C=10, gamma=1, total=   0.0s
[CV] C=10, gamma=1 ...................................................
[CV] .................................... C=10, gamma=1, total=   0.0s
[CV] C=10, gamma=1 ...................................................
[CV] .................................... C=10, gamma=1, total=   0.0s
[CV] C=10, gamma=0.1 .................................................
[CV] .................................. C=10, gamma=0.1, total=   0.0s
[CV] C=10, gamma=0.1 .................................................
[CV] .................................. C=10, gamma=0.1, total=   0.0s
[CV] C=10, gamma=0.1 .................................................
[CV] .................................. C=10, gamma=0.1, total=   0.0s
[CV] C=10, gamma=0.1 .................................................
[CV] .................................. C=10, gamma=0.1, total=   0.0s
[CV] C=10, gamma=0.1 .................................................
[CV] .................................. C=10, gamma=0.1, total=   0.0s
[CV] C=10, gamma=0.01 ................................................
[CV] ................................. C=10, gamma=0.01, total=   0.0s
[CV] C=10, gamma=0.01 ................................................
[CV] ................................. C=10, gamma=0.01, total=   0.0s
[CV] C=10, gamma=0.01 ................................................
[CV] ................................. C=10, gamma=0.01, total=   0.0s
[CV] C=10, gamma=0.01 ................................................
[CV] ................................. C=10, gamma=0.01, total=   0.0s
[CV] C=10, gamma=0.01 ................................................
[CV] ................................. C=10, gamma=0.01, total=   0.0s
[CV] C=10, gamma=0.001 ...............................................
[CV] ................................ C=10, gamma=0.001, total=   0.0s
[CV] C=10, gamma=0.001 ...............................................
[CV] ................................ C=10, gamma=0.001, total=   0.0s
[CV] C=10, gamma=0.001 ...............................................
[CV] ................................ C=10, gamma=0.001, total=   0.0s
[CV] C=10, gamma=0.001 ...............................................
[CV] ................................ C=10, gamma=0.001, total=   0.0s
[CV] C=10, gamma=0.001 ...............................................
[CV] ................................ C=10, gamma=0.001, total=   0.0s
[CV] C=100, gamma=1 ..................................................
[CV] ................................... C=100, gamma=1, total=   0.0s
[CV] C=100, gamma=1 ..................................................
[CV] ................................... C=100, gamma=1, total=   0.0s
[CV] C=100, gamma=1 ..................................................
[CV] ................................... C=100, gamma=1, total=   0.0s
[CV] C=100, gamma=1 ..................................................
[CV] ................................... C=100, gamma=1, total=   0.0s
[CV] C=100, gamma=1 ..................................................
[CV] ................................... C=100, gamma=1, total=   0.0s
[CV] C=100, gamma=0.1 ................................................
[CV] ................................. C=100, gamma=0.1, total=   0.0s
[CV] C=100, gamma=0.1 ................................................
[CV] ................................. C=100, gamma=0.1, total=   0.0s
[CV] C=100, gamma=0.1 ................................................
[CV] ................................. C=100, gamma=0.1, total=   0.0s
[CV] C=100, gamma=0.1 ................................................
[CV] ................................. C=100, gamma=0.1, total=   0.0s
[CV] C=100, gamma=0.1 ................................................
[CV] ................................. C=100, gamma=0.1, total=   0.0s
[CV] C=100, gamma=0.01 ...............................................
[CV] ................................ C=100, gamma=0.01, total=   0.0s
[CV] C=100, gamma=0.01 ...............................................
[CV] ................................ C=100, gamma=0.01, total=   0.0s
[CV] C=100, gamma=0.01 ...............................................
[CV] ................................ C=100, gamma=0.01, total=   0.0s
[CV] C=100, gamma=0.01 ...............................................
[CV] ................................ C=100, gamma=0.01, total=   0.0s
[CV] C=100, gamma=0.01 ...............................................
[CV] ................................ C=100, gamma=0.01, total=   0.0s
[CV] C=100, gamma=0.001 ..............................................
[CV] ............................... C=100, gamma=0.001, total=   0.0s
[CV] C=100, gamma=0.001 ..............................................
[CV] ............................... C=100, gamma=0.001, total=   0.0s
[CV] C=100, gamma=0.001 ..............................................
[CV] ............................... C=100, gamma=0.001, total=   0.0s
[CV] C=100, gamma=0.001 ..............................................
[CV] ............................... C=100, gamma=0.001, total=   0.0s
[CV] C=100, gamma=0.001 ..............................................
[CV] ............................... C=100, gamma=0.001, total=   0.0s
[[292   1]
 [  2  23]]
              precision    recall  f1-score   support

           0       0.99      1.00      0.99       293
           1       0.96      0.92      0.94        25

    accuracy                           0.99       318
   macro avg       0.98      0.96      0.97       318
weighted avg       0.99      0.99      0.99       318

[[194 771]
 [ 47  47]]
              precision    recall  f1-score   support

           0       0.80      0.20      0.32       965
           1       0.06      0.50      0.10        94

    accuracy                           0.23      1059
   macro avg       0.43      0.35      0.21      1059
weighted avg       0.74      0.23      0.30      1059

[REPAIR EXEC TIME]: 34.01879143714905