<class 'pandas.core.frame.DataFrame'>
RangeIndex: 569 entries, 0 to 568
Data columns (total 6 columns):
 #   Column           Non-Null Count  Dtype  
---  ------           --------------  -----  
 0   mean_radius      569 non-null    float64
 1   mean_texture     569 non-null    float64
 2   mean_perimeter   569 non-null    float64
 3   mean_area        569 non-null    float64
 4   mean_smoothness  569 non-null    float64
 5   diagnosis        569 non-null    int64  
dtypes: float64(5), int64(1)
memory usage: 26.8 KB



best depth =  {'max_depth': 50, 'min_samples_split': 50}
AUC value on train data =  93.61960799722337




Accuracy=88.596491%

precision=94.117647%

recall=87.671233%

F1-Score=90.780142%


Feature: 0, Score: 0.00000
Feature: 1, Score: 0.02166
Feature: 2, Score: 0.07790
Feature: 3, Score: 0.90044
Feature: 4, Score: 0.00000
Traceback (most recent call last):
  File "breast-cancer-prediction-decision-tree.py", line 204, in <module>
    from sklearn.externals.six import StringIO  
ModuleNotFoundError: No module named 'sklearn.externals.six'
[Try Solution]: OrderedDict([('old_fqn', 'sklearn.externals.six'), ('new_fqn', 'six'), ('line_no', 204)])<class 'pandas.core.frame.DataFrame'>
RangeIndex: 569 entries, 0 to 568
Data columns (total 6 columns):
 #   Column           Non-Null Count  Dtype  
---  ------           --------------  -----  
 0   mean_radius      569 non-null    float64
 1   mean_texture     569 non-null    float64
 2   mean_perimeter   569 non-null    float64
 3   mean_area        569 non-null    float64
 4   mean_smoothness  569 non-null    float64
 5   diagnosis        569 non-null    int64  
dtypes: float64(5), int64(1)
memory usage: 26.8 KB



best depth =  {'max_depth': 5, 'min_samples_split': 50}
AUC value on train data =  93.40831803863375




Accuracy=87.719298%

precision=88.571429%

recall=91.176471%

F1-Score=89.855072%


Feature: 0, Score: 0.00000
Feature: 1, Score: 0.03973
Feature: 2, Score: 0.07722
Feature: 3, Score: 0.88305
Feature: 4, Score: 0.00000
[REPAIR EXEC TIME]: 6.314099311828613<class 'pandas.core.frame.DataFrame'>
RangeIndex: 569 entries, 0 to 568
Data columns (total 6 columns):
 #   Column           Non-Null Count  Dtype  
---  ------           --------------  -----  
 0   mean_radius      569 non-null    float64
 1   mean_texture     569 non-null    float64
 2   mean_perimeter   569 non-null    float64
 3   mean_area        569 non-null    float64
 4   mean_smoothness  569 non-null    float64
 5   diagnosis        569 non-null    int64  
dtypes: float64(5), int64(1)
memory usage: 26.8 KB



best depth =  {'max_depth': 5, 'min_samples_split': 100}
AUC value on train data =  93.46705696679174




Accuracy=84.210526%

precision=83.132530%

recall=94.520548%

F1-Score=88.461538%


Feature: 0, Score: 0.00000
Feature: 1, Score: 0.01708
Feature: 2, Score: 0.98292
Feature: 3, Score: 0.00000
Feature: 4, Score: 0.00000
Traceback (most recent call last):
  File "breast-cancer-prediction-decision-tree.py", line 204, in <module>
    from sklearn.externals.six import StringIO  
ModuleNotFoundError: No module named 'sklearn.externals.six'
[Try Solution]: OrderedDict([('action', 'fqn'), ('old_fqn', 'sklearn.externals.six'), ('new_fqn', 'six'), ('line_no', 204)])<class 'pandas.core.frame.DataFrame'>
RangeIndex: 569 entries, 0 to 568
Data columns (total 6 columns):
 #   Column           Non-Null Count  Dtype  
---  ------           --------------  -----  
 0   mean_radius      569 non-null    float64
 1   mean_texture     569 non-null    float64
 2   mean_perimeter   569 non-null    float64
 3   mean_area        569 non-null    float64
 4   mean_smoothness  569 non-null    float64
 5   diagnosis        569 non-null    int64  
dtypes: float64(5), int64(1)
memory usage: 26.8 KB



best depth =  {'max_depth': 5, 'min_samples_split': 50}
AUC value on train data =  93.74929130942876




Accuracy=82.456140%

precision=77.380952%

recall=98.484848%

F1-Score=86.666667%


Feature: 0, Score: 0.00000
Feature: 1, Score: 0.05425
Feature: 2, Score: 0.05664
Feature: 3, Score: 0.88911
Feature: 4, Score: 0.00000
[REPAIR EXEC TIME]: 6.336885213851929<class 'pandas.core.frame.DataFrame'>
RangeIndex: 569 entries, 0 to 568
Data columns (total 6 columns):
 #   Column           Non-Null Count  Dtype  
---  ------           --------------  -----  
 0   mean_radius      569 non-null    float64
 1   mean_texture     569 non-null    float64
 2   mean_perimeter   569 non-null    float64
 3   mean_area        569 non-null    float64
 4   mean_smoothness  569 non-null    float64
 5   diagnosis        569 non-null    int64  
dtypes: float64(5), int64(1)
memory usage: 26.8 KB



best depth =  {'max_depth': 50, 'min_samples_split': 50}
AUC value on train data =  91.8875639619883




Accuracy=92.105263%

precision=91.780822%

recall=95.714286%

F1-Score=93.706294%


Feature: 0, Score: 0.00000
Feature: 1, Score: 0.03822
Feature: 2, Score: 0.06912
Feature: 3, Score: 0.89267
Feature: 4, Score: 0.00000
Traceback (most recent call last):
  File "breast-cancer-prediction-decision-tree.py", line 204, in <module>
    from sklearn.externals.six import StringIO  
ModuleNotFoundError: No module named 'sklearn.externals.six'
[Try Solution]: OrderedDict([('action', 'fqn'), ('old_fqn', 'sklearn.externals.six'), ('new_fqn', 'six'), ('line_no', 204)])<class 'pandas.core.frame.DataFrame'>
RangeIndex: 569 entries, 0 to 568
Data columns (total 6 columns):
 #   Column           Non-Null Count  Dtype  
---  ------           --------------  -----  
 0   mean_radius      569 non-null    float64
 1   mean_texture     569 non-null    float64
 2   mean_perimeter   569 non-null    float64
 3   mean_area        569 non-null    float64
 4   mean_smoothness  569 non-null    float64
 5   diagnosis        569 non-null    int64  
dtypes: float64(5), int64(1)
memory usage: 26.8 KB



best depth =  {'max_depth': 50, 'min_samples_split': 50}
AUC value on train data =  93.44857509805964




Accuracy=88.596491%

precision=93.442623%

recall=86.363636%

F1-Score=89.763780%


Feature: 0, Score: 0.00000
Feature: 1, Score: 0.04288
Feature: 2, Score: 0.06243
Feature: 3, Score: 0.89468
Feature: 4, Score: 0.00000
[REPAIR EXEC TIME]: 6.324844837188721