WA_Fn-UseC_-HR-Employee-Attrition.csv

['Age' 'Attrition' 'BusinessTravel' 'DailyRate' 'Department'
 'DistanceFromHome' 'Education' 'EducationField' 'EmployeeCount'
 'EmployeeNumber' 'EnvironmentSatisfaction' 'Gender' 'HourlyRate'
 'JobInvolvement' 'JobLevel' 'JobRole' 'JobSatisfaction' 'MaritalStatus'
 'MonthlyIncome' 'MonthlyRate' 'NumCompaniesWorked' 'Over18' 'OverTime'
 'PercentSalaryHike' 'PerformanceRating' 'RelationshipSatisfaction'
 'StandardHours' 'StockOptionLevel' 'TotalWorkingYears'
 'TrainingTimesLastYear' 'WorkLifeBalance' 'YearsAtCompany'
 'YearsInCurrentRole' 'YearsSinceLastPromotion' 'YearsWithCurrManager']
<class 'pandas.core.frame.DataFrame'>
RangeIndex: 1470 entries, 0 to 1469
Data columns (total 35 columns):
 #   Column                    Non-Null Count  Dtype 
---  ------                    --------------  ----- 
 0   Age                       1470 non-null   int64 
 1   Attrition                 1470 non-null   object
 2   BusinessTravel            1470 non-null   object
 3   DailyRate                 1470 non-null   int64 
 4   Department                1470 non-null   object
 5   DistanceFromHome          1470 non-null   int64 
 6   Education                 1470 non-null   int64 
 7   EducationField            1470 non-null   object
 8   EmployeeCount             1470 non-null   int64 
 9   EmployeeNumber            1470 non-null   int64 
 10  EnvironmentSatisfaction   1470 non-null   int64 
 11  Gender                    1470 non-null   object
 12  HourlyRate                1470 non-null   int64 
 13  JobInvolvement            1470 non-null   int64 
 14  JobLevel                  1470 non-null   int64 
 15  JobRole                   1470 non-null   object
 16  JobSatisfaction           1470 non-null   int64 
 17  MaritalStatus             1470 non-null   object
 18  MonthlyIncome             1470 non-null   int64 
 19  MonthlyRate               1470 non-null   int64 
 20  NumCompaniesWorked        1470 non-null   int64 
 21  Over18                    1470 non-null   object
 22  OverTime                  1470 non-null   object
 23  PercentSalaryHike         1470 non-null   int64 
 24  PerformanceRating         1470 non-null   int64 
 25  RelationshipSatisfaction  1470 non-null   int64 
 26  StandardHours             1470 non-null   int64 
 27  StockOptionLevel          1470 non-null   int64 
 28  TotalWorkingYears         1470 non-null   int64 
 29  TrainingTimesLastYear     1470 non-null   int64 
 30  WorkLifeBalance           1470 non-null   int64 
 31  YearsAtCompany            1470 non-null   int64 
 32  YearsInCurrentRole        1470 non-null   int64 
 33  YearsSinceLastPromotion   1470 non-null   int64 
 34  YearsWithCurrManager      1470 non-null   int64 
dtypes: int64(26), object(9)
memory usage: 402.1+ KB
Index(['Intercept', 'Age', 'BusinessTravel', 'DailyRate', 'Department',
       'DistanceFromHome', 'Education', 'EducationField', 'YearsAtCompany'],
      dtype='object')
[0. 0. 0. 0. 0. 0. 0. 0. 0. 0. 0. 0. 0. 0. 0. 0. 0. 0. 0. 0. 0. 0. 0. 0.
 0. 0. 0. 0. 0. 0. 0. 0. 0. 0. 0. 0. 0. 0. 0. 0. 0. 0. 0. 0. 0. 0. 0. 0.
 0. 0. 0. 0. 0. 0. 0. 0. 0. 0. 0. 0. 0. 0. 0. 0. 0. 0. 0. 0. 0. 0. 0. 0.
 0. 0. 0. 0. 0. 0. 0. 0. 0. 0. 0. 0. 0. 0. 0. 0. 0. 0. 0. 0. 0. 0. 0. 0.
 0. 0. 0. 0. 0. 0. 0. 0. 0. 0. 0. 0. 0. 0. 0. 0. 0. 0. 0. 0. 0. 0. 0. 0.
 0. 0. 0. 0. 0. 0. 0. 0. 0. 0. 0. 0. 0. 0. 0. 0. 0. 0. 0. 0. 0. 0. 0. 0.
 0. 0. 0. 0. 0. 0. 0. 0. 0. 0. 0. 0. 0. 0. 0. 0. 0. 0. 0. 0. 0. 0. 0. 0.
 0. 0. 0. 0. 0. 0. 0. 0. 0. 0. 0. 0. 0. 0. 0. 0. 0. 0. 0. 0. 0. 1. 0. 0.
 0. 0. 0. 0. 0. 0. 0. 0. 0. 0. 0. 0. 0. 0. 0. 0. 0. 0. 0. 0. 0. 0. 0. 0.
 0. 0. 0. 0. 0. 0. 0. 0. 0. 0. 0. 0. 0. 0. 0. 0. 0. 0. 0. 0. 0. 0. 0. 0.
 0. 0. 0. 0. 0. 0. 0. 0. 0. 0. 0. 0. 0. 0. 0. 0. 0. 0. 0. 0. 0. 0. 0. 0.
 0. 0. 0. 0. 0. 0. 0. 0. 0. 0. 0. 0. 0. 0. 0. 0. 0. 0. 0. 0. 0. 0. 0. 0.
 0. 0. 0. 0. 0. 0. 0. 0. 0. 0. 0. 0. 0. 0. 0. 0. 0. 0. 0. 0. 0. 0. 0. 0.
 0. 0. 0. 0. 0. 0. 0. 0. 1. 0. 0. 0. 0. 0. 0. 0. 0. 0. 0. 0. 0. 0. 0. 0.
 0. 0. 0. 0. 0. 0. 0. 0. 0. 0. 0. 0. 0. 0. 0. 0. 0. 0. 0. 0. 0. 0. 0. 0.
 0. 0. 0. 0. 0. 0. 0. 0. 0. 0. 0. 0. 0. 0. 0. 0. 0. 0. 0. 0. 0. 0. 0. 0.
 0. 0. 0. 0. 0. 0. 0. 0. 0. 0. 0. 0. 0. 0. 0. 0. 0. 0. 0. 0. 0. 0. 0. 0.
 0. 0. 0. 0. 0. 0. 0. 0. 0. 0. 0. 0. 0. 0. 0. 0. 0. 0. 0. 0. 0. 0. 0. 0.
 0. 0. 0. 0. 0. 0. 0. 0. 0.]
[[0.86171031 0.13828969]
 [0.78917662 0.21082338]
 [0.73571264 0.26428736]
 [0.87353832 0.12646168]
 [0.70136965 0.29863035]
 [0.74105347 0.25894653]
 [0.85955441 0.14044559]
 [0.88670807 0.11329193]
 [0.96115399 0.03884601]
 [0.92945061 0.07054939]
 [0.96269618 0.03730382]
 [0.80214374 0.19785626]
 [0.87119372 0.12880628]
 [0.85534914 0.14465086]
 [0.89821208 0.10178792]
 [0.90835889 0.09164111]
 [0.87737743 0.12262257]
 [0.76210254 0.23789746]
 [0.7644461  0.2355539 ]
 [0.90038197 0.09961803]
 [0.68003095 0.31996905]
 [0.94885904 0.05114096]
 [0.85182399 0.14817601]
 [0.84554583 0.15445417]
 [0.66178633 0.33821367]
 [0.79950109 0.20049891]
 [0.91779514 0.08220486]
 [0.94647735 0.05352265]
 [0.64447157 0.35552843]
 [0.87215099 0.12784901]
 [0.85538634 0.14461366]
 [0.80674289 0.19325711]
 [0.87646379 0.12353621]
 [0.95626278 0.04373722]
 [0.87925005 0.12074995]
 [0.87592406 0.12407594]
 [0.90469552 0.09530448]
 [0.6593906  0.3406094 ]
 [0.90469816 0.09530184]
 [0.79183433 0.20816567]
 [0.89769826 0.10230174]
 [0.8511561  0.1488439 ]
 [0.92231702 0.07768298]
 [0.91686849 0.08313151]
 [0.89811888 0.10188112]
 [0.82001466 0.17998534]
 [0.76590018 0.23409982]
 [0.84512308 0.15487692]
 [0.63362731 0.36637269]
 [0.75672733 0.24327267]
 [0.94226321 0.05773679]
 [0.82685239 0.17314761]
 [0.83458084 0.16541916]
 [0.8937979  0.1062021 ]
 [0.86558453 0.13441547]
 [0.75849791 0.24150209]
 [0.87204513 0.12795487]
 [0.83437924 0.16562076]
 [0.75840099 0.24159901]
 [0.81322957 0.18677043]
 [0.88259765 0.11740235]
 [0.7514582  0.2485418 ]
 [0.91973419 0.08026581]
 [0.8778742  0.1221258 ]
 [0.77512129 0.22487871]
 [0.87669055 0.12330945]
 [0.92648696 0.07351304]
 [0.85296522 0.14703478]
 [0.89846086 0.10153914]
 [0.66322578 0.33677422]
 [0.94930612 0.05069388]
 [0.71043629 0.28956371]
 [0.8278114  0.1721886 ]
 [0.83312677 0.16687323]
 [0.82203938 0.17796062]
 [0.71577873 0.28422127]
 [0.91839773 0.08160227]
 [0.95704356 0.04295644]
 [0.78656104 0.21343896]
 [0.88102055 0.11897945]
 [0.89356433 0.10643567]
 [0.79604495 0.20395505]
 [0.74900396 0.25099604]
 [0.7641697  0.2358303 ]
 [0.82429562 0.17570438]
 [0.73136834 0.26863166]
 [0.97847097 0.02152903]
 [0.95618169 0.04381831]
 [0.89460464 0.10539536]
 [0.80963682 0.19036318]
 [0.67682049 0.32317951]
 [0.84710018 0.15289982]
 [0.70687568 0.29312432]
 [0.84049233 0.15950767]
 [0.87028314 0.12971686]
 [0.79348764 0.20651236]
 [0.69014719 0.30985281]
 [0.52825745 0.47174255]
 [0.86993861 0.13006139]
 [0.89254908 0.10745092]
 [0.78635799 0.21364201]
 [0.78847289 0.21152711]
 [0.97872819 0.02127181]
 [0.93179406 0.06820594]
 [0.77197562 0.22802438]
 [0.93968449 0.06031551]
 [0.88937084 0.11062916]
 [0.78792791 0.21207209]
 [0.90485309 0.09514691]
 [0.83757071 0.16242929]
 [0.84841385 0.15158615]
 [0.94084159 0.05915841]
 [0.93517546 0.06482454]
 [0.78809878 0.21190122]
 [0.81663521 0.18336479]
 [0.89740275 0.10259725]
 [0.90745097 0.09254903]
 [0.8526292  0.1473708 ]
 [0.9544822  0.0455178 ]
 [0.92357296 0.07642704]
 [0.88437146 0.11562854]
 [0.85465547 0.14534453]
 [0.857528   0.142472  ]
 [0.69687747 0.30312253]
 [0.90070918 0.09929082]
 [0.96635683 0.03364317]
 [0.95156008 0.04843992]
 [0.83531955 0.16468045]
 [0.88866539 0.11133461]
 [0.73247944 0.26752056]
 [0.97467343 0.02532657]
 [0.88323551 0.11676449]
 [0.82169087 0.17830913]
 [0.8278652  0.1721348 ]
 [0.96144901 0.03855099]
 [0.96257823 0.03742177]
 [0.68466706 0.31533294]
 [0.94066476 0.05933524]
 [0.76735867 0.23264133]
 [0.81907841 0.18092159]
 [0.82111754 0.17888246]
 [0.91319262 0.08680738]
 [0.75542777 0.24457223]
 [0.89835433 0.10164567]
 [0.93559297 0.06440703]
 [0.93358916 0.06641084]
 [0.96045369 0.03954631]
 [0.94023473 0.05976527]
 [0.92439264 0.07560736]
 [0.70839359 0.29160641]
 [0.85578824 0.14421176]
 [0.81533172 0.18466828]
 [0.79252575 0.20747425]
 [0.97259701 0.02740299]
 [0.94633186 0.05366814]
 [0.93773754 0.06226246]
 [0.97814303 0.02185697]
 [0.76188066 0.23811934]
 [0.85195682 0.14804318]
 [0.89111076 0.10888924]
 [0.94915961 0.05084039]
 [0.94644203 0.05355797]
 [0.75011438 0.24988562]
 [0.70972721 0.29027279]
 [0.95123538 0.04876462]
 [0.87365738 0.12634262]
 [0.82735124 0.17264876]
 [0.78559608 0.21440392]
 [0.80218384 0.19781616]
 [0.93211825 0.06788175]
 [0.90703757 0.09296243]
 [0.93932583 0.06067417]
 [0.93226357 0.06773643]
 [0.73007096 0.26992904]
 [0.94678594 0.05321406]
 [0.74893365 0.25106635]
 [0.80363682 0.19636318]
 [0.92689219 0.07310781]
 [0.8213296  0.1786704 ]
 [0.8231625  0.1768375 ]
 [0.706042   0.293958  ]
 [0.91439693 0.08560307]
 [0.93277048 0.06722952]
 [0.89267822 0.10732178]
 [0.94414484 0.05585516]
 [0.60744416 0.39255584]
 [0.90990866 0.09009134]
 [0.85259396 0.14740604]
 [0.76493448 0.23506552]
 [0.47854979 0.52145021]
 [0.70106771 0.29893229]
 [0.74055231 0.25944769]
 [0.83712468 0.16287532]
 [0.83582867 0.16417133]
 [0.78194763 0.21805237]
 [0.87770615 0.12229385]
 [0.75722992 0.24277008]
 [0.92967338 0.07032662]
 [0.81563413 0.18436587]
 [0.90058399 0.09941601]
 [0.8796125  0.1203875 ]
 [0.7923051  0.2076949 ]
 [0.70373663 0.29626337]
 [0.85721586 0.14278414]
 [0.76432813 0.23567187]
 [0.80398106 0.19601894]
 [0.76623361 0.23376639]
 [0.92588088 0.07411912]
 [0.69769288 0.30230712]
 [0.86046343 0.13953657]
 [0.86043245 0.13956755]
 [0.81578059 0.18421941]
 [0.87112539 0.12887461]
 [0.73776941 0.26223059]
 [0.93640917 0.06359083]
 [0.86167288 0.13832712]
 [0.95964086 0.04035914]
 [0.84129538 0.15870462]
 [0.82548072 0.17451928]
 [0.84165473 0.15834527]
 [0.87933609 0.12066391]
 [0.60333014 0.39666986]
 [0.55986452 0.44013548]
 [0.9882961  0.0117039 ]
 [0.6392735  0.3607265 ]
 [0.92599692 0.07400308]
 [0.91488037 0.08511963]
 [0.71934264 0.28065736]
 [0.60699709 0.39300291]
 [0.78654611 0.21345389]
 [0.9539082  0.0460918 ]
 [0.86035734 0.13964266]
 [0.86139204 0.13860796]
 [0.91667375 0.08332625]
 [0.9014579  0.0985421 ]
 [0.78254531 0.21745469]
 [0.77879339 0.22120661]
 [0.93513704 0.06486296]
 [0.75803802 0.24196198]
 [0.93039103 0.06960897]
 [0.89723273 0.10276727]
 [0.71001379 0.28998621]
 [0.985566   0.014434  ]
 [0.84560989 0.15439011]
 [0.89066188 0.10933812]
 [0.8021892  0.1978108 ]
 [0.85347396 0.14652604]
 [0.90108115 0.09891885]
 [0.88258054 0.11741946]
 [0.89468539 0.10531461]
 [0.7853221  0.2146779 ]
 [0.8735847  0.1264153 ]
 [0.56335065 0.43664935]
 [0.87827145 0.12172855]
 [0.91808703 0.08191297]
 [0.87679058 0.12320942]
 [0.98700588 0.01299412]
 [0.77506807 0.22493193]
 [0.64894587 0.35105413]
 [0.83888546 0.16111454]
 [0.83276764 0.16723236]
 [0.86853122 0.13146878]
 [0.85100103 0.14899897]
 [0.7417686  0.2582314 ]
 [0.87224456 0.12775544]
 [0.90753171 0.09246829]
 [0.83712822 0.16287178]
 [0.84137028 0.15862972]
 [0.79265277 0.20734723]
 [0.88245646 0.11754354]
 [0.80262336 0.19737664]
 [0.8544047  0.1455953 ]
 [0.68918247 0.31081753]
 [0.89887207 0.10112793]
 [0.85706712 0.14293288]
 [0.92008556 0.07991444]
 [0.85294472 0.14705528]
 [0.9235528  0.0764472 ]
 [0.89961389 0.10038611]
 [0.80633708 0.19366292]
 [0.68728478 0.31271522]
 [0.86399951 0.13600049]
 [0.75483058 0.24516942]
 [0.85097488 0.14902512]
 [0.99219861 0.00780139]
 [0.85432422 0.14567578]
 [0.90017766 0.09982234]
 [0.79699071 0.20300929]
 [0.94663685 0.05336315]
 [0.86330225 0.13669775]
 [0.86082298 0.13917702]
 [0.80453872 0.19546128]
 [0.88537101 0.11462899]
 [0.83974784 0.16025216]
 [0.8930088  0.1069912 ]
 [0.79578715 0.20421285]
 [0.75748268 0.24251732]
 [0.91437072 0.08562928]
 [0.62984982 0.37015018]
 [0.95561964 0.04438036]
 [0.87501043 0.12498957]
 [0.68337    0.31663   ]
 [0.69540127 0.30459873]
 [0.86420704 0.13579296]
 [0.86245334 0.13754666]
 [0.97827483 0.02172517]
 [0.88863748 0.11136252]
 [0.5688766  0.4311234 ]
 [0.93038026 0.06961974]
 [0.72266697 0.27733303]
 [0.86480301 0.13519699]
 [0.89075619 0.10924381]
 [0.85846809 0.14153191]
 [0.88278849 0.11721151]
 [0.74274361 0.25725639]
 [0.83703236 0.16296764]
 [0.87469208 0.12530792]
 [0.74539276 0.25460724]
 [0.72454003 0.27545997]
 [0.88777862 0.11222138]
 [0.45098859 0.54901141]
 [0.91489776 0.08510224]
 [0.71298041 0.28701959]
 [0.64269117 0.35730883]
 [0.90210508 0.09789492]
 [0.94501256 0.05498744]
 [0.86495204 0.13504796]
 [0.88438338 0.11561662]
 [0.96066974 0.03933026]
 [0.91378462 0.08621538]
 [0.94934777 0.05065223]
 [0.79039386 0.20960614]
 [0.85200088 0.14799912]
 [0.77144635 0.22855365]
 [0.79870185 0.20129815]
 [0.96617634 0.03382366]
 [0.83376835 0.16623165]
 [0.9203587  0.0796413 ]
 [0.84027242 0.15972758]
 [0.88020911 0.11979089]
 [0.82454223 0.17545777]
 [0.8126207  0.1873793 ]
 [0.79545143 0.20454857]
 [0.84845285 0.15154715]
 [0.91246112 0.08753888]
 [0.91812652 0.08187348]
 [0.6863656  0.3136344 ]
 [0.99012474 0.00987526]
 [0.80906835 0.19093165]
 [0.81642689 0.18357311]
 [0.75519775 0.24480225]
 [0.685545   0.314455  ]
 [0.77410868 0.22589132]
 [0.83109842 0.16890158]
 [0.82698693 0.17301307]
 [0.85844935 0.14155065]
 [0.85210395 0.14789605]
 [0.80358666 0.19641334]
 [0.91149907 0.08850093]
 [0.8580509  0.1419491 ]
 [0.98150254 0.01849746]
 [0.88348427 0.11651573]
 [0.9276449  0.0723551 ]
 [0.87321148 0.12678852]
 [0.77176403 0.22823597]
 [0.93866497 0.06133503]
 [0.95022571 0.04977429]
 [0.75488177 0.24511823]
 [0.90878018 0.09121982]
 [0.83151634 0.16848366]
 [0.95481519 0.04518481]
 [0.88534428 0.11465572]
 [0.72586384 0.27413616]
 [0.91294823 0.08705177]
 [0.71154648 0.28845352]
 [0.94864807 0.05135193]
 [0.9200787  0.0799213 ]
 [0.9076316  0.0923684 ]
 [0.7325117  0.2674883 ]
 [0.91918545 0.08081455]
 [0.79147366 0.20852634]
 [0.91735942 0.08264058]
 [0.89223279 0.10776721]
 [0.77189991 0.22810009]
 [0.85835443 0.14164557]
 [0.533613   0.466387  ]
 [0.95295567 0.04704433]
 [0.67906281 0.32093719]
 [0.86976603 0.13023397]
 [0.75462608 0.24537392]
 [0.88379373 0.11620627]
 [0.97414473 0.02585527]
 [0.8222707  0.1777293 ]
 [0.85439887 0.14560113]
 [0.51256214 0.48743786]
 [0.82614972 0.17385028]
 [0.92620258 0.07379742]
 [0.81420423 0.18579577]
 [0.91467069 0.08532931]
 [0.87314481 0.12685519]
 [0.66360067 0.33639933]
 [0.85321602 0.14678398]
 [0.97327281 0.02672719]
 [0.89746688 0.10253312]
 [0.89085713 0.10914287]
 [0.89555128 0.10444872]
 [0.80624971 0.19375029]
 [0.89260336 0.10739664]
 [0.85765066 0.14234934]
 [0.85192446 0.14807554]
 [0.80842604 0.19157396]
 [0.94054074 0.05945926]
 [0.8442455  0.1557545 ]
 [0.7492126  0.2507874 ]
 [0.65581896 0.34418104]
 [0.83751179 0.16248821]
 [0.78555607 0.21444393]
 [0.85645665 0.14354335]
 [0.89234122 0.10765878]
 [0.89258067 0.10741933]
 [0.85297816 0.14702184]
 [0.7329165  0.2670835 ]
 [0.96067296 0.03932704]
 [0.95546378 0.04453622]
 [0.92882731 0.07117269]
 [0.88098051 0.11901949]
 [0.87367964 0.12632036]
 [0.77156811 0.22843189]
 [0.6982819  0.3017181 ]
 [0.94885725 0.05114275]
 [0.59545123 0.40454877]
 [0.69520242 0.30479758]
 [0.94960831 0.05039169]
 [0.79795862 0.20204138]
 [0.88362408 0.11637592]
 [0.77322201 0.22677799]
 [0.871278   0.128722  ]
 [0.82789399 0.17210601]
 [0.71074543 0.28925457]
 [0.91869171 0.08130829]
 [0.87585342 0.12414658]]/home/cgzhu/anaconda3/envs/migration-plus/lib/python3.6/site-packages/sklearn/linear_model/_logistic.py:764: ConvergenceWarning: lbfgs failed to converge (status=1):
STOP: TOTAL NO. of ITERATIONS REACHED LIMIT.

Increase the number of iterations (max_iter) or scale the data as shown in:
    https://scikit-learn.org/stable/modules/preprocessing.html
Please also refer to the documentation for alternative solver options:
    https://scikit-learn.org/stable/modules/linear_model.html#logistic-regression
  extra_warning_msg=_LOGISTIC_SOLVER_CONVERGENCE_MSG)
/home/cgzhu/anaconda3/envs/migration-plus/lib/python3.6/site-packages/sklearn/linear_model/_logistic.py:764: ConvergenceWarning: lbfgs failed to converge (status=1):
STOP: TOTAL NO. of ITERATIONS REACHED LIMIT.

Increase the number of iterations (max_iter) or scale the data as shown in:
    https://scikit-learn.org/stable/modules/preprocessing.html
Please also refer to the documentation for alternative solver options:
    https://scikit-learn.org/stable/modules/linear_model.html#logistic-regression
  extra_warning_msg=_LOGISTIC_SOLVER_CONVERGENCE_MSG)

0.8412698412698413
0.6530612244897959
[[370   1]
 [ 69   1]]
              precision    recall  f1-score   support

         0.0       0.84      1.00      0.91       371
         1.0       0.50      0.01      0.03        70

    accuracy                           0.84       441
   macro avg       0.67      0.51      0.47       441
weighted avg       0.79      0.84      0.77       441

      Intercept   Age  BusinessTravel  ...  Education  EducationField  YearsAtCompany
338         1.0  30.0             1.0  ...        3.0             3.0            10.0
363         1.0  33.0             1.0  ...        3.0             3.0             1.0
759         1.0  45.0             1.0  ...        4.0             2.0             6.0
793         1.0  28.0             1.0  ...        2.0             1.0             4.0
581         1.0  30.0             1.0  ...        3.0             1.0             2.0
...         ...   ...             ...  ...        ...             ...             ...
763         1.0  34.0             1.0  ...        4.0             1.0             1.0
835         1.0  35.0             1.0  ...        4.0             5.0             5.0
1216        1.0  43.0             1.0  ...        3.0             2.0            10.0
559         1.0  38.0             1.0  ...        5.0             2.0             1.0
684         1.0  40.0             1.0  ...        4.0             3.0             1.0

[1029 rows x 9 columns]
[[0.48041663 0.51958337]]
