['SalesKaggle3.csv']
(146, 14)
*****************
Order               146
File_Type             2
SKU_number          146
SoldFlag              2
SoldCount             6
MarketingType         2
ReleaseNumber        71
New_Release_Flag      2
StrengthFactor      146
PriceReg            105
ReleaseYear          85
ItemCount            60
LowUserPrice        118
LowNetPrice         136
dtype: int64
*****************
124
22





(99, 8) (99,)
(25, 8) (25,)
Class 0 numbers:  76
Class 1 numbers:  23
Traceback (most recent call last):
  File "kernele7f4dbb964.py", line 299, in <module>
    sm = SMOTE(random_state=12, ratio = 1.0)
  File "/home/cgzhu/anaconda3/envs/migration-plus/lib/python3.6/site-packages/imblearn/utils/_validation.py", line 640, in inner_f
    return f(**kwargs)
TypeError: __init__() got an unexpected keyword argument 'ratio'
[Try Solution]: OrderedDict([('API', 'imblearn.over_sampling.SMOTE'), ('action', 'arg_delete'), ('from_name', 'ratio'), ('to_name', '*')])['SalesKaggle3.csv']
(146, 14)
*****************
Order               146
File_Type             2
SKU_number          146
SoldFlag              2
SoldCount             6
MarketingType         2
ReleaseNumber        71
New_Release_Flag      2
StrengthFactor      146
PriceReg            105
ReleaseYear          85
ItemCount            60
LowUserPrice        118
LowNetPrice         136
dtype: int64
*****************
124
22





(99, 8) (99,)
(25, 8) (25,)
Class 0 numbers:  77
Class 1 numbers:  22
Class 0 numbers:  68
Class 1 numbers:  68
Validation Results
0.3
0.0

Test Results
0.6
0.4444444444444444

ROC AUC score
0.5659722222222222
Confusion matrix, without normalization
[[11  5]
 [ 5  4]]

Normalized confusion matrix
[[0.69 0.31]
 [0.56 0.44]]



[REPAIR EXEC TIME]: 5.960895776748657['SalesKaggle3.csv']
(146, 14)
*****************
Order               146
File_Type             2
SKU_number          146
SoldFlag              2
SoldCount             6
MarketingType         2
ReleaseNumber        71
New_Release_Flag      2
StrengthFactor      146
PriceReg            105
ReleaseYear          85
ItemCount            60
LowUserPrice        118
LowNetPrice         136
dtype: int64
*****************
124
22





(99, 8) (99,)
(25, 8) (25,)
Class 0 numbers:  74
Class 1 numbers:  25
Traceback (most recent call last):
  File "kernele7f4dbb964.py", line 299, in <module>
    sm = SMOTE(random_state=12, ratio = 1.0)
  File "/home/cgzhu/anaconda3/envs/migration-plus/lib/python3.6/site-packages/imblearn/utils/_validation.py", line 640, in inner_f
    return f(**kwargs)
TypeError: __init__() got an unexpected keyword argument 'ratio'
[Try Solution]: OrderedDict([('API', 'imblearn.over_sampling.SMOTE'), ('action', 'arg_delete'), ('from_name', 'ratio'), ('to_name', '*')])['SalesKaggle3.csv']
(146, 14)
*****************
Order               146
File_Type             2
SKU_number          146
SoldFlag              2
SoldCount             6
MarketingType         2
ReleaseNumber        71
New_Release_Flag      2
StrengthFactor      146
PriceReg            105
ReleaseYear          85
ItemCount            60
LowUserPrice        118
LowNetPrice         136
dtype: int64
*****************
124
22





(99, 8) (99,)
(25, 8) (25,)
Class 0 numbers:  76
Class 1 numbers:  23
Class 0 numbers:  70
Class 1 numbers:  70
Validation Results
0.5
0.25

Test Results
0.64
0.5

ROC AUC score
0.6029411764705881
Confusion matrix, without normalization
[[12  5]
 [ 4  4]]

Normalized confusion matrix
[[0.71 0.29]
 [0.5  0.5 ]]



[REPAIR EXEC TIME]: 6.334624528884888