['weatherHistory.csv']
Traceback (most recent call last):
  File "simple-linear-regression-using-weatherhistory-data.py", line 109, in <module>
    from sklearn.preprocessing import Imputer
ImportError: cannot import name 'Imputer'
[Try Solution]: OrderedDict([('action', 'fqn'), ('old_fqn', 'sklearn.preprocessing.Imputer'), ('new_fqn', 'sklearn.impute.SimpleImputer'), ('line_no', 109)])['weatherHistory.csv']
Traceback (most recent call last):
  File "simple-linear-regression-using-weatherhistory-data.py", line 111, in <module>
    imputerHumidity=SimpleImputer(missing_values='NaN',strategy='mean',axis=0)
  File "/home/cgzhu/anaconda3/envs/migration-plus/lib/python3.6/site-packages/sklearn/utils/validation.py", line 73, in inner_f
    return f(**kwargs)
TypeError: __init__() got an unexpected keyword argument 'axis'
[Try Solution]: OrderedDict([('API', 'sklearn.impute.SimpleImputer'), ('action', 'arg_delete'), ('from_name', 'axis'), ('to_name', '*')])['weatherHistory.csv']
Traceback (most recent call last):
  File "simple-linear-regression-using-weatherhistory-data.py", line 112, in <module>
    imputerHumidity=imputerHumidity.fit(humidity) 
  File "/home/cgzhu/anaconda3/envs/migration-plus/lib/python3.6/site-packages/sklearn/impute/_base.py", line 277, in fit
    X = self._validate_input(X, in_fit=True)
  File "/home/cgzhu/anaconda3/envs/migration-plus/lib/python3.6/site-packages/sklearn/impute/_base.py", line 253, in _validate_input
    _check_inputs_dtype(X, self.missing_values)
  File "/home/cgzhu/anaconda3/envs/migration-plus/lib/python3.6/site-packages/sklearn/impute/_base.py", line 28, in _check_inputs_dtype
    .format(X.dtype, type(missing_values)))
ValueError: 'X' and 'missing_values' types are expected to be both numerical. Got X.dtype=float64 and  type(missing_values)=<class 'str'>.
[Try Solution]: OrderedDict([('API', 'sklearn.impute.SimpleImputer'), ('action', 'arg_value_update'), ('arg_name', 'missing_values'), ('target_value', "<class 'libcst._nodes.expression.Attribute'>")])['weatherHistory.csv']
Traceback (most recent call last):
  File "simple-linear-regression-using-weatherhistory-data.py", line 112, in <module>
    imputerHumidity=imputerHumidity.fit(humidity) 
  File "/home/cgzhu/anaconda3/envs/migration-plus/lib/python3.6/site-packages/sklearn/impute/_base.py", line 277, in fit
    X = self._validate_input(X, in_fit=True)
  File "/home/cgzhu/anaconda3/envs/migration-plus/lib/python3.6/site-packages/sklearn/impute/_base.py", line 253, in _validate_input
    _check_inputs_dtype(X, self.missing_values)
  File "/home/cgzhu/anaconda3/envs/migration-plus/lib/python3.6/site-packages/sklearn/impute/_base.py", line 28, in _check_inputs_dtype
    .format(X.dtype, type(missing_values)))
ValueError: 'X' and 'missing_values' types are expected to be both numerical. Got X.dtype=float64 and  type(missing_values)=<class 'str'>.
[Try Solution]: OrderedDict([('API', 'sklearn.impute.SimpleImputer'), ('action', 'arg_value_update'), ('arg_name', 'missing_values'), ('target_value', '0')])['weatherHistory.csv']
Traceback (most recent call last):
  File "simple-linear-regression-using-weatherhistory-data.py", line 112, in <module>
    imputerHumidity=imputerHumidity.fit(humidity) 
  File "/home/cgzhu/anaconda3/envs/migration-plus/lib/python3.6/site-packages/sklearn/impute/_base.py", line 277, in fit
    X = self._validate_input(X, in_fit=True)
  File "/home/cgzhu/anaconda3/envs/migration-plus/lib/python3.6/site-packages/sklearn/impute/_base.py", line 253, in _validate_input
    _check_inputs_dtype(X, self.missing_values)
  File "/home/cgzhu/anaconda3/envs/migration-plus/lib/python3.6/site-packages/sklearn/impute/_base.py", line 28, in _check_inputs_dtype
    .format(X.dtype, type(missing_values)))
ValueError: 'X' and 'missing_values' types are expected to be both numerical. Got X.dtype=float64 and  type(missing_values)=<class 'str'>.
[Try Solution]: OrderedDict([('API', 'sklearn.impute.SimpleImputer'), ('action', 'arg_value_update'), ('arg_name', 'missing_values'), ('target_value', "<class 'libcst._nodes.expression.Name'>")])['weatherHistory.csv']
Traceback (most recent call last):
  File "simple-linear-regression-using-weatherhistory-data.py", line 112, in <module>
    imputerHumidity=imputerHumidity.fit(humidity) 
  File "/home/cgzhu/anaconda3/envs/migration-plus/lib/python3.6/site-packages/sklearn/impute/_base.py", line 277, in fit
    X = self._validate_input(X, in_fit=True)
  File "/home/cgzhu/anaconda3/envs/migration-plus/lib/python3.6/site-packages/sklearn/impute/_base.py", line 253, in _validate_input
    _check_inputs_dtype(X, self.missing_values)
  File "/home/cgzhu/anaconda3/envs/migration-plus/lib/python3.6/site-packages/sklearn/impute/_base.py", line 28, in _check_inputs_dtype
    .format(X.dtype, type(missing_values)))
ValueError: 'X' and 'missing_values' types are expected to be both numerical. Got X.dtype=float64 and  type(missing_values)=<class 'str'>.
[Try Solution]: OrderedDict([('API', 'sklearn.impute.SimpleImputer'), ('action', 'arg_value_update'), ('arg_name', 'missing_values'), ('target_value', "<class 'libcst._nodes.expression.UnaryOperation'>")])['weatherHistory.csv']
Traceback (most recent call last):
  File "simple-linear-regression-using-weatherhistory-data.py", line 112, in <module>
    imputerHumidity=imputerHumidity.fit(humidity) 
  File "/home/cgzhu/anaconda3/envs/migration-plus/lib/python3.6/site-packages/sklearn/impute/_base.py", line 277, in fit
    X = self._validate_input(X, in_fit=True)
  File "/home/cgzhu/anaconda3/envs/migration-plus/lib/python3.6/site-packages/sklearn/impute/_base.py", line 253, in _validate_input
    _check_inputs_dtype(X, self.missing_values)
  File "/home/cgzhu/anaconda3/envs/migration-plus/lib/python3.6/site-packages/sklearn/impute/_base.py", line 28, in _check_inputs_dtype
    .format(X.dtype, type(missing_values)))
ValueError: 'X' and 'missing_values' types are expected to be both numerical. Got X.dtype=float64 and  type(missing_values)=<class 'str'>.
[REPAIR EXEC TIME]: 11.982865810394287['weatherHistory.csv']
Traceback (most recent call last):
  File "simple-linear-regression-using-weatherhistory-data.py", line 109, in <module>
    from sklearn.preprocessing import Imputer
ImportError: cannot import name 'Imputer'
[Try Solution]: OrderedDict([('action', 'fqn'), ('old_fqn', 'sklearn.preprocessing.Imputer'), ('new_fqn', 'sklearn.impute.SimpleImputer'), ('line_no', 109)])['weatherHistory.csv']
Traceback (most recent call last):
  File "simple-linear-regression-using-weatherhistory-data.py", line 111, in <module>
    imputerHumidity=SimpleImputer(missing_values='NaN',strategy='mean',axis=0)
  File "/home/cgzhu/anaconda3/envs/migration-plus/lib/python3.6/site-packages/sklearn/utils/validation.py", line 73, in inner_f
    return f(**kwargs)
TypeError: __init__() got an unexpected keyword argument 'axis'
[Try Solution]: OrderedDict([('API', 'sklearn.impute.SimpleImputer'), ('action', 'arg_delete'), ('from_name', 'axis'), ('to_name', '*')])['weatherHistory.csv']
Traceback (most recent call last):
  File "simple-linear-regression-using-weatherhistory-data.py", line 112, in <module>
    imputerHumidity=imputerHumidity.fit(humidity) 
  File "/home/cgzhu/anaconda3/envs/migration-plus/lib/python3.6/site-packages/sklearn/impute/_base.py", line 277, in fit
    X = self._validate_input(X, in_fit=True)
  File "/home/cgzhu/anaconda3/envs/migration-plus/lib/python3.6/site-packages/sklearn/impute/_base.py", line 253, in _validate_input
    _check_inputs_dtype(X, self.missing_values)
  File "/home/cgzhu/anaconda3/envs/migration-plus/lib/python3.6/site-packages/sklearn/impute/_base.py", line 28, in _check_inputs_dtype
    .format(X.dtype, type(missing_values)))
ValueError: 'X' and 'missing_values' types are expected to be both numerical. Got X.dtype=float64 and  type(missing_values)=<class 'str'>.
[Try Solution]: OrderedDict([('API', 'sklearn.impute.SimpleImputer'), ('action', 'arg_value_update'), ('arg_name', 'missing_values'), ('target_value', "<class 'libcst._nodes.expression.Attribute'>")])['weatherHistory.csv']
Traceback (most recent call last):
  File "simple-linear-regression-using-weatherhistory-data.py", line 112, in <module>
    imputerHumidity=imputerHumidity.fit(humidity) 
  File "/home/cgzhu/anaconda3/envs/migration-plus/lib/python3.6/site-packages/sklearn/impute/_base.py", line 277, in fit
    X = self._validate_input(X, in_fit=True)
  File "/home/cgzhu/anaconda3/envs/migration-plus/lib/python3.6/site-packages/sklearn/impute/_base.py", line 253, in _validate_input
    _check_inputs_dtype(X, self.missing_values)
  File "/home/cgzhu/anaconda3/envs/migration-plus/lib/python3.6/site-packages/sklearn/impute/_base.py", line 28, in _check_inputs_dtype
    .format(X.dtype, type(missing_values)))
ValueError: 'X' and 'missing_values' types are expected to be both numerical. Got X.dtype=float64 and  type(missing_values)=<class 'str'>.
[Try Solution]: OrderedDict([('API', 'sklearn.impute.SimpleImputer'), ('action', 'arg_value_update'), ('arg_name', 'missing_values'), ('target_value', '0')])['weatherHistory.csv']
Traceback (most recent call last):
  File "simple-linear-regression-using-weatherhistory-data.py", line 112, in <module>
    imputerHumidity=imputerHumidity.fit(humidity) 
  File "/home/cgzhu/anaconda3/envs/migration-plus/lib/python3.6/site-packages/sklearn/impute/_base.py", line 277, in fit
    X = self._validate_input(X, in_fit=True)
  File "/home/cgzhu/anaconda3/envs/migration-plus/lib/python3.6/site-packages/sklearn/impute/_base.py", line 253, in _validate_input
    _check_inputs_dtype(X, self.missing_values)
  File "/home/cgzhu/anaconda3/envs/migration-plus/lib/python3.6/site-packages/sklearn/impute/_base.py", line 28, in _check_inputs_dtype
    .format(X.dtype, type(missing_values)))
ValueError: 'X' and 'missing_values' types are expected to be both numerical. Got X.dtype=float64 and  type(missing_values)=<class 'str'>.
[Try Solution]: OrderedDict([('API', 'sklearn.impute.SimpleImputer'), ('action', 'arg_value_update'), ('arg_name', 'missing_values'), ('target_value', "<class 'libcst._nodes.expression.Name'>")])['weatherHistory.csv']
Traceback (most recent call last):
  File "simple-linear-regression-using-weatherhistory-data.py", line 112, in <module>
    imputerHumidity=imputerHumidity.fit(humidity) 
  File "/home/cgzhu/anaconda3/envs/migration-plus/lib/python3.6/site-packages/sklearn/impute/_base.py", line 277, in fit
    X = self._validate_input(X, in_fit=True)
  File "/home/cgzhu/anaconda3/envs/migration-plus/lib/python3.6/site-packages/sklearn/impute/_base.py", line 253, in _validate_input
    _check_inputs_dtype(X, self.missing_values)
  File "/home/cgzhu/anaconda3/envs/migration-plus/lib/python3.6/site-packages/sklearn/impute/_base.py", line 28, in _check_inputs_dtype
    .format(X.dtype, type(missing_values)))
ValueError: 'X' and 'missing_values' types are expected to be both numerical. Got X.dtype=float64 and  type(missing_values)=<class 'str'>.
[Try Solution]: OrderedDict([('API', 'sklearn.impute.SimpleImputer'), ('action', 'arg_value_update'), ('arg_name', 'missing_values'), ('target_value', "<class 'libcst._nodes.expression.UnaryOperation'>")])['weatherHistory.csv']
Traceback (most recent call last):
  File "simple-linear-regression-using-weatherhistory-data.py", line 112, in <module>
    imputerHumidity=imputerHumidity.fit(humidity) 
  File "/home/cgzhu/anaconda3/envs/migration-plus/lib/python3.6/site-packages/sklearn/impute/_base.py", line 277, in fit
    X = self._validate_input(X, in_fit=True)
  File "/home/cgzhu/anaconda3/envs/migration-plus/lib/python3.6/site-packages/sklearn/impute/_base.py", line 253, in _validate_input
    _check_inputs_dtype(X, self.missing_values)
  File "/home/cgzhu/anaconda3/envs/migration-plus/lib/python3.6/site-packages/sklearn/impute/_base.py", line 28, in _check_inputs_dtype
    .format(X.dtype, type(missing_values)))
ValueError: 'X' and 'missing_values' types are expected to be both numerical. Got X.dtype=float64 and  type(missing_values)=<class 'str'>.
[REPAIR EXEC TIME]: 12.026503801345825