['cannabis.csv']
<class 'pandas.core.frame.DataFrame'>
RangeIndex: 2351 entries, 0 to 2350
Data columns (total 6 columns):
 #   Column       Non-Null Count  Dtype  
---  ------       --------------  -----  
 0   Strain       2351 non-null   object 
 1   Type         2351 non-null   object 
 2   Rating       2351 non-null   float64
 3   Effects      2351 non-null   object 
 4   Flavor       2305 non-null   object 
 5   Description  2318 non-null   object 
dtypes: float64(1), object(5)
memory usage: 110.3+ KB
Strain         2350
Type              3
Rating           26
Effects        1655
Flavor         1293
Description    2312
dtype: int64
Numerical describe of distribuition Type
Type
hybrid    1212
indica     699
sativa     440
Name: Strain, dtype: int64
Percentage of distribuition Type 
Type
hybrid    51.55
indica    29.73
sativa    18.72
Name: Strain, dtype: float64

Top 10 Rating by consumers
4.5    317
4.3    297
4.4    284
4.6    242
4.2    225
5.0    210
4.7    164
4.8    159
4.0    104
4.1    101
Name: Rating, dtype: int64
Rating Distribuition by Species Type
Type    hybrid  indica  sativa
Rating                        
4.1         56      33      12
4.2        113      64      48
4.3        150      89      58
4.4        144      83      57
4.5        164      94      59
4.6        114      78      50
4.7         95      47      22
4.8         88      41      30
4.9         31      19       9
5.0        102      70      38


Rating less than 4: 
Type
hybrid    155
indica     81
sativa     57
Name: Strain, dtype: int64
Rating between 4 and 4.5: 
Type
hybrid    627
indica    363
sativa    234
Name: Strain, dtype: int64
Top Strains - Rating > 4.5: 
Type
hybrid    430
indica    255
sativa    149
Name: Strain, dtype: int64
Distribuition by type of Ratings equal 5: 
Type
hybrid    102
indica     70
sativa     38
Name: Strain, dtype: int64
Total of: 2350 different Strains
The top 5 First Effects related
Relaxed     825
Happy       476
Euphoric    249
Uplifted    244
Sleepy       89
Name: Effect_1, dtype: int64

The top 5 Second related Effects
Happy       571
Relaxed     351
Euphoric    342
Uplifted    321
Sleepy      197
Name: Effect_2, dtype: int64

TOP 10 Flavors related
Earthy          531
Sweet           414
Citrus          188
Berry           124
None            110
Diesel          108
Pungent          87
Lemon            67
Spicy/Herbal     67
Blueberry        66
Name: Flavor_1, dtype: int64

Percentual of Species with Rating equal 5
Type
hybrid    48.57
indica    33.33
sativa    18.10
Name: Strain, dtype: float64












           Strain    Type  Rating  ...      Flavor_1 Flavor_2    Flavor_3
0          100-Og  hybrid     4.0  ...        Earthy    Sweet      Citrus
1  98-White-Widow  hybrid     4.7  ...       Flowery   Violet      Diesel
2            1024  sativa     4.4  ...  Spicy/Herbal     Sage       Woody
3        13-Dawgs  hybrid     4.2  ...       Apricot   Citrus  Grapefruit
4        24K-Gold  hybrid     4.6  ...        Citrus   Earthy      Orange

[5 rows x 12 columns]
X_train Shape:  (1645, 231)
X_test Shape:  (706, 231)
X_important_train Shape:  (1645, 41)
X_important_test Shape:  (706, 41)
/home/cgzhu/anaconda3/envs/migration-plus/lib/python3.6/site-packages/sklearn/utils/deprecation.py:143: FutureWarning: The sklearn.feature_extraction.stop_words module is  deprecated in version 0.22 and will be removed in version 0.24. The corresponding classes / functions should instead be imported from sklearn.feature_extraction.text. Anything that cannot be imported from sklearn.feature_extraction.text is now part of the private API.
  warnings.warn(message, FutureWarning)
/home/cgzhu/anaconda3/envs/migration-plus/lib/python3.6/site-packages/sklearn/model_selection/_split.py:297: FutureWarning: Setting a random_state has no effect since shuffle is False. This will raise an error in 0.24. You should leave random_state to its default (None), or set shuffle=True.
  FutureWarning
/home/cgzhu/anaconda3/envs/migration-plus/lib/python3.6/site-packages/joblib/externals/loky/backend/resource_tracker.py:320: UserWarning: resource_tracker: There appear to be 14 leaked semlock objects to clean up at shutdown
  (len(rtype_registry), rtype))
/home/cgzhu/anaconda3/envs/migration-plus/lib/python3.6/site-packages/joblib/externals/loky/backend/resource_tracker.py:320: UserWarning: resource_tracker: There appear to be 3 leaked folder objects to clean up at shutdown
  (len(rtype_registry), rtype))
