No handles with labels found to put in legend.
{'text/html': '        <script type="text/javascript">\n        window.PlotlyConfig = {MathJaxConfig: \'local\'};\n        if (window.MathJax) {MathJax.Hub.Config({SVG: {font: "STIX-Web"}});}\n        if (typeof require !== \'undefined\') {\n        require.undef("plotly");\n        requirejs.config({\n            paths: {\n                \'plotly\': [\'https://cdn.plot.ly/plotly-latest.min\']\n            }\n        });\n        require([\'plotly\'], function(Plotly) {\n            window._Plotly = Plotly;\n        });\n        }\n        </script>\n        '}
kidney_disease.csv

../../../input/mansoordaku_ckdisease/kidney_disease.csv
<class 'pandas.core.frame.DataFrame'>
RangeIndex: 400 entries, 0 to 399
Data columns (total 26 columns):
 #   Column          Non-Null Count  Dtype  
---  ------          --------------  -----  
 0   id              400 non-null    int64  
 1   age             391 non-null    float64
 2   bp              388 non-null    float64
 3   sg              353 non-null    float64
 4   al              354 non-null    float64
 5   su              351 non-null    float64
 6   rbc             248 non-null    object 
 7   pc              335 non-null    object 
 8   pcc             396 non-null    object 
 9   ba              396 non-null    object 
 10  bgr             356 non-null    float64
 11  bu              381 non-null    float64
 12  sc              383 non-null    float64
 13  sod             313 non-null    float64
 14  pot             312 non-null    float64
 15  hemo            348 non-null    float64
 16  pcv             330 non-null    object 
 17  wc              295 non-null    object 
 18  rc              270 non-null    object 
 19  htn             398 non-null    object 
 20  dm              398 non-null    object 
 21  cad             398 non-null    object 
 22  appet           399 non-null    object 
 23  pe              399 non-null    object 
 24  ane             399 non-null    object 
 25  classification  400 non-null    object 
dtypes: float64(11), int64(1), object(14)
memory usage: 81.4+ KB














<class 'pandas.core.frame.DataFrame'>
RangeIndex: 400 entries, 0 to 399
Data columns (total 25 columns):
 #   Column          Non-Null Count  Dtype  
---  ------          --------------  -----  
 0   age             391 non-null    float64
 1   bp              388 non-null    float64
 2   sg              353 non-null    float64
 3   al              354 non-null    float64
 4   su              351 non-null    float64
 5   rbc             248 non-null    float64
 6   pc              335 non-null    float64
 7   pcc             396 non-null    float64
 8   ba              396 non-null    float64
 9   bgr             400 non-null    float64
 10  bu              400 non-null    float64
 11  sc              400 non-null    float64
 12  sod             400 non-null    float64
 13  pot             400 non-null    float64
 14  hemo            400 non-null    float64
 15  pcv             400 non-null    float64
 16  wc              400 non-null    float64
 17  rc              400 non-null    float64
 18  htn             398 non-null    float64
 19  dm              398 non-null    float64
 20  cad             398 non-null    float64
 21  appet           399 non-null    float64
 22  pe              399 non-null    float64
 23  ane             399 non-null    float64
 24  classification  400 non-null    int64  
dtypes: float64(24), int64(1)
memory usage: 78.2 KB
<class 'pandas.core.frame.DataFrame'>
RangeIndex: 400 entries, 0 to 399
Data columns (total 25 columns):
 #   Column  Non-Null Count  Dtype  
---  ------  --------------  -----  
 0   0       400 non-null    float64
 1   1       400 non-null    float64
 2   2       400 non-null    float64
 3   3       400 non-null    float64
 4   4       400 non-null    float64
 5   5       400 non-null    float64
 6   6       400 non-null    float64
 7   7       400 non-null    float64
 8   8       400 non-null    float64
 9   9       400 non-null    float64
 10  10      400 non-null    float64
 11  11      400 non-null    float64
 12  12      400 non-null    float64
 13  13      400 non-null    float64
 14  14      400 non-null    float64
 15  15      400 non-null    float64
 16  16      400 non-null    float64
 17  17      400 non-null    float64
 18  18      400 non-null    float64
 19  19      400 non-null    float64
 20  20      400 non-null    float64
 21  21      400 non-null    float64
 22  22      400 non-null    float64
 23  23      400 non-null    float64
 24  24      400 non-null    float64
dtypes: float64(25)
memory usage: 78.2 KB


Decision Tree accuracy = 96.66666666666667
Decision Tree precision = 96.57142857142857
Decision Tree sensitivity = 96.57142857142857
Decision Tree recall = 96.57142857142857
Decision Tree f1 score = 97.14285714285714
Traceback (most recent call last):
  File "eda-on-chronic-kidney-disease.py", line 582, in <module>
    from sklearn.linear_model.lars_path import StringIO
ModuleNotFoundError: No module named 'sklearn.linear_model.lars_path'
