



Traceback (most recent call last):
  File "fifa-2019-regression-model.py", line 355, in <module>
    regressor_OLS=sm.OLS(endog=y,exog=x).fit()
AttributeError: module 'statsmodels.formula.api' has no attribute 'OLS'
[Try Solution]: OrderedDict([('API', 'statsmodels.formula.api.OLS'), ('action', 'arg_value_update'), ('arg_name', 'endog'), ('target_value', "<class 'libcst._nodes.expression.Name'>")])



Traceback (most recent call last):
  File "fifa-2019-regression-model.py", line 355, in <module>
    regressor_OLS=sm.OLS(endog="<class 'libcst._nodes.expression.Name'>",exog=x).fit()
AttributeError: module 'statsmodels.formula.api' has no attribute 'OLS'
[Try Solution]: OrderedDict([('API', 'statsmodels.formula.api.OLS'), ('action', 'arg_value_update'), ('arg_name', 'exog'), ('target_value', "<class 'libcst._nodes.expression.Name'>")])



Traceback (most recent call last):
  File "fifa-2019-regression-model.py", line 355, in <module>
    regressor_OLS=sm.OLS(endog=y,exog="<class 'libcst._nodes.expression.Name'>").fit()
AttributeError: module 'statsmodels.formula.api' has no attribute 'OLS'
[Try Solution]: OrderedDict([('API', 'statsmodels.formula.api.OLS'), ('action', 'arg_value_update'), ('arg_name', 'endog&exog'), ('target_value', "<class 'libcst._nodes.expression.Name'>&<class 'libcst._nodes.expression.Name'>")])



Traceback (most recent call last):
  File "fifa-2019-regression-model.py", line 355, in <module>
    regressor_OLS=sm.OLS(endog="<class 'libcst._nodes.expression.Name'>",exog=x).fit()
AttributeError: module 'statsmodels.formula.api' has no attribute 'OLS'
[Try Solution]: OrderedDict([('API', 'statsmodels.formula.api.OLS'), ('action', 'arg_rename'), ('from_name', 'formula'), ('to_name', 'data')])



Traceback (most recent call last):
  File "fifa-2019-regression-model.py", line 355, in <module>
    regressor_OLS=sm.OLS(endog=y,exog=x).fit()
AttributeError: module 'statsmodels.formula.api' has no attribute 'OLS'
[Try Solution]: OrderedDict([('API', 'statsmodels.formula.api.OLS'), ('action', 'arg_rename'), ('from_name', 'formula'), ('to_name', 'subset')])



Traceback (most recent call last):
  File "fifa-2019-regression-model.py", line 355, in <module>
    regressor_OLS=sm.OLS(endog=y,exog=x).fit()
AttributeError: module 'statsmodels.formula.api' has no attribute 'OLS'
[Try Solution]: OrderedDict([('API', 'statsmodels.formula.api.OLS'), ('action', 'arg_rename'), ('from_name', 'formula'), ('to_name', 'drop_cols')])



Traceback (most recent call last):
  File "fifa-2019-regression-model.py", line 355, in <module>
    regressor_OLS=sm.OLS(endog=y,exog=x).fit()
AttributeError: module 'statsmodels.formula.api' has no attribute 'OLS'
[Try Solution]: OrderedDict([('API', 'statsmodels.formula.api.OLS'), ('action', 'arg_rename'), ('from_name', 'formula'), ('to_name', 'args')])



Traceback (most recent call last):
  File "fifa-2019-regression-model.py", line 355, in <module>
    regressor_OLS=sm.OLS(endog=y,exog=x).fit()
AttributeError: module 'statsmodels.formula.api' has no attribute 'OLS'
[Try Solution]: OrderedDict([('API', 'statsmodels.formula.api.OLS'), ('action', 'arg_rename'), ('from_name', 'formula'), ('to_name', 'kwargs')])



Traceback (most recent call last):
  File "fifa-2019-regression-model.py", line 355, in <module>
    regressor_OLS=sm.OLS(endog=y,exog=x).fit()
AttributeError: module 'statsmodels.formula.api' has no attribute 'OLS'
[Try Solution]: OrderedDict([('API', 'statsmodels.formula.api.OLS'), ('action', 'arg_delete'), ('from_name', 'formula'), ('to_name', '*')])



Traceback (most recent call last):
  File "fifa-2019-regression-model.py", line 355, in <module>
    regressor_OLS=sm.OLS(endog=y,exog=x).fit()
AttributeError: module 'statsmodels.formula.api' has no attribute 'OLS'
[Try Solution]: OrderedDict([('API', 'statsmodels.formula.api.OLS'), ('action', 'arg_rename'), ('from_name', 'data'), ('to_name', 'formula')])



Traceback (most recent call last):
  File "fifa-2019-regression-model.py", line 355, in <module>
    regressor_OLS=sm.OLS(endog=y,exog=x).fit()
AttributeError: module 'statsmodels.formula.api' has no attribute 'OLS'
[REPAIR EXEC TIME]: 148.1477882862091