simple-logistic-and-random-forest-examle.py:68: SettingWithCopyWarning: 
A value is trying to be set on a copy of a slice from a DataFrame.
Try using .loc[row_indexer,col_indexer] = value instead

See the caveats in the documentation: https://pandas.pydata.org/pandas-docs/stable/user_guide/indexing.html#returning-a-view-versus-a-copy
  X['intercept'] = 1.0  # so we don't need to use sm.add_constant every time

Traceback (most recent call last):
  File "simple-logistic-and-random-forest-examle.py", line 71, in <module>
    model = sm.Logit(y_train, X_train)
AttributeError: module 'statsmodels.formula.api' has no attribute 'Logit'
[Try Solution]: OrderedDict([('action', 'fqn'), ('old_fqn', 'statsmodels.formula.api.Logit'), ('new_fqn', 'statsmodels.formula.api.logit'), ('line_no', 71)])simple-logistic-and-random-forest-examle.py:69: SettingWithCopyWarning: 
A value is trying to be set on a copy of a slice from a DataFrame.
Try using .loc[row_indexer,col_indexer] = value instead

See the caveats in the documentation: https://pandas.pydata.org/pandas-docs/stable/user_guide/indexing.html#returning-a-view-versus-a-copy
  X['intercept'] = 1.0  # so we don't need to use sm.add_constant every time

Traceback (most recent call last):
  File "simple-logistic-and-random-forest-examle.py", line 72, in <module>
    model = statsmodels.formula.api.logit(y_train, X_train)
  File "/home/cgzhu/anaconda3/envs/migration-plus/lib/python3.6/site-packages/statsmodels/base/model.py", line 169, in from_formula
    missing=missing)
  File "/home/cgzhu/anaconda3/envs/migration-plus/lib/python3.6/site-packages/statsmodels/formula/formulatools.py", line 65, in handle_formula_data
    NA_action=na_action)
  File "/home/cgzhu/anaconda3/envs/migration-plus/lib/python3.6/site-packages/patsy/highlevel.py", line 312, in dmatrices
    raise PatsyError("model is missing required outcome variables")
patsy.PatsyError: model is missing required outcome variables
[Try Solution]: OrderedDict([('action', 'fqn'), ('old_fqn', 'statsmodels.formula.api.Logit'), ('new_fqn', 'statsmodels.discrete.discrete_model.Logit'), ('line_no', 71)])simple-logistic-and-random-forest-examle.py:69: SettingWithCopyWarning: 
A value is trying to be set on a copy of a slice from a DataFrame.
Try using .loc[row_indexer,col_indexer] = value instead

See the caveats in the documentation: https://pandas.pydata.org/pandas-docs/stable/user_guide/indexing.html#returning-a-view-versus-a-copy
  X['intercept'] = 1.0  # so we don't need to use sm.add_constant every time
/home/cgzhu/anaconda3/envs/migration-plus/lib/python3.6/site-packages/statsmodels/discrete/discrete_model.py:1747: RuntimeWarning: overflow encountered in exp
  return 1/(1+np.exp(-X))
/home/cgzhu/anaconda3/envs/migration-plus/lib/python3.6/site-packages/statsmodels/discrete/discrete_model.py:1800: RuntimeWarning: divide by zero encountered in log
  return np.sum(np.log(self.cdf(q*np.dot(X,params))))
/home/cgzhu/anaconda3/envs/migration-plus/lib/python3.6/site-packages/statsmodels/base/model.py:548: HessianInversionWarning: Inverting hessian failed, no bse or cov_params available
  'available', HessianInversionWarning)
/home/cgzhu/anaconda3/envs/migration-plus/lib/python3.6/site-packages/statsmodels/base/model.py:548: HessianInversionWarning: Inverting hessian failed, no bse or cov_params available
  'available', HessianInversionWarning)

Optimization terminated successfully.
         Current function value: inf
         Iterations 9
accuracy = 85.3211009174312%
number of trees: 10
accuracy: 86.02150537634408
number of trees: 30
accuracy: 81.72043010752688
number of trees: 50
accuracy: 77.41935483870968
number of trees: 100
accuracy: 82.79569892473118
[REPAIR EXEC TIME]: 6.141075372695923simple-logistic-and-random-forest-examle.py:68: SettingWithCopyWarning: 
A value is trying to be set on a copy of a slice from a DataFrame.
Try using .loc[row_indexer,col_indexer] = value instead

See the caveats in the documentation: https://pandas.pydata.org/pandas-docs/stable/user_guide/indexing.html#returning-a-view-versus-a-copy
  X['intercept'] = 1.0  # so we don't need to use sm.add_constant every time

Traceback (most recent call last):
  File "simple-logistic-and-random-forest-examle.py", line 71, in <module>
    model = sm.Logit(y_train, X_train)
AttributeError: module 'statsmodels.formula.api' has no attribute 'Logit'
[Try Solution]: OrderedDict([('action', 'fqn'), ('old_fqn', 'statsmodels.formula.api.Logit'), ('new_fqn', 'statsmodels.formula.api.logit'), ('line_no', 71)])simple-logistic-and-random-forest-examle.py:69: SettingWithCopyWarning: 
A value is trying to be set on a copy of a slice from a DataFrame.
Try using .loc[row_indexer,col_indexer] = value instead

See the caveats in the documentation: https://pandas.pydata.org/pandas-docs/stable/user_guide/indexing.html#returning-a-view-versus-a-copy
  X['intercept'] = 1.0  # so we don't need to use sm.add_constant every time

Traceback (most recent call last):
  File "simple-logistic-and-random-forest-examle.py", line 72, in <module>
    model = statsmodels.formula.api.logit(y_train, X_train)
  File "/home/cgzhu/anaconda3/envs/migration-plus/lib/python3.6/site-packages/statsmodels/base/model.py", line 169, in from_formula
    missing=missing)
  File "/home/cgzhu/anaconda3/envs/migration-plus/lib/python3.6/site-packages/statsmodels/formula/formulatools.py", line 65, in handle_formula_data
    NA_action=na_action)
  File "/home/cgzhu/anaconda3/envs/migration-plus/lib/python3.6/site-packages/patsy/highlevel.py", line 312, in dmatrices
    raise PatsyError("model is missing required outcome variables")
patsy.PatsyError: model is missing required outcome variables
[Try Solution]: OrderedDict([('action', 'fqn'), ('old_fqn', 'statsmodels.formula.api.Logit'), ('new_fqn', 'statsmodels.formula.api.gls'), ('line_no', 71)])simple-logistic-and-random-forest-examle.py:69: SettingWithCopyWarning: 
A value is trying to be set on a copy of a slice from a DataFrame.
Try using .loc[row_indexer,col_indexer] = value instead

See the caveats in the documentation: https://pandas.pydata.org/pandas-docs/stable/user_guide/indexing.html#returning-a-view-versus-a-copy
  X['intercept'] = 1.0  # so we don't need to use sm.add_constant every time

Traceback (most recent call last):
  File "simple-logistic-and-random-forest-examle.py", line 72, in <module>
    model = statsmodels.formula.api.gls(y_train, X_train)
  File "/home/cgzhu/anaconda3/envs/migration-plus/lib/python3.6/site-packages/statsmodels/base/model.py", line 169, in from_formula
    missing=missing)
  File "/home/cgzhu/anaconda3/envs/migration-plus/lib/python3.6/site-packages/statsmodels/formula/formulatools.py", line 65, in handle_formula_data
    NA_action=na_action)
  File "/home/cgzhu/anaconda3/envs/migration-plus/lib/python3.6/site-packages/patsy/highlevel.py", line 312, in dmatrices
    raise PatsyError("model is missing required outcome variables")
patsy.PatsyError: model is missing required outcome variables
[REPAIR EXEC TIME]: 6.17793083190918simple-logistic-and-random-forest-examle.py:68: SettingWithCopyWarning: 
A value is trying to be set on a copy of a slice from a DataFrame.
Try using .loc[row_indexer,col_indexer] = value instead

See the caveats in the documentation: https://pandas.pydata.org/pandas-docs/stable/user_guide/indexing.html#returning-a-view-versus-a-copy
  X['intercept'] = 1.0  # so we don't need to use sm.add_constant every time

Traceback (most recent call last):
  File "simple-logistic-and-random-forest-examle.py", line 71, in <module>
    model = sm.Logit(y_train, X_train)
AttributeError: module 'statsmodels.formula.api' has no attribute 'Logit'
[Try Solution]: OrderedDict([('action', 'fqn'), ('old_fqn', 'statsmodels.formula.api.Logit'), ('new_fqn', 'statsmodels.formula.api.logit'), ('line_no', 71)])simple-logistic-and-random-forest-examle.py:69: SettingWithCopyWarning: 
A value is trying to be set on a copy of a slice from a DataFrame.
Try using .loc[row_indexer,col_indexer] = value instead

See the caveats in the documentation: https://pandas.pydata.org/pandas-docs/stable/user_guide/indexing.html#returning-a-view-versus-a-copy
  X['intercept'] = 1.0  # so we don't need to use sm.add_constant every time

Traceback (most recent call last):
  File "simple-logistic-and-random-forest-examle.py", line 72, in <module>
    model = statsmodels.formula.api.logit(y_train, X_train)
  File "/home/cgzhu/anaconda3/envs/migration-plus/lib/python3.6/site-packages/statsmodels/base/model.py", line 169, in from_formula
    missing=missing)
  File "/home/cgzhu/anaconda3/envs/migration-plus/lib/python3.6/site-packages/statsmodels/formula/formulatools.py", line 65, in handle_formula_data
    NA_action=na_action)
  File "/home/cgzhu/anaconda3/envs/migration-plus/lib/python3.6/site-packages/patsy/highlevel.py", line 312, in dmatrices
    raise PatsyError("model is missing required outcome variables")
patsy.PatsyError: model is missing required outcome variables
[Try Solution]: OrderedDict([('action', 'fqn'), ('old_fqn', 'statsmodels.formula.api.Logit'), ('new_fqn', 'statsmodels.formula.api.gls'), ('line_no', 71)])simple-logistic-and-random-forest-examle.py:69: SettingWithCopyWarning: 
A value is trying to be set on a copy of a slice from a DataFrame.
Try using .loc[row_indexer,col_indexer] = value instead

See the caveats in the documentation: https://pandas.pydata.org/pandas-docs/stable/user_guide/indexing.html#returning-a-view-versus-a-copy
  X['intercept'] = 1.0  # so we don't need to use sm.add_constant every time

Traceback (most recent call last):
  File "simple-logistic-and-random-forest-examle.py", line 72, in <module>
    model = statsmodels.formula.api.gls(y_train, X_train)
  File "/home/cgzhu/anaconda3/envs/migration-plus/lib/python3.6/site-packages/statsmodels/base/model.py", line 169, in from_formula
    missing=missing)
  File "/home/cgzhu/anaconda3/envs/migration-plus/lib/python3.6/site-packages/statsmodels/formula/formulatools.py", line 65, in handle_formula_data
    NA_action=na_action)
  File "/home/cgzhu/anaconda3/envs/migration-plus/lib/python3.6/site-packages/patsy/highlevel.py", line 312, in dmatrices
    raise PatsyError("model is missing required outcome variables")
patsy.PatsyError: model is missing required outcome variables
[REPAIR EXEC TIME]: 5.776285171508789simple-logistic-and-random-forest-examle.py:68: SettingWithCopyWarning: 
A value is trying to be set on a copy of a slice from a DataFrame.
Try using .loc[row_indexer,col_indexer] = value instead

See the caveats in the documentation: https://pandas.pydata.org/pandas-docs/stable/user_guide/indexing.html#returning-a-view-versus-a-copy
  X['intercept'] = 1.0  # so we don't need to use sm.add_constant every time

Traceback (most recent call last):
  File "simple-logistic-and-random-forest-examle.py", line 71, in <module>
    model = sm.Logit(y_train, X_train)
AttributeError: module 'statsmodels.formula.api' has no attribute 'Logit'
[Try Solution]: OrderedDict([('action', 'fqn'), ('old_fqn', 'statsmodels.formula.api.Logit'), ('new_fqn', 'statsmodels.formula.api.logit'), ('line_no', 71)])simple-logistic-and-random-forest-examle.py:69: SettingWithCopyWarning: 
A value is trying to be set on a copy of a slice from a DataFrame.
Try using .loc[row_indexer,col_indexer] = value instead

See the caveats in the documentation: https://pandas.pydata.org/pandas-docs/stable/user_guide/indexing.html#returning-a-view-versus-a-copy
  X['intercept'] = 1.0  # so we don't need to use sm.add_constant every time

Traceback (most recent call last):
  File "simple-logistic-and-random-forest-examle.py", line 72, in <module>
    model = statsmodels.formula.api.logit(y_train, X_train)
  File "/home/cgzhu/anaconda3/envs/migration-plus/lib/python3.6/site-packages/statsmodels/base/model.py", line 169, in from_formula
    missing=missing)
  File "/home/cgzhu/anaconda3/envs/migration-plus/lib/python3.6/site-packages/statsmodels/formula/formulatools.py", line 65, in handle_formula_data
    NA_action=na_action)
  File "/home/cgzhu/anaconda3/envs/migration-plus/lib/python3.6/site-packages/patsy/highlevel.py", line 312, in dmatrices
    raise PatsyError("model is missing required outcome variables")
patsy.PatsyError: model is missing required outcome variables
[Try Solution]: OrderedDict([('action', 'fqn'), ('old_fqn', 'statsmodels.formula.api.Logit'), ('new_fqn', 'statsmodels.formula.api.gls'), ('line_no', 71)])simple-logistic-and-random-forest-examle.py:69: SettingWithCopyWarning: 
A value is trying to be set on a copy of a slice from a DataFrame.
Try using .loc[row_indexer,col_indexer] = value instead

See the caveats in the documentation: https://pandas.pydata.org/pandas-docs/stable/user_guide/indexing.html#returning-a-view-versus-a-copy
  X['intercept'] = 1.0  # so we don't need to use sm.add_constant every time

Traceback (most recent call last):
  File "simple-logistic-and-random-forest-examle.py", line 72, in <module>
    model = statsmodels.formula.api.gls(y_train, X_train)
  File "/home/cgzhu/anaconda3/envs/migration-plus/lib/python3.6/site-packages/statsmodels/base/model.py", line 169, in from_formula
    missing=missing)
  File "/home/cgzhu/anaconda3/envs/migration-plus/lib/python3.6/site-packages/statsmodels/formula/formulatools.py", line 65, in handle_formula_data
    NA_action=na_action)
  File "/home/cgzhu/anaconda3/envs/migration-plus/lib/python3.6/site-packages/patsy/highlevel.py", line 312, in dmatrices
    raise PatsyError("model is missing required outcome variables")
patsy.PatsyError: model is missing required outcome variables
[REPAIR EXEC TIME]: 5.789522886276245