/home/cgzhu/anaconda3/envs/migration-plus/lib/python3.6/site-packages/sklearn/model_selection/_split.py:297: FutureWarning: Setting a random_state has no effect since shuffle is False. This will raise an error in 0.24. You should leave random_state to its default (None), or set shuffle=True.
  FutureWarning
/home/cgzhu/anaconda3/envs/migration-plus/lib/python3.6/site-packages/sklearn/model_selection/_split.py:297: FutureWarning: Setting a random_state has no effect since shuffle is False. This will raise an error in 0.24. You should leave random_state to its default (None), or set shuffle=True.
  FutureWarning
/home/cgzhu/anaconda3/envs/migration-plus/lib/python3.6/site-packages/sklearn/model_selection/_split.py:297: FutureWarning: Setting a random_state has no effect since shuffle is False. This will raise an error in 0.24. You should leave random_state to its default (None), or set shuffle=True.
  FutureWarning
/home/cgzhu/anaconda3/envs/migration-plus/lib/python3.6/site-packages/sklearn/model_selection/_split.py:297: FutureWarning: Setting a random_state has no effect since shuffle is False. This will raise an error in 0.24. You should leave random_state to its default (None), or set shuffle=True.
  FutureWarning
/home/cgzhu/anaconda3/envs/migration-plus/lib/python3.6/site-packages/sklearn/model_selection/_split.py:297: FutureWarning: Setting a random_state has no effect since shuffle is False. This will raise an error in 0.24. You should leave random_state to its default (None), or set shuffle=True.
  FutureWarning
/home/cgzhu/anaconda3/envs/migration-plus/lib/python3.6/site-packages/sklearn/model_selection/_split.py:297: FutureWarning: Setting a random_state has no effect since shuffle is False. This will raise an error in 0.24. You should leave random_state to its default (None), or set shuffle=True.
  FutureWarning
/home/cgzhu/anaconda3/envs/migration-plus/lib/python3.6/site-packages/sklearn/model_selection/_split.py:297: FutureWarning: Setting a random_state has no effect since shuffle is False. This will raise an error in 0.24. You should leave random_state to its default (None), or set shuffle=True.
  FutureWarning
/home/cgzhu/anaconda3/envs/migration-plus/lib/python3.6/site-packages/sklearn/neural_network/_multilayer_perceptron.py:585: ConvergenceWarning: Stochastic Optimizer: Maximum iterations (200) reached and the optimization hasn't converged yet.
  % self.max_iter, ConvergenceWarning)
/home/cgzhu/anaconda3/envs/migration-plus/lib/python3.6/site-packages/sklearn/neural_network/_multilayer_perceptron.py:585: ConvergenceWarning: Stochastic Optimizer: Maximum iterations (200) reached and the optimization hasn't converged yet.
  % self.max_iter, ConvergenceWarning)
/home/cgzhu/anaconda3/envs/migration-plus/lib/python3.6/site-packages/sklearn/model_selection/_split.py:297: FutureWarning: Setting a random_state has no effect since shuffle is False. This will raise an error in 0.24. You should leave random_state to its default (None), or set shuffle=True.
  FutureWarning


LR: 0.738095 (0.062394)
LDA: 0.728793 (0.060771)
KNN: 0.714729 (0.058915)
CART: 0.630786 (0.010751)
NB: 0.747398 (0.065973)
SVM: 0.714839 (0.066896)
NN: 0.751938 (0.086739)
RFC: 0.668217 (0.017264)
0.782608695652174
[[66  6]
 [14  6]]
              precision    recall  f1-score   support

           1       0.82      0.92      0.87        72
           2       0.50      0.30      0.37        20

    accuracy                           0.78        92
   macro avg       0.66      0.61      0.62        92
weighted avg       0.75      0.78      0.76        92

    Age  Year os operations  axillary nodes detected
0    30                  65                        4
1    34                  64                       10
2    35                  63                       15
3    38                  64                        8
4    40                  66                       40
5    50                  64                       25
6    43                  64                       23
7    45                  64                       40
8    34                  63                        3
9    34                  63                       40
10   46                  64                        3
11   50                  67                        1
12   45                  64                        4
13   38                  65                        2
14   42                  67                        4

Prediction of data survival status: [1 1 2 1 2 2 2 2 1 2 1 1 1 1 1]

