/home/cgzhu/anaconda3/envs/migration-plus/lib/python3.6/site-packages/sklearn/linear_model/_logistic.py:764: ConvergenceWarning:

lbfgs failed to converge (status=1):
STOP: TOTAL NO. of ITERATIONS REACHED LIMIT.

Increase the number of iterations (max_iter) or scale the data as shown in:
    https://scikit-learn.org/stable/modules/preprocessing.html
Please also refer to the documentation for alternative solver options:
    https://scikit-learn.org/stable/modules/linear_model.html#logistic-regression

/home/cgzhu/anaconda3/envs/migration-plus/lib/python3.6/site-packages/sklearn/linear_model/_logistic.py:764: ConvergenceWarning:

lbfgs failed to converge (status=1):
STOP: TOTAL NO. of ITERATIONS REACHED LIMIT.

Increase the number of iterations (max_iter) or scale the data as shown in:
    https://scikit-learn.org/stable/modules/preprocessing.html
Please also refer to the documentation for alternative solver options:
    https://scikit-learn.org/stable/modules/linear_model.html#logistic-regression

   Pregnancies  Glucose  BloodPressure  ...  DiabetesPedigreeFunction  Age  Outcome
0            6      148             72  ...                     0.627   50        1
1            1       85             66  ...                     0.351   31        0
2            8      183             64  ...                     0.672   32        1
3            1       89             66  ...                     0.167   21        0
4            0      137             40  ...                     2.288   33        1

[5 rows x 9 columns]
<class 'pandas.core.frame.DataFrame'>
RangeIndex: 768 entries, 0 to 767
Data columns (total 9 columns):
 #   Column                    Non-Null Count  Dtype  
---  ------                    --------------  -----  
 0   Pregnancies               768 non-null    int64  
 1   Glucose                   768 non-null    int64  
 2   BloodPressure             768 non-null    int64  
 3   SkinThickness             768 non-null    int64  
 4   Insulin                   768 non-null    int64  
 5   BMI                       768 non-null    float64
 6   DiabetesPedigreeFunction  768 non-null    float64
 7   Age                       768 non-null    int64  
 8   Outcome                   768 non-null    int64  
dtypes: float64(2), int64(7)
memory usage: 54.1 KB

                          Pregnancies   Glucose  ...       Age   Outcome
Pregnancies                  1.000000  0.129459  ...  0.544341  0.221898
Glucose                      0.129459  1.000000  ...  0.263514  0.466581
BloodPressure                0.141282  0.152590  ...  0.239528  0.065068
SkinThickness               -0.081672  0.057328  ... -0.113970  0.074752
Insulin                     -0.073535  0.331357  ... -0.042163  0.130548
BMI                          0.017683  0.221071  ...  0.036242  0.292695
DiabetesPedigreeFunction    -0.033523  0.137337  ...  0.033561  0.173844
Age                          0.544341  0.263514  ...  1.000000  0.238356
Outcome                      0.221898  0.466581  ...  0.238356  1.000000

[9 rows x 9 columns]




 class distribution 
Outcome
0    500
1    268
dtype: int64

True       0.0  1.0
Predicted          
0.0        139   35
1.0         37   43
              precision    recall  f1-score   support

         0.0       0.80      0.79      0.79       176
         1.0       0.54      0.55      0.54        78

    accuracy                           0.72       254
   macro avg       0.67      0.67      0.67       254
weighted avg       0.72      0.72      0.72       254

ROC AUC: 0.67

For Main Data Set : 768
For Train Set : 537
For Test Set : 231
True         0   1
Predicted         
0          129  38
1           22  42
              precision    recall  f1-score   support

           0       0.77      0.85      0.81       151
           1       0.66      0.53      0.58        80

    accuracy                           0.74       231
   macro avg       0.71      0.69      0.70       231
weighted avg       0.73      0.74      0.73       231

ROC AUC: 0.69

