../../../input/shrutimechlearn_churn-modelling/Churn_Modelling.csv

<class 'pandas.core.frame.DataFrame'>
RangeIndex: 10000 entries, 0 to 9999
Data columns (total 14 columns):
 #   Column           Non-Null Count  Dtype  
---  ------           --------------  -----  
 0   RowNumber        10000 non-null  int64  
 1   CustomerId       10000 non-null  int64  
 2   Surname          10000 non-null  object 
 3   CreditScore      10000 non-null  int64  
 4   Geography        10000 non-null  object 
 5   Gender           10000 non-null  object 
 6   Age              10000 non-null  int64  
 7   Tenure           10000 non-null  int64  
 8   Balance          10000 non-null  float64
 9   NumOfProducts    10000 non-null  int64  
 10  HasCrCard        10000 non-null  int64  
 11  IsActiveMember   10000 non-null  int64  
 12  EstimatedSalary  10000 non-null  float64
 13  Exited           10000 non-null  int64  
dtypes: float64(2), int64(9), object(3)
memory usage: 1.1+ MB
[[1979   12]
 [ 438   71]]
[[1863  128]
 [ 275  234]]
[[1941   50]
 [ 391  118]]
(10000, 10)
(10000, 5)
[[1. 0. 0. 1. 0.]
 [0. 0. 1. 1. 0.]
 [1. 0. 0. 1. 0.]
 [1. 0. 0. 1. 0.]
 [0. 0. 1. 1. 0.]
 [0. 0. 1. 0. 1.]
 [1. 0. 0. 0. 1.]
 [0. 1. 0. 1. 0.]
 [1. 0. 0. 0. 1.]
 [1. 0. 0. 0. 1.]
 [1. 0. 0. 0. 1.]
 [0. 0. 1. 0. 1.]
 [1. 0. 0. 1. 0.]
 [1. 0. 0. 1. 0.]
 [0. 0. 1. 1. 0.]
 [0. 1. 0. 0. 1.]
 [0. 1. 0. 0. 1.]
 [0. 0. 1. 1. 0.]
 [0. 0. 1. 0. 1.]
 [1. 0. 0. 1. 0.]]
(10000, 5)
[[1. 0. 0. 1. 0.]
 [0. 0. 1. 1. 0.]
 [1. 0. 0. 1. 0.]
 [1. 0. 0. 1. 0.]
 [0. 0. 1. 1. 0.]
 [0. 0. 1. 0. 1.]
 [1. 0. 0. 0. 1.]
 [0. 1. 0. 1. 0.]
 [1. 0. 0. 0. 1.]
 [1. 0. 0. 0. 1.]]
(10000, 11)
[[619 42 2 0.0 1 1 1 101348.88 0.0 0.0 1.0]
 [608 41 1 83807.86 1 0 1 112542.58 0.0 1.0 1.0]
 [502 42 8 159660.8 3 1 0 113931.57 0.0 0.0 1.0]
 [699 39 1 0.0 2 0 0 93826.63 0.0 0.0 1.0]
 [850 43 2 125510.82 1 1 1 79084.1 0.0 1.0 1.0]]
Traceback (most recent call last):
  File "churn-fraud-kantapong-62199130227.py", line 224, in <module>
    classifier.add(Dense(output_dim = 6, init = 'uniform', activation = 'relu', input_dim = 11))
TypeError: __init__() missing 1 required positional argument: 'units'
[REPAIR EXEC TIME]: 5.615699291229248../../../input/shrutimechlearn_churn-modelling/Churn_Modelling.csv

<class 'pandas.core.frame.DataFrame'>
RangeIndex: 10000 entries, 0 to 9999
Data columns (total 14 columns):
 #   Column           Non-Null Count  Dtype  
---  ------           --------------  -----  
 0   RowNumber        10000 non-null  int64  
 1   CustomerId       10000 non-null  int64  
 2   Surname          10000 non-null  object 
 3   CreditScore      10000 non-null  int64  
 4   Geography        10000 non-null  object 
 5   Gender           10000 non-null  object 
 6   Age              10000 non-null  int64  
 7   Tenure           10000 non-null  int64  
 8   Balance          10000 non-null  float64
 9   NumOfProducts    10000 non-null  int64  
 10  HasCrCard        10000 non-null  int64  
 11  IsActiveMember   10000 non-null  int64  
 12  EstimatedSalary  10000 non-null  float64
 13  Exited           10000 non-null  int64  
dtypes: float64(2), int64(9), object(3)
memory usage: 1.1+ MB
[[1979   12]
 [ 438   71]]
[[1863  128]
 [ 275  234]]
[[1941   50]
 [ 391  118]]
(10000, 10)
(10000, 5)
[[1. 0. 0. 1. 0.]
 [0. 0. 1. 1. 0.]
 [1. 0. 0. 1. 0.]
 [1. 0. 0. 1. 0.]
 [0. 0. 1. 1. 0.]
 [0. 0. 1. 0. 1.]
 [1. 0. 0. 0. 1.]
 [0. 1. 0. 1. 0.]
 [1. 0. 0. 0. 1.]
 [1. 0. 0. 0. 1.]
 [1. 0. 0. 0. 1.]
 [0. 0. 1. 0. 1.]
 [1. 0. 0. 1. 0.]
 [1. 0. 0. 1. 0.]
 [0. 0. 1. 1. 0.]
 [0. 1. 0. 0. 1.]
 [0. 1. 0. 0. 1.]
 [0. 0. 1. 1. 0.]
 [0. 0. 1. 0. 1.]
 [1. 0. 0. 1. 0.]]
(10000, 5)
[[1. 0. 0. 1. 0.]
 [0. 0. 1. 1. 0.]
 [1. 0. 0. 1. 0.]
 [1. 0. 0. 1. 0.]
 [0. 0. 1. 1. 0.]
 [0. 0. 1. 0. 1.]
 [1. 0. 0. 0. 1.]
 [0. 1. 0. 1. 0.]
 [1. 0. 0. 0. 1.]
 [1. 0. 0. 0. 1.]]
(10000, 11)
[[619 42 2 0.0 1 1 1 101348.88 0.0 0.0 1.0]
 [608 41 1 83807.86 1 0 1 112542.58 0.0 1.0 1.0]
 [502 42 8 159660.8 3 1 0 113931.57 0.0 0.0 1.0]
 [699 39 1 0.0 2 0 0 93826.63 0.0 0.0 1.0]
 [850 43 2 125510.82 1 1 1 79084.1 0.0 1.0 1.0]]
Traceback (most recent call last):
  File "churn-fraud-kantapong-62199130227.py", line 224, in <module>
    classifier.add(Dense(output_dim = 6, init = 'uniform', activation = 'relu', input_dim = 11))
TypeError: __init__() missing 1 required positional argument: 'units'
[REPAIR EXEC TIME]: 5.660299777984619../../../input/shrutimechlearn_churn-modelling/Churn_Modelling.csv

<class 'pandas.core.frame.DataFrame'>
RangeIndex: 10000 entries, 0 to 9999
Data columns (total 14 columns):
 #   Column           Non-Null Count  Dtype  
---  ------           --------------  -----  
 0   RowNumber        10000 non-null  int64  
 1   CustomerId       10000 non-null  int64  
 2   Surname          10000 non-null  object 
 3   CreditScore      10000 non-null  int64  
 4   Geography        10000 non-null  object 
 5   Gender           10000 non-null  object 
 6   Age              10000 non-null  int64  
 7   Tenure           10000 non-null  int64  
 8   Balance          10000 non-null  float64
 9   NumOfProducts    10000 non-null  int64  
 10  HasCrCard        10000 non-null  int64  
 11  IsActiveMember   10000 non-null  int64  
 12  EstimatedSalary  10000 non-null  float64
 13  Exited           10000 non-null  int64  
dtypes: float64(2), int64(9), object(3)
memory usage: 1.1+ MB
[[1979   12]
 [ 438   71]]
[[1863  128]
 [ 275  234]]
[[1941   50]
 [ 391  118]]
(10000, 10)
(10000, 5)
[[1. 0. 0. 1. 0.]
 [0. 0. 1. 1. 0.]
 [1. 0. 0. 1. 0.]
 [1. 0. 0. 1. 0.]
 [0. 0. 1. 1. 0.]
 [0. 0. 1. 0. 1.]
 [1. 0. 0. 0. 1.]
 [0. 1. 0. 1. 0.]
 [1. 0. 0. 0. 1.]
 [1. 0. 0. 0. 1.]
 [1. 0. 0. 0. 1.]
 [0. 0. 1. 0. 1.]
 [1. 0. 0. 1. 0.]
 [1. 0. 0. 1. 0.]
 [0. 0. 1. 1. 0.]
 [0. 1. 0. 0. 1.]
 [0. 1. 0. 0. 1.]
 [0. 0. 1. 1. 0.]
 [0. 0. 1. 0. 1.]
 [1. 0. 0. 1. 0.]]
(10000, 5)
[[1. 0. 0. 1. 0.]
 [0. 0. 1. 1. 0.]
 [1. 0. 0. 1. 0.]
 [1. 0. 0. 1. 0.]
 [0. 0. 1. 1. 0.]
 [0. 0. 1. 0. 1.]
 [1. 0. 0. 0. 1.]
 [0. 1. 0. 1. 0.]
 [1. 0. 0. 0. 1.]
 [1. 0. 0. 0. 1.]]
(10000, 11)
[[619 42 2 0.0 1 1 1 101348.88 0.0 0.0 1.0]
 [608 41 1 83807.86 1 0 1 112542.58 0.0 1.0 1.0]
 [502 42 8 159660.8 3 1 0 113931.57 0.0 0.0 1.0]
 [699 39 1 0.0 2 0 0 93826.63 0.0 0.0 1.0]
 [850 43 2 125510.82 1 1 1 79084.1 0.0 1.0 1.0]]
Traceback (most recent call last):
  File "churn-fraud-kantapong-62199130227.py", line 224, in <module>
    classifier.add(Dense(output_dim = 6, init = 'uniform', activation = 'relu', input_dim = 11))
TypeError: __init__() missing 1 required positional argument: 'units'
[REPAIR EXEC TIME]: 5.464889764785767