['master.csv']
   year  population  suicides/100k pop  gdp_per_capita ($)
0  1987      312900               6.71                 796
1  1987      308000               5.19                 796
2  1987      289700               4.83                 796
3  1987       21800               4.59                 796
4  1987      274300               3.28                 796
0    21
1    16
2    14
3     1
4     9
Name: suicides_no, dtype: int64
(22256, 4) (22256,)
(5564,) (5564, 4)
       year  population  suicides/100k pop  gdp_per_capita ($)
8651   2004       97123               1.03                3744
26273  2004     6464700              63.92                1432
24788  2000     1094229              32.90               39952
17576  1995      296900               6.74               18945
13046  2006     6982799               3.92               34578
