['housing.csv']
<class 'pandas.core.frame.DataFrame'>
RangeIndex: 20640 entries, 0 to 20639
Data columns (total 10 columns):
 #   Column              Non-Null Count  Dtype  
---  ------              --------------  -----  
 0   longitude           20640 non-null  float64
 1   latitude            20640 non-null  float64
 2   housing_median_age  20640 non-null  float64
 3   total_rooms         20640 non-null  float64
 4   total_bedrooms      20433 non-null  float64
 5   population          20640 non-null  float64
 6   households          20640 non-null  float64
 7   median_income       20640 non-null  float64
 8   median_house_value  20640 non-null  float64
 9   ocean_proximity     20640 non-null  object 
dtypes: float64(9), object(1)
memory usage: 1.6+ MB

Traceback (most recent call last):
  File "end-to-end-ml-project.py", line 161, in <module>
    from pandas.tools.plotting import scatter_matrix
ModuleNotFoundError: No module named 'pandas.tools'
[Try Solution]: OrderedDict([('action', 'fqn'), ('old_fqn', 'pandas.tools.plotting'), ('new_fqn', 'pandas.Series.rolling'), ('line_no', 161)])['housing.csv']
<class 'pandas.core.frame.DataFrame'>
RangeIndex: 20640 entries, 0 to 20639
Data columns (total 10 columns):
 #   Column              Non-Null Count  Dtype  
---  ------              --------------  -----  
 0   longitude           20640 non-null  float64
 1   latitude            20640 non-null  float64
 2   housing_median_age  20640 non-null  float64
 3   total_rooms         20640 non-null  float64
 4   total_bedrooms      20433 non-null  float64
 5   population          20640 non-null  float64
 6   households          20640 non-null  float64
 7   median_income       20640 non-null  float64
 8   median_house_value  20640 non-null  float64
 9   ocean_proximity     20640 non-null  object 
dtypes: float64(9), object(1)
memory usage: 1.6+ MB

Traceback (most recent call last):
  File "end-to-end-ml-project.py", line 162, in <module>
    from pandas.Series.rolling import scatter_matrix
ModuleNotFoundError: No module named 'pandas.Series'
[Try Solution]: OrderedDict([('action', 'fqn'), ('old_fqn', 'pandas.tools.plotting'), ('new_fqn', 'pandas.Series.combine'), ('line_no', 161)])['housing.csv']
<class 'pandas.core.frame.DataFrame'>
RangeIndex: 20640 entries, 0 to 20639
Data columns (total 10 columns):
 #   Column              Non-Null Count  Dtype  
---  ------              --------------  -----  
 0   longitude           20640 non-null  float64
 1   latitude            20640 non-null  float64
 2   housing_median_age  20640 non-null  float64
 3   total_rooms         20640 non-null  float64
 4   total_bedrooms      20433 non-null  float64
 5   population          20640 non-null  float64
 6   households          20640 non-null  float64
 7   median_income       20640 non-null  float64
 8   median_house_value  20640 non-null  float64
 9   ocean_proximity     20640 non-null  object 
dtypes: float64(9), object(1)
memory usage: 1.6+ MB

Traceback (most recent call last):
  File "end-to-end-ml-project.py", line 162, in <module>
    from pandas.Series.combine import scatter_matrix
ModuleNotFoundError: No module named 'pandas.Series'
[Try Solution]: OrderedDict([('action', 'fqn'), ('old_fqn', 'pandas.tools.plotting'), ('new_fqn', 'pandas.Timestamp.time'), ('line_no', 161)])['housing.csv']
<class 'pandas.core.frame.DataFrame'>
RangeIndex: 20640 entries, 0 to 20639
Data columns (total 10 columns):
 #   Column              Non-Null Count  Dtype  
---  ------              --------------  -----  
 0   longitude           20640 non-null  float64
 1   latitude            20640 non-null  float64
 2   housing_median_age  20640 non-null  float64
 3   total_rooms         20640 non-null  float64
 4   total_bedrooms      20433 non-null  float64
 5   population          20640 non-null  float64
 6   households          20640 non-null  float64
 7   median_income       20640 non-null  float64
 8   median_house_value  20640 non-null  float64
 9   ocean_proximity     20640 non-null  object 
dtypes: float64(9), object(1)
memory usage: 1.6+ MB

Traceback (most recent call last):
  File "end-to-end-ml-project.py", line 162, in <module>
    from pandas.Timestamp.time import scatter_matrix
ModuleNotFoundError: No module named 'pandas.Timestamp'
[Try Solution]: OrderedDict([('action', 'fqn'), ('old_fqn', 'pandas.tools.plotting'), ('new_fqn', 'pandas.to_timedelta'), ('line_no', 161)])['housing.csv']
<class 'pandas.core.frame.DataFrame'>
RangeIndex: 20640 entries, 0 to 20639
Data columns (total 10 columns):
 #   Column              Non-Null Count  Dtype  
---  ------              --------------  -----  
 0   longitude           20640 non-null  float64
 1   latitude            20640 non-null  float64
 2   housing_median_age  20640 non-null  float64
 3   total_rooms         20640 non-null  float64
 4   total_bedrooms      20433 non-null  float64
 5   population          20640 non-null  float64
 6   households          20640 non-null  float64
 7   median_income       20640 non-null  float64
 8   median_house_value  20640 non-null  float64
 9   ocean_proximity     20640 non-null  object 
dtypes: float64(9), object(1)
memory usage: 1.6+ MB

Traceback (most recent call last):
  File "end-to-end-ml-project.py", line 162, in <module>
    from pandas.to_timedelta import scatter_matrix
ModuleNotFoundError: No module named 'pandas.to_timedelta'
[Try Solution]: OrderedDict([('action', 'fqn'), ('old_fqn', 'pandas.tools.plotting'), ('new_fqn', 'pandas.BooleanDtype'), ('line_no', 161)])['housing.csv']
<class 'pandas.core.frame.DataFrame'>
RangeIndex: 20640 entries, 0 to 20639
Data columns (total 10 columns):
 #   Column              Non-Null Count  Dtype  
---  ------              --------------  -----  
 0   longitude           20640 non-null  float64
 1   latitude            20640 non-null  float64
 2   housing_median_age  20640 non-null  float64
 3   total_rooms         20640 non-null  float64
 4   total_bedrooms      20433 non-null  float64
 5   population          20640 non-null  float64
 6   households          20640 non-null  float64
 7   median_income       20640 non-null  float64
 8   median_house_value  20640 non-null  float64
 9   ocean_proximity     20640 non-null  object 
dtypes: float64(9), object(1)
memory usage: 1.6+ MB

Traceback (most recent call last):
  File "end-to-end-ml-project.py", line 162, in <module>
    from pandas.BooleanDtype import scatter_matrix
ModuleNotFoundError: No module named 'pandas.BooleanDtype'
[Try Solution]: OrderedDict([('action', 'fqn'), ('old_fqn', 'pandas.tools.plotting'), ('new_fqn', 'pandas.Timestamp.min'), ('line_no', 161)])['housing.csv']
<class 'pandas.core.frame.DataFrame'>
RangeIndex: 20640 entries, 0 to 20639
Data columns (total 10 columns):
 #   Column              Non-Null Count  Dtype  
---  ------              --------------  -----  
 0   longitude           20640 non-null  float64
 1   latitude            20640 non-null  float64
 2   housing_median_age  20640 non-null  float64
 3   total_rooms         20640 non-null  float64
 4   total_bedrooms      20433 non-null  float64
 5   population          20640 non-null  float64
 6   households          20640 non-null  float64
 7   median_income       20640 non-null  float64
 8   median_house_value  20640 non-null  float64
 9   ocean_proximity     20640 non-null  object 
dtypes: float64(9), object(1)
memory usage: 1.6+ MB

Traceback (most recent call last):
  File "end-to-end-ml-project.py", line 162, in <module>
    from pandas.Timestamp.min import scatter_matrix
ModuleNotFoundError: No module named 'pandas.Timestamp'
[Try Solution]: OrderedDict([('action', 'fqn'), ('old_fqn', 'pandas.tools.plotting'), ('new_fqn', 'pandas.Index.identical'), ('line_no', 161)])['housing.csv']
<class 'pandas.core.frame.DataFrame'>
RangeIndex: 20640 entries, 0 to 20639
Data columns (total 10 columns):
 #   Column              Non-Null Count  Dtype  
---  ------              --------------  -----  
 0   longitude           20640 non-null  float64
 1   latitude            20640 non-null  float64
 2   housing_median_age  20640 non-null  float64
 3   total_rooms         20640 non-null  float64
 4   total_bedrooms      20433 non-null  float64
 5   population          20640 non-null  float64
 6   households          20640 non-null  float64
 7   median_income       20640 non-null  float64
 8   median_house_value  20640 non-null  float64
 9   ocean_proximity     20640 non-null  object 
dtypes: float64(9), object(1)
memory usage: 1.6+ MB

Traceback (most recent call last):
  File "end-to-end-ml-project.py", line 162, in <module>
    from pandas.Index.identical import scatter_matrix
ModuleNotFoundError: No module named 'pandas.Index'
[Try Solution]: OrderedDict([('action', 'fqn'), ('old_fqn', 'pandas.tools.plotting'), ('new_fqn', 'pandas.timedelta_range'), ('line_no', 161)])['housing.csv']
<class 'pandas.core.frame.DataFrame'>
RangeIndex: 20640 entries, 0 to 20639
Data columns (total 10 columns):
 #   Column              Non-Null Count  Dtype  
---  ------              --------------  -----  
 0   longitude           20640 non-null  float64
 1   latitude            20640 non-null  float64
 2   housing_median_age  20640 non-null  float64
 3   total_rooms         20640 non-null  float64
 4   total_bedrooms      20433 non-null  float64
 5   population          20640 non-null  float64
 6   households          20640 non-null  float64
 7   median_income       20640 non-null  float64
 8   median_house_value  20640 non-null  float64
 9   ocean_proximity     20640 non-null  object 
dtypes: float64(9), object(1)
memory usage: 1.6+ MB

Traceback (most recent call last):
  File "end-to-end-ml-project.py", line 162, in <module>
    from pandas.timedelta_range import scatter_matrix
ModuleNotFoundError: No module named 'pandas.timedelta_range'
[Try Solution]: OrderedDict([('action', 'fqn'), ('old_fqn', 'pandas.tools.plotting'), ('new_fqn', 'pandas.plotting.table'), ('line_no', 161)])['housing.csv']
<class 'pandas.core.frame.DataFrame'>
RangeIndex: 20640 entries, 0 to 20639
Data columns (total 10 columns):
 #   Column              Non-Null Count  Dtype  
---  ------              --------------  -----  
 0   longitude           20640 non-null  float64
 1   latitude            20640 non-null  float64
 2   housing_median_age  20640 non-null  float64
 3   total_rooms         20640 non-null  float64
 4   total_bedrooms      20433 non-null  float64
 5   population          20640 non-null  float64
 6   households          20640 non-null  float64
 7   median_income       20640 non-null  float64
 8   median_house_value  20640 non-null  float64
 9   ocean_proximity     20640 non-null  object 
dtypes: float64(9), object(1)
memory usage: 1.6+ MB

Traceback (most recent call last):
  File "end-to-end-ml-project.py", line 162, in <module>
    from pandas.plotting.table import scatter_matrix
ModuleNotFoundError: No module named 'pandas.plotting.table'
[Try Solution]: OrderedDict([('action', 'fqn'), ('old_fqn', 'pandas.tools.plotting'), ('new_fqn', 'pandas.Series.to_list'), ('line_no', 161)])['housing.csv']
<class 'pandas.core.frame.DataFrame'>
RangeIndex: 20640 entries, 0 to 20639
Data columns (total 10 columns):
 #   Column              Non-Null Count  Dtype  
---  ------              --------------  -----  
 0   longitude           20640 non-null  float64
 1   latitude            20640 non-null  float64
 2   housing_median_age  20640 non-null  float64
 3   total_rooms         20640 non-null  float64
 4   total_bedrooms      20433 non-null  float64
 5   population          20640 non-null  float64
 6   households          20640 non-null  float64
 7   median_income       20640 non-null  float64
 8   median_house_value  20640 non-null  float64
 9   ocean_proximity     20640 non-null  object 
dtypes: float64(9), object(1)
memory usage: 1.6+ MB

Traceback (most recent call last):
  File "end-to-end-ml-project.py", line 162, in <module>
    from pandas.Series.to_list import scatter_matrix
ModuleNotFoundError: No module named 'pandas.Series'
[Try Solution]: OrderedDict([('action', 'fqn'), ('old_fqn', 'pandas.tools.plotting'), ('new_fqn', 'pandas.Series.notna'), ('line_no', 161)])['housing.csv']
<class 'pandas.core.frame.DataFrame'>
RangeIndex: 20640 entries, 0 to 20639
Data columns (total 10 columns):
 #   Column              Non-Null Count  Dtype  
---  ------              --------------  -----  
 0   longitude           20640 non-null  float64
 1   latitude            20640 non-null  float64
 2   housing_median_age  20640 non-null  float64
 3   total_rooms         20640 non-null  float64
 4   total_bedrooms      20433 non-null  float64
 5   population          20640 non-null  float64
 6   households          20640 non-null  float64
 7   median_income       20640 non-null  float64
 8   median_house_value  20640 non-null  float64
 9   ocean_proximity     20640 non-null  object 
dtypes: float64(9), object(1)
memory usage: 1.6+ MB

Traceback (most recent call last):
  File "end-to-end-ml-project.py", line 162, in <module>
    from pandas.Series.notna import scatter_matrix
ModuleNotFoundError: No module named 'pandas.Series'
[Try Solution]: OrderedDict([('action', 'fqn'), ('old_fqn', 'pandas.tools.plotting'), ('new_fqn', 'pandas.Series.to_dict'), ('line_no', 161)])['housing.csv']
<class 'pandas.core.frame.DataFrame'>
RangeIndex: 20640 entries, 0 to 20639
Data columns (total 10 columns):
 #   Column              Non-Null Count  Dtype  
---  ------              --------------  -----  
 0   longitude           20640 non-null  float64
 1   latitude            20640 non-null  float64
 2   housing_median_age  20640 non-null  float64
 3   total_rooms         20640 non-null  float64
 4   total_bedrooms      20433 non-null  float64
 5   population          20640 non-null  float64
 6   households          20640 non-null  float64
 7   median_income       20640 non-null  float64
 8   median_house_value  20640 non-null  float64
 9   ocean_proximity     20640 non-null  object 
dtypes: float64(9), object(1)
memory usage: 1.6+ MB

Traceback (most recent call last):
  File "end-to-end-ml-project.py", line 162, in <module>
    from pandas.Series.to_dict import scatter_matrix
ModuleNotFoundError: No module named 'pandas.Series'
[Try Solution]: OrderedDict([('action', 'fqn'), ('old_fqn', 'pandas.tools.plotting'), ('new_fqn', 'pandas.to_datetime'), ('line_no', 161)])['housing.csv']
<class 'pandas.core.frame.DataFrame'>
RangeIndex: 20640 entries, 0 to 20639
Data columns (total 10 columns):
 #   Column              Non-Null Count  Dtype  
---  ------              --------------  -----  
 0   longitude           20640 non-null  float64
 1   latitude            20640 non-null  float64
 2   housing_median_age  20640 non-null  float64
 3   total_rooms         20640 non-null  float64
 4   total_bedrooms      20433 non-null  float64
 5   population          20640 non-null  float64
 6   households          20640 non-null  float64
 7   median_income       20640 non-null  float64
 8   median_house_value  20640 non-null  float64
 9   ocean_proximity     20640 non-null  object 
dtypes: float64(9), object(1)
memory usage: 1.6+ MB

Traceback (most recent call last):
  File "end-to-end-ml-project.py", line 162, in <module>
    from pandas.to_datetime import scatter_matrix
ModuleNotFoundError: No module named 'pandas.to_datetime'
[Try Solution]: OrderedDict([('action', 'fqn'), ('old_fqn', 'pandas.tools.plotting'), ('new_fqn', 'pandas.Series.loc'), ('line_no', 161)])['housing.csv']
<class 'pandas.core.frame.DataFrame'>
RangeIndex: 20640 entries, 0 to 20639
Data columns (total 10 columns):
 #   Column              Non-Null Count  Dtype  
---  ------              --------------  -----  
 0   longitude           20640 non-null  float64
 1   latitude            20640 non-null  float64
 2   housing_median_age  20640 non-null  float64
 3   total_rooms         20640 non-null  float64
 4   total_bedrooms      20433 non-null  float64
 5   population          20640 non-null  float64
 6   households          20640 non-null  float64
 7   median_income       20640 non-null  float64
 8   median_house_value  20640 non-null  float64
 9   ocean_proximity     20640 non-null  object 
dtypes: float64(9), object(1)
memory usage: 1.6+ MB

Traceback (most recent call last):
  File "end-to-end-ml-project.py", line 162, in <module>
    from pandas.Series.loc import scatter_matrix
ModuleNotFoundError: No module named 'pandas.Series'
[Try Solution]: OrderedDict([('action', 'fqn'), ('old_fqn', 'pandas.tools.plotting'), ('new_fqn', 'pandas.Series.dot'), ('line_no', 161)])['housing.csv']
<class 'pandas.core.frame.DataFrame'>
RangeIndex: 20640 entries, 0 to 20639
Data columns (total 10 columns):
 #   Column              Non-Null Count  Dtype  
---  ------              --------------  -----  
 0   longitude           20640 non-null  float64
 1   latitude            20640 non-null  float64
 2   housing_median_age  20640 non-null  float64
 3   total_rooms         20640 non-null  float64
 4   total_bedrooms      20433 non-null  float64
 5   population          20640 non-null  float64
 6   households          20640 non-null  float64
 7   median_income       20640 non-null  float64
 8   median_house_value  20640 non-null  float64
 9   ocean_proximity     20640 non-null  object 
dtypes: float64(9), object(1)
memory usage: 1.6+ MB

Traceback (most recent call last):
  File "end-to-end-ml-project.py", line 162, in <module>
    from pandas.Series.dot import scatter_matrix
ModuleNotFoundError: No module named 'pandas.Series'
[Try Solution]: OrderedDict([('action', 'fqn'), ('old_fqn', 'pandas.tools.plotting'), ('new_fqn', 'pandas.Period.month'), ('line_no', 161)])['housing.csv']
<class 'pandas.core.frame.DataFrame'>
RangeIndex: 20640 entries, 0 to 20639
Data columns (total 10 columns):
 #   Column              Non-Null Count  Dtype  
---  ------              --------------  -----  
 0   longitude           20640 non-null  float64
 1   latitude            20640 non-null  float64
 2   housing_median_age  20640 non-null  float64
 3   total_rooms         20640 non-null  float64
 4   total_bedrooms      20433 non-null  float64
 5   population          20640 non-null  float64
 6   households          20640 non-null  float64
 7   median_income       20640 non-null  float64
 8   median_house_value  20640 non-null  float64
 9   ocean_proximity     20640 non-null  object 
dtypes: float64(9), object(1)
memory usage: 1.6+ MB

Traceback (most recent call last):
  File "end-to-end-ml-project.py", line 162, in <module>
    from pandas.Period.month import scatter_matrix
ModuleNotFoundError: No module named 'pandas.Period'
[Try Solution]: OrderedDict([('action', 'fqn'), ('old_fqn', 'pandas.tools.plotting'), ('new_fqn', 'pandas.Series.dt.time'), ('line_no', 161)])['housing.csv']
<class 'pandas.core.frame.DataFrame'>
RangeIndex: 20640 entries, 0 to 20639
Data columns (total 10 columns):
 #   Column              Non-Null Count  Dtype  
---  ------              --------------  -----  
 0   longitude           20640 non-null  float64
 1   latitude            20640 non-null  float64
 2   housing_median_age  20640 non-null  float64
 3   total_rooms         20640 non-null  float64
 4   total_bedrooms      20433 non-null  float64
 5   population          20640 non-null  float64
 6   households          20640 non-null  float64
 7   median_income       20640 non-null  float64
 8   median_house_value  20640 non-null  float64
 9   ocean_proximity     20640 non-null  object 
dtypes: float64(9), object(1)
memory usage: 1.6+ MB

Traceback (most recent call last):
  File "end-to-end-ml-project.py", line 162, in <module>
    from pandas.Series.dt.time import scatter_matrix
ModuleNotFoundError: No module named 'pandas.Series'
[Try Solution]: OrderedDict([('action', 'fqn'), ('old_fqn', 'pandas.tools.plotting'), ('new_fqn', 'pandas.option_context'), ('line_no', 161)])['housing.csv']
<class 'pandas.core.frame.DataFrame'>
RangeIndex: 20640 entries, 0 to 20639
Data columns (total 10 columns):
 #   Column              Non-Null Count  Dtype  
---  ------              --------------  -----  
 0   longitude           20640 non-null  float64
 1   latitude            20640 non-null  float64
 2   housing_median_age  20640 non-null  float64
 3   total_rooms         20640 non-null  float64
 4   total_bedrooms      20433 non-null  float64
 5   population          20640 non-null  float64
 6   households          20640 non-null  float64
 7   median_income       20640 non-null  float64
 8   median_house_value  20640 non-null  float64
 9   ocean_proximity     20640 non-null  object 
dtypes: float64(9), object(1)
memory usage: 1.6+ MB

Traceback (most recent call last):
  File "end-to-end-ml-project.py", line 162, in <module>
    from pandas.option_context import scatter_matrix
ModuleNotFoundError: No module named 'pandas.option_context'
[Try Solution]: OrderedDict([('action', 'fqn'), ('old_fqn', 'pandas.tools.plotting'), ('new_fqn', 'pandas.Series.last'), ('line_no', 161)])['housing.csv']
<class 'pandas.core.frame.DataFrame'>
RangeIndex: 20640 entries, 0 to 20639
Data columns (total 10 columns):
 #   Column              Non-Null Count  Dtype  
---  ------              --------------  -----  
 0   longitude           20640 non-null  float64
 1   latitude            20640 non-null  float64
 2   housing_median_age  20640 non-null  float64
 3   total_rooms         20640 non-null  float64
 4   total_bedrooms      20433 non-null  float64
 5   population          20640 non-null  float64
 6   households          20640 non-null  float64
 7   median_income       20640 non-null  float64
 8   median_house_value  20640 non-null  float64
 9   ocean_proximity     20640 non-null  object 
dtypes: float64(9), object(1)
memory usage: 1.6+ MB

Traceback (most recent call last):
  File "end-to-end-ml-project.py", line 162, in <module>
    from pandas.Series.last import scatter_matrix
ModuleNotFoundError: No module named 'pandas.Series'
[Try Solution]: OrderedDict([('action', 'fqn'), ('old_fqn', 'pandas.tools.plotting'), ('new_fqn', 'pandas.Index.dropna'), ('line_no', 161)])['housing.csv']
<class 'pandas.core.frame.DataFrame'>
RangeIndex: 20640 entries, 0 to 20639
Data columns (total 10 columns):
 #   Column              Non-Null Count  Dtype  
---  ------              --------------  -----  
 0   longitude           20640 non-null  float64
 1   latitude            20640 non-null  float64
 2   housing_median_age  20640 non-null  float64
 3   total_rooms         20640 non-null  float64
 4   total_bedrooms      20433 non-null  float64
 5   population          20640 non-null  float64
 6   households          20640 non-null  float64
 7   median_income       20640 non-null  float64
 8   median_house_value  20640 non-null  float64
 9   ocean_proximity     20640 non-null  object 
dtypes: float64(9), object(1)
memory usage: 1.6+ MB

Traceback (most recent call last):
  File "end-to-end-ml-project.py", line 162, in <module>
    from pandas.Index.dropna import scatter_matrix
ModuleNotFoundError: No module named 'pandas.Index'
[Try Solution]: OrderedDict([('action', 'fqn'), ('old_fqn', 'pandas.tools.plotting'), ('new_fqn', 'pandas.Series.cummin'), ('line_no', 161)])['housing.csv']
<class 'pandas.core.frame.DataFrame'>
RangeIndex: 20640 entries, 0 to 20639
Data columns (total 10 columns):
 #   Column              Non-Null Count  Dtype  
---  ------              --------------  -----  
 0   longitude           20640 non-null  float64
 1   latitude            20640 non-null  float64
 2   housing_median_age  20640 non-null  float64
 3   total_rooms         20640 non-null  float64
 4   total_bedrooms      20433 non-null  float64
 5   population          20640 non-null  float64
 6   households          20640 non-null  float64
 7   median_income       20640 non-null  float64
 8   median_house_value  20640 non-null  float64
 9   ocean_proximity     20640 non-null  object 
dtypes: float64(9), object(1)
memory usage: 1.6+ MB

Traceback (most recent call last):
  File "end-to-end-ml-project.py", line 162, in <module>
    from pandas.Series.cummin import scatter_matrix
ModuleNotFoundError: No module named 'pandas.Series'
[Try Solution]: OrderedDict([('action', 'fqn'), ('old_fqn', 'pandas.tools.plotting'), ('new_fqn', 'pandas.Series.idxmin'), ('line_no', 161)])['housing.csv']
<class 'pandas.core.frame.DataFrame'>
RangeIndex: 20640 entries, 0 to 20639
Data columns (total 10 columns):
 #   Column              Non-Null Count  Dtype  
---  ------              --------------  -----  
 0   longitude           20640 non-null  float64
 1   latitude            20640 non-null  float64
 2   housing_median_age  20640 non-null  float64
 3   total_rooms         20640 non-null  float64
 4   total_bedrooms      20433 non-null  float64
 5   population          20640 non-null  float64
 6   households          20640 non-null  float64
 7   median_income       20640 non-null  float64
 8   median_house_value  20640 non-null  float64
 9   ocean_proximity     20640 non-null  object 
dtypes: float64(9), object(1)
memory usage: 1.6+ MB

Traceback (most recent call last):
  File "end-to-end-ml-project.py", line 162, in <module>
    from pandas.Series.idxmin import scatter_matrix
ModuleNotFoundError: No module named 'pandas.Series'
[Try Solution]: OrderedDict([('action', 'fqn'), ('old_fqn', 'pandas.tools.plotting'), ('new_fqn', 'pandas.Series.argmin'), ('line_no', 161)])['housing.csv']
<class 'pandas.core.frame.DataFrame'>
RangeIndex: 20640 entries, 0 to 20639
Data columns (total 10 columns):
 #   Column              Non-Null Count  Dtype  
---  ------              --------------  -----  
 0   longitude           20640 non-null  float64
 1   latitude            20640 non-null  float64
 2   housing_median_age  20640 non-null  float64
 3   total_rooms         20640 non-null  float64
 4   total_bedrooms      20433 non-null  float64
 5   population          20640 non-null  float64
 6   households          20640 non-null  float64
 7   median_income       20640 non-null  float64
 8   median_house_value  20640 non-null  float64
 9   ocean_proximity     20640 non-null  object 
dtypes: float64(9), object(1)
memory usage: 1.6+ MB

Traceback (most recent call last):
  File "end-to-end-ml-project.py", line 162, in <module>
    from pandas.Series.argmin import scatter_matrix
ModuleNotFoundError: No module named 'pandas.Series'
[Try Solution]: OrderedDict([('action', 'fqn'), ('old_fqn', 'pandas.tools.plotting'), ('new_fqn', 'pandas.DataFrame.min'), ('line_no', 161)])['housing.csv']
<class 'pandas.core.frame.DataFrame'>
RangeIndex: 20640 entries, 0 to 20639
Data columns (total 10 columns):
 #   Column              Non-Null Count  Dtype  
---  ------              --------------  -----  
 0   longitude           20640 non-null  float64
 1   latitude            20640 non-null  float64
 2   housing_median_age  20640 non-null  float64
 3   total_rooms         20640 non-null  float64
 4   total_bedrooms      20433 non-null  float64
 5   population          20640 non-null  float64
 6   households          20640 non-null  float64
 7   median_income       20640 non-null  float64
 8   median_house_value  20640 non-null  float64
 9   ocean_proximity     20640 non-null  object 
dtypes: float64(9), object(1)
memory usage: 1.6+ MB

Traceback (most recent call last):
  File "end-to-end-ml-project.py", line 162, in <module>
    from pandas.DataFrame.min import scatter_matrix
ModuleNotFoundError: No module named 'pandas.DataFrame'
[Try Solution]: OrderedDict([('action', 'fqn'), ('old_fqn', 'pandas.tools.plotting'), ('new_fqn', 'pandas.Timedelta.min'), ('line_no', 161)])['housing.csv']
<class 'pandas.core.frame.DataFrame'>
RangeIndex: 20640 entries, 0 to 20639
Data columns (total 10 columns):
 #   Column              Non-Null Count  Dtype  
---  ------              --------------  -----  
 0   longitude           20640 non-null  float64
 1   latitude            20640 non-null  float64
 2   housing_median_age  20640 non-null  float64
 3   total_rooms         20640 non-null  float64
 4   total_bedrooms      20433 non-null  float64
 5   population          20640 non-null  float64
 6   households          20640 non-null  float64
 7   median_income       20640 non-null  float64
 8   median_house_value  20640 non-null  float64
 9   ocean_proximity     20640 non-null  object 
dtypes: float64(9), object(1)
memory usage: 1.6+ MB

Traceback (most recent call last):
  File "end-to-end-ml-project.py", line 162, in <module>
    from pandas.Timedelta.min import scatter_matrix
ModuleNotFoundError: No module named 'pandas.Timedelta'
[Try Solution]: OrderedDict([('action', 'fqn'), ('old_fqn', 'pandas.tools.plotting'), ('new_fqn', 'pandas.Index.putmask'), ('line_no', 161)])['housing.csv']
<class 'pandas.core.frame.DataFrame'>
RangeIndex: 20640 entries, 0 to 20639
Data columns (total 10 columns):
 #   Column              Non-Null Count  Dtype  
---  ------              --------------  -----  
 0   longitude           20640 non-null  float64
 1   latitude            20640 non-null  float64
 2   housing_median_age  20640 non-null  float64
 3   total_rooms         20640 non-null  float64
 4   total_bedrooms      20433 non-null  float64
 5   population          20640 non-null  float64
 6   households          20640 non-null  float64
 7   median_income       20640 non-null  float64
 8   median_house_value  20640 non-null  float64
 9   ocean_proximity     20640 non-null  object 
dtypes: float64(9), object(1)
memory usage: 1.6+ MB

Traceback (most recent call last):
  File "end-to-end-ml-project.py", line 162, in <module>
    from pandas.Index.putmask import scatter_matrix
ModuleNotFoundError: No module named 'pandas.Index'
[Try Solution]: OrderedDict([('action', 'fqn'), ('old_fqn', 'pandas.tools.plotting'), ('new_fqn', 'pandas.Series.at_time'), ('line_no', 161)])['housing.csv']
<class 'pandas.core.frame.DataFrame'>
RangeIndex: 20640 entries, 0 to 20639
Data columns (total 10 columns):
 #   Column              Non-Null Count  Dtype  
---  ------              --------------  -----  
 0   longitude           20640 non-null  float64
 1   latitude            20640 non-null  float64
 2   housing_median_age  20640 non-null  float64
 3   total_rooms         20640 non-null  float64
 4   total_bedrooms      20433 non-null  float64
 5   population          20640 non-null  float64
 6   households          20640 non-null  float64
 7   median_income       20640 non-null  float64
 8   median_house_value  20640 non-null  float64
 9   ocean_proximity     20640 non-null  object 
dtypes: float64(9), object(1)
memory usage: 1.6+ MB

Traceback (most recent call last):
  File "end-to-end-ml-project.py", line 162, in <module>
    from pandas.Series.at_time import scatter_matrix
ModuleNotFoundError: No module named 'pandas.Series'
[Try Solution]: OrderedDict([('action', 'fqn'), ('old_fqn', 'pandas.tools.plotting'), ('new_fqn', 'pandas.crosstab'), ('line_no', 161)])['housing.csv']
<class 'pandas.core.frame.DataFrame'>
RangeIndex: 20640 entries, 0 to 20639
Data columns (total 10 columns):
 #   Column              Non-Null Count  Dtype  
---  ------              --------------  -----  
 0   longitude           20640 non-null  float64
 1   latitude            20640 non-null  float64
 2   housing_median_age  20640 non-null  float64
 3   total_rooms         20640 non-null  float64
 4   total_bedrooms      20433 non-null  float64
 5   population          20640 non-null  float64
 6   households          20640 non-null  float64
 7   median_income       20640 non-null  float64
 8   median_house_value  20640 non-null  float64
 9   ocean_proximity     20640 non-null  object 
dtypes: float64(9), object(1)
memory usage: 1.6+ MB

Traceback (most recent call last):
  File "end-to-end-ml-project.py", line 162, in <module>
    from pandas.crosstab import scatter_matrix
ModuleNotFoundError: No module named 'pandas.crosstab'
[Try Solution]: OrderedDict([('action', 'fqn'), ('old_fqn', 'pandas.tools.plotting'), ('new_fqn', 'pandas.json_normalize'), ('line_no', 161)])['housing.csv']
<class 'pandas.core.frame.DataFrame'>
RangeIndex: 20640 entries, 0 to 20639
Data columns (total 10 columns):
 #   Column              Non-Null Count  Dtype  
---  ------              --------------  -----  
 0   longitude           20640 non-null  float64
 1   latitude            20640 non-null  float64
 2   housing_median_age  20640 non-null  float64
 3   total_rooms         20640 non-null  float64
 4   total_bedrooms      20433 non-null  float64
 5   population          20640 non-null  float64
 6   households          20640 non-null  float64
 7   median_income       20640 non-null  float64
 8   median_house_value  20640 non-null  float64
 9   ocean_proximity     20640 non-null  object 
dtypes: float64(9), object(1)
memory usage: 1.6+ MB

Traceback (most recent call last):
  File "end-to-end-ml-project.py", line 162, in <module>
    from pandas.json_normalize import scatter_matrix
ModuleNotFoundError: No module named 'pandas.json_normalize'
[Try Solution]: OrderedDict([('action', 'fqn'), ('old_fqn', 'pandas.tools.plotting'), ('new_fqn', 'pandas.Index.all'), ('line_no', 161)])['housing.csv']
<class 'pandas.core.frame.DataFrame'>
RangeIndex: 20640 entries, 0 to 20639
Data columns (total 10 columns):
 #   Column              Non-Null Count  Dtype  
---  ------              --------------  -----  
 0   longitude           20640 non-null  float64
 1   latitude            20640 non-null  float64
 2   housing_median_age  20640 non-null  float64
 3   total_rooms         20640 non-null  float64
 4   total_bedrooms      20433 non-null  float64
 5   population          20640 non-null  float64
 6   households          20640 non-null  float64
 7   median_income       20640 non-null  float64
 8   median_house_value  20640 non-null  float64
 9   ocean_proximity     20640 non-null  object 
dtypes: float64(9), object(1)
memory usage: 1.6+ MB

Traceback (most recent call last):
  File "end-to-end-ml-project.py", line 162, in <module>
    from pandas.Index.all import scatter_matrix
ModuleNotFoundError: No module named 'pandas.Index'
[Try Solution]: OrderedDict([('action', 'fqn'), ('old_fqn', 'pandas.tools.plotting'), ('new_fqn', 'pandas.to_numeric'), ('line_no', 161)])['housing.csv']
<class 'pandas.core.frame.DataFrame'>
RangeIndex: 20640 entries, 0 to 20639
Data columns (total 10 columns):
 #   Column              Non-Null Count  Dtype  
---  ------              --------------  -----  
 0   longitude           20640 non-null  float64
 1   latitude            20640 non-null  float64
 2   housing_median_age  20640 non-null  float64
 3   total_rooms         20640 non-null  float64
 4   total_bedrooms      20433 non-null  float64
 5   population          20640 non-null  float64
 6   households          20640 non-null  float64
 7   median_income       20640 non-null  float64
 8   median_house_value  20640 non-null  float64
 9   ocean_proximity     20640 non-null  object 
dtypes: float64(9), object(1)
memory usage: 1.6+ MB

Traceback (most recent call last):
  File "end-to-end-ml-project.py", line 162, in <module>
    from pandas.to_numeric import scatter_matrix
ModuleNotFoundError: No module named 'pandas.to_numeric'
[Try Solution]: OrderedDict([('action', 'fqn'), ('old_fqn', 'pandas.tools.plotting'), ('new_fqn', 'pandas.Index.drop'), ('line_no', 161)])['housing.csv']
<class 'pandas.core.frame.DataFrame'>
RangeIndex: 20640 entries, 0 to 20639
Data columns (total 10 columns):
 #   Column              Non-Null Count  Dtype  
---  ------              --------------  -----  
 0   longitude           20640 non-null  float64
 1   latitude            20640 non-null  float64
 2   housing_median_age  20640 non-null  float64
 3   total_rooms         20640 non-null  float64
 4   total_bedrooms      20433 non-null  float64
 5   population          20640 non-null  float64
 6   households          20640 non-null  float64
 7   median_income       20640 non-null  float64
 8   median_house_value  20640 non-null  float64
 9   ocean_proximity     20640 non-null  object 
dtypes: float64(9), object(1)
memory usage: 1.6+ MB

Traceback (most recent call last):
  File "end-to-end-ml-project.py", line 162, in <module>
    from pandas.Index.drop import scatter_matrix
ModuleNotFoundError: No module named 'pandas.Index'
[Try Solution]: OrderedDict([('action', 'fqn'), ('old_fqn', 'pandas.tools.plotting'), ('new_fqn', 'pandas.Index.asof'), ('line_no', 161)])['housing.csv']
<class 'pandas.core.frame.DataFrame'>
RangeIndex: 20640 entries, 0 to 20639
Data columns (total 10 columns):
 #   Column              Non-Null Count  Dtype  
---  ------              --------------  -----  
 0   longitude           20640 non-null  float64
 1   latitude            20640 non-null  float64
 2   housing_median_age  20640 non-null  float64
 3   total_rooms         20640 non-null  float64
 4   total_bedrooms      20433 non-null  float64
 5   population          20640 non-null  float64
 6   households          20640 non-null  float64
 7   median_income       20640 non-null  float64
 8   median_house_value  20640 non-null  float64
 9   ocean_proximity     20640 non-null  object 
dtypes: float64(9), object(1)
memory usage: 1.6+ MB

Traceback (most recent call last):
  File "end-to-end-ml-project.py", line 162, in <module>
    from pandas.Index.asof import scatter_matrix
ModuleNotFoundError: No module named 'pandas.Index'
[Try Solution]: OrderedDict([('action', 'fqn'), ('old_fqn', 'pandas.tools.plotting'), ('new_fqn', 'pandas.Timestamp.tz'), ('line_no', 161)])['housing.csv']
<class 'pandas.core.frame.DataFrame'>
RangeIndex: 20640 entries, 0 to 20639
Data columns (total 10 columns):
 #   Column              Non-Null Count  Dtype  
---  ------              --------------  -----  
 0   longitude           20640 non-null  float64
 1   latitude            20640 non-null  float64
 2   housing_median_age  20640 non-null  float64
 3   total_rooms         20640 non-null  float64
 4   total_bedrooms      20433 non-null  float64
 5   population          20640 non-null  float64
 6   households          20640 non-null  float64
 7   median_income       20640 non-null  float64
 8   median_house_value  20640 non-null  float64
 9   ocean_proximity     20640 non-null  object 
dtypes: float64(9), object(1)
memory usage: 1.6+ MB

Traceback (most recent call last):
  File "end-to-end-ml-project.py", line 162, in <module>
    from pandas.Timestamp.tz import scatter_matrix
ModuleNotFoundError: No module named 'pandas.Timestamp'
[Try Solution]: OrderedDict([('action', 'fqn'), ('old_fqn', 'pandas.tools.plotting'), ('new_fqn', 'pandas.read_sql_table'), ('line_no', 161)])['housing.csv']
<class 'pandas.core.frame.DataFrame'>
RangeIndex: 20640 entries, 0 to 20639
Data columns (total 10 columns):
 #   Column              Non-Null Count  Dtype  
---  ------              --------------  -----  
 0   longitude           20640 non-null  float64
 1   latitude            20640 non-null  float64
 2   housing_median_age  20640 non-null  float64
 3   total_rooms         20640 non-null  float64
 4   total_bedrooms      20433 non-null  float64
 5   population          20640 non-null  float64
 6   households          20640 non-null  float64
 7   median_income       20640 non-null  float64
 8   median_house_value  20640 non-null  float64
 9   ocean_proximity     20640 non-null  object 
dtypes: float64(9), object(1)
memory usage: 1.6+ MB

Traceback (most recent call last):
  File "end-to-end-ml-project.py", line 162, in <module>
    from pandas.read_sql_table import scatter_matrix
ModuleNotFoundError: No module named 'pandas.read_sql_table'
[Try Solution]: OrderedDict([('action', 'fqn'), ('old_fqn', 'pandas.tools.plotting'), ('new_fqn', 'pandas.Index.empty'), ('line_no', 161)])['housing.csv']
<class 'pandas.core.frame.DataFrame'>
RangeIndex: 20640 entries, 0 to 20639
Data columns (total 10 columns):
 #   Column              Non-Null Count  Dtype  
---  ------              --------------  -----  
 0   longitude           20640 non-null  float64
 1   latitude            20640 non-null  float64
 2   housing_median_age  20640 non-null  float64
 3   total_rooms         20640 non-null  float64
 4   total_bedrooms      20433 non-null  float64
 5   population          20640 non-null  float64
 6   households          20640 non-null  float64
 7   median_income       20640 non-null  float64
 8   median_house_value  20640 non-null  float64
 9   ocean_proximity     20640 non-null  object 
dtypes: float64(9), object(1)
memory usage: 1.6+ MB

Traceback (most recent call last):
  File "end-to-end-ml-project.py", line 162, in <module>
    from pandas.Index.empty import scatter_matrix
ModuleNotFoundError: No module named 'pandas.Index'
[Try Solution]: OrderedDict([('action', 'fqn'), ('old_fqn', 'pandas.tools.plotting'), ('new_fqn', 'pandas.Index.shift'), ('line_no', 161)])['housing.csv']
<class 'pandas.core.frame.DataFrame'>
RangeIndex: 20640 entries, 0 to 20639
Data columns (total 10 columns):
 #   Column              Non-Null Count  Dtype  
---  ------              --------------  -----  
 0   longitude           20640 non-null  float64
 1   latitude            20640 non-null  float64
 2   housing_median_age  20640 non-null  float64
 3   total_rooms         20640 non-null  float64
 4   total_bedrooms      20433 non-null  float64
 5   population          20640 non-null  float64
 6   households          20640 non-null  float64
 7   median_income       20640 non-null  float64
 8   median_house_value  20640 non-null  float64
 9   ocean_proximity     20640 non-null  object 
dtypes: float64(9), object(1)
memory usage: 1.6+ MB

Traceback (most recent call last):
  File "end-to-end-ml-project.py", line 162, in <module>
    from pandas.Index.shift import scatter_matrix
ModuleNotFoundError: No module named 'pandas.Index'
[Try Solution]: OrderedDict([('action', 'fqn'), ('old_fqn', 'pandas.tools.plotting'), ('new_fqn', 'pandas.Index.nbytes'), ('line_no', 161)])['housing.csv']
<class 'pandas.core.frame.DataFrame'>
RangeIndex: 20640 entries, 0 to 20639
Data columns (total 10 columns):
 #   Column              Non-Null Count  Dtype  
---  ------              --------------  -----  
 0   longitude           20640 non-null  float64
 1   latitude            20640 non-null  float64
 2   housing_median_age  20640 non-null  float64
 3   total_rooms         20640 non-null  float64
 4   total_bedrooms      20433 non-null  float64
 5   population          20640 non-null  float64
 6   households          20640 non-null  float64
 7   median_income       20640 non-null  float64
 8   median_house_value  20640 non-null  float64
 9   ocean_proximity     20640 non-null  object 
dtypes: float64(9), object(1)
memory usage: 1.6+ MB

Traceback (most recent call last):
  File "end-to-end-ml-project.py", line 162, in <module>
    from pandas.Index.nbytes import scatter_matrix
ModuleNotFoundError: No module named 'pandas.Index'
[Try Solution]: OrderedDict([('action', 'fqn'), ('old_fqn', 'pandas.tools.plotting'), ('new_fqn', 'pandas.Index.delete'), ('line_no', 161)])['housing.csv']
<class 'pandas.core.frame.DataFrame'>
RangeIndex: 20640 entries, 0 to 20639
Data columns (total 10 columns):
 #   Column              Non-Null Count  Dtype  
---  ------              --------------  -----  
 0   longitude           20640 non-null  float64
 1   latitude            20640 non-null  float64
 2   housing_median_age  20640 non-null  float64
 3   total_rooms         20640 non-null  float64
 4   total_bedrooms      20433 non-null  float64
 5   population          20640 non-null  float64
 6   households          20640 non-null  float64
 7   median_income       20640 non-null  float64
 8   median_house_value  20640 non-null  float64
 9   ocean_proximity     20640 non-null  object 
dtypes: float64(9), object(1)
memory usage: 1.6+ MB

Traceback (most recent call last):
  File "end-to-end-ml-project.py", line 162, in <module>
    from pandas.Index.delete import scatter_matrix
ModuleNotFoundError: No module named 'pandas.Index'
[Try Solution]: OrderedDict([('action', 'fqn'), ('old_fqn', 'pandas.tools.plotting'), ('new_fqn', 'pandas.IntervalDtype'), ('line_no', 161)])['housing.csv']
<class 'pandas.core.frame.DataFrame'>
RangeIndex: 20640 entries, 0 to 20639
Data columns (total 10 columns):
 #   Column              Non-Null Count  Dtype  
---  ------              --------------  -----  
 0   longitude           20640 non-null  float64
 1   latitude            20640 non-null  float64
 2   housing_median_age  20640 non-null  float64
 3   total_rooms         20640 non-null  float64
 4   total_bedrooms      20433 non-null  float64
 5   population          20640 non-null  float64
 6   households          20640 non-null  float64
 7   median_income       20640 non-null  float64
 8   median_house_value  20640 non-null  float64
 9   ocean_proximity     20640 non-null  object 
dtypes: float64(9), object(1)
memory usage: 1.6+ MB

Traceback (most recent call last):
  File "end-to-end-ml-project.py", line 162, in <module>
    from pandas.IntervalDtype import scatter_matrix
ModuleNotFoundError: No module named 'pandas.IntervalDtype'
[Try Solution]: OrderedDict([('action', 'fqn'), ('old_fqn', 'pandas.tools.plotting'), ('new_fqn', 'pandas.Timestamp.minute'), ('line_no', 161)])['housing.csv']
<class 'pandas.core.frame.DataFrame'>
RangeIndex: 20640 entries, 0 to 20639
Data columns (total 10 columns):
 #   Column              Non-Null Count  Dtype  
---  ------              --------------  -----  
 0   longitude           20640 non-null  float64
 1   latitude            20640 non-null  float64
 2   housing_median_age  20640 non-null  float64
 3   total_rooms         20640 non-null  float64
 4   total_bedrooms      20433 non-null  float64
 5   population          20640 non-null  float64
 6   households          20640 non-null  float64
 7   median_income       20640 non-null  float64
 8   median_house_value  20640 non-null  float64
 9   ocean_proximity     20640 non-null  object 
dtypes: float64(9), object(1)
memory usage: 1.6+ MB

Traceback (most recent call last):
  File "end-to-end-ml-project.py", line 162, in <module>
    from pandas.Timestamp.minute import scatter_matrix
ModuleNotFoundError: No module named 'pandas.Timestamp'
[Try Solution]: OrderedDict([('action', 'fqn'), ('old_fqn', 'pandas.tools.plotting'), ('new_fqn', 'pandas.Timestamp.timetz'), ('line_no', 161)])['housing.csv']
<class 'pandas.core.frame.DataFrame'>
RangeIndex: 20640 entries, 0 to 20639
Data columns (total 10 columns):
 #   Column              Non-Null Count  Dtype  
---  ------              --------------  -----  
 0   longitude           20640 non-null  float64
 1   latitude            20640 non-null  float64
 2   housing_median_age  20640 non-null  float64
 3   total_rooms         20640 non-null  float64
 4   total_bedrooms      20433 non-null  float64
 5   population          20640 non-null  float64
 6   households          20640 non-null  float64
 7   median_income       20640 non-null  float64
 8   median_house_value  20640 non-null  float64
 9   ocean_proximity     20640 non-null  object 
dtypes: float64(9), object(1)
memory usage: 1.6+ MB

Traceback (most recent call last):
  File "end-to-end-ml-project.py", line 162, in <module>
    from pandas.Timestamp.timetz import scatter_matrix
ModuleNotFoundError: No module named 'pandas.Timestamp'
[Try Solution]: OrderedDict([('action', 'fqn'), ('old_fqn', 'pandas.tools.plotting'), ('new_fqn', 'pandas.Timestamp.tzname'), ('line_no', 161)])['housing.csv']
<class 'pandas.core.frame.DataFrame'>
RangeIndex: 20640 entries, 0 to 20639
Data columns (total 10 columns):
 #   Column              Non-Null Count  Dtype  
---  ------              --------------  -----  
 0   longitude           20640 non-null  float64
 1   latitude            20640 non-null  float64
 2   housing_median_age  20640 non-null  float64
 3   total_rooms         20640 non-null  float64
 4   total_bedrooms      20433 non-null  float64
 5   population          20640 non-null  float64
 6   households          20640 non-null  float64
 7   median_income       20640 non-null  float64
 8   median_house_value  20640 non-null  float64
 9   ocean_proximity     20640 non-null  object 
dtypes: float64(9), object(1)
memory usage: 1.6+ MB

Traceback (most recent call last):
  File "end-to-end-ml-project.py", line 162, in <module>
    from pandas.Timestamp.tzname import scatter_matrix
ModuleNotFoundError: No module named 'pandas.Timestamp'
[Try Solution]: OrderedDict([('action', 'fqn'), ('old_fqn', 'pandas.tools.plotting'), ('new_fqn', 'pandas.Timestamp.today'), ('line_no', 161)])['housing.csv']
<class 'pandas.core.frame.DataFrame'>
RangeIndex: 20640 entries, 0 to 20639
Data columns (total 10 columns):
 #   Column              Non-Null Count  Dtype  
---  ------              --------------  -----  
 0   longitude           20640 non-null  float64
 1   latitude            20640 non-null  float64
 2   housing_median_age  20640 non-null  float64
 3   total_rooms         20640 non-null  float64
 4   total_bedrooms      20433 non-null  float64
 5   population          20640 non-null  float64
 6   households          20640 non-null  float64
 7   median_income       20640 non-null  float64
 8   median_house_value  20640 non-null  float64
 9   ocean_proximity     20640 non-null  object 
dtypes: float64(9), object(1)
memory usage: 1.6+ MB

Traceback (most recent call last):
  File "end-to-end-ml-project.py", line 162, in <module>
    from pandas.Timestamp.today import scatter_matrix
ModuleNotFoundError: No module named 'pandas.Timestamp'
[Try Solution]: OrderedDict([('action', 'fqn'), ('old_fqn', 'pandas.tools.plotting'), ('new_fqn', 'pandas.Index.asof_locs'), ('line_no', 161)])['housing.csv']
<class 'pandas.core.frame.DataFrame'>
RangeIndex: 20640 entries, 0 to 20639
Data columns (total 10 columns):
 #   Column              Non-Null Count  Dtype  
---  ------              --------------  -----  
 0   longitude           20640 non-null  float64
 1   latitude            20640 non-null  float64
 2   housing_median_age  20640 non-null  float64
 3   total_rooms         20640 non-null  float64
 4   total_bedrooms      20433 non-null  float64
 5   population          20640 non-null  float64
 6   households          20640 non-null  float64
 7   median_income       20640 non-null  float64
 8   median_house_value  20640 non-null  float64
 9   ocean_proximity     20640 non-null  object 
dtypes: float64(9), object(1)
memory usage: 1.6+ MB

Traceback (most recent call last):
  File "end-to-end-ml-project.py", line 162, in <module>
    from pandas.Index.asof_locs import scatter_matrix
ModuleNotFoundError: No module named 'pandas.Index'
[Try Solution]: OrderedDict([('action', 'fqn'), ('old_fqn', 'pandas.tools.plotting'), ('new_fqn', 'pandas.Timestamp.month'), ('line_no', 161)])['housing.csv']
<class 'pandas.core.frame.DataFrame'>
RangeIndex: 20640 entries, 0 to 20639
Data columns (total 10 columns):
 #   Column              Non-Null Count  Dtype  
---  ------              --------------  -----  
 0   longitude           20640 non-null  float64
 1   latitude            20640 non-null  float64
 2   housing_median_age  20640 non-null  float64
 3   total_rooms         20640 non-null  float64
 4   total_bedrooms      20433 non-null  float64
 5   population          20640 non-null  float64
 6   households          20640 non-null  float64
 7   median_income       20640 non-null  float64
 8   median_house_value  20640 non-null  float64
 9   ocean_proximity     20640 non-null  object 
dtypes: float64(9), object(1)
memory usage: 1.6+ MB

Traceback (most recent call last):
  File "end-to-end-ml-project.py", line 162, in <module>
    from pandas.Timestamp.month import scatter_matrix
ModuleNotFoundError: No module named 'pandas.Timestamp'
[Try Solution]: OrderedDict([('action', 'fqn'), ('old_fqn', 'pandas.tools.plotting'), ('new_fqn', 'pandas.Index.factorize'), ('line_no', 161)])['housing.csv']
<class 'pandas.core.frame.DataFrame'>
RangeIndex: 20640 entries, 0 to 20639
Data columns (total 10 columns):
 #   Column              Non-Null Count  Dtype  
---  ------              --------------  -----  
 0   longitude           20640 non-null  float64
 1   latitude            20640 non-null  float64
 2   housing_median_age  20640 non-null  float64
 3   total_rooms         20640 non-null  float64
 4   total_bedrooms      20433 non-null  float64
 5   population          20640 non-null  float64
 6   households          20640 non-null  float64
 7   median_income       20640 non-null  float64
 8   median_house_value  20640 non-null  float64
 9   ocean_proximity     20640 non-null  object 
dtypes: float64(9), object(1)
memory usage: 1.6+ MB

Traceback (most recent call last):
  File "end-to-end-ml-project.py", line 162, in <module>
    from pandas.Index.factorize import scatter_matrix
ModuleNotFoundError: No module named 'pandas.Index'
[Try Solution]: OrderedDict([('action', 'fqn'), ('old_fqn', 'pandas.tools.plotting'), ('new_fqn', 'pandas.Index.droplevel'), ('line_no', 161)])['housing.csv']
<class 'pandas.core.frame.DataFrame'>
RangeIndex: 20640 entries, 0 to 20639
Data columns (total 10 columns):
 #   Column              Non-Null Count  Dtype  
---  ------              --------------  -----  
 0   longitude           20640 non-null  float64
 1   latitude            20640 non-null  float64
 2   housing_median_age  20640 non-null  float64
 3   total_rooms         20640 non-null  float64
 4   total_bedrooms      20433 non-null  float64
 5   population          20640 non-null  float64
 6   households          20640 non-null  float64
 7   median_income       20640 non-null  float64
 8   median_house_value  20640 non-null  float64
 9   ocean_proximity     20640 non-null  object 
dtypes: float64(9), object(1)
memory usage: 1.6+ MB

Traceback (most recent call last):
  File "end-to-end-ml-project.py", line 162, in <module>
    from pandas.Index.droplevel import scatter_matrix
ModuleNotFoundError: No module named 'pandas.Index'
[Try Solution]: OrderedDict([('action', 'fqn'), ('old_fqn', 'pandas.tools.plotting'), ('new_fqn', 'pandas.Index.is_unique'), ('line_no', 161)])['housing.csv']
<class 'pandas.core.frame.DataFrame'>
RangeIndex: 20640 entries, 0 to 20639
Data columns (total 10 columns):
 #   Column              Non-Null Count  Dtype  
---  ------              --------------  -----  
 0   longitude           20640 non-null  float64
 1   latitude            20640 non-null  float64
 2   housing_median_age  20640 non-null  float64
 3   total_rooms         20640 non-null  float64
 4   total_bedrooms      20433 non-null  float64
 5   population          20640 non-null  float64
 6   households          20640 non-null  float64
 7   median_income       20640 non-null  float64
 8   median_house_value  20640 non-null  float64
 9   ocean_proximity     20640 non-null  object 
dtypes: float64(9), object(1)
memory usage: 1.6+ MB

Traceback (most recent call last):
  File "end-to-end-ml-project.py", line 162, in <module>
    from pandas.Index.is_unique import scatter_matrix
ModuleNotFoundError: No module named 'pandas.Index'
[Try Solution]: OrderedDict([('action', 'fqn'), ('old_fqn', 'pandas.tools.plotting'), ('new_fqn', 'pandas.Series.to_pickle'), ('line_no', 161)])['housing.csv']
<class 'pandas.core.frame.DataFrame'>
RangeIndex: 20640 entries, 0 to 20639
Data columns (total 10 columns):
 #   Column              Non-Null Count  Dtype  
---  ------              --------------  -----  
 0   longitude           20640 non-null  float64
 1   latitude            20640 non-null  float64
 2   housing_median_age  20640 non-null  float64
 3   total_rooms         20640 non-null  float64
 4   total_bedrooms      20433 non-null  float64
 5   population          20640 non-null  float64
 6   households          20640 non-null  float64
 7   median_income       20640 non-null  float64
 8   median_house_value  20640 non-null  float64
 9   ocean_proximity     20640 non-null  object 
dtypes: float64(9), object(1)
memory usage: 1.6+ MB

Traceback (most recent call last):
  File "end-to-end-ml-project.py", line 162, in <module>
    from pandas.Series.to_pickle import scatter_matrix
ModuleNotFoundError: No module named 'pandas.Series'
[Try Solution]: OrderedDict([('action', 'fqn'), ('old_fqn', 'pandas.tools.plotting'), ('new_fqn', 'pandas.DataFrame.to_gbq'), ('line_no', 161)])['housing.csv']
<class 'pandas.core.frame.DataFrame'>
RangeIndex: 20640 entries, 0 to 20639
Data columns (total 10 columns):
 #   Column              Non-Null Count  Dtype  
---  ------              --------------  -----  
 0   longitude           20640 non-null  float64
 1   latitude            20640 non-null  float64
 2   housing_median_age  20640 non-null  float64
 3   total_rooms         20640 non-null  float64
 4   total_bedrooms      20433 non-null  float64
 5   population          20640 non-null  float64
 6   households          20640 non-null  float64
 7   median_income       20640 non-null  float64
 8   median_house_value  20640 non-null  float64
 9   ocean_proximity     20640 non-null  object 
dtypes: float64(9), object(1)
memory usage: 1.6+ MB

Traceback (most recent call last):
  File "end-to-end-ml-project.py", line 162, in <module>
    from pandas.DataFrame.to_gbq import scatter_matrix
ModuleNotFoundError: No module named 'pandas.DataFrame'
[Try Solution]: OrderedDict([('action', 'fqn'), ('old_fqn', 'pandas.tools.plotting'), ('new_fqn', 'pandas.Timestamp.tzinfo'), ('line_no', 161)])['housing.csv']
<class 'pandas.core.frame.DataFrame'>
RangeIndex: 20640 entries, 0 to 20639
Data columns (total 10 columns):
 #   Column              Non-Null Count  Dtype  
---  ------              --------------  -----  
 0   longitude           20640 non-null  float64
 1   latitude            20640 non-null  float64
 2   housing_median_age  20640 non-null  float64
 3   total_rooms         20640 non-null  float64
 4   total_bedrooms      20433 non-null  float64
 5   population          20640 non-null  float64
 6   households          20640 non-null  float64
 7   median_income       20640 non-null  float64
 8   median_house_value  20640 non-null  float64
 9   ocean_proximity     20640 non-null  object 
dtypes: float64(9), object(1)
memory usage: 1.6+ MB

Traceback (most recent call last):
  File "end-to-end-ml-project.py", line 162, in <module>
    from pandas.Timestamp.tzinfo import scatter_matrix
ModuleNotFoundError: No module named 'pandas.Timestamp'
[Try Solution]: OrderedDict([('action', 'fqn'), ('old_fqn', 'pandas.tools.plotting'), ('new_fqn', 'pandas.Index.slice_locs'), ('line_no', 161)])['housing.csv']
<class 'pandas.core.frame.DataFrame'>
RangeIndex: 20640 entries, 0 to 20639
Data columns (total 10 columns):
 #   Column              Non-Null Count  Dtype  
---  ------              --------------  -----  
 0   longitude           20640 non-null  float64
 1   latitude            20640 non-null  float64
 2   housing_median_age  20640 non-null  float64
 3   total_rooms         20640 non-null  float64
 4   total_bedrooms      20433 non-null  float64
 5   population          20640 non-null  float64
 6   households          20640 non-null  float64
 7   median_income       20640 non-null  float64
 8   median_house_value  20640 non-null  float64
 9   ocean_proximity     20640 non-null  object 
dtypes: float64(9), object(1)
memory usage: 1.6+ MB

Traceback (most recent call last):
  File "end-to-end-ml-project.py", line 162, in <module>
    from pandas.Index.slice_locs import scatter_matrix
ModuleNotFoundError: No module named 'pandas.Index'
[Try Solution]: OrderedDict([('action', 'fqn'), ('old_fqn', 'pandas.tools.plotting'), ('new_fqn', 'pandas.Series.dt.timetz'), ('line_no', 161)])['housing.csv']
<class 'pandas.core.frame.DataFrame'>
RangeIndex: 20640 entries, 0 to 20639
Data columns (total 10 columns):
 #   Column              Non-Null Count  Dtype  
---  ------              --------------  -----  
 0   longitude           20640 non-null  float64
 1   latitude            20640 non-null  float64
 2   housing_median_age  20640 non-null  float64
 3   total_rooms         20640 non-null  float64
 4   total_bedrooms      20433 non-null  float64
 5   population          20640 non-null  float64
 6   households          20640 non-null  float64
 7   median_income       20640 non-null  float64
 8   median_house_value  20640 non-null  float64
 9   ocean_proximity     20640 non-null  object 
dtypes: float64(9), object(1)
memory usage: 1.6+ MB

Traceback (most recent call last):
  File "end-to-end-ml-project.py", line 162, in <module>
    from pandas.Series.dt.timetz import scatter_matrix
ModuleNotFoundError: No module named 'pandas.Series'
[Try Solution]: OrderedDict([('action', 'fqn'), ('old_fqn', 'pandas.tools.plotting'), ('new_fqn', 'pandas.Series.dt.minute'), ('line_no', 161)])['housing.csv']
<class 'pandas.core.frame.DataFrame'>
RangeIndex: 20640 entries, 0 to 20639
Data columns (total 10 columns):
 #   Column              Non-Null Count  Dtype  
---  ------              --------------  -----  
 0   longitude           20640 non-null  float64
 1   latitude            20640 non-null  float64
 2   housing_median_age  20640 non-null  float64
 3   total_rooms         20640 non-null  float64
 4   total_bedrooms      20433 non-null  float64
 5   population          20640 non-null  float64
 6   households          20640 non-null  float64
 7   median_income       20640 non-null  float64
 8   median_house_value  20640 non-null  float64
 9   ocean_proximity     20640 non-null  object 
dtypes: float64(9), object(1)
memory usage: 1.6+ MB

Traceback (most recent call last):
  File "end-to-end-ml-project.py", line 162, in <module>
    from pandas.Series.dt.minute import scatter_matrix
ModuleNotFoundError: No module named 'pandas.Series'
[Try Solution]: OrderedDict([('action', 'fqn'), ('old_fqn', 'pandas.tools.plotting'), ('new_fqn', 'pandas.Series.str.index'), ('line_no', 161)])['housing.csv']
<class 'pandas.core.frame.DataFrame'>
RangeIndex: 20640 entries, 0 to 20639
Data columns (total 10 columns):
 #   Column              Non-Null Count  Dtype  
---  ------              --------------  -----  
 0   longitude           20640 non-null  float64
 1   latitude            20640 non-null  float64
 2   housing_median_age  20640 non-null  float64
 3   total_rooms         20640 non-null  float64
 4   total_bedrooms      20433 non-null  float64
 5   population          20640 non-null  float64
 6   households          20640 non-null  float64
 7   median_income       20640 non-null  float64
 8   median_house_value  20640 non-null  float64
 9   ocean_proximity     20640 non-null  object 
dtypes: float64(9), object(1)
memory usage: 1.6+ MB

Traceback (most recent call last):
  File "end-to-end-ml-project.py", line 162, in <module>
    from pandas.Series.str.index import scatter_matrix
ModuleNotFoundError: No module named 'pandas.Series'
[Try Solution]: OrderedDict([('action', 'fqn'), ('old_fqn', 'pandas.tools.plotting'), ('new_fqn', 'pandas.Index.is_integer'), ('line_no', 161)])['housing.csv']
<class 'pandas.core.frame.DataFrame'>
RangeIndex: 20640 entries, 0 to 20639
Data columns (total 10 columns):
 #   Column              Non-Null Count  Dtype  
---  ------              --------------  -----  
 0   longitude           20640 non-null  float64
 1   latitude            20640 non-null  float64
 2   housing_median_age  20640 non-null  float64
 3   total_rooms         20640 non-null  float64
 4   total_bedrooms      20433 non-null  float64
 5   population          20640 non-null  float64
 6   households          20640 non-null  float64
 7   median_income       20640 non-null  float64
 8   median_house_value  20640 non-null  float64
 9   ocean_proximity     20640 non-null  object 
dtypes: float64(9), object(1)
memory usage: 1.6+ MB

Traceback (most recent call last):
  File "end-to-end-ml-project.py", line 162, in <module>
    from pandas.Index.is_integer import scatter_matrix
ModuleNotFoundError: No module named 'pandas.Index'
[Try Solution]: OrderedDict([('action', 'fqn'), ('old_fqn', 'pandas.tools.plotting'), ('new_fqn', 'pandas.plotting'), ('line_no', 161)])['housing.csv']
<class 'pandas.core.frame.DataFrame'>
RangeIndex: 20640 entries, 0 to 20639
Data columns (total 10 columns):
 #   Column              Non-Null Count  Dtype  
---  ------              --------------  -----  
 0   longitude           20640 non-null  float64
 1   latitude            20640 non-null  float64
 2   housing_median_age  20640 non-null  float64
 3   total_rooms         20640 non-null  float64
 4   total_bedrooms      20433 non-null  float64
 5   population          20640 non-null  float64
 6   households          20640 non-null  float64
 7   median_income       20640 non-null  float64
 8   median_house_value  20640 non-null  float64
 9   ocean_proximity     20640 non-null  object 
dtypes: float64(9), object(1)
memory usage: 1.6+ MB

Scores: [68235.30044479 68130.11320692 70942.19491118 70345.72979378
 71319.92816971 74258.47392896 68816.29909052 71978.91886459
 77052.57906495 68863.8035661 ]
Mean: 70994.33410414944
Standard Deviation: 2719.4630070958206
Scores: [66782.73843989 66960.118071   70347.95244419 74739.57052552
 68031.13388938 71193.84183426 64969.63056405 68281.61137997
 71552.91566558 67665.10082067]
Mean: 69052.46136345083
Standard Deviation: 2731.674001798349
Scores: [49478.10320232 47730.62968278 49108.21733524 52483.89854272
 49706.76993964 53638.09605464 48985.74007886 47973.45326002
 52833.31612521 50244.15005047]
Mean: 50218.23742719021
Standard Deviation: 1961.0150843417607
64246.21744065847 {'max_features': 2, 'n_estimators': 3}
55638.75678352165 {'max_features': 2, 'n_estimators': 10}
52845.34250087086 {'max_features': 2, 'n_estimators': 30}
60702.65251243388 {'max_features': 4, 'n_estimators': 3}
52865.22994463083 {'max_features': 4, 'n_estimators': 10}
50385.347846387864 {'max_features': 4, 'n_estimators': 30}
58431.644708572734 {'max_features': 6, 'n_estimators': 3}
52134.63410194062 {'max_features': 6, 'n_estimators': 10}
50276.47523041056 {'max_features': 6, 'n_estimators': 30}
59076.82960605599 {'max_features': 8, 'n_estimators': 3}
52121.810097984395 {'max_features': 8, 'n_estimators': 10}
50085.95818903831 {'max_features': 8, 'n_estimators': 30}
62845.68577731164 {'bootstrap': False, 'max_features': 2, 'n_estimators': 3}
54047.45309768702 {'bootstrap': False, 'max_features': 2, 'n_estimators': 10}
61067.87765198775 {'bootstrap': False, 'max_features': 3, 'n_estimators': 3}
52839.284479998176 {'bootstrap': False, 'max_features': 3, 'n_estimators': 10}
59092.4950970873 {'bootstrap': False, 'max_features': 4, 'n_estimators': 3}
51622.87971750312 {'bootstrap': False, 'max_features': 4, 'n_estimators': 10}
49150.70756927707 {'max_features': 7, 'n_estimators': 180}
51389.889203389284 {'max_features': 5, 'n_estimators': 15}
50796.155224308866 {'max_features': 3, 'n_estimators': 72}
50835.13360315349 {'max_features': 5, 'n_estimators': 21}
49280.9449827171 {'max_features': 7, 'n_estimators': 122}
50774.90662363929 {'max_features': 3, 'n_estimators': 75}
50682.78888164288 {'max_features': 3, 'n_estimators': 88}
49608.99608105296 {'max_features': 5, 'n_estimators': 100}
50473.61930350219 {'max_features': 3, 'n_estimators': 150}
64429.84143294435 {'max_features': 5, 'n_estimators': 2}
Traceback (most recent call last):
  File "end-to-end-ml-project.py", line 705, in <module>
    from sklearn.externals import joblib
ImportError: cannot import name 'joblib'
[Try Solution]: OrderedDict([('action', 'fqn'), ('old_fqn', 'sklearn.externals.joblib'), ('new_fqn', 'sklearn.experimental'), ('line_no', 705)])['housing.csv']
<class 'pandas.core.frame.DataFrame'>
RangeIndex: 20640 entries, 0 to 20639
Data columns (total 10 columns):
 #   Column              Non-Null Count  Dtype  
---  ------              --------------  -----  
 0   longitude           20640 non-null  float64
 1   latitude            20640 non-null  float64
 2   housing_median_age  20640 non-null  float64
 3   total_rooms         20640 non-null  float64
 4   total_bedrooms      20433 non-null  float64
 5   population          20640 non-null  float64
 6   households          20640 non-null  float64
 7   median_income       20640 non-null  float64
 8   median_house_value  20640 non-null  float64
 9   ocean_proximity     20640 non-null  object 
dtypes: float64(9), object(1)
memory usage: 1.6+ MB

Scores: [69064.69613234 66923.62261087 71171.71792231 69812.96881363
 71648.15397101 76032.31152481 70152.19266508 70828.21415546
 77944.93998624 69624.45940437]
Mean: 71320.3277186133
Standard Deviation: 3120.761752153719
Scores: [66782.73843989 66960.118071   70347.95244419 74739.57052552
 68031.13388938 71193.84183426 64969.63056405 68281.61137997
 71552.91566558 67665.10082067]
Mean: 69052.46136345083
Standard Deviation: 2731.674001798349
Scores: [49323.34164665 47384.81529161 50575.43625485 52178.49055296
 50023.7504979  53363.93433232 48570.52788278 47943.47942988
 52923.61143796 50178.16046562]
Mean: 50246.55477925117
Standard Deviation: 1947.6817919370499
63258.27457199818 {'max_features': 2, 'n_estimators': 3}
55755.315057995096 {'max_features': 2, 'n_estimators': 10}
52712.00873999056 {'max_features': 2, 'n_estimators': 30}
59453.349356548955 {'max_features': 4, 'n_estimators': 3}
53445.77903619045 {'max_features': 4, 'n_estimators': 10}
50306.34714807705 {'max_features': 4, 'n_estimators': 30}
59433.15832728259 {'max_features': 6, 'n_estimators': 3}
51777.85579922181 {'max_features': 6, 'n_estimators': 10}
49882.195131356646 {'max_features': 6, 'n_estimators': 30}
58711.046303700394 {'max_features': 8, 'n_estimators': 3}
52469.1783273516 {'max_features': 8, 'n_estimators': 10}
50062.75371702832 {'max_features': 8, 'n_estimators': 30}
63081.69148595571 {'bootstrap': False, 'max_features': 2, 'n_estimators': 3}
54366.960485117 {'bootstrap': False, 'max_features': 2, 'n_estimators': 10}
59460.58368495996 {'bootstrap': False, 'max_features': 3, 'n_estimators': 3}
52656.85957868901 {'bootstrap': False, 'max_features': 3, 'n_estimators': 10}
58139.72111658741 {'bootstrap': False, 'max_features': 4, 'n_estimators': 3}
51706.43749037355 {'bootstrap': False, 'max_features': 4, 'n_estimators': 10}
49150.70756927707 {'max_features': 7, 'n_estimators': 180}
51389.889203389284 {'max_features': 5, 'n_estimators': 15}
50796.155224308866 {'max_features': 3, 'n_estimators': 72}
50835.13360315349 {'max_features': 5, 'n_estimators': 21}
49280.9449827171 {'max_features': 7, 'n_estimators': 122}
50774.90662363929 {'max_features': 3, 'n_estimators': 75}
50682.78888164288 {'max_features': 3, 'n_estimators': 88}
49608.99608105296 {'max_features': 5, 'n_estimators': 100}
50473.61930350219 {'max_features': 3, 'n_estimators': 150}
64429.84143294435 {'max_features': 5, 'n_estimators': 2}
Traceback (most recent call last):
  File "end-to-end-ml-project.py", line 708, in <module>
    sklearn.experimental.dump(my_model, "my_model.pkl") # DIFF
AttributeError: module 'sklearn' has no attribute 'experimental'
[REPAIR EXEC TIME]: 886.9618718624115