['symboling', 'normalized-losses', 'make', 'fuel-type', 'aspiration', 'num-of-doors', 'body-style', 'drive-wheels', 'engine-location', 'wheel-base', 'length', 'width', 'height', 'curb-weight', 'engine-type', 'num-of-cylinders', 'engine-size', 'fuel-system', 'bore', 'stroke', 'compression-ratio', 'horsepower', 'peak-rpm', 'city-mpg', 'highway-mpg', 'price']
<class 'pandas.core.frame.DataFrame'>
RangeIndex: 205 entries, 0 to 204
Data columns (total 26 columns):
 #   Column             Non-Null Count  Dtype  
---  ------             --------------  -----  
 0   symboling          205 non-null    int64  
 1   normalized-losses  205 non-null    object 
 2   make               205 non-null    object 
 3   fuel-type          205 non-null    object 
 4   aspiration         205 non-null    object 
 5   num-of-doors       205 non-null    object 
 6   body-style         205 non-null    object 
 7   drive-wheels       205 non-null    object 
 8   engine-location    205 non-null    object 
 9   wheel-base         205 non-null    float64
 10  length             205 non-null    float64
 11  width              205 non-null    float64
 12  height             205 non-null    float64
 13  curb-weight        205 non-null    int64  
 14  engine-type        205 non-null    object 
 15  num-of-cylinders   205 non-null    object 
 16  engine-size        205 non-null    int64  
 17  fuel-system        205 non-null    object 
 18  bore               205 non-null    object 
 19  stroke             205 non-null    object 
 20  compression-ratio  205 non-null    float64
 21  horsepower         205 non-null    object 
 22  peak-rpm           205 non-null    object 
 23  city-mpg           205 non-null    int64  
 24  highway-mpg        205 non-null    int64  
 25  price              205 non-null    object 
dtypes: float64(5), int64(5), object(16)
memory usage: 41.8+ KB
normalized-losses
num-of-doors
bore
stroke
horsepower
peak-rpm
price

['make', 'fuel-type', 'aspiration', 'num-of-doors', 'body-style', 'drive-wheels', 'engine-location', 'engine-type', 'num-of-cylinders', 'fuel-system']




                            OLS Regression Results                            
==============================================================================
Dep. Variable:                  price   R-squared:                       0.779
Model:                            OLS   Adj. R-squared:                  0.773
Method:                 Least Squares   F-statistic:                     116.5
Date:                Fri, 02 Jul 2021   Prob (F-statistic):           3.32e-62
Time:                        05:26:01   Log-Likelihood:                -1974.5
No. Observations:                 205   AIC:                             3963.
Df Residuals:                     198   BIC:                             3986.
Df Model:                           6                                         
Covariance Type:            nonrobust                                         
===============================================================================
                  coef    std err          t      P>|t|      [0.025      0.975]
-------------------------------------------------------------------------------
Intercept   -2.136e+04   1.49e+04     -1.432      0.154   -5.08e+04    8066.189
curb_weight     3.0493      1.521      2.005      0.046       0.050       6.049
engine_size   101.4732     14.370      7.061      0.000      73.135     129.812
width         292.3471    246.058      1.188      0.236    -192.884     777.578
highway_mpg   -75.9536     73.263     -1.037      0.301    -220.430      68.522
bore        -1526.8324   1299.399     -1.175      0.241   -4089.270    1035.605
horsepower     19.6843     13.428      1.466      0.144      -6.795      46.164
==============================================================================
Omnibus:                       33.088   Durbin-Watson:                   0.998
Prob(Omnibus):                  0.000   Jarque-Bera (JB):              107.618
Skew:                           0.601   Prob(JB):                     4.28e-24
Kurtosis:                       6.340   Cond. No.                     1.49e+05
==============================================================================

Warnings:
[1] Standard Errors assume that the covariance matrix of the errors is correctly specified.
[2] The condition number is large, 1.49e+05. This might indicate that there are
strong multicollinearity or other numerical problems.
                            OLS Regression Results                            
==============================================================================
Dep. Variable:                  price   R-squared:                       0.828
Model:                            OLS   Adj. R-squared:                  0.817
Method:                 Least Squares   F-statistic:                     76.77
Date:                Fri, 02 Jul 2021   Prob (F-statistic):           1.64e-66
Time:                        05:26:01   Log-Likelihood:                -1949.2
No. Observations:                 205   AIC:                             3924.
Df Residuals:                     192   BIC:                             3968.
Df Model:                          12                                         
Covariance Type:            nonrobust                                         
=====================================================================================
                        coef    std err          t      P>|t|      [0.025      0.975]
-------------------------------------------------------------------------------------
Intercept         -3.285e+04   3.59e+04     -0.916      0.361   -1.04e+05    3.79e+04
curb_weight           3.5234      3.193      1.103      0.271      -2.775       9.822
engine_size         242.8629     30.754      7.897      0.000     182.204     303.522
width                24.9662    326.098      0.077      0.939    -618.229     668.161
height              110.2659    265.119      0.416      0.678    -412.653     633.185
highway_mpg          27.9915     89.149      0.314      0.754    -147.845     203.828
bore              -1230.1948   1248.249     -0.986      0.326   -3692.237    1231.847
stroke            -3149.0774    814.909     -3.864      0.000   -4756.401   -1541.754
horsepower         -111.5627     32.903     -3.391      0.001    -176.460     -46.666
peak_rpm              2.1395      0.723      2.958      0.003       0.713       3.566
compression_ratio   243.8995     86.043      2.835      0.005      74.190     413.609
density            -1.34e+06   2.19e+06     -0.612      0.541   -5.66e+06    2.98e+06
power_per_volume   1.924e+04   4596.118      4.187      0.000    1.02e+04    2.83e+04
==============================================================================
Omnibus:                       37.228   Durbin-Watson:                   1.086
Prob(Omnibus):                  0.000   Jarque-Bera (JB):              153.546
Skew:                           0.604   Prob(JB):                     4.55e-34
Kurtosis:                       7.064   Cond. No.                     5.35e+07
==============================================================================

Warnings:
[1] Standard Errors assume that the covariance matrix of the errors is correctly specified.
[2] The condition number is large, 5.35e+07. This might indicate that there are
strong multicollinearity or other numerical problems.
                            OLS Regression Results                            
==============================================================================
Dep. Variable:                  price   R-squared:                       0.835
Model:                            OLS   Adj. R-squared:                  0.822
Method:                 Least Squares   F-statistic:                     63.70
Date:                Fri, 02 Jul 2021   Prob (F-statistic):           1.82e-65
Time:                        05:26:01   Log-Likelihood:                -1944.8
No. Observations:                 205   AIC:                             3922.
Df Residuals:                     189   BIC:                             3975.
Df Model:                          15                                         
Covariance Type:            nonrobust                                         
=====================================================================================
                        coef    std err          t      P>|t|      [0.025      0.975]
-------------------------------------------------------------------------------------
Intercept         -2.938e+04   3.61e+04     -0.813      0.417   -1.01e+05    4.19e+04
curb_weight           2.0613      3.262      0.632      0.528      -4.372       8.495
engine_size         286.8567     37.615      7.626      0.000     212.658     361.055
width               115.0329    328.561      0.350      0.727    -533.085     763.150
height              133.1481    274.247      0.486      0.628    -407.830     674.126
highway_mpg          58.4237    106.724      0.547      0.585    -152.099     268.946
bore              -2270.6070   1297.318     -1.750      0.082   -4829.691     288.477
stroke            -3324.8909    869.660     -3.823      0.000   -5040.379   -1609.403
horsepower         -102.2147     32.685     -3.127      0.002    -166.688     -37.741
peak_rpm              2.2657      0.733      3.090      0.002       0.819       3.712
compression_ratio  -176.3595    218.553     -0.807      0.421    -607.476     254.757
density           -1.646e+06   2.27e+06     -0.725      0.469   -6.12e+06    2.83e+06
power_per_volume   1.817e+04   4548.138      3.995      0.000    9200.233    2.71e+04
engine_size_gas     -41.6766     21.450     -1.943      0.054     -83.988       0.635
highway_mpg_rwd      42.3473     49.380      0.858      0.392     -55.060     139.755
highway_mpg_fwd     -13.2875     50.190     -0.265      0.791    -112.292      85.717
==============================================================================
Omnibus:                       36.374   Durbin-Watson:                   1.199
Prob(Omnibus):                  0.000   Jarque-Bera (JB):              139.289
Skew:                           0.613   Prob(JB):                     5.67e-31
Kurtosis:                       6.848   Cond. No.                     5.62e+07
==============================================================================

Warnings:
[1] Standard Errors assume that the covariance matrix of the errors is correctly specified.
[2] The condition number is large, 5.62e+07. This might indicate that there are
strong multicollinearity or other numerical problems.linear-model-for-price-prediction.py:55: FutureWarning: elementwise comparison failed; returning scalar instead, but in the future will perform elementwise comparison
  if '?' in df[col].unique():

Train R^2 Test R^2   CV R^2      MSE
0.992862 0.961465 0.960503 0.000004
