../../../input/johndasilva_diabetes/diabetes.csv
<class 'pandas.core.frame.DataFrame'>
RangeIndex: 2000 entries, 0 to 1999
Data columns (total 9 columns):
 #   Column                    Non-Null Count  Dtype  
---  ------                    --------------  -----  
 0   Pregnancies               2000 non-null   int64  
 1   Glucose                   2000 non-null   int64  
 2   BloodPressure             2000 non-null   int64  
 3   SkinThickness             2000 non-null   int64  
 4   Insulin                   2000 non-null   int64  
 5   BMI                       2000 non-null   float64
 6   DiabetesPedigreeFunction  2000 non-null   float64
 7   Age                       2000 non-null   int64  
 8   Outcome                   2000 non-null   int64  
dtypes: float64(2), int64(7)
memory usage: 140.8 KB
satir ve sutun =  (2000, 9)
Boyut sayisi =  2
eleman sayisi =  18000




b0 =  [-7.78641762]
Coefs =  [[ 0.12097893  0.03283135 -0.01086622  0.00583543 -0.00167725  0.07701312
   0.62862943  0.01372969]]
Logistic_reg_class_SCORE =  0.7925
random_forest_class_SCORE =  0.985
KNN_class_SCORE =  0.815
SVM_class_SCORE =  0.7825
NB_class_SCORE =  0.7775

