['housing.csv']
<class 'pandas.core.frame.DataFrame'>
RangeIndex: 20640 entries, 0 to 20639
Data columns (total 10 columns):
 #   Column              Non-Null Count  Dtype  
---  ------              --------------  -----  
 0   longitude           20640 non-null  float64
 1   latitude            20640 non-null  float64
 2   housing_median_age  20640 non-null  float64
 3   total_rooms         20640 non-null  float64
 4   total_bedrooms      20433 non-null  float64
 5   population          20640 non-null  float64
 6   households          20640 non-null  float64
 7   median_income       20640 non-null  float64
 8   median_house_value  20640 non-null  float64
 9   ocean_proximity     20640 non-null  object 
dtypes: float64(9), object(1)
memory usage: 1.6+ MB

Scores: [70163.30350429 66630.69822484 70092.30138309 69395.16699206
 70329.00849851 74293.13411603 70670.91660609 70456.28159986
 76725.72341529 68956.68967931]
Mean: 70771.32240193595
Standard Deviation: 2670.678631497788
Scores: [66782.73843989 66960.118071   70347.95244419 74739.57052552
 68031.13388938 71193.84183426 64969.63056405 68281.61137997
 71552.91566558 67665.10082067]
Mean: 69052.46136345083
Standard Deviation: 2731.674001798349
Scores: [49608.88067563 47253.73311047 49898.88606793 52233.24073808
 49756.65177389 53405.60372919 48715.38828459 47891.04011146
 52673.50740956 50150.0683809 ]
Mean: 50158.7000281705
Standard Deviation: 1933.0324354417867
64255.21761751706 {'max_features': 2, 'n_estimators': 3}
55555.33192137995 {'max_features': 2, 'n_estimators': 10}
52732.53319024627 {'max_features': 2, 'n_estimators': 30}
59668.84427551126 {'max_features': 4, 'n_estimators': 3}
52882.638348504275 {'max_features': 4, 'n_estimators': 10}
50534.54745903903 {'max_features': 4, 'n_estimators': 30}
59255.591996115356 {'max_features': 6, 'n_estimators': 3}
52489.108890783384 {'max_features': 6, 'n_estimators': 10}
50143.20296746739 {'max_features': 6, 'n_estimators': 30}
59563.61982780735 {'max_features': 8, 'n_estimators': 3}
52086.33811281746 {'max_features': 8, 'n_estimators': 10}
50096.361583937134 {'max_features': 8, 'n_estimators': 30}
62287.15548081008 {'bootstrap': False, 'max_features': 2, 'n_estimators': 3}
54310.20293603018 {'bootstrap': False, 'max_features': 2, 'n_estimators': 10}
60443.29976728588 {'bootstrap': False, 'max_features': 3, 'n_estimators': 3}
52306.426994683934 {'bootstrap': False, 'max_features': 3, 'n_estimators': 10}
59110.4808460214 {'bootstrap': False, 'max_features': 4, 'n_estimators': 3}
51740.374017139984 {'bootstrap': False, 'max_features': 4, 'n_estimators': 10}
49150.70756927707 {'max_features': 7, 'n_estimators': 180}
51389.889203389284 {'max_features': 5, 'n_estimators': 15}
50796.155224308866 {'max_features': 3, 'n_estimators': 72}
50835.13360315349 {'max_features': 5, 'n_estimators': 21}
49280.9449827171 {'max_features': 7, 'n_estimators': 122}
50774.90662363929 {'max_features': 3, 'n_estimators': 75}
50682.78888164288 {'max_features': 3, 'n_estimators': 88}
49608.99608105296 {'max_features': 5, 'n_estimators': 100}
50473.61930350219 {'max_features': 3, 'n_estimators': 150}
64429.84143294435 {'max_features': 5, 'n_estimators': 2}
