housing.csv

Shape : (20640, 9)
Features Data types : 
 longitude             float64
latitude              float64
housing_median_age    float64
total_rooms           float64
total_bedrooms        float64
population            float64
households            float64
median_income         float64
median_house_value    float64
dtype: object
checking if any null values
longitude               0
latitude                0
housing_median_age      0
total_rooms             0
total_bedrooms        207
population              0
households              0
median_income           0
median_house_value      0
dtype: int64
(20433, 8) (20433,)
(16346, 8)
(4087, 8)
Predicted Value : 147069.18349120952
Actual Value : 94900.0
