2021-07-02 03:10:53.714286: I tensorflow/core/platform/cpu_feature_guard.cc:143] Your CPU supports instructions that this TensorFlow binary was not compiled to use: SSE4.1 SSE4.2 AVX AVX2 FMA
2021-07-02 03:10:53.741143: I tensorflow/core/platform/profile_utils/cpu_utils.cc:102] CPU Frequency: 2099940000 Hz
2021-07-02 03:10:53.741816: I tensorflow/compiler/xla/service/service.cc:168] XLA service 0x55e5043aa450 initialized for platform Host (this does not guarantee that XLA will be used). Devices:
2021-07-02 03:10:53.741837: I tensorflow/compiler/xla/service/service.cc:176]   StreamExecutor device (0): Host, Default Version
2021-07-02 03:10:53.742668: I tensorflow/core/common_runtime/process_util.cc:147] Creating new thread pool with default inter op setting: 2. Tune using inter_op_parallelism_threads for best performance.
/home/cgzhu/anaconda3/envs/migration-plus/lib/python3.6/site-packages/seaborn/categorical.py:3692: UserWarning: The `size` parameter has been renamed to `height`; please update your code.
  warnings.warn(msg, UserWarning)
day3-work-akiramizuno.py:192: DataConversionWarning: A column-vector y was passed when a 1d array was expected. Please change the shape of y to (n_samples,), for example using ravel().
  clf.fit(X_train_norm, y_train)
/home/cgzhu/anaconda3/envs/migration-plus/lib/python3.6/site-packages/sklearn/utils/validation.py:73: DataConversionWarning: A column-vector y was passed when a 1d array was expected. Please change the shape of y to (n_samples, ), for example using ravel().
  return f(**kwargs)

<class 'pandas.core.frame.DataFrame'>
RangeIndex: 388 entries, 0 to 387
Data columns (total 12 columns):
 #   Column         Non-Null Count  Dtype  
---  ------         --------------  -----  
 0   distance       388 non-null    float64
 1   consume        388 non-null    float64
 2   speed          388 non-null    int64  
 3   temp_inside    376 non-null    float64
 4   temp_outside   388 non-null    int64  
 5   specials       93 non-null     object 
 6   gas_type       388 non-null    object 
 7   AC             388 non-null    int64  
 8   rain           388 non-null    int64  
 9   sun            388 non-null    int64  
 10  refill liters  13 non-null     float64
 11  refill gas     13 non-null     object 
dtypes: float64(4), int64(5), object(3)
memory usage: 36.5+ KB



MAE = 0.666

score= 0.8446527512421662
MAE = 0.548
[0.71615529 0.06540149 0.00632288 0.15952405 0.00737324 0.0165683
 0.00540812 0.02324663]

count = 19
size of y_pred = 78
score= 0.6333679738184941
[0.75129282 0.00209445 0.         0.22272069 0.         0.00607774
 0.         0.0178143 ]

MAE = 0.548
score= 0.7471657357664527
[0.70039788 0.09098919 0.02677761 0.14427531 0.         0.02618502
 0.00241637 0.00895862]

MAE = 0.548
2.2.0
Model: "sequential"
_________________________________________________________________
Layer (type)                 Output Shape              Param #   
=================================================================
dense (Dense)                (None, 10)                90        
_________________________________________________________________
dense_1 (Dense)              (None, 16)                176       
_________________________________________________________________
dense_2 (Dense)              (None, 1)                 17        
=================================================================
Total params: 283
Trainable params: 283
Non-trainable params: 0
_________________________________________________________________

MAE = 0.548
