   Pregnancies  Glucose  BloodPressure  ...  DiabetesPedigreeFunction  Age  Outcome
0            6      148             72  ...                     0.627   50        1
1            1       85             66  ...                     0.351   31        0
2            8      183             64  ...                     0.672   32        1
3            1       89             66  ...                     0.167   21        0
4            0      137             40  ...                     2.288   33        1

[5 rows x 9 columns]
<class 'pandas.core.frame.DataFrame'>
RangeIndex: 768 entries, 0 to 767
Data columns (total 9 columns):
 #   Column                    Non-Null Count  Dtype  
---  ------                    --------------  -----  
 0   Pregnancies               768 non-null    int64  
 1   Glucose                   768 non-null    int64  
 2   BloodPressure             768 non-null    int64  
 3   SkinThickness             768 non-null    int64  
 4   Insulin                   768 non-null    int64  
 5   BMI                       768 non-null    float64
 6   DiabetesPedigreeFunction  768 non-null    float64
 7   Age                       768 non-null    int64  
 8   Outcome                   768 non-null    int64  
dtypes: float64(2), int64(7)
memory usage: 54.1 KB

                          Pregnancies   Glucose  ...       Age   Outcome
Pregnancies                  1.000000  0.129459  ...  0.544341  0.221898
Glucose                      0.129459  1.000000  ...  0.263514  0.466581
BloodPressure                0.141282  0.152590  ...  0.239528  0.065068
SkinThickness               -0.081672  0.057328  ... -0.113970  0.074752
Insulin                     -0.073535  0.331357  ... -0.042163  0.130548
BMI                          0.017683  0.221071  ...  0.036242  0.292695
DiabetesPedigreeFunction    -0.033523  0.137337  ...  0.033561  0.173844
Age                          0.544341  0.263514  ...  1.000000  0.238356
Outcome                      0.221898  0.466581  ...  0.238356  1.000000

[9 rows x 9 columns]




 class distribution 
Outcome
0    500
1    268
dtype: int64
Traceback (most recent call last):
  File "diabetics-prediction-using-logistic-regression.py", line 186, in <module>
    from sklearn.feature_extraction.image.reconstruct_from_patches_2d import StringIO
ModuleNotFoundError: No module named 'sklearn.feature_extraction.image.reconstruct_from_patches_2d'; 'sklearn.feature_extraction.image' is not a package
