3333
51
Churn rate is: 0.14491449144914492. 
churn_false/churn_true = 5.900621118012422. churn_false - churn_true = 2367. 
The data is imbalanced.
['account length', 'number vmail messages', 'total day minutes', 'total day calls', 'total day charge', 'total eve minutes', 'total eve calls', 'total eve charge', 'total night minutes', 'total night calls', 'total night charge', 'total intl minutes', 'total intl calls', 'total intl charge', 'customer service calls']

{'phone number'}




Traceback (most recent call last):
  File "tree-based-ensemble-models.py", line 305, in <module>
    sm = SMOTE(random_state=0, ratio=1.0)
  File "/home/cgzhu/anaconda3/envs/migration-plus/lib/python3.6/site-packages/imblearn/utils/_validation.py", line 640, in inner_f
    return f(**kwargs)
TypeError: __init__() got an unexpected keyword argument 'ratio'
[Try Solution]: OrderedDict([('API', 'imblearn.over_sampling.SMOTE'), ('action', 'arg_delete'), ('from_name', 'ratio'), ('to_name', '*')])3333
51
Churn rate is: 0.14491449144914492. 
churn_false/churn_true = 5.900621118012422. churn_false - churn_true = 2367. 
The data is imbalanced.
['account length', 'number vmail messages', 'total day minutes', 'total day calls', 'total day charge', 'total eve minutes', 'total eve calls', 'total eve charge', 'total night minutes', 'total night calls', 'total night charge', 'total intl minutes', 'total intl calls', 'total intl charge', 'customer service calls']

{'phone number'}




              precision    recall  f1-score   support

           0       0.97      0.99      0.98       570
           1       0.91      0.81      0.86        97

    accuracy                           0.96       667
   macro avg       0.94      0.90      0.92       667
weighted avg       0.96      0.96      0.96       667

              precision    recall  f1-score   support

           0       0.96      0.99      0.98       570
           1       0.94      0.77      0.85        97

    accuracy                           0.96       667
   macro avg       0.95      0.88      0.91       667
weighted avg       0.96      0.96      0.96       667

              precision    recall  f1-score   support

           0       0.97      0.99      0.98       570
           1       0.92      0.82      0.87        97

    accuracy                           0.96       667
   macro avg       0.95      0.91      0.92       667
weighted avg       0.96      0.96      0.96       667

[REPAIR EXEC TIME]: 20.384632587432863333
51
Churn rate is: 0.14491449144914492. 
churn_false/churn_true = 5.900621118012422. churn_false - churn_true = 2367. 
The data is imbalanced.
['account length', 'number vmail messages', 'total day minutes', 'total day calls', 'total day charge', 'total eve minutes', 'total eve calls', 'total eve charge', 'total night minutes', 'total night calls', 'total night charge', 'total intl minutes', 'total intl calls', 'total intl charge', 'customer service calls']

{'phone number'}




Traceback (most recent call last):
  File "tree-based-ensemble-models.py", line 305, in <module>
    sm = SMOTE(random_state=0, ratio=1.0)
  File "/home/cgzhu/anaconda3/envs/migration-plus/lib/python3.6/site-packages/imblearn/utils/_validation.py", line 640, in inner_f
    return f(**kwargs)
TypeError: __init__() got an unexpected keyword argument 'ratio'
[Try Solution]: OrderedDict([('API', 'imblearn.over_sampling.SMOTE'), ('action', 'arg_delete'), ('from_name', 'ratio'), ('to_name', '*')])3333
51
Churn rate is: 0.14491449144914492. 
churn_false/churn_true = 5.900621118012422. churn_false - churn_true = 2367. 
The data is imbalanced.
['account length', 'number vmail messages', 'total day minutes', 'total day calls', 'total day charge', 'total eve minutes', 'total eve calls', 'total eve charge', 'total night minutes', 'total night calls', 'total night charge', 'total intl minutes', 'total intl calls', 'total intl charge', 'customer service calls']

{'phone number'}




              precision    recall  f1-score   support

           0       0.97      0.99      0.98       570
           1       0.91      0.81      0.86        97

    accuracy                           0.96       667
   macro avg       0.94      0.90      0.92       667
weighted avg       0.96      0.96      0.96       667

              precision    recall  f1-score   support

           0       0.96      0.99      0.98       570
           1       0.94      0.77      0.85        97

    accuracy                           0.96       667
   macro avg       0.95      0.88      0.91       667
weighted avg       0.96      0.96      0.96       667

              precision    recall  f1-score   support

           0       0.97      0.99      0.98       570
           1       0.92      0.82      0.87        97

    accuracy                           0.96       667
   macro avg       0.95      0.91      0.92       667
weighted avg       0.96      0.96      0.96       667

[REPAIR EXEC TIME]: 20.6077768802642823333
51
Churn rate is: 0.14491449144914492. 
churn_false/churn_true = 5.900621118012422. churn_false - churn_true = 2367. 
The data is imbalanced.
['account length', 'number vmail messages', 'total day minutes', 'total day calls', 'total day charge', 'total eve minutes', 'total eve calls', 'total eve charge', 'total night minutes', 'total night calls', 'total night charge', 'total intl minutes', 'total intl calls', 'total intl charge', 'customer service calls']

{'phone number'}




Traceback (most recent call last):
  File "tree-based-ensemble-models.py", line 305, in <module>
    sm = SMOTE(random_state=0, ratio=1.0)
  File "/home/cgzhu/anaconda3/envs/migration-plus/lib/python3.6/site-packages/imblearn/utils/_validation.py", line 640, in inner_f
    return f(**kwargs)
TypeError: __init__() got an unexpected keyword argument 'ratio'
[Try Solution]: OrderedDict([('API', 'imblearn.over_sampling.SMOTE'), ('action', 'arg_delete'), ('from_name', 'ratio'), ('to_name', '*')])3333
51
Churn rate is: 0.14491449144914492. 
churn_false/churn_true = 5.900621118012422. churn_false - churn_true = 2367. 
The data is imbalanced.
['account length', 'number vmail messages', 'total day minutes', 'total day calls', 'total day charge', 'total eve minutes', 'total eve calls', 'total eve charge', 'total night minutes', 'total night calls', 'total night charge', 'total intl minutes', 'total intl calls', 'total intl charge', 'customer service calls']

{'phone number'}




              precision    recall  f1-score   support

           0       0.97      0.99      0.98       570
           1       0.91      0.81      0.86        97

    accuracy                           0.96       667
   macro avg       0.94      0.90      0.92       667
weighted avg       0.96      0.96      0.96       667

              precision    recall  f1-score   support

           0       0.96      0.99      0.98       570
           1       0.94      0.77      0.85        97

    accuracy                           0.96       667
   macro avg       0.95      0.88      0.91       667
weighted avg       0.96      0.96      0.96       667

              precision    recall  f1-score   support

           0       0.97      0.99      0.98       570
           1       0.92      0.82      0.87        97

    accuracy                           0.96       667
   macro avg       0.95      0.91      0.92       667
weighted avg       0.96      0.96      0.96       667

[REPAIR EXEC TIME]: 21.07158613204956