Traceback (most recent call last):
  File "bank-churn-modelling.py", line 33, in <module>
    from sklearn.externals import joblib
ImportError: cannot import name 'joblib'
[Try Solution]: OrderedDict([('action', 'fqn'), ('old_fqn', 'sklearn.externals.joblib'), ('new_fqn', 'sklearn.experimental'), ('line_no', 33)])<class 'pandas.core.frame.DataFrame'>
RangeIndex: 10000 entries, 0 to 9999
Data columns (total 14 columns):
 #   Column           Non-Null Count  Dtype  
---  ------           --------------  -----  
 0   RowNumber        10000 non-null  int64  
 1   CustomerId       10000 non-null  int64  
 2   Surname          10000 non-null  object 
 3   CreditScore      10000 non-null  int64  
 4   Geography        10000 non-null  object 
 5   Gender           10000 non-null  object 
 6   Age              10000 non-null  int64  
 7   Tenure           10000 non-null  int64  
 8   Balance          10000 non-null  float64
 9   NumOfProducts    10000 non-null  int64  
 10  HasCrCard        10000 non-null  int64  
 11  IsActiveMember   10000 non-null  int64  
 12  EstimatedSalary  10000 non-null  float64
 13  Exited           10000 non-null  int64  
dtypes: float64(2), int64(9), object(3)
memory usage: 1.1+ MB





Accuracy =  0.9226993865030675
classification_report =                precision    recall  f1-score   support

           0       0.90      0.95      0.92       408
           1       0.94      0.90      0.92       407

    accuracy                           0.92       815
   macro avg       0.92      0.92      0.92       815
weighted avg       0.92      0.92      0.92       815

Accuracy =  0.9226993865030675
classification_report =                precision    recall  f1-score   support

           0       0.90      0.95      0.92       408
           1       0.94      0.90      0.92       407

    accuracy                           0.92       815
   macro avg       0.92      0.92      0.92       815
weighted avg       0.92      0.92      0.92       815

Confusion matrix, without normalization
[[386  22]
 [ 41 366]]
Normalized confusion matrix
[[0.94607843 0.05392157]
 [0.1007371  0.8992629 ]]


Traceback (most recent call last):
  File "bank-churn-modelling.py", line 395, in <module>
    sklearn.experimental.dump(model,"customer_churn_mlmodel.pkl")
AttributeError: module 'sklearn' has no attribute 'experimental'
[REPAIR EXEC TIME]: 4.174803733825684