data-analysis-student-s-behavior.py:155: SettingWithCopyWarning: 
A value is trying to be set on a copy of a slice from a DataFrame.
Try using .loc[row_indexer,col_indexer] = value instead

See the caveats in the documentation: https://pandas.pydata.org/pandas-docs/stable/user_guide/indexing.html#returning-a-view-versus-a-copy
  df2['raisedhands'] = pd.cut(df2.raisedhands, bins=3, labels=np.arange(3), right=False)
data-analysis-student-s-behavior.py:166: SettingWithCopyWarning: 
A value is trying to be set on a copy of a slice from a DataFrame.
Try using .loc[row_indexer,col_indexer] = value instead

See the caveats in the documentation: https://pandas.pydata.org/pandas-docs/stable/user_guide/indexing.html#returning-a-view-versus-a-copy
  df2['VisITedResources'] = pd.cut(df2.VisITedResources, bins=3, labels=np.arange(3), right=False)
data-analysis-student-s-behavior.py:175: SettingWithCopyWarning: 
A value is trying to be set on a copy of a slice from a DataFrame.
Try using .loc[row_indexer,col_indexer] = value instead

See the caveats in the documentation: https://pandas.pydata.org/pandas-docs/stable/user_guide/indexing.html#returning-a-view-versus-a-copy
  df2['AnnouncementsView'] = pd.cut(df2.AnnouncementsView, bins=3, labels=np.arange(3), right=False)
data-analysis-student-s-behavior.py:184: SettingWithCopyWarning: 
A value is trying to be set on a copy of a slice from a DataFrame.
Try using .loc[row_indexer,col_indexer] = value instead

See the caveats in the documentation: https://pandas.pydata.org/pandas-docs/stable/user_guide/indexing.html#returning-a-view-versus-a-copy
  df2['Discussion'] = pd.cut(df2.Discussion, bins=3, labels=np.arange(3), right=False)


Train set: (384, 4) (384,)
Test set: (96, 4) (96,)
The best accuracy was with 0.6458333333333334 with k= 4
Traceback (most recent call last):
  File "data-analysis-student-s-behavior.py", line 446, in <module>
    print("KNN Jaccard index: %.2f" % jaccard_score(y_test, knn_yhat))
  File "/home/cgzhu/anaconda3/envs/migration-plus/lib/python3.6/site-packages/sklearn/utils/validation.py", line 73, in inner_f
    return f(**kwargs)
  File "/home/cgzhu/anaconda3/envs/migration-plus/lib/python3.6/site-packages/sklearn/metrics/_classification.py", line 736, in jaccard_score
    pos_label)
  File "/home/cgzhu/anaconda3/envs/migration-plus/lib/python3.6/site-packages/sklearn/metrics/_classification.py", line 1265, in _check_set_wise_labels
    % (y_type, average_options))
ValueError: Target is multiclass but average='binary'. Please choose another average setting, one of [None, 'micro', 'macro', 'weighted'].
