(3759, 9)
(418, 9)
<class 'pandas.core.frame.DataFrame'>
RangeIndex: 3759 entries, 0 to 3758
Data columns (total 9 columns):
 #   Column          Non-Null Count  Dtype  
---  ------          --------------  -----  
 0   Sex             3759 non-null   object 
 1   Length          3759 non-null   float64
 2   Diameter        3759 non-null   float64
 3   Height          3759 non-null   float64
 4   Whole weight    3759 non-null   float64
 5   Shucked weight  3759 non-null   float64
 6   Viscera weight  3759 non-null   float64
 7   Shell weight    3759 non-null   float64
 8   Rings           3759 non-null   int64  
dtypes: float64(7), int64(1), object(1)
memory usage: 264.4+ KB
(3007, 10)
(752, 10)
Traceback (most recent call last):
  File "abalone-rings.py", line 110, in <module>
    model = build_nn()
  File "abalone-rings.py", line 100, in build_nn
    model = keras.models.Sequential([ keras.layers.Dense(32, 'relu', kernel_initializer=keras.initializers.HeUniform(), activity_regularizer=keras.regularizers.l1_l2(l1=1e-5, l2=1e-6)), keras.layers.Dense(1), ]) 
AttributeError: module 'tensorflow.keras.initializers' has no attribute 'HeUniform'
