data-analysis-student-s-behavior.py:155: SettingWithCopyWarning: 
A value is trying to be set on a copy of a slice from a DataFrame.
Try using .loc[row_indexer,col_indexer] = value instead

See the caveats in the documentation: https://pandas.pydata.org/pandas-docs/stable/user_guide/indexing.html#returning-a-view-versus-a-copy
  df2['raisedhands'] = pd.cut(df2.raisedhands, bins=3, labels=np.arange(3), right=False)
data-analysis-student-s-behavior.py:166: SettingWithCopyWarning: 
A value is trying to be set on a copy of a slice from a DataFrame.
Try using .loc[row_indexer,col_indexer] = value instead

See the caveats in the documentation: https://pandas.pydata.org/pandas-docs/stable/user_guide/indexing.html#returning-a-view-versus-a-copy
  df2['VisITedResources'] = pd.cut(df2.VisITedResources, bins=3, labels=np.arange(3), right=False)
data-analysis-student-s-behavior.py:175: SettingWithCopyWarning: 
A value is trying to be set on a copy of a slice from a DataFrame.
Try using .loc[row_indexer,col_indexer] = value instead

See the caveats in the documentation: https://pandas.pydata.org/pandas-docs/stable/user_guide/indexing.html#returning-a-view-versus-a-copy
  df2['AnnouncementsView'] = pd.cut(df2.AnnouncementsView, bins=3, labels=np.arange(3), right=False)
data-analysis-student-s-behavior.py:184: SettingWithCopyWarning: 
A value is trying to be set on a copy of a slice from a DataFrame.
Try using .loc[row_indexer,col_indexer] = value instead

See the caveats in the documentation: https://pandas.pydata.org/pandas-docs/stable/user_guide/indexing.html#returning-a-view-versus-a-copy
  df2['Discussion'] = pd.cut(df2.Discussion, bins=3, labels=np.arange(3), right=False)


Train set: (384, 4) (384,)
Test set: (96, 4) (96,)
The best accuracy was with 0.6458333333333334 with k= 4
KNN Jaccard index: 0.48
KNN F1-score: 0.64
Decision Tree Jaccard index: 0.42
Decision Tree F1-score: 0.60
SVM Jaccard index: 0.43
SVM F1-score: 0.60
LR Jaccard index: 0.45
LR F1-score: 0.61
LR LogLoss: 0.90
