xAPI-Edu-Data.csv

Traceback (most recent call last):
  File "student-s-academic-performance-with-ml-eda.py", line 43, in <module>
    import plotly.plotly as py
  File "/home/cgzhu/anaconda3/envs/migration-plus/lib/python3.6/site-packages/plotly/plotly/__init__.py", line 4, in <module>
    _chart_studio_error("plotly")
  File "/home/cgzhu/anaconda3/envs/migration-plus/lib/python3.6/site-packages/_plotly_future_/__init__.py", line 49, in _chart_studio_error
    submodule=submodule
ImportError: 
The plotly.plotly module is deprecated,
please install the chart-studio package and use the
chart_studio.plotly module instead. 

[Try Solution]: OrderedDict([('action', 'fqn'), ('old_fqn', 'plotly.plotly'), ('new_fqn', 'plotly.io'), ('line_no', 43)])/home/cgzhu/anaconda3/envs/migration-plus/lib/python3.6/site-packages/sklearn/linear_model/_logistic.py:764: ConvergenceWarning:

lbfgs failed to converge (status=1):
STOP: TOTAL NO. of ITERATIONS REACHED LIMIT.

Increase the number of iterations (max_iter) or scale the data as shown in:
    https://scikit-learn.org/stable/modules/preprocessing.html
Please also refer to the documentation for alternative solver options:
    https://scikit-learn.org/stable/modules/linear_model.html#logistic-regression

/home/cgzhu/anaconda3/envs/migration-plus/lib/python3.6/site-packages/xgboost/sklearn.py:892: UserWarning:

The use of label encoder in XGBClassifier is deprecated and will be removed in a future release. To remove this warning, do the following: 1) Pass option use_label_encoder=False when constructing XGBClassifier object; and 2) Encode your labels (y) as integers starting with 0, i.e. 0, 1, 2, ..., [num_class - 1].

xAPI-Edu-Data.csv

{'text/html': '        <script type="text/javascript">\n        window.PlotlyConfig = {MathJaxConfig: \'local\'};\n        if (window.MathJax) {MathJax.Hub.Config({SVG: {font: "STIX-Web"}});}\n        if (typeof require !== \'undefined\') {\n        require.undef("plotly");\n        requirejs.config({\n            paths: {\n                \'plotly\': [\'https://cdn.plot.ly/plotly-latest.min\']\n            }\n        });\n        require([\'plotly\'], function(Plotly) {\n            window._Plotly = Plotly;\n        });\n        }\n        </script>\n        '}
(480, 17)

['L' 'M' 'L' 'L' 'M' 'L' 'M' 'H' 'M' 'M' 'M' 'L' 'M' 'L' 'M' 'L' 'H' 'M'
 'M' 'M' 'M' 'H' 'L' 'L' 'H' 'L' 'M' 'H' 'H' 'M' 'M' 'H' 'L' 'M' 'M' 'L'
 'L' 'L' 'H' 'L' 'M' 'M' 'H' 'M' 'H' 'L' 'M' 'L' 'M' 'L' 'H' 'H' 'M' 'M'
 'H' 'M' 'H' 'L' 'L' 'H' 'L' 'H' 'M' 'M' 'H' 'M' 'L' 'L' 'H' 'M' 'H' 'H'
 'H' 'H' 'H' 'H' 'M' 'H' 'M' 'H' 'L' 'H' 'M' 'M' 'L' 'M' 'M' 'H' 'M' 'M'
 'L' 'M' 'M' 'H' 'M' 'H']
0.7708333333333334
              precision    recall  f1-score   support

           H       0.83      0.71      0.77        35
           L       0.77      0.91      0.83        22
           M       0.72      0.74      0.73        39

    accuracy                           0.77        96
   macro avg       0.78      0.79      0.78        96
weighted avg       0.77      0.77      0.77        96

[16:11:04] WARNING: ../src/learner.cc:1061: Starting in XGBoost 1.3.0, the default evaluation metric used with the objective 'multi:softprob' was changed from 'merror' to 'mlogloss'. Explicitly set eval_metric if you'd like to restore the old behavior.
              precision    recall  f1-score   support

           H       0.88      0.80      0.84        35
           L       0.85      1.00      0.92        22
           M       0.82      0.79      0.81        39

    accuracy                           0.84        96
   macro avg       0.85      0.86      0.85        96
weighted avg       0.84      0.84      0.84        96

0.84375
[REPAIR EXEC TIME]: 8.091267347335815xAPI-Edu-Data.csv

Traceback (most recent call last):
  File "student-s-academic-performance-with-ml-eda.py", line 43, in <module>
    import plotly.plotly as py
  File "/home/cgzhu/anaconda3/envs/migration-plus/lib/python3.6/site-packages/plotly/plotly/__init__.py", line 4, in <module>
    _chart_studio_error("plotly")
  File "/home/cgzhu/anaconda3/envs/migration-plus/lib/python3.6/site-packages/_plotly_future_/__init__.py", line 49, in _chart_studio_error
    submodule=submodule
ImportError: 
The plotly.plotly module is deprecated,
please install the chart-studio package and use the
chart_studio.plotly module instead. 

[Try Solution]: OrderedDict([('action', 'fqn'), ('old_fqn', 'plotly.plotly'), ('new_fqn', 'plotly.io'), ('line_no', 43)])/home/cgzhu/anaconda3/envs/migration-plus/lib/python3.6/site-packages/sklearn/linear_model/_logistic.py:764: ConvergenceWarning:

lbfgs failed to converge (status=1):
STOP: TOTAL NO. of ITERATIONS REACHED LIMIT.

Increase the number of iterations (max_iter) or scale the data as shown in:
    https://scikit-learn.org/stable/modules/preprocessing.html
Please also refer to the documentation for alternative solver options:
    https://scikit-learn.org/stable/modules/linear_model.html#logistic-regression

/home/cgzhu/anaconda3/envs/migration-plus/lib/python3.6/site-packages/xgboost/sklearn.py:892: UserWarning:

The use of label encoder in XGBClassifier is deprecated and will be removed in a future release. To remove this warning, do the following: 1) Pass option use_label_encoder=False when constructing XGBClassifier object; and 2) Encode your labels (y) as integers starting with 0, i.e. 0, 1, 2, ..., [num_class - 1].

xAPI-Edu-Data.csv

{'text/html': '        <script type="text/javascript">\n        window.PlotlyConfig = {MathJaxConfig: \'local\'};\n        if (window.MathJax) {MathJax.Hub.Config({SVG: {font: "STIX-Web"}});}\n        if (typeof require !== \'undefined\') {\n        require.undef("plotly");\n        requirejs.config({\n            paths: {\n                \'plotly\': [\'https://cdn.plot.ly/plotly-latest.min\']\n            }\n        });\n        require([\'plotly\'], function(Plotly) {\n            window._Plotly = Plotly;\n        });\n        }\n        </script>\n        '}
(480, 17)

['L' 'M' 'L' 'L' 'M' 'L' 'M' 'H' 'M' 'M' 'M' 'L' 'M' 'L' 'M' 'L' 'H' 'M'
 'M' 'M' 'M' 'H' 'L' 'L' 'H' 'L' 'M' 'H' 'H' 'M' 'M' 'H' 'L' 'M' 'M' 'L'
 'L' 'L' 'H' 'L' 'M' 'M' 'H' 'M' 'H' 'L' 'M' 'L' 'M' 'L' 'H' 'H' 'M' 'M'
 'H' 'M' 'H' 'L' 'L' 'H' 'L' 'H' 'M' 'M' 'H' 'M' 'L' 'L' 'H' 'M' 'H' 'H'
 'H' 'H' 'H' 'H' 'M' 'H' 'M' 'H' 'L' 'H' 'M' 'M' 'L' 'M' 'M' 'H' 'M' 'M'
 'L' 'M' 'M' 'H' 'M' 'H']
0.7708333333333334
              precision    recall  f1-score   support

           H       0.83      0.71      0.77        35
           L       0.77      0.91      0.83        22
           M       0.72      0.74      0.73        39

    accuracy                           0.77        96
   macro avg       0.78      0.79      0.78        96
weighted avg       0.77      0.77      0.77        96

[16:55:39] WARNING: ../src/learner.cc:1061: Starting in XGBoost 1.3.0, the default evaluation metric used with the objective 'multi:softprob' was changed from 'merror' to 'mlogloss'. Explicitly set eval_metric if you'd like to restore the old behavior.
              precision    recall  f1-score   support

           H       0.88      0.80      0.84        35
           L       0.85      1.00      0.92        22
           M       0.82      0.79      0.81        39

    accuracy                           0.84        96
   macro avg       0.85      0.86      0.85        96
weighted avg       0.84      0.84      0.84        96

0.84375
[REPAIR EXEC TIME]: 8.90728497505188xAPI-Edu-Data.csv

Traceback (most recent call last):
  File "student-s-academic-performance-with-ml-eda.py", line 43, in <module>
    import plotly.plotly as py
  File "/home/cgzhu/anaconda3/envs/migration-plus/lib/python3.6/site-packages/plotly/plotly/__init__.py", line 4, in <module>
    _chart_studio_error("plotly")
  File "/home/cgzhu/anaconda3/envs/migration-plus/lib/python3.6/site-packages/_plotly_future_/__init__.py", line 49, in _chart_studio_error
    submodule=submodule
ImportError: 
The plotly.plotly module is deprecated,
please install the chart-studio package and use the
chart_studio.plotly module instead. 

[Try Solution]: OrderedDict([('action', 'fqn'), ('old_fqn', 'plotly.plotly'), ('new_fqn', 'plotly.io'), ('line_no', 43)])/home/cgzhu/anaconda3/envs/migration-plus/lib/python3.6/site-packages/sklearn/linear_model/_logistic.py:764: ConvergenceWarning:

lbfgs failed to converge (status=1):
STOP: TOTAL NO. of ITERATIONS REACHED LIMIT.

Increase the number of iterations (max_iter) or scale the data as shown in:
    https://scikit-learn.org/stable/modules/preprocessing.html
Please also refer to the documentation for alternative solver options:
    https://scikit-learn.org/stable/modules/linear_model.html#logistic-regression

/home/cgzhu/anaconda3/envs/migration-plus/lib/python3.6/site-packages/xgboost/sklearn.py:892: UserWarning:

The use of label encoder in XGBClassifier is deprecated and will be removed in a future release. To remove this warning, do the following: 1) Pass option use_label_encoder=False when constructing XGBClassifier object; and 2) Encode your labels (y) as integers starting with 0, i.e. 0, 1, 2, ..., [num_class - 1].

xAPI-Edu-Data.csv

{'text/html': '        <script type="text/javascript">\n        window.PlotlyConfig = {MathJaxConfig: \'local\'};\n        if (window.MathJax) {MathJax.Hub.Config({SVG: {font: "STIX-Web"}});}\n        if (typeof require !== \'undefined\') {\n        require.undef("plotly");\n        requirejs.config({\n            paths: {\n                \'plotly\': [\'https://cdn.plot.ly/plotly-latest.min\']\n            }\n        });\n        require([\'plotly\'], function(Plotly) {\n            window._Plotly = Plotly;\n        });\n        }\n        </script>\n        '}
(480, 17)

['L' 'M' 'L' 'L' 'M' 'L' 'M' 'H' 'M' 'M' 'M' 'L' 'M' 'L' 'M' 'L' 'H' 'M'
 'M' 'M' 'M' 'H' 'L' 'L' 'H' 'L' 'M' 'H' 'H' 'M' 'M' 'H' 'L' 'M' 'M' 'L'
 'L' 'L' 'H' 'L' 'M' 'M' 'H' 'M' 'H' 'L' 'M' 'L' 'M' 'L' 'H' 'H' 'M' 'M'
 'H' 'M' 'H' 'L' 'L' 'H' 'L' 'H' 'M' 'M' 'H' 'M' 'L' 'L' 'H' 'M' 'H' 'H'
 'H' 'H' 'H' 'H' 'M' 'H' 'M' 'H' 'L' 'H' 'M' 'M' 'L' 'M' 'M' 'H' 'M' 'M'
 'L' 'M' 'M' 'H' 'M' 'H']
0.7708333333333334
              precision    recall  f1-score   support

           H       0.83      0.71      0.77        35
           L       0.77      0.91      0.83        22
           M       0.72      0.74      0.73        39

    accuracy                           0.77        96
   macro avg       0.78      0.79      0.78        96
weighted avg       0.77      0.77      0.77        96

[17:35:52] WARNING: ../src/learner.cc:1061: Starting in XGBoost 1.3.0, the default evaluation metric used with the objective 'multi:softprob' was changed from 'merror' to 'mlogloss'. Explicitly set eval_metric if you'd like to restore the old behavior.
              precision    recall  f1-score   support

           H       0.88      0.80      0.84        35
           L       0.85      1.00      0.92        22
           M       0.82      0.79      0.81        39

    accuracy                           0.84        96
   macro avg       0.85      0.86      0.85        96
weighted avg       0.84      0.84      0.84        96

0.84375
[REPAIR EXEC TIME]: 7.672403335571289