<class 'pandas.core.frame.DataFrame'>
RangeIndex: 20640 entries, 0 to 20639
Data columns (total 10 columns):
 #   Column              Non-Null Count  Dtype  
---  ------              --------------  -----  
 0   longitude           20640 non-null  float64
 1   latitude            20640 non-null  float64
 2   housing_median_age  20640 non-null  float64
 3   total_rooms         20640 non-null  float64
 4   total_bedrooms      20433 non-null  float64
 5   population          20640 non-null  float64
 6   households          20640 non-null  float64
 7   median_income       20640 non-null  float64
 8   median_house_value  20640 non-null  float64
 9   ocean_proximity     20640 non-null  object 
dtypes: float64(9), object(1)
memory usage: 1.6+ MB

16512 train + 4128 test
16362 train +  4278 test
Traceback (most recent call last):
  File "california-housing-tutorial.py", line 204, in <module>
    from sklearn.preprocessing import Imputer
ImportError: cannot import name 'Imputer'
[Try Solution]: OrderedDict([('action', 'fqn'), ('old_fqn', 'sklearn.preprocessing.Imputer'), ('new_fqn', 'sklearn.preprocessing.scale'), ('line_no', 204)])<class 'pandas.core.frame.DataFrame'>
RangeIndex: 20640 entries, 0 to 20639
Data columns (total 10 columns):
 #   Column              Non-Null Count  Dtype  
---  ------              --------------  -----  
 0   longitude           20640 non-null  float64
 1   latitude            20640 non-null  float64
 2   housing_median_age  20640 non-null  float64
 3   total_rooms         20640 non-null  float64
 4   total_bedrooms      20433 non-null  float64
 5   population          20640 non-null  float64
 6   households          20640 non-null  float64
 7   median_income       20640 non-null  float64
 8   median_house_value  20640 non-null  float64
 9   ocean_proximity     20640 non-null  object 
dtypes: float64(9), object(1)
memory usage: 1.6+ MB

16512 train + 4128 test
16362 train +  4278 test
Traceback (most recent call last):
  File "california-housing-tutorial.py", line 206, in <module>
    imputer = scale(strategy="median")
  File "/home/cgzhu/anaconda3/envs/migration-plus/lib/python3.6/site-packages/sklearn/utils/validation.py", line 73, in inner_f
    return f(**kwargs)
TypeError: scale() got an unexpected keyword argument 'strategy'
[Try Solution]: OrderedDict([('API', 'sklearn.preprocessing.scale'), ('action', 'arg_delete'), ('from_name', 'strategy'), ('to_name', '*')])<class 'pandas.core.frame.DataFrame'>
RangeIndex: 20640 entries, 0 to 20639
Data columns (total 10 columns):
 #   Column              Non-Null Count  Dtype  
---  ------              --------------  -----  
 0   longitude           20640 non-null  float64
 1   latitude            20640 non-null  float64
 2   housing_median_age  20640 non-null  float64
 3   total_rooms         20640 non-null  float64
 4   total_bedrooms      20433 non-null  float64
 5   population          20640 non-null  float64
 6   households          20640 non-null  float64
 7   median_income       20640 non-null  float64
 8   median_house_value  20640 non-null  float64
 9   ocean_proximity     20640 non-null  object 
dtypes: float64(9), object(1)
memory usage: 1.6+ MB

16512 train + 4128 test
16362 train +  4278 test
Traceback (most recent call last):
  File "california-housing-tutorial.py", line 206, in <module>
    imputer = scale()
  File "/home/cgzhu/anaconda3/envs/migration-plus/lib/python3.6/site-packages/sklearn/utils/validation.py", line 73, in inner_f
    return f(**kwargs)
TypeError: scale() missing 1 required positional argument: 'X'
[Try Solution]: OrderedDict([('API', 'sklearn.preprocessing.scale'), ('action', 'arg_rename'), ('from_name', 'strategy'), ('to_name', 'X')])<class 'pandas.core.frame.DataFrame'>
RangeIndex: 20640 entries, 0 to 20639
Data columns (total 10 columns):
 #   Column              Non-Null Count  Dtype  
---  ------              --------------  -----  
 0   longitude           20640 non-null  float64
 1   latitude            20640 non-null  float64
 2   housing_median_age  20640 non-null  float64
 3   total_rooms         20640 non-null  float64
 4   total_bedrooms      20433 non-null  float64
 5   population          20640 non-null  float64
 6   households          20640 non-null  float64
 7   median_income       20640 non-null  float64
 8   median_house_value  20640 non-null  float64
 9   ocean_proximity     20640 non-null  object 
dtypes: float64(9), object(1)
memory usage: 1.6+ MB

16512 train + 4128 test
16362 train +  4278 test
Traceback (most recent call last):
  File "california-housing-tutorial.py", line 206, in <module>
    imputer = scale(X="median")
  File "/home/cgzhu/anaconda3/envs/migration-plus/lib/python3.6/site-packages/sklearn/utils/validation.py", line 73, in inner_f
    return f(**kwargs)
  File "/home/cgzhu/anaconda3/envs/migration-plus/lib/python3.6/site-packages/sklearn/preprocessing/_data.py", line 143, in scale
    force_all_finite='allow-nan')
  File "/home/cgzhu/anaconda3/envs/migration-plus/lib/python3.6/site-packages/sklearn/utils/validation.py", line 73, in inner_f
    return f(**kwargs)
  File "/home/cgzhu/anaconda3/envs/migration-plus/lib/python3.6/site-packages/sklearn/utils/validation.py", line 599, in check_array
    array = np.asarray(array, order=order, dtype=dtype)
  File "/home/cgzhu/anaconda3/envs/migration-plus/lib/python3.6/site-packages/numpy/core/_asarray.py", line 85, in asarray
    return array(a, dtype, copy=False, order=order)
ValueError: could not convert string to float: 'median'
[Try Solution]: OrderedDict([('API', 'sklearn.preprocessing.scale'), ('action', 'arg_value_update'), ('arg_name', 'with_mean'), ('target_value', 'True')])<class 'pandas.core.frame.DataFrame'>
RangeIndex: 20640 entries, 0 to 20639
Data columns (total 10 columns):
 #   Column              Non-Null Count  Dtype  
---  ------              --------------  -----  
 0   longitude           20640 non-null  float64
 1   latitude            20640 non-null  float64
 2   housing_median_age  20640 non-null  float64
 3   total_rooms         20640 non-null  float64
 4   total_bedrooms      20433 non-null  float64
 5   population          20640 non-null  float64
 6   households          20640 non-null  float64
 7   median_income       20640 non-null  float64
 8   median_house_value  20640 non-null  float64
 9   ocean_proximity     20640 non-null  object 
dtypes: float64(9), object(1)
memory usage: 1.6+ MB

16512 train + 4128 test
16362 train +  4278 test
Traceback (most recent call last):
  File "california-housing-tutorial.py", line 206, in <module>
    imputer = scale(X="median",with_mean=True)
  File "/home/cgzhu/anaconda3/envs/migration-plus/lib/python3.6/site-packages/sklearn/utils/validation.py", line 73, in inner_f
    return f(**kwargs)
  File "/home/cgzhu/anaconda3/envs/migration-plus/lib/python3.6/site-packages/sklearn/preprocessing/_data.py", line 143, in scale
    force_all_finite='allow-nan')
  File "/home/cgzhu/anaconda3/envs/migration-plus/lib/python3.6/site-packages/sklearn/utils/validation.py", line 73, in inner_f
    return f(**kwargs)
  File "/home/cgzhu/anaconda3/envs/migration-plus/lib/python3.6/site-packages/sklearn/utils/validation.py", line 599, in check_array
    array = np.asarray(array, order=order, dtype=dtype)
  File "/home/cgzhu/anaconda3/envs/migration-plus/lib/python3.6/site-packages/numpy/core/_asarray.py", line 85, in asarray
    return array(a, dtype, copy=False, order=order)
ValueError: could not convert string to float: 'median'
[Try Solution]: OrderedDict([('API', 'sklearn.preprocessing.scale'), ('action', 'arg_value_update'), ('arg_name', 'with_mean'), ('target_value', 'False')])<class 'pandas.core.frame.DataFrame'>
RangeIndex: 20640 entries, 0 to 20639
Data columns (total 10 columns):
 #   Column              Non-Null Count  Dtype  
---  ------              --------------  -----  
 0   longitude           20640 non-null  float64
 1   latitude            20640 non-null  float64
 2   housing_median_age  20640 non-null  float64
 3   total_rooms         20640 non-null  float64
 4   total_bedrooms      20433 non-null  float64
 5   population          20640 non-null  float64
 6   households          20640 non-null  float64
 7   median_income       20640 non-null  float64
 8   median_house_value  20640 non-null  float64
 9   ocean_proximity     20640 non-null  object 
dtypes: float64(9), object(1)
memory usage: 1.6+ MB

16512 train + 4128 test
16362 train +  4278 test
Traceback (most recent call last):
  File "california-housing-tutorial.py", line 206, in <module>
    imputer = scale(X="median",with_mean=False)
  File "/home/cgzhu/anaconda3/envs/migration-plus/lib/python3.6/site-packages/sklearn/utils/validation.py", line 73, in inner_f
    return f(**kwargs)
  File "/home/cgzhu/anaconda3/envs/migration-plus/lib/python3.6/site-packages/sklearn/preprocessing/_data.py", line 143, in scale
    force_all_finite='allow-nan')
  File "/home/cgzhu/anaconda3/envs/migration-plus/lib/python3.6/site-packages/sklearn/utils/validation.py", line 73, in inner_f
    return f(**kwargs)
  File "/home/cgzhu/anaconda3/envs/migration-plus/lib/python3.6/site-packages/sklearn/utils/validation.py", line 599, in check_array
    array = np.asarray(array, order=order, dtype=dtype)
  File "/home/cgzhu/anaconda3/envs/migration-plus/lib/python3.6/site-packages/numpy/core/_asarray.py", line 85, in asarray
    return array(a, dtype, copy=False, order=order)
ValueError: could not convert string to float: 'median'
[Try Solution]: OrderedDict([('API', 'sklearn.preprocessing.scale'), ('action', 'arg_value_update'), ('arg_name', 'with_std'), ('target_value', 'True')])<class 'pandas.core.frame.DataFrame'>
RangeIndex: 20640 entries, 0 to 20639
Data columns (total 10 columns):
 #   Column              Non-Null Count  Dtype  
---  ------              --------------  -----  
 0   longitude           20640 non-null  float64
 1   latitude            20640 non-null  float64
 2   housing_median_age  20640 non-null  float64
 3   total_rooms         20640 non-null  float64
 4   total_bedrooms      20433 non-null  float64
 5   population          20640 non-null  float64
 6   households          20640 non-null  float64
 7   median_income       20640 non-null  float64
 8   median_house_value  20640 non-null  float64
 9   ocean_proximity     20640 non-null  object 
dtypes: float64(9), object(1)
memory usage: 1.6+ MB

16512 train + 4128 test
16362 train +  4278 test
Traceback (most recent call last):
  File "california-housing-tutorial.py", line 206, in <module>
    imputer = scale(X="median",with_std=True)
  File "/home/cgzhu/anaconda3/envs/migration-plus/lib/python3.6/site-packages/sklearn/utils/validation.py", line 73, in inner_f
    return f(**kwargs)
  File "/home/cgzhu/anaconda3/envs/migration-plus/lib/python3.6/site-packages/sklearn/preprocessing/_data.py", line 143, in scale
    force_all_finite='allow-nan')
  File "/home/cgzhu/anaconda3/envs/migration-plus/lib/python3.6/site-packages/sklearn/utils/validation.py", line 73, in inner_f
    return f(**kwargs)
  File "/home/cgzhu/anaconda3/envs/migration-plus/lib/python3.6/site-packages/sklearn/utils/validation.py", line 599, in check_array
    array = np.asarray(array, order=order, dtype=dtype)
  File "/home/cgzhu/anaconda3/envs/migration-plus/lib/python3.6/site-packages/numpy/core/_asarray.py", line 85, in asarray
    return array(a, dtype, copy=False, order=order)
ValueError: could not convert string to float: 'median'
[Try Solution]: OrderedDict([('API', 'sklearn.preprocessing.scale'), ('action', 'arg_value_update'), ('arg_name', 'with_std'), ('target_value', 'False')])<class 'pandas.core.frame.DataFrame'>
RangeIndex: 20640 entries, 0 to 20639
Data columns (total 10 columns):
 #   Column              Non-Null Count  Dtype  
---  ------              --------------  -----  
 0   longitude           20640 non-null  float64
 1   latitude            20640 non-null  float64
 2   housing_median_age  20640 non-null  float64
 3   total_rooms         20640 non-null  float64
 4   total_bedrooms      20433 non-null  float64
 5   population          20640 non-null  float64
 6   households          20640 non-null  float64
 7   median_income       20640 non-null  float64
 8   median_house_value  20640 non-null  float64
 9   ocean_proximity     20640 non-null  object 
dtypes: float64(9), object(1)
memory usage: 1.6+ MB

16512 train + 4128 test
16362 train +  4278 test
Traceback (most recent call last):
  File "california-housing-tutorial.py", line 206, in <module>
    imputer = scale(X="median",with_std=False)
  File "/home/cgzhu/anaconda3/envs/migration-plus/lib/python3.6/site-packages/sklearn/utils/validation.py", line 73, in inner_f
    return f(**kwargs)
  File "/home/cgzhu/anaconda3/envs/migration-plus/lib/python3.6/site-packages/sklearn/preprocessing/_data.py", line 143, in scale
    force_all_finite='allow-nan')
  File "/home/cgzhu/anaconda3/envs/migration-plus/lib/python3.6/site-packages/sklearn/utils/validation.py", line 73, in inner_f
    return f(**kwargs)
  File "/home/cgzhu/anaconda3/envs/migration-plus/lib/python3.6/site-packages/sklearn/utils/validation.py", line 599, in check_array
    array = np.asarray(array, order=order, dtype=dtype)
  File "/home/cgzhu/anaconda3/envs/migration-plus/lib/python3.6/site-packages/numpy/core/_asarray.py", line 85, in asarray
    return array(a, dtype, copy=False, order=order)
ValueError: could not convert string to float: 'median'
[Try Solution]: OrderedDict([('API', 'sklearn.preprocessing.scale'), ('action', 'arg_value_update'), ('arg_name', 'copy'), ('target_value', 'True')])<class 'pandas.core.frame.DataFrame'>
RangeIndex: 20640 entries, 0 to 20639
Data columns (total 10 columns):
 #   Column              Non-Null Count  Dtype  
---  ------              --------------  -----  
 0   longitude           20640 non-null  float64
 1   latitude            20640 non-null  float64
 2   housing_median_age  20640 non-null  float64
 3   total_rooms         20640 non-null  float64
 4   total_bedrooms      20433 non-null  float64
 5   population          20640 non-null  float64
 6   households          20640 non-null  float64
 7   median_income       20640 non-null  float64
 8   median_house_value  20640 non-null  float64
 9   ocean_proximity     20640 non-null  object 
dtypes: float64(9), object(1)
memory usage: 1.6+ MB

16512 train + 4128 test
16362 train +  4278 test
Traceback (most recent call last):
  File "california-housing-tutorial.py", line 206, in <module>
    imputer = scale(X="median",copy=True)
  File "/home/cgzhu/anaconda3/envs/migration-plus/lib/python3.6/site-packages/sklearn/utils/validation.py", line 73, in inner_f
    return f(**kwargs)
  File "/home/cgzhu/anaconda3/envs/migration-plus/lib/python3.6/site-packages/sklearn/preprocessing/_data.py", line 143, in scale
    force_all_finite='allow-nan')
  File "/home/cgzhu/anaconda3/envs/migration-plus/lib/python3.6/site-packages/sklearn/utils/validation.py", line 73, in inner_f
    return f(**kwargs)
  File "/home/cgzhu/anaconda3/envs/migration-plus/lib/python3.6/site-packages/sklearn/utils/validation.py", line 599, in check_array
    array = np.asarray(array, order=order, dtype=dtype)
  File "/home/cgzhu/anaconda3/envs/migration-plus/lib/python3.6/site-packages/numpy/core/_asarray.py", line 85, in asarray
    return array(a, dtype, copy=False, order=order)
ValueError: could not convert string to float: 'median'
[Try Solution]: OrderedDict([('API', 'sklearn.preprocessing.scale'), ('action', 'arg_value_update'), ('arg_name', 'copy'), ('target_value', 'False')])<class 'pandas.core.frame.DataFrame'>
RangeIndex: 20640 entries, 0 to 20639
Data columns (total 10 columns):
 #   Column              Non-Null Count  Dtype  
---  ------              --------------  -----  
 0   longitude           20640 non-null  float64
 1   latitude            20640 non-null  float64
 2   housing_median_age  20640 non-null  float64
 3   total_rooms         20640 non-null  float64
 4   total_bedrooms      20433 non-null  float64
 5   population          20640 non-null  float64
 6   households          20640 non-null  float64
 7   median_income       20640 non-null  float64
 8   median_house_value  20640 non-null  float64
 9   ocean_proximity     20640 non-null  object 
dtypes: float64(9), object(1)
memory usage: 1.6+ MB

16512 train + 4128 test
16362 train +  4278 test
Traceback (most recent call last):
  File "california-housing-tutorial.py", line 206, in <module>
    imputer = scale(X="median",copy=False)
  File "/home/cgzhu/anaconda3/envs/migration-plus/lib/python3.6/site-packages/sklearn/utils/validation.py", line 73, in inner_f
    return f(**kwargs)
  File "/home/cgzhu/anaconda3/envs/migration-plus/lib/python3.6/site-packages/sklearn/preprocessing/_data.py", line 143, in scale
    force_all_finite='allow-nan')
  File "/home/cgzhu/anaconda3/envs/migration-plus/lib/python3.6/site-packages/sklearn/utils/validation.py", line 73, in inner_f
    return f(**kwargs)
  File "/home/cgzhu/anaconda3/envs/migration-plus/lib/python3.6/site-packages/sklearn/utils/validation.py", line 599, in check_array
    array = np.asarray(array, order=order, dtype=dtype)
  File "/home/cgzhu/anaconda3/envs/migration-plus/lib/python3.6/site-packages/numpy/core/_asarray.py", line 85, in asarray
    return array(a, dtype, copy=False, order=order)
ValueError: could not convert string to float: 'median'
[REPAIR EXEC TIME]: 40.94310665130615