['housing.csv']
<class 'pandas.core.frame.DataFrame'>
RangeIndex: 20640 entries, 0 to 20639
Data columns (total 10 columns):
 #   Column              Non-Null Count  Dtype  
---  ------              --------------  -----  
 0   longitude           20640 non-null  float64
 1   latitude            20640 non-null  float64
 2   housing_median_age  20640 non-null  float64
 3   total_rooms         20640 non-null  float64
 4   total_bedrooms      20433 non-null  float64
 5   population          20640 non-null  float64
 6   households          20640 non-null  float64
 7   median_income       20640 non-null  float64
 8   median_house_value  20640 non-null  float64
 9   ocean_proximity     20640 non-null  object 
dtypes: float64(9), object(1)
memory usage: 1.6+ MB

Scores: [68276.96248968 66663.82489901 70014.10320877 69880.99697875
 71395.55964775 74442.98062643 70824.8735298  71399.37377919
 76350.15191576 70238.18299109]
Mean: 70948.70100662259
Standard Deviation: 2642.3556643308902
Scores: [66782.73843989 66960.118071   70347.95244419 74739.57052552
 68031.13388938 71193.84183426 64969.63056405 68281.61137997
 71552.91566558 67665.10082067]
Mean: 69052.46136345083
Standard Deviation: 2731.674001798349
Scores: [49357.48958372 47572.47307457 50243.86918451 52166.1370958
 49486.19296538 53534.94867444 49172.62789631 47960.38828076
 53137.12540912 50252.61028762]
Mean: 50288.38624522339
Standard Deviation: 1942.5614686345
63531.33742379701 {'max_features': 2, 'n_estimators': 3}
55303.50434798415 {'max_features': 2, 'n_estimators': 10}
52719.55622016103 {'max_features': 2, 'n_estimators': 30}
60412.339290291246 {'max_features': 4, 'n_estimators': 3}
53039.43307777033 {'max_features': 4, 'n_estimators': 10}
50361.37876214066 {'max_features': 4, 'n_estimators': 30}
59456.5311694229 {'max_features': 6, 'n_estimators': 3}
51930.848463526374 {'max_features': 6, 'n_estimators': 10}
50241.68237022007 {'max_features': 6, 'n_estimators': 30}
59157.769088256005 {'max_features': 8, 'n_estimators': 3}
51975.70520808638 {'max_features': 8, 'n_estimators': 10}
49884.468430382265 {'max_features': 8, 'n_estimators': 30}
61258.546502123405 {'bootstrap': False, 'max_features': 2, 'n_estimators': 3}
54117.55282256757 {'bootstrap': False, 'max_features': 2, 'n_estimators': 10}
60474.35743835316 {'bootstrap': False, 'max_features': 3, 'n_estimators': 3}
52821.39491747146 {'bootstrap': False, 'max_features': 3, 'n_estimators': 10}
58988.60387108664 {'bootstrap': False, 'max_features': 4, 'n_estimators': 3}
51879.65881341752 {'bootstrap': False, 'max_features': 4, 'n_estimators': 10}
49150.70756927707 {'max_features': 7, 'n_estimators': 180}
51389.889203389284 {'max_features': 5, 'n_estimators': 15}
50796.155224308866 {'max_features': 3, 'n_estimators': 72}
50835.13360315349 {'max_features': 5, 'n_estimators': 21}
49280.9449827171 {'max_features': 7, 'n_estimators': 122}
50774.90662363929 {'max_features': 3, 'n_estimators': 75}
50682.78888164288 {'max_features': 3, 'n_estimators': 88}
49608.99608105296 {'max_features': 5, 'n_estimators': 100}
50473.61930350219 {'max_features': 3, 'n_estimators': 150}
64429.84143294435 {'max_features': 5, 'n_estimators': 2}
Traceback (most recent call last):
  File "end-to-end-ml-project.py", line 708, in <module>
    sklearn.experimental.dump(my_model, "my_model.pkl") # DIFF
AttributeError: module 'sklearn' has no attribute 'experimental'
