Total instances :  2
Total NaNs:
Body matrix : (2, 418) Heading matrix : (2, 11)
[[0 0]
 [1 0]]
Traceback (most recent call last):
  File "fake-news-classifier.py", line 153, in <module>
    from sklearn.externals import joblib
ImportError: cannot import name 'joblib'
[Try Solution]: OrderedDict([('action', 'fqn'), ('old_fqn', 'sklearn.externals.joblib'), ('new_fqn', 'sklearn.experimental'), ('line_no', 153)])Total instances :  2
Total NaNs:
Body matrix : (2, 418) Heading matrix : (2, 11)
[[0 0]
 [1 0]]
Traceback (most recent call last):
  File "fake-news-classifier.py", line 155, in <module>
    sklearn.experimental.dump(classifier_dtr, "classifier_dtr_fakenews_nourl.pkl")
AttributeError: module 'sklearn' has no attribute 'experimental'
[REPAIR EXEC TIME]: 7.018483400344849Total instances :  2
Total NaNs:
Body matrix : (2, 418) Heading matrix : (2, 11)
[[0 0]
 [1 0]]
Traceback (most recent call last):
  File "fake-news-classifier.py", line 153, in <module>
    from sklearn.externals import joblib
ImportError: cannot import name 'joblib'
[Try Solution]: OrderedDict([('action', 'fqn'), ('old_fqn', 'sklearn.externals.joblib'), ('new_fqn', 'sklearn.experimental'), ('line_no', 153)])Total instances :  2
Total NaNs:
Body matrix : (2, 418) Heading matrix : (2, 11)
[[0 0]
 [1 0]]
Traceback (most recent call last):
  File "fake-news-classifier.py", line 155, in <module>
    sklearn.experimental.dump(classifier_dtr, "classifier_dtr_fakenews_nourl.pkl")
AttributeError: module 'sklearn' has no attribute 'experimental'
[REPAIR EXEC TIME]: 2.6155951023101807