../../../input/piyushgoyal443_red-wine-dataset/wineQualityReds.csv
<class 'pandas.core.frame.DataFrame'>
RangeIndex: 1599 entries, 0 to 1598
Data columns (total 13 columns):
 #   Column                Non-Null Count  Dtype  
---  ------                --------------  -----  
 0   Unnamed: 0            1599 non-null   int64  
 1   fixed.acidity         1599 non-null   float64
 2   volatile.acidity      1599 non-null   float64
 3   citric.acid           1599 non-null   float64
 4   residual.sugar        1599 non-null   float64
 5   chlorides             1599 non-null   float64
 6   free.sulfur.dioxide   1599 non-null   float64
 7   total.sulfur.dioxide  1599 non-null   float64
 8   density               1599 non-null   float64
 9   pH                    1599 non-null   float64
 10  sulphates             1599 non-null   float64
 11  alcohol               1599 non-null   float64
 12  quality               1599 non-null   int64  
dtypes: float64(11), int64(2)
memory usage: 162.5 KB
       Unnamed: 0  fixed.acidity  volatile.acidity  ...  sulphates  alcohol  quality
count      1599.0         1599.0            1599.0  ...     1599.0   1599.0   1599.0
mean        800.0            8.0               1.0  ...        1.0     10.0      6.0
std         462.0            2.0               0.0  ...        0.0      1.0      1.0
min           1.0            5.0               0.0  ...        0.0      8.0      3.0
25%         400.0            7.0               0.0  ...        1.0     10.0      5.0
50%         800.0            8.0               1.0  ...        1.0     10.0      6.0
75%        1200.0            9.0               1.0  ...        1.0     11.0      6.0
max        1599.0           16.0               2.0  ...        2.0     15.0      8.0

[8 rows x 13 columns]
Index([], dtype='object')




X_train (1279, 12) , X_test (320, 12) 
CV:  0.7325971948818898
Training set accuracy for Logistic Regression:  0.7357310398749023
Test set accuracy for Logistic Regression:  0.7625
              precision    recall  f1-score   support

           0       0.72      0.77      0.75       146
           1       0.80      0.75      0.78       174

    accuracy                           0.76       320
   macro avg       0.76      0.76      0.76       320
weighted avg       0.76      0.76      0.76       320

CV:  0.792802657480315
Training set accuracy for KNN:  1.0
Test set accuracy for KNN:  0.79375
CV:  0.7349409448818898
Training set accuracy for SVC:  0.7419859265050821
Test set accuracy for SVC:  0.76875
CV:  0.7138348917322834
Training set accuracy for DecisionTree:  0.7576231430805317
Test set accuracy for DecisionTree:  0.740625
CV:  0.8178211122047244
Training set:  1.0
Test set:  0.840625
                      importance
alcohol                 0.156929
sulphates               0.114221
volatile.acidity        0.101208
total.sulfur.dioxide    0.101180
density                 0.081424
Unnamed: 0              0.076470
chlorides               0.067736
pH                      0.066065
fixed.acidity           0.064406
citric.acid             0.061224
free.sulfur.dioxide     0.055277
residual.sugar          0.053859


