Traceback (most recent call last):
  File "predicting-south-park-dialogues.py", line 20, in <module>
    from sklearn.grid_search import GridSearchCV
ModuleNotFoundError: No module named 'sklearn.grid_search'
[Try Solution]: OrderedDict([('action', 'fqn'), ('old_fqn', 'sklearn.grid_search'), ('new_fqn', 'sklearn.utils.Bunch'), ('line_no', 20)])Traceback (most recent call last):
  File "predicting-south-park-dialogues.py", line 21, in <module>
    from sklearn.utils.Bunch import GridSearchCV
ModuleNotFoundError: No module named 'sklearn.utils.Bunch'
[Try Solution]: OrderedDict([('action', 'fqn'), ('old_fqn', 'sklearn.grid_search'), ('new_fqn', 'sklearn.compose'), ('line_no', 20)])Traceback (most recent call last):
  File "predicting-south-park-dialogues.py", line 21, in <module>
    from sklearn.compose import GridSearchCV
ImportError: cannot import name 'GridSearchCV'
[Try Solution]: OrderedDict([('action', 'fqn'), ('old_fqn', 'sklearn.grid_search'), ('new_fqn', 'sklearn.naive_bayes'), ('line_no', 20)])Traceback (most recent call last):
  File "predicting-south-park-dialogues.py", line 21, in <module>
    from sklearn.naive_bayes import GridSearchCV
ImportError: cannot import name 'GridSearchCV'
[Try Solution]: OrderedDict([('action', 'fqn'), ('old_fqn', 'sklearn.grid_search'), ('new_fqn', 'sklearn.utils.extmath'), ('line_no', 20)])Traceback (most recent call last):
  File "predicting-south-park-dialogues.py", line 21, in <module>
    from sklearn.utils.extmath import GridSearchCV
ImportError: cannot import name 'GridSearchCV'
[Try Solution]: OrderedDict([('action', 'fqn'), ('old_fqn', 'sklearn.grid_search'), ('new_fqn', 'sklearn.utils.fixes'), ('line_no', 20)])Traceback (most recent call last):
  File "predicting-south-park-dialogues.py", line 21, in <module>
    from sklearn.utils.fixes import GridSearchCV
ImportError: cannot import name 'GridSearchCV'
[Try Solution]: OrderedDict([('action', 'fqn'), ('old_fqn', 'sklearn.grid_search'), ('new_fqn', 'sklearn.tree'), ('line_no', 20)])Traceback (most recent call last):
  File "predicting-south-park-dialogues.py", line 21, in <module>
    from sklearn.tree import GridSearchCV
ImportError: cannot import name 'GridSearchCV'
[Try Solution]: OrderedDict([('action', 'fqn'), ('old_fqn', 'sklearn.grid_search'), ('new_fqn', 'sklearn.utils'), ('line_no', 20)])Traceback (most recent call last):
  File "predicting-south-park-dialogues.py", line 21, in <module>
    from sklearn.utils import GridSearchCV
ImportError: cannot import name 'GridSearchCV'
[Try Solution]: OrderedDict([('action', 'fqn'), ('old_fqn', 'sklearn.grid_search'), ('new_fqn', 'sklearn.mixture'), ('line_no', 20)])Traceback (most recent call last):
  File "predicting-south-park-dialogues.py", line 21, in <module>
    from sklearn.mixture import GridSearchCV
ImportError: cannot import name 'GridSearchCV'
[Try Solution]: OrderedDict([('action', 'fqn'), ('old_fqn', 'sklearn.grid_search'), ('new_fqn', 'sklearn.neighbors'), ('line_no', 20)])Traceback (most recent call last):
  File "predicting-south-park-dialogues.py", line 21, in <module>
    from sklearn.neighbors import GridSearchCV
ImportError: cannot import name 'GridSearchCV'
[Try Solution]: OrderedDict([('action', 'fqn'), ('old_fqn', 'sklearn.grid_search'), ('new_fqn', 'sklearn.multiclass'), ('line_no', 20)])Traceback (most recent call last):
  File "predicting-south-park-dialogues.py", line 21, in <module>
    from sklearn.multiclass import GridSearchCV
ImportError: cannot import name 'GridSearchCV'
[Try Solution]: OrderedDict([('action', 'fqn'), ('old_fqn', 'sklearn.grid_search'), ('new_fqn', 'sklearn.utils.safe_sqr'), ('line_no', 20)])Traceback (most recent call last):
  File "predicting-south-park-dialogues.py", line 21, in <module>
    from sklearn.utils.safe_sqr import GridSearchCV
ModuleNotFoundError: No module named 'sklearn.utils.safe_sqr'
[Try Solution]: OrderedDict([('action', 'fqn'), ('old_fqn', 'sklearn.grid_search'), ('new_fqn', 'sklearn.preprocessing'), ('line_no', 20)])Traceback (most recent call last):
  File "predicting-south-park-dialogues.py", line 21, in <module>
    from sklearn.preprocessing import GridSearchCV
ImportError: cannot import name 'GridSearchCV'
[Try Solution]: OrderedDict([('action', 'fqn'), ('old_fqn', 'sklearn.grid_search'), ('new_fqn', 'sklearn.utils.shuffle'), ('line_no', 20)])Traceback (most recent call last):
  File "predicting-south-park-dialogues.py", line 21, in <module>
    from sklearn.utils.shuffle import GridSearchCV
ModuleNotFoundError: No module named 'sklearn.utils.shuffle'
[Try Solution]: OrderedDict([('action', 'fqn'), ('old_fqn', 'sklearn.grid_search'), ('new_fqn', 'sklearn.semi_supervised'), ('line_no', 20)])Traceback (most recent call last):
  File "predicting-south-park-dialogues.py", line 21, in <module>
    from sklearn.semi_supervised import GridSearchCV
ImportError: cannot import name 'GridSearchCV'
[Try Solution]: OrderedDict([('action', 'fqn'), ('old_fqn', 'sklearn.grid_search'), ('new_fqn', 'sklearn.utils.check_X_y'), ('line_no', 20)])Traceback (most recent call last):
  File "predicting-south-park-dialogues.py", line 21, in <module>
    from sklearn.utils.check_X_y import GridSearchCV
ModuleNotFoundError: No module named 'sklearn.utils.check_X_y'
[Try Solution]: OrderedDict([('action', 'fqn'), ('old_fqn', 'sklearn.grid_search'), ('new_fqn', 'sklearn.utils.safe_mask'), ('line_no', 20)])Traceback (most recent call last):
  File "predicting-south-park-dialogues.py", line 21, in <module>
    from sklearn.utils.safe_mask import GridSearchCV
ModuleNotFoundError: No module named 'sklearn.utils.safe_mask'
[Try Solution]: OrderedDict([('action', 'fqn'), ('old_fqn', 'sklearn.grid_search'), ('new_fqn', 'sklearn.svm'), ('line_no', 20)])Traceback (most recent call last):
  File "predicting-south-park-dialogues.py", line 21, in <module>
    from sklearn.svm import GridSearchCV
ImportError: cannot import name 'GridSearchCV'
[Try Solution]: OrderedDict([('action', 'fqn'), ('old_fqn', 'sklearn.grid_search'), ('new_fqn', 'sklearn.base'), ('line_no', 20)])Traceback (most recent call last):
  File "predicting-south-park-dialogues.py", line 21, in <module>
    from sklearn.base import GridSearchCV
ImportError: cannot import name 'GridSearchCV'
[Try Solution]: OrderedDict([('action', 'fqn'), ('old_fqn', 'sklearn.grid_search'), ('new_fqn', 'sklearn.dummy'), ('line_no', 20)])Traceback (most recent call last):
  File "predicting-south-park-dialogues.py", line 21, in <module>
    from sklearn.dummy import GridSearchCV
ImportError: cannot import name 'GridSearchCV'
[Try Solution]: OrderedDict([('action', 'fqn'), ('old_fqn', 'sklearn.grid_search'), ('new_fqn', 'sklearn.impute'), ('line_no', 20)])Traceback (most recent call last):
  File "predicting-south-park-dialogues.py", line 21, in <module>
    from sklearn.impute import GridSearchCV
ImportError: cannot import name 'GridSearchCV'
[Try Solution]: OrderedDict([('action', 'fqn'), ('old_fqn', 'sklearn.grid_search'), ('new_fqn', 'sklearn.cluster'), ('line_no', 20)])Traceback (most recent call last):
  File "predicting-south-park-dialogues.py", line 21, in <module>
    from sklearn.cluster import GridSearchCV
ImportError: cannot import name 'GridSearchCV'
[Try Solution]: OrderedDict([('action', 'fqn'), ('old_fqn', 'sklearn.grid_search'), ('new_fqn', 'sklearn.metrics'), ('line_no', 20)])Traceback (most recent call last):
  File "predicting-south-park-dialogues.py", line 21, in <module>
    from sklearn.metrics import GridSearchCV
ImportError: cannot import name 'GridSearchCV'
[Try Solution]: OrderedDict([('action', 'fqn'), ('old_fqn', 'sklearn.grid_search'), ('new_fqn', 'sklearn.svm.SVC'), ('line_no', 20)])Traceback (most recent call last):
  File "predicting-south-park-dialogues.py", line 21, in <module>
    from sklearn.svm.SVC import GridSearchCV
ModuleNotFoundError: No module named 'sklearn.svm.SVC'
[Try Solution]: OrderedDict([('action', 'fqn'), ('old_fqn', 'sklearn.grid_search'), ('new_fqn', 'sklearn.svm.SVR'), ('line_no', 20)])Traceback (most recent call last):
  File "predicting-south-park-dialogues.py", line 21, in <module>
    from sklearn.svm.SVR import GridSearchCV
ModuleNotFoundError: No module named 'sklearn.svm.SVR'
[Try Solution]: OrderedDict([('action', 'fqn'), ('old_fqn', 'sklearn.grid_search'), ('new_fqn', 'sklearn.datasets'), ('line_no', 20)])Traceback (most recent call last):
  File "predicting-south-park-dialogues.py", line 21, in <module>
    from sklearn.datasets import GridSearchCV
ImportError: cannot import name 'GridSearchCV'
[Try Solution]: OrderedDict([('action', 'fqn'), ('old_fqn', 'sklearn.grid_search'), ('new_fqn', 'sklearn.ensemble'), ('line_no', 20)])Traceback (most recent call last):
  File "predicting-south-park-dialogues.py", line 21, in <module>
    from sklearn.ensemble import GridSearchCV
ImportError: cannot import name 'GridSearchCV'
[Try Solution]: OrderedDict([('action', 'fqn'), ('old_fqn', 'sklearn.grid_search'), ('new_fqn', 'sklearn.isotonic'), ('line_no', 20)])Traceback (most recent call last):
  File "predicting-south-park-dialogues.py", line 21, in <module>
    from sklearn.isotonic import GridSearchCV
ImportError: cannot import name 'GridSearchCV'
[Try Solution]: OrderedDict([('action', 'fqn'), ('old_fqn', 'sklearn.grid_search'), ('new_fqn', 'sklearn.manifold'), ('line_no', 20)])Traceback (most recent call last):
  File "predicting-south-park-dialogues.py", line 21, in <module>
    from sklearn.manifold import GridSearchCV
ImportError: cannot import name 'GridSearchCV'
[Try Solution]: OrderedDict([('action', 'fqn'), ('old_fqn', 'sklearn.grid_search'), ('new_fqn', 'sklearn.pipeline'), ('line_no', 20)])Traceback (most recent call last):
  File "predicting-south-park-dialogues.py", line 21, in <module>
    from sklearn.pipeline import GridSearchCV
ImportError: cannot import name 'GridSearchCV'
[Try Solution]: OrderedDict([('action', 'fqn'), ('old_fqn', 'sklearn.grid_search'), ('new_fqn', 'sklearn.svm.NuSVC'), ('line_no', 20)])Traceback (most recent call last):
  File "predicting-south-park-dialogues.py", line 21, in <module>
    from sklearn.svm.NuSVC import GridSearchCV
ModuleNotFoundError: No module named 'sklearn.svm.NuSVC'
[Try Solution]: OrderedDict([('action', 'fqn'), ('old_fqn', 'sklearn.grid_search'), ('new_fqn', 'sklearn.svm.NuSVR'), ('line_no', 20)])Traceback (most recent call last):
  File "predicting-south-park-dialogues.py", line 21, in <module>
    from sklearn.svm.NuSVR import GridSearchCV
ModuleNotFoundError: No module named 'sklearn.svm.NuSVR'
[Try Solution]: OrderedDict([('action', 'fqn'), ('old_fqn', 'sklearn.grid_search'), ('new_fqn', 'sklearn.base.clone'), ('line_no', 20)])Traceback (most recent call last):
  File "predicting-south-park-dialogues.py", line 21, in <module>
    from sklearn.base.clone import GridSearchCV
ModuleNotFoundError: No module named 'sklearn.base.clone'; 'sklearn.base' is not a package
[Try Solution]: OrderedDict([('action', 'fqn'), ('old_fqn', 'sklearn.grid_search'), ('new_fqn', 'sklearn.covariance'), ('line_no', 20)])Traceback (most recent call last):
  File "predicting-south-park-dialogues.py", line 21, in <module>
    from sklearn.covariance import GridSearchCV
ImportError: cannot import name 'GridSearchCV'
[Try Solution]: OrderedDict([('action', 'fqn'), ('old_fqn', 'sklearn.grid_search'), ('new_fqn', 'sklearn.exceptions'), ('line_no', 20)])Traceback (most recent call last):
  File "predicting-south-park-dialogues.py", line 21, in <module>
    from sklearn.exceptions import GridSearchCV
ImportError: cannot import name 'GridSearchCV'
[Try Solution]: OrderedDict([('action', 'fqn'), ('old_fqn', 'sklearn.grid_search'), ('new_fqn', 'sklearn.inspection'), ('line_no', 20)])Traceback (most recent call last):
  File "predicting-south-park-dialogues.py", line 21, in <module>
    from sklearn.inspection import GridSearchCV
ImportError: cannot import name 'GridSearchCV'
[Try Solution]: OrderedDict([('action', 'fqn'), ('old_fqn', 'sklearn.grid_search'), ('new_fqn', 'sklearn.calibration'), ('line_no', 20)])Traceback (most recent call last):
  File "predicting-south-park-dialogues.py", line 21, in <module>
    from sklearn.calibration import GridSearchCV
ImportError: cannot import name 'GridSearchCV'
[Try Solution]: OrderedDict([('action', 'fqn'), ('old_fqn', 'sklearn.grid_search'), ('new_fqn', 'sklearn.metrics.auc'), ('line_no', 20)])Traceback (most recent call last):
  File "predicting-south-park-dialogues.py", line 21, in <module>
    from sklearn.metrics.auc import GridSearchCV
ModuleNotFoundError: No module named 'sklearn.metrics.auc'
[Try Solution]: OrderedDict([('action', 'fqn'), ('old_fqn', 'sklearn.grid_search'), ('new_fqn', 'sklearn.multioutput'), ('line_no', 20)])Traceback (most recent call last):
  File "predicting-south-park-dialogues.py", line 21, in <module>
    from sklearn.multioutput import GridSearchCV
ImportError: cannot import name 'GridSearchCV'
[Try Solution]: OrderedDict([('action', 'fqn'), ('old_fqn', 'sklearn.grid_search'), ('new_fqn', 'sklearn.utils.validation'), ('line_no', 20)])Traceback (most recent call last):
  File "predicting-south-park-dialogues.py", line 21, in <module>
    from sklearn.utils.validation import GridSearchCV
ImportError: cannot import name 'GridSearchCV'
[Try Solution]: OrderedDict([('action', 'fqn'), ('old_fqn', 'sklearn.grid_search'), ('new_fqn', 'sklearn.tree.plot_tree'), ('line_no', 20)])Traceback (most recent call last):
  File "predicting-south-park-dialogues.py", line 21, in <module>
    from sklearn.tree.plot_tree import GridSearchCV
ModuleNotFoundError: No module named 'sklearn.tree.plot_tree'
[Try Solution]: OrderedDict([('action', 'fqn'), ('old_fqn', 'sklearn.grid_search'), ('new_fqn', 'sklearn.utils.resample'), ('line_no', 20)])Traceback (most recent call last):
  File "predicting-south-park-dialogues.py", line 21, in <module>
    from sklearn.utils.resample import GridSearchCV
ModuleNotFoundError: No module named 'sklearn.utils.resample'
[Try Solution]: OrderedDict([('action', 'fqn'), ('old_fqn', 'sklearn.grid_search'), ('new_fqn', 'sklearn.experimental'), ('line_no', 20)])Traceback (most recent call last):
  File "predicting-south-park-dialogues.py", line 21, in <module>
    from sklearn.experimental import GridSearchCV
ImportError: cannot import name 'GridSearchCV'
[Try Solution]: OrderedDict([('action', 'fqn'), ('old_fqn', 'sklearn.grid_search'), ('new_fqn', 'sklearn.kernel_ridge'), ('line_no', 20)])Traceback (most recent call last):
  File "predicting-south-park-dialogues.py", line 21, in <module>
    from sklearn.kernel_ridge import GridSearchCV
ImportError: cannot import name 'GridSearchCV'
[Try Solution]: OrderedDict([('action', 'fqn'), ('old_fqn', 'sklearn.grid_search'), ('new_fqn', 'sklearn.linear_model'), ('line_no', 20)])Traceback (most recent call last):
  File "predicting-south-park-dialogues.py", line 21, in <module>
    from sklearn.linear_model import GridSearchCV
ImportError: cannot import name 'GridSearchCV'
[Try Solution]: OrderedDict([('action', 'fqn'), ('old_fqn', 'sklearn.grid_search'), ('new_fqn', 'sklearn.manifold.MDS'), ('line_no', 20)])Traceback (most recent call last):
  File "predicting-south-park-dialogues.py", line 21, in <module>
    from sklearn.manifold.MDS import GridSearchCV
ModuleNotFoundError: No module named 'sklearn.manifold.MDS'
[Try Solution]: OrderedDict([('action', 'fqn'), ('old_fqn', 'sklearn.grid_search'), ('new_fqn', 'sklearn.svm.l1_min_c'), ('line_no', 20)])Traceback (most recent call last):
  File "predicting-south-park-dialogues.py", line 21, in <module>
    from sklearn.svm.l1_min_c import GridSearchCV
ModuleNotFoundError: No module named 'sklearn.svm.l1_min_c'
[Try Solution]: OrderedDict([('action', 'fqn'), ('old_fqn', 'sklearn.grid_search'), ('new_fqn', 'sklearn.random_projection'), ('line_no', 20)])Traceback (most recent call last):
  File "predicting-south-park-dialogues.py", line 21, in <module>
    from sklearn.random_projection import GridSearchCV
ImportError: cannot import name 'GridSearchCV'
[Try Solution]: OrderedDict([('action', 'fqn'), ('old_fqn', 'sklearn.grid_search'), ('new_fqn', 'sklearn.utils.check_array'), ('line_no', 20)])Traceback (most recent call last):
  File "predicting-south-park-dialogues.py", line 21, in <module>
    from sklearn.utils.check_array import GridSearchCV
ModuleNotFoundError: No module named 'sklearn.utils.check_array'
[Try Solution]: OrderedDict([('action', 'fqn'), ('old_fqn', 'sklearn.grid_search'), ('new_fqn', 'sklearn.svm.OneClassSVM'), ('line_no', 20)])Traceback (most recent call last):
  File "predicting-south-park-dialogues.py", line 21, in <module>
    from sklearn.svm.OneClassSVM import GridSearchCV
ModuleNotFoundError: No module named 'sklearn.svm.OneClassSVM'
[Try Solution]: OrderedDict([('action', 'fqn'), ('old_fqn', 'sklearn.grid_search'), ('new_fqn', 'sklearn.utils.indexable'), ('line_no', 20)])Traceback (most recent call last):
  File "predicting-south-park-dialogues.py", line 21, in <module>
    from sklearn.utils.indexable import GridSearchCV
ModuleNotFoundError: No module named 'sklearn.utils.indexable'
[Try Solution]: OrderedDict([('action', 'fqn'), ('old_fqn', 'sklearn.grid_search'), ('new_fqn', 'sklearn.cluster.Birch'), ('line_no', 20)])Traceback (most recent call last):
  File "predicting-south-park-dialogues.py", line 21, in <module>
    from sklearn.cluster.Birch import GridSearchCV
ModuleNotFoundError: No module named 'sklearn.cluster.Birch'
[Try Solution]: OrderedDict([('action', 'fqn'), ('old_fqn', 'sklearn.grid_search'), ('new_fqn', 'sklearn.metrics.r2_score'), ('line_no', 20)])Traceback (most recent call last):
  File "predicting-south-park-dialogues.py", line 21, in <module>
    from sklearn.metrics.r2_score import GridSearchCV
ModuleNotFoundError: No module named 'sklearn.metrics.r2_score'
[Try Solution]: OrderedDict([('action', 'fqn'), ('old_fqn', 'sklearn.grid_search'), ('new_fqn', 'sklearn.decomposition'), ('line_no', 20)])Traceback (most recent call last):
  File "predicting-south-park-dialogues.py", line 21, in <module>
    from sklearn.decomposition import GridSearchCV
ImportError: cannot import name 'GridSearchCV'
[Try Solution]: OrderedDict([('action', 'fqn'), ('old_fqn', 'sklearn.grid_search'), ('new_fqn', 'sklearn.manifold.TSNE'), ('line_no', 20)])Traceback (most recent call last):
  File "predicting-south-park-dialogues.py", line 21, in <module>
    from sklearn.manifold.TSNE import GridSearchCV
ModuleNotFoundError: No module named 'sklearn.manifold.TSNE'
[Try Solution]: OrderedDict([('action', 'fqn'), ('old_fqn', 'sklearn.grid_search'), ('new_fqn', 'sklearn.svm.LinearSVC'), ('line_no', 20)])Traceback (most recent call last):
  File "predicting-south-park-dialogues.py", line 21, in <module>
    from sklearn.svm.LinearSVC import GridSearchCV
ModuleNotFoundError: No module named 'sklearn.svm.LinearSVC'
[Try Solution]: OrderedDict([('action', 'fqn'), ('old_fqn', 'sklearn.grid_search'), ('new_fqn', 'sklearn.svm.LinearSVR'), ('line_no', 20)])Traceback (most recent call last):
  File "predicting-south-park-dialogues.py", line 21, in <module>
    from sklearn.svm.LinearSVR import GridSearchCV
ModuleNotFoundError: No module named 'sklearn.svm.LinearSVR'
[Try Solution]: OrderedDict([('action', 'fqn'), ('old_fqn', 'sklearn.grid_search'), ('new_fqn', 'sklearn.gaussian_process'), ('line_no', 20)])Traceback (most recent call last):
  File "predicting-south-park-dialogues.py", line 21, in <module>
    from sklearn.gaussian_process import GridSearchCV
ImportError: cannot import name 'GridSearchCV'
[Try Solution]: OrderedDict([('action', 'fqn'), ('old_fqn', 'sklearn.grid_search'), ('new_fqn', 'sklearn.neighbors.KDTree'), ('line_no', 20)])Traceback (most recent call last):
  File "predicting-south-park-dialogues.py", line 21, in <module>
    from sklearn.neighbors.KDTree import GridSearchCV
ModuleNotFoundError: No module named 'sklearn.neighbors.KDTree'
[Try Solution]: OrderedDict([('action', 'fqn'), ('old_fqn', 'sklearn.grid_search'), ('new_fqn', 'sklearn.tree.export_text'), ('line_no', 20)])Traceback (most recent call last):
  File "predicting-south-park-dialogues.py", line 21, in <module>
    from sklearn.tree.export_text import GridSearchCV
ModuleNotFoundError: No module named 'sklearn.tree.export_text'
[Try Solution]: OrderedDict([('action', 'fqn'), ('old_fqn', 'sklearn.grid_search'), ('new_fqn', 'sklearn.utils.deprecated'), ('line_no', 20)])Traceback (most recent call last):
  File "predicting-south-park-dialogues.py", line 21, in <module>
    from sklearn.utils.deprecated import GridSearchCV
ModuleNotFoundError: No module named 'sklearn.utils.deprecated'
[Try Solution]: OrderedDict([('action', 'fqn'), ('old_fqn', 'sklearn.grid_search'), ('new_fqn', 'sklearn.utils.multiclass'), ('line_no', 20)])Traceback (most recent call last):
  File "predicting-south-park-dialogues.py", line 21, in <module>
    from sklearn.utils.multiclass import GridSearchCV
ImportError: cannot import name 'GridSearchCV'
[Try Solution]: OrderedDict([('action', 'fqn'), ('old_fqn', 'sklearn.grid_search'), ('new_fqn', 'sklearn.utils.check_scalar'), ('line_no', 20)])Traceback (most recent call last):
  File "predicting-south-park-dialogues.py", line 21, in <module>
    from sklearn.utils.check_scalar import GridSearchCV
ModuleNotFoundError: No module named 'sklearn.utils.check_scalar'
[Try Solution]: OrderedDict([('action', 'fqn'), ('old_fqn', 'sklearn.grid_search'), ('new_fqn', 'sklearn.base.RegressorMixin'), ('line_no', 20)])Traceback (most recent call last):
  File "predicting-south-park-dialogues.py", line 21, in <module>
    from sklearn.base.RegressorMixin import GridSearchCV
ModuleNotFoundError: No module named 'sklearn.base.RegressorMixin'; 'sklearn.base' is not a package
[Try Solution]: OrderedDict([('action', 'fqn'), ('old_fqn', 'sklearn.grid_search'), ('new_fqn', 'sklearn.utils.parallel_backend'), ('line_no', 20)])Traceback (most recent call last):
  File "predicting-south-park-dialogues.py", line 21, in <module>
    from sklearn.utils.parallel_backend import GridSearchCV
ModuleNotFoundError: No module named 'sklearn.utils.parallel_backend'
[Try Solution]: OrderedDict([('action', 'fqn'), ('old_fqn', 'sklearn.grid_search'), ('new_fqn', 'sklearn.cluster.DBSCAN'), ('line_no', 20)])Traceback (most recent call last):
  File "predicting-south-park-dialogues.py", line 21, in <module>
    from sklearn.cluster.DBSCAN import GridSearchCV
ModuleNotFoundError: No module named 'sklearn.cluster.DBSCAN'
[Try Solution]: OrderedDict([('action', 'fqn'), ('old_fqn', 'sklearn.grid_search'), ('new_fqn', 'sklearn.cluster.KMeans'), ('line_no', 20)])Traceback (most recent call last):
  File "predicting-south-park-dialogues.py", line 21, in <module>
    from sklearn.cluster.KMeans import GridSearchCV
ModuleNotFoundError: No module named 'sklearn.cluster.KMeans'
[Try Solution]: OrderedDict([('action', 'fqn'), ('old_fqn', 'sklearn.grid_search'), ('new_fqn', 'sklearn.cluster.OPTICS'), ('line_no', 20)])Traceback (most recent call last):
  File "predicting-south-park-dialogues.py", line 21, in <module>
    from sklearn.cluster.OPTICS import GridSearchCV
ModuleNotFoundError: No module named 'sklearn.cluster.OPTICS'
[Try Solution]: OrderedDict([('action', 'fqn'), ('old_fqn', 'sklearn.grid_search'), ('new_fqn', 'sklearn.cluster.dbscan'), ('line_no', 20)])Traceback (most recent call last):
  File "predicting-south-park-dialogues.py", line 21, in <module>
    from sklearn.cluster.dbscan import GridSearchCV
ModuleNotFoundError: No module named 'sklearn.cluster.dbscan'
[Try Solution]: OrderedDict([('action', 'fqn'), ('old_fqn', 'sklearn.grid_search'), ('new_fqn', 'sklearn.covariance.OAS'), ('line_no', 20)])Traceback (most recent call last):
  File "predicting-south-park-dialogues.py", line 21, in <module>
    from sklearn.covariance.OAS import GridSearchCV
ModuleNotFoundError: No module named 'sklearn.covariance.OAS'
[Try Solution]: OrderedDict([('action', 'fqn'), ('old_fqn', 'sklearn.grid_search'), ('new_fqn', 'sklearn.covariance.oas'), ('line_no', 20)])Traceback (most recent call last):
  File "predicting-south-park-dialogues.py", line 21, in <module>
    from sklearn.covariance.oas import GridSearchCV
ModuleNotFoundError: No module named 'sklearn.covariance.oas'
[Try Solution]: OrderedDict([('action', 'fqn'), ('old_fqn', 'sklearn.grid_search'), ('new_fqn', 'sklearn.neural_network'), ('line_no', 20)])Traceback (most recent call last):
  File "predicting-south-park-dialogues.py", line 21, in <module>
    from sklearn.neural_network import GridSearchCV
ImportError: cannot import name 'GridSearchCV'
[Try Solution]: OrderedDict([('action', 'fqn'), ('old_fqn', 'sklearn.grid_search'), ('new_fqn', 'sklearn.base.DensityMixin'), ('line_no', 20)])Traceback (most recent call last):
  File "predicting-south-park-dialogues.py", line 21, in <module>
    from sklearn.base.DensityMixin import GridSearchCV
ModuleNotFoundError: No module named 'sklearn.base.DensityMixin'; 'sklearn.base' is not a package
[Try Solution]: OrderedDict([('action', 'fqn'), ('old_fqn', 'sklearn.grid_search'), ('new_fqn', 'sklearn.feature_selection'), ('line_no', 20)])Traceback (most recent call last):
  File "predicting-south-park-dialogues.py", line 21, in <module>
    from sklearn.feature_selection import GridSearchCV
ImportError: cannot import name 'GridSearchCV'
[Try Solution]: OrderedDict([('action', 'fqn'), ('old_fqn', 'sklearn.grid_search'), ('new_fqn', 'sklearn.base.is_regressor'), ('line_no', 20)])Traceback (most recent call last):
  File "predicting-south-park-dialogues.py", line 21, in <module>
    from sklearn.base.is_regressor import GridSearchCV
ModuleNotFoundError: No module named 'sklearn.base.is_regressor'; 'sklearn.base' is not a package
[Try Solution]: OrderedDict([('action', 'fqn'), ('old_fqn', 'sklearn.grid_search'), ('new_fqn', 'sklearn.metrics.dcg_score'), ('line_no', 20)])Traceback (most recent call last):
  File "predicting-south-park-dialogues.py", line 21, in <module>
    from sklearn.metrics.dcg_score import GridSearchCV
ModuleNotFoundError: No module named 'sklearn.metrics.dcg_score'
[Try Solution]: OrderedDict([('action', 'fqn'), ('old_fqn', 'sklearn.grid_search'), ('new_fqn', 'sklearn.metrics.roc_curve'), ('line_no', 20)])Traceback (most recent call last):
  File "predicting-south-park-dialogues.py", line 21, in <module>
    from sklearn.metrics.roc_curve import GridSearchCV
ModuleNotFoundError: No module named 'sklearn.metrics.roc_curve'
[Try Solution]: OrderedDict([('action', 'fqn'), ('old_fqn', 'sklearn.grid_search'), ('new_fqn', 'sklearn.utils.sparsefuncs'), ('line_no', 20)])Traceback (most recent call last):
  File "predicting-south-park-dialogues.py", line 21, in <module>
    from sklearn.utils.sparsefuncs import GridSearchCV
ImportError: cannot import name 'GridSearchCV'
[Try Solution]: OrderedDict([('action', 'fqn'), ('old_fqn', 'sklearn.grid_search'), ('new_fqn', 'sklearn.utils.murmurhash3_32'), ('line_no', 20)])Traceback (most recent call last):
  File "predicting-south-park-dialogues.py", line 21, in <module>
    from sklearn.utils.murmurhash3_32 import GridSearchCV
ModuleNotFoundError: No module named 'sklearn.utils.murmurhash3_32'
[Try Solution]: OrderedDict([('action', 'fqn'), ('old_fqn', 'sklearn.grid_search'), ('new_fqn', 'sklearn.model_selection'), ('line_no', 20)])Traceback (most recent call last):
  File "predicting-south-park-dialogues.py", line 22, in <module>
    from sklearn.cross_validation import cross_val_score
ModuleNotFoundError: No module named 'sklearn.cross_validation'
[Try Solution]: OrderedDict([('action', 'fqn'), ('old_fqn', 'sklearn.cross_validation'), ('new_fqn', 'sklearn.utils.validation'), ('line_no', 22)])Traceback (most recent call last):
  File "predicting-south-park-dialogues.py", line 23, in <module>
    from sklearn.utils.validation import cross_val_score
ImportError: cannot import name 'cross_val_score'
[Try Solution]: OrderedDict([('action', 'fqn'), ('old_fqn', 'sklearn.cross_validation'), ('new_fqn', 'sklearn.cross_decomposition'), ('line_no', 22)])Traceback (most recent call last):
  File "predicting-south-park-dialogues.py", line 23, in <module>
    from sklearn.cross_decomposition import cross_val_score
ImportError: cannot import name 'cross_val_score'
[Try Solution]: OrderedDict([('action', 'fqn'), ('old_fqn', 'sklearn.cross_validation'), ('new_fqn', 'sklearn.utils.validation.check_memory'), ('line_no', 22)])Traceback (most recent call last):
  File "predicting-south-park-dialogues.py", line 23, in <module>
    from sklearn.utils.validation.check_memory import cross_val_score
ModuleNotFoundError: No module named 'sklearn.utils.validation.check_memory'; 'sklearn.utils.validation' is not a package
[Try Solution]: OrderedDict([('action', 'fqn'), ('old_fqn', 'sklearn.cross_validation'), ('new_fqn', 'sklearn.utils.validation.column_or_1d'), ('line_no', 22)])Traceback (most recent call last):
  File "predicting-south-park-dialogues.py", line 23, in <module>
    from sklearn.utils.validation.column_or_1d import cross_val_score
ModuleNotFoundError: No module named 'sklearn.utils.validation.column_or_1d'; 'sklearn.utils.validation' is not a package
[Try Solution]: OrderedDict([('action', 'fqn'), ('old_fqn', 'sklearn.cross_validation'), ('new_fqn', 'sklearn.utils.validation.check_is_fitted'), ('line_no', 22)])Traceback (most recent call last):
  File "predicting-south-park-dialogues.py", line 23, in <module>
    from sklearn.utils.validation.check_is_fitted import cross_val_score
ModuleNotFoundError: No module named 'sklearn.utils.validation.check_is_fitted'; 'sklearn.utils.validation' is not a package
[Try Solution]: OrderedDict([('action', 'fqn'), ('old_fqn', 'sklearn.cross_validation'), ('new_fqn', 'sklearn.utils.validation.check_symmetric'), ('line_no', 22)])Traceback (most recent call last):
  File "predicting-south-park-dialogues.py", line 23, in <module>
    from sklearn.utils.validation.check_symmetric import cross_val_score
ModuleNotFoundError: No module named 'sklearn.utils.validation.check_symmetric'; 'sklearn.utils.validation' is not a package
[Try Solution]: OrderedDict([('action', 'fqn'), ('old_fqn', 'sklearn.cross_validation'), ('new_fqn', 'sklearn.cluster.Birch'), ('line_no', 22)])Traceback (most recent call last):
  File "predicting-south-park-dialogues.py", line 23, in <module>
    from sklearn.cluster.Birch import cross_val_score
ModuleNotFoundError: No module named 'sklearn.cluster.Birch'
[Try Solution]: OrderedDict([('action', 'fqn'), ('old_fqn', 'sklearn.cross_validation'), ('new_fqn', 'sklearn.cluster.KMeans'), ('line_no', 22)])Traceback (most recent call last):
  File "predicting-south-park-dialogues.py", line 23, in <module>
    from sklearn.cluster.KMeans import cross_val_score
ModuleNotFoundError: No module named 'sklearn.cluster.KMeans'
[Try Solution]: OrderedDict([('action', 'fqn'), ('old_fqn', 'sklearn.cross_validation'), ('new_fqn', 'sklearn.utils.validation.has_fit_parameter'), ('line_no', 22)])Traceback (most recent call last):
  File "predicting-south-park-dialogues.py", line 23, in <module>
    from sklearn.utils.validation.has_fit_parameter import cross_val_score
ModuleNotFoundError: No module named 'sklearn.utils.validation.has_fit_parameter'; 'sklearn.utils.validation' is not a package
[Try Solution]: OrderedDict([('action', 'fqn'), ('old_fqn', 'sklearn.cross_validation'), ('new_fqn', 'sklearn.cross_decomposition.CCA'), ('line_no', 22)])Traceback (most recent call last):
  File "predicting-south-park-dialogues.py", line 23, in <module>
    from sklearn.cross_decomposition.CCA import cross_val_score
ModuleNotFoundError: No module named 'sklearn.cross_decomposition.CCA'
[Try Solution]: OrderedDict([('action', 'fqn'), ('old_fqn', 'sklearn.cross_validation'), ('new_fqn', 'sklearn.utils.all_estimators'), ('line_no', 22)])Traceback (most recent call last):
  File "predicting-south-park-dialogues.py", line 23, in <module>
    from sklearn.utils.all_estimators import cross_val_score
ModuleNotFoundError: No module named 'sklearn.utils.all_estimators'
[Try Solution]: OrderedDict([('action', 'fqn'), ('old_fqn', 'sklearn.cross_validation'), ('new_fqn', 'sklearn.model_selection'), ('line_no', 22)])  Season Episode Character                                               Line
0     10       1      Stan         You guys, you guys! Chef is going away. \n
1     10       1      Kyle                        Going away? For how long?\n
2     10       1      Stan                                         Forever.\n
3     10       1      Chef                                  I'm sorry boys.\n
4     10       1      Stan  Chef said he's been bored, so he joining a gro...
(70896, 4)
       Season Episode Character     Line
count   70896   70896     70896    70896
unique     19      19      3950    64301
top         2      10   Cartman  What?\n
freq     6416    5271      9774      361
Character
Cartman         9774
Stan            7680
Kyle            7099
Butters         2602
Randy           2467
Mr. Garrison    1002
Chef             917
Kenny            881
Sharon           862
Mr. Mackey       633
Gerald           626
Jimmy            597
Wendy            585
Liane            582
Sheila           566
Jimbo            556
dtype: int64
       Character     Line
count      37429    37429
unique        16    34196
top      Cartman  What?\n
freq        9774      237
Model accuracy within dataset:  0.40530070266370993
Model accuracy with cross validation: 0.33332441354344633
['Cartman']  most likely said it.
       Character  Likelihood
1        Cartman    0.916238
5          Jimmy    0.054017
4          Jimbo    0.013115
7           Kyle    0.006765
9   Mr. Garrison    0.003730
0        Butters    0.001493
6          Kenny    0.001316
14          Stan    0.001206
15         Wendy    0.000955
11         Randy    0.000384
8          Liane    0.000319
10    Mr. Mackey    0.000175
12        Sharon    0.000138
3         Gerald    0.000093
2           Chef    0.000030
13        Sheila    0.000026
         Character                                               Line
0      Not Cartman         You guys, you guys! Chef is going away. \n
1      Not Cartman                        Going away? For how long?\n
2      Not Cartman                                         Forever.\n
3      Not Cartman                                  I'm sorry boys.\n
4      Not Cartman  Chef said he's been bored, so he joining a gro...
...            ...                                                ...
70891  Not Cartman                       I think you're pushing it.\n
70892  Not Cartman                                How about twenty?\n
70893  Not Cartman                           That's not disciprine.\n
70894  Not Cartman                   Right right. Does vodka count?\n
70895  Not Cartman                                             Dad!\n

[37429 rows x 2 columns]
['000', '10', '100', '1000', '102', '104', '105', '106', '10th', '11', '12', '12mm', '12th', '13', '1340s', '13th', '14', '1421', '15', '16', '160', '1621', '167', '17', '1776', '18', '182', '19', '1924', '1956', '1960s', '1972', '1973', '1984', '1999', '20', '200', '2000', '2001', '2004', '2008you', '2009', '2010', '2012', '203', '21', '212', '213', '214', '22']
[REPAIR EXEC TIME]: 146.87454295158386