['master.csv']
   year  population  suicides/100k pop  gdp_per_capita ($)
0  1987      312900               6.71                 796
1  1987      308000               5.19                 796
2  1987      289700               4.83                 796
3  1987       21800               4.59                 796
4  1987      274300               3.28                 796
0    21
1    16
2    14
3     1
4     9
Name: suicides_no, dtype: int64
(22256, 4) (22256,)
(5564,) (5564, 4)
       year  population  suicides/100k pop  gdp_per_capita ($)
18792  2007       50660              17.77                2599
9173   1992     4320300              32.41               26136
8975   2006      320699               5.92               43487
7243   2002      818936              21.98                8399
18169  2011      715422              22.50              107430
