../../../input/russellyates88_suicide-rates-overview-1985-to-2016/master.csv
Traceback (most recent call last):
  File "suicide-analysis-by-random-forest.py", line 35, in <module>
    from sklearn.externals.six import StringIO
ModuleNotFoundError: No module named 'sklearn.externals.six'
[Try Solution]: OrderedDict([('action', 'fqn'), ('old_fqn', 'sklearn.externals.six'), ('new_fqn', 'six'), ('line_no', 35)])../../../input/russellyates88_suicide-rates-overview-1985-to-2016/master.csv
(27820, 12)
               year   suicides_no  ...  HDI for year  gdp_per_capita ($)
count  27820.000000  27820.000000  ...   8364.000000        27820.000000
mean    2001.258375    242.574407  ...      0.776601        16866.464414
std        8.469055    902.047917  ...      0.093367        18887.576472
min     1985.000000      0.000000  ...      0.483000          251.000000
25%     1995.000000      3.000000  ...      0.713000         3447.000000
50%     2002.000000     25.000000  ...      0.779000         9372.000000
75%     2008.000000    131.000000  ...      0.855000        24874.000000
max     2016.000000  22338.000000  ...      0.944000       126352.000000

[8 rows x 6 columns]
['Albania' 'Antigua and Barbuda' 'Argentina' 'Armenia' 'Aruba' 'Australia'
 'Austria' 'Azerbaijan' 'Bahamas' 'Bahrain' 'Barbados' 'Belarus' 'Belgium'
 'Belize' 'Bosnia and Herzegovina' 'Brazil' 'Bulgaria' 'Cabo Verde'
 'Canada' 'Chile' 'Colombia' 'Costa Rica' 'Croatia' 'Cuba' 'Cyprus'
 'Czech Republic' 'Denmark' 'Dominica' 'Ecuador' 'El Salvador' 'Estonia'
 'Fiji' 'Finland' 'France' 'Georgia' 'Germany' 'Greece' 'Grenada'
 'Guatemala' 'Guyana' 'Hungary' 'Iceland' 'Ireland' 'Israel' 'Italy'
 'Jamaica' 'Japan' 'Kazakhstan' 'Kiribati' 'Kuwait' 'Kyrgyzstan' 'Latvia'
 'Lithuania' 'Luxembourg' 'Macau' 'Maldives' 'Malta' 'Mauritius' 'Mexico'
 'Mongolia' 'Montenegro' 'Netherlands' 'New Zealand' 'Nicaragua' 'Norway'
 'Oman' 'Panama' 'Paraguay' 'Philippines' 'Poland' 'Portugal'
 'Puerto Rico' 'Qatar' 'Republic of Korea' 'Romania' 'Russian Federation'
 'Saint Kitts and Nevis' 'Saint Lucia' 'Saint Vincent and Grenadines'
 'San Marino' 'Serbia' 'Seychelles' 'Singapore' 'Slovakia' 'Slovenia'
 'South Africa' 'Spain' 'Sri Lanka' 'Suriname' 'Sweden' 'Switzerland'
 'Thailand' 'Trinidad and Tobago' 'Turkey' 'Turkmenistan' 'Ukraine'
 'United Arab Emirates' 'United Kingdom' 'United States' 'Uruguay'
 'Uzbekistan']
[1987 1988 1989 1992 1993 1994 1995 1996 1997 1998 1999 2000 2001 2002
 2003 2004 2005 2006 2007 2008 2009 2010 1985 1986 1990 1991 2012 2013
 2014 2015 2011 2016]
['15-24 years' '35-54 years' '75+ years' '25-34 years' '55-74 years'
 '5-14 years']
['Generation X' 'Silent' 'G.I. Generation' 'Boomers' 'Millenials'
 'Generation Z']






The top 4 countries with highest number of Suicides are:
['Russian Federation', 'United States', 'Japan', 'France']






The top 4 countries with highest number of Suicides are: ['Russian Federation', 'United States', 'Japan', 'France']





(19474, 7) (19474,)
(8346,) (8346, 7)
           year  sex       age  ...  gdp_for_year_usd  gdp_per_capita_usd  generation
13890  0.087570 -1.0 -1.319327  ...         -0.289591           -0.798341    0.732912
1617  -0.148588  1.0 -1.319327  ...         -0.021015            0.336340    0.732912
13535 -0.266667  1.0  1.472585  ...          2.831964            1.127615    0.203367
7618   1.032203  1.0 -0.893081  ...         -0.085021            2.374330    0.732912
4832   0.914124 -1.0  1.472585  ...         -0.270845           -0.512540    1.262458

[5 rows x 7 columns]
Mean Absolute Error: 0.06660849987290884
Mean Squared Error: 0.10476814212816157
Root Mean Squared Error: 0.3236790727374286
R2 Score: 0.9048561268359229
[REPAIR EXEC TIME]: 16.339800119400024../../../input/russellyates88_suicide-rates-overview-1985-to-2016/master.csv
Traceback (most recent call last):
  File "suicide-analysis-by-random-forest.py", line 35, in <module>
    from sklearn.externals.six import StringIO
ModuleNotFoundError: No module named 'sklearn.externals.six'
[Try Solution]: OrderedDict([('action', 'fqn'), ('old_fqn', 'sklearn.externals.six'), ('new_fqn', 'six'), ('line_no', 35)])../../../input/russellyates88_suicide-rates-overview-1985-to-2016/master.csv
(27820, 12)
               year   suicides_no  ...  HDI for year  gdp_per_capita ($)
count  27820.000000  27820.000000  ...   8364.000000        27820.000000
mean    2001.258375    242.574407  ...      0.776601        16866.464414
std        8.469055    902.047917  ...      0.093367        18887.576472
min     1985.000000      0.000000  ...      0.483000          251.000000
25%     1995.000000      3.000000  ...      0.713000         3447.000000
50%     2002.000000     25.000000  ...      0.779000         9372.000000
75%     2008.000000    131.000000  ...      0.855000        24874.000000
max     2016.000000  22338.000000  ...      0.944000       126352.000000

[8 rows x 6 columns]
['Albania' 'Antigua and Barbuda' 'Argentina' 'Armenia' 'Aruba' 'Australia'
 'Austria' 'Azerbaijan' 'Bahamas' 'Bahrain' 'Barbados' 'Belarus' 'Belgium'
 'Belize' 'Bosnia and Herzegovina' 'Brazil' 'Bulgaria' 'Cabo Verde'
 'Canada' 'Chile' 'Colombia' 'Costa Rica' 'Croatia' 'Cuba' 'Cyprus'
 'Czech Republic' 'Denmark' 'Dominica' 'Ecuador' 'El Salvador' 'Estonia'
 'Fiji' 'Finland' 'France' 'Georgia' 'Germany' 'Greece' 'Grenada'
 'Guatemala' 'Guyana' 'Hungary' 'Iceland' 'Ireland' 'Israel' 'Italy'
 'Jamaica' 'Japan' 'Kazakhstan' 'Kiribati' 'Kuwait' 'Kyrgyzstan' 'Latvia'
 'Lithuania' 'Luxembourg' 'Macau' 'Maldives' 'Malta' 'Mauritius' 'Mexico'
 'Mongolia' 'Montenegro' 'Netherlands' 'New Zealand' 'Nicaragua' 'Norway'
 'Oman' 'Panama' 'Paraguay' 'Philippines' 'Poland' 'Portugal'
 'Puerto Rico' 'Qatar' 'Republic of Korea' 'Romania' 'Russian Federation'
 'Saint Kitts and Nevis' 'Saint Lucia' 'Saint Vincent and Grenadines'
 'San Marino' 'Serbia' 'Seychelles' 'Singapore' 'Slovakia' 'Slovenia'
 'South Africa' 'Spain' 'Sri Lanka' 'Suriname' 'Sweden' 'Switzerland'
 'Thailand' 'Trinidad and Tobago' 'Turkey' 'Turkmenistan' 'Ukraine'
 'United Arab Emirates' 'United Kingdom' 'United States' 'Uruguay'
 'Uzbekistan']
[1987 1988 1989 1992 1993 1994 1995 1996 1997 1998 1999 2000 2001 2002
 2003 2004 2005 2006 2007 2008 2009 2010 1985 1986 1990 1991 2012 2013
 2014 2015 2011 2016]
['15-24 years' '35-54 years' '75+ years' '25-34 years' '55-74 years'
 '5-14 years']
['Generation X' 'Silent' 'G.I. Generation' 'Boomers' 'Millenials'
 'Generation Z']






The top 4 countries with highest number of Suicides are:
['Russian Federation', 'United States', 'Japan', 'France']






The top 4 countries with highest number of Suicides are: ['Russian Federation', 'United States', 'Japan', 'France']





(19474, 7) (19474,)
(8346,) (8346, 7)
           year  sex       age  ...  gdp_for_year_usd  gdp_per_capita_usd  generation
2332   0.205649  1.0  0.172535  ...         -0.301534           -0.842816   -1.385269
11410 -0.857062 -1.0 -1.319327  ...         -0.276847           -0.658406    0.732912
525    0.796045 -1.0 -1.319327  ...         -0.305598           -0.033275   -0.326179
2961  -1.211299 -1.0 -0.466834  ...         -0.305159           -0.444611   -1.385269
22136  1.268361 -1.0  1.472585  ...         -0.278511           -0.578881    1.262458

[5 rows x 7 columns]
Mean Absolute Error: 0.06435202201323736
Mean Squared Error: 0.12363695668293993
Root Mean Squared Error: 0.35162047250258327
R2 Score: 0.8862198842703047
[REPAIR EXEC TIME]: 16.194432973861694