linear-model-for-price-prediction.py:55: FutureWarning: elementwise comparison failed; returning scalar instead, but in the future will perform elementwise comparison
  if '?' in df[col].unique():
['symboling', 'normalized-losses', 'make', 'fuel-type', 'aspiration', 'num-of-doors', 'body-style', 'drive-wheels', 'engine-location', 'wheel-base', 'length', 'width', 'height', 'curb-weight', 'engine-type', 'num-of-cylinders', 'engine-size', 'fuel-system', 'bore', 'stroke', 'compression-ratio', 'horsepower', 'peak-rpm', 'city-mpg', 'highway-mpg', 'price']
<class 'pandas.core.frame.DataFrame'>
RangeIndex: 205 entries, 0 to 204
Data columns (total 26 columns):
 #   Column             Non-Null Count  Dtype  
---  ------             --------------  -----  
 0   symboling          205 non-null    int64  
 1   normalized-losses  205 non-null    object 
 2   make               205 non-null    object 
 3   fuel-type          205 non-null    object 
 4   aspiration         205 non-null    object 
 5   num-of-doors       205 non-null    object 
 6   body-style         205 non-null    object 
 7   drive-wheels       205 non-null    object 
 8   engine-location    205 non-null    object 
 9   wheel-base         205 non-null    float64
 10  length             205 non-null    float64
 11  width              205 non-null    float64
 12  height             205 non-null    float64
 13  curb-weight        205 non-null    int64  
 14  engine-type        205 non-null    object 
 15  num-of-cylinders   205 non-null    object 
 16  engine-size        205 non-null    int64  
 17  fuel-system        205 non-null    object 
 18  bore               205 non-null    object 
 19  stroke             205 non-null    object 
 20  compression-ratio  205 non-null    float64
 21  horsepower         205 non-null    object 
 22  peak-rpm           205 non-null    object 
 23  city-mpg           205 non-null    int64  
 24  highway-mpg        205 non-null    int64  
 25  price              205 non-null    object 
dtypes: float64(5), int64(5), object(16)
memory usage: 41.8+ KB
normalized-losses
num-of-doors
bore
stroke
horsepower
peak-rpm
price
Traceback (most recent call last):
  File "linear-model-for-price-prediction.py", line 67, in <module>
    imp = scale(missing_values='NaN', strategy='mean' ,with_mean=True,with_std=True,copy=True,X=True)
  File "/home/cgzhu/anaconda3/envs/migration-plus/lib/python3.6/site-packages/sklearn/utils/validation.py", line 73, in inner_f
    return f(**kwargs)
TypeError: scale() got an unexpected keyword argument 'missing_values'
