(3759, 9)
(418, 9)
<class 'pandas.core.frame.DataFrame'>
RangeIndex: 3759 entries, 0 to 3758
Data columns (total 9 columns):
 #   Column          Non-Null Count  Dtype  
---  ------          --------------  -----  
 0   Sex             3759 non-null   object 
 1   Length          3759 non-null   float64
 2   Diameter        3759 non-null   float64
 3   Height          3759 non-null   float64
 4   Whole weight    3759 non-null   float64
 5   Shucked weight  3759 non-null   float64
 6   Viscera weight  3759 non-null   float64
 7   Shell weight    3759 non-null   float64
 8   Rings           3759 non-null   int64  
dtypes: float64(7), int64(1), object(1)
memory usage: 264.4+ KB
(3007, 10)
(752, 10)
Traceback (most recent call last):
  File "abalone-rings.py", line 110, in <module>
    model = build_nn()
  File "abalone-rings.py", line 100, in build_nn
    model = keras.models.Sequential([ keras.layers.Dense(32, 'relu', kernel_initializer=keras.initializers.HeUniform(), activity_regularizer=keras.regularizers.l1_l2(l1=1e-5, l2=1e-6)), keras.layers.Dense(1), ]) 
AttributeError: module 'tensorflow.keras.initializers' has no attribute 'HeUniform'
[Try Solution]: OrderedDict([('old_fqn', 'tensorflow.keras.initializers.HeUniform'), ('new_fqn', 'tensorflow.initializers.HeUniform'), ('line_no', 100)])(3759, 9)
(418, 9)
<class 'pandas.core.frame.DataFrame'>
RangeIndex: 3759 entries, 0 to 3758
Data columns (total 9 columns):
 #   Column          Non-Null Count  Dtype  
---  ------          --------------  -----  
 0   Sex             3759 non-null   object 
 1   Length          3759 non-null   float64
 2   Diameter        3759 non-null   float64
 3   Height          3759 non-null   float64
 4   Whole weight    3759 non-null   float64
 5   Shucked weight  3759 non-null   float64
 6   Viscera weight  3759 non-null   float64
 7   Shell weight    3759 non-null   float64
 8   Rings           3759 non-null   int64  
dtypes: float64(7), int64(1), object(1)
memory usage: 264.4+ KB
(3007, 10)
(752, 10)
Traceback (most recent call last):
  File "abalone-rings.py", line 111, in <module>
    model = build_nn()
  File "abalone-rings.py", line 101, in build_nn
    model = keras.models.Sequential([ keras.layers.Dense(32, 'relu', kernel_initializer=tensorflow.initializers.HeUniform(), activity_regularizer=keras.regularizers.l1_l2(l1=1e-5, l2=1e-6)), keras.layers.Dense(1), ]) 
AttributeError: module 'tensorflow.keras.initializers' has no attribute 'HeUniform'
[Try Solution]: OrderedDict([('old_fqn', 'tensorflow.keras.initializers.HeUniform'), ('new_fqn', 'tensorflow.keras.initializers.he_uniform'), ('line_no', 100)])2021-04-21 06:16:52.413640: I tensorflow/core/platform/cpu_feature_guard.cc:143] Your CPU supports instructions that this TensorFlow binary was not compiled to use: SSE4.1 SSE4.2 AVX AVX2 FMA
2021-04-21 06:16:52.439068: I tensorflow/core/platform/profile_utils/cpu_utils.cc:102] CPU Frequency: 2099940000 Hz
2021-04-21 06:16:52.439796: I tensorflow/compiler/xla/service/service.cc:168] XLA service 0x55adf31c5590 initialized for platform Host (this does not guarantee that XLA will be used). Devices:
2021-04-21 06:16:52.439825: I tensorflow/compiler/xla/service/service.cc:176]   StreamExecutor device (0): Host, Default Version
2021-04-21 06:16:52.439930: I tensorflow/core/common_runtime/process_util.cc:147] Creating new thread pool with default inter op setting: 2. Tune using inter_op_parallelism_threads for best performance.
WARNING:tensorflow:Unresolved object in checkpoint: (root).optimizer.iter
WARNING:tensorflow:Unresolved object in checkpoint: (root).optimizer.beta_1
WARNING:tensorflow:Unresolved object in checkpoint: (root).optimizer.beta_2
WARNING:tensorflow:Unresolved object in checkpoint: (root).optimizer.decay
WARNING:tensorflow:Unresolved object in checkpoint: (root).optimizer.learning_rate
WARNING:tensorflow:Unresolved object in checkpoint: (root).optimizer's state 'm' for (root).layer_with_weights-0.kernel
WARNING:tensorflow:Unresolved object in checkpoint: (root).optimizer's state 'm' for (root).layer_with_weights-0.bias
WARNING:tensorflow:Unresolved object in checkpoint: (root).optimizer's state 'm' for (root).layer_with_weights-1.kernel
WARNING:tensorflow:Unresolved object in checkpoint: (root).optimizer's state 'm' for (root).layer_with_weights-1.bias
WARNING:tensorflow:Unresolved object in checkpoint: (root).optimizer's state 'v' for (root).layer_with_weights-0.kernel
WARNING:tensorflow:Unresolved object in checkpoint: (root).optimizer's state 'v' for (root).layer_with_weights-0.bias
WARNING:tensorflow:Unresolved object in checkpoint: (root).optimizer's state 'v' for (root).layer_with_weights-1.kernel
WARNING:tensorflow:Unresolved object in checkpoint: (root).optimizer's state 'v' for (root).layer_with_weights-1.bias
WARNING:tensorflow:A checkpoint was restored (e.g. tf.train.Checkpoint.restore or tf.keras.Model.load_weights) but not all checkpointed values were used. See above for specific issues. Use expect_partial() on the load status object, e.g. tf.train.Checkpoint.restore(...).expect_partial(), to silence these warnings, or use assert_consumed() to make the check explicit. See https://www.tensorflow.org/guide/checkpoint#loading_mechanics for details.
WARNING:tensorflow:Unresolved object in checkpoint: (root).optimizer.iter
WARNING:tensorflow:Unresolved object in checkpoint: (root).optimizer.beta_1
WARNING:tensorflow:Unresolved object in checkpoint: (root).optimizer.beta_2
WARNING:tensorflow:Unresolved object in checkpoint: (root).optimizer.decay
WARNING:tensorflow:Unresolved object in checkpoint: (root).optimizer.learning_rate
WARNING:tensorflow:Unresolved object in checkpoint: (root).optimizer's state 'm' for (root).layer_with_weights-0.kernel
WARNING:tensorflow:Unresolved object in checkpoint: (root).optimizer's state 'm' for (root).layer_with_weights-0.bias
WARNING:tensorflow:Unresolved object in checkpoint: (root).optimizer's state 'm' for (root).layer_with_weights-1.kernel
WARNING:tensorflow:Unresolved object in checkpoint: (root).optimizer's state 'm' for (root).layer_with_weights-1.bias
WARNING:tensorflow:Unresolved object in checkpoint: (root).optimizer's state 'v' for (root).layer_with_weights-0.kernel
WARNING:tensorflow:Unresolved object in checkpoint: (root).optimizer's state 'v' for (root).layer_with_weights-0.bias
WARNING:tensorflow:Unresolved object in checkpoint: (root).optimizer's state 'v' for (root).layer_with_weights-1.kernel
WARNING:tensorflow:Unresolved object in checkpoint: (root).optimizer's state 'v' for (root).layer_with_weights-1.bias
WARNING:tensorflow:A checkpoint was restored (e.g. tf.train.Checkpoint.restore or tf.keras.Model.load_weights) but not all checkpointed values were used. See above for specific issues. Use expect_partial() on the load status object, e.g. tf.train.Checkpoint.restore(...).expect_partial(), to silence these warnings, or use assert_consumed() to make the check explicit. See https://www.tensorflow.org/guide/checkpoint#loading_mechanics for details.
WARNING:tensorflow:Unresolved object in checkpoint: (root).optimizer.iter
WARNING:tensorflow:Unresolved object in checkpoint: (root).optimizer.beta_1
WARNING:tensorflow:Unresolved object in checkpoint: (root).optimizer.beta_2
WARNING:tensorflow:Unresolved object in checkpoint: (root).optimizer.decay
WARNING:tensorflow:Unresolved object in checkpoint: (root).optimizer.learning_rate
WARNING:tensorflow:Unresolved object in checkpoint: (root).optimizer's state 'm' for (root).layer_with_weights-0.kernel
WARNING:tensorflow:Unresolved object in checkpoint: (root).optimizer's state 'm' for (root).layer_with_weights-0.bias
WARNING:tensorflow:Unresolved object in checkpoint: (root).optimizer's state 'm' for (root).layer_with_weights-1.kernel
WARNING:tensorflow:Unresolved object in checkpoint: (root).optimizer's state 'm' for (root).layer_with_weights-1.bias
WARNING:tensorflow:Unresolved object in checkpoint: (root).optimizer's state 'v' for (root).layer_with_weights-0.kernel
WARNING:tensorflow:Unresolved object in checkpoint: (root).optimizer's state 'v' for (root).layer_with_weights-0.bias
WARNING:tensorflow:Unresolved object in checkpoint: (root).optimizer's state 'v' for (root).layer_with_weights-1.kernel
WARNING:tensorflow:Unresolved object in checkpoint: (root).optimizer's state 'v' for (root).layer_with_weights-1.bias
WARNING:tensorflow:A checkpoint was restored (e.g. tf.train.Checkpoint.restore or tf.keras.Model.load_weights) but not all checkpointed values were used. See above for specific issues. Use expect_partial() on the load status object, e.g. tf.train.Checkpoint.restore(...).expect_partial(), to silence these warnings, or use assert_consumed() to make the check explicit. See https://www.tensorflow.org/guide/checkpoint#loading_mechanics for details.
WARNING:tensorflow:Layer dense_12 is casting an input tensor from dtype float64 to the layer's dtype of float32, which is new behavior in TensorFlow 2.  The layer has dtype float32 because it's dtype defaults to floatx.

If you intended to run this layer in float32, you can safely ignore this warning. If in doubt, this warning is likely only an issue if you are porting a TensorFlow 1.X model to TensorFlow 2.

To change all layers to have dtype float64 by default, call `tf.keras.backend.set_floatx('float64')`. To change just this layer, pass dtype='float64' to the layer constructor. If you are the author of this layer, you can disable autocasting by passing autocast=False to the base Layer constructor.

(3759, 9)
(418, 9)
<class 'pandas.core.frame.DataFrame'>
RangeIndex: 3759 entries, 0 to 3758
Data columns (total 9 columns):
 #   Column          Non-Null Count  Dtype  
---  ------          --------------  -----  
 0   Sex             3759 non-null   object 
 1   Length          3759 non-null   float64
 2   Diameter        3759 non-null   float64
 3   Height          3759 non-null   float64
 4   Whole weight    3759 non-null   float64
 5   Shucked weight  3759 non-null   float64
 6   Viscera weight  3759 non-null   float64
 7   Shell weight    3759 non-null   float64
 8   Rings           3759 non-null   int64  
dtypes: float64(7), int64(1), object(1)
memory usage: 264.4+ KB
(3007, 10)
(752, 10)
Validation MAE 1.5148305892944336
[LightGBM] [Warning] Auto-choosing col-wise multi-threading, the overhead of testing was 0.000441 seconds.
You can set `force_col_wise=true` to remove the overhead.
Fold:  0
[LightGBM] [Warning] Auto-choosing col-wise multi-threading, the overhead of testing was 0.000962 seconds.
You can set `force_col_wise=true` to remove the overhead.
Fold:  1
[LightGBM] [Warning] Auto-choosing col-wise multi-threading, the overhead of testing was 0.000319 seconds.
You can set `force_col_wise=true` to remove the overhead.
Fold:  2
[LightGBM] [Warning] Auto-choosing col-wise multi-threading, the overhead of testing was 0.000748 seconds.
You can set `force_col_wise=true` to remove the overhead.
Fold:  3
[LightGBM] [Warning] Auto-choosing col-wise multi-threading, the overhead of testing was 0.001502 seconds.
You can set `force_col_wise=true` to remove the overhead.
Fold:  4
[LightGBM] [Warning] Auto-choosing col-wise multi-threading, the overhead of testing was 0.000652 seconds.
You can set `force_col_wise=true` to remove the overhead.
Validation MAE 1.4974915981292725
WARNING:tensorflow:Unresolved object in checkpoint: (root).optimizer.iter
WARNING:tensorflow:Unresolved object in checkpoint: (root).optimizer.beta_1
WARNING:tensorflow:Unresolved object in checkpoint: (root).optimizer.beta_2
WARNING:tensorflow:Unresolved object in checkpoint: (root).optimizer.decay
WARNING:tensorflow:Unresolved object in checkpoint: (root).optimizer.learning_rate
WARNING:tensorflow:Unresolved object in checkpoint: (root).optimizer's state 'm' for (root).layer_with_weights-0.kernel
WARNING:tensorflow:Unresolved object in checkpoint: (root).optimizer's state 'm' for (root).layer_with_weights-0.bias
WARNING:tensorflow:Unresolved object in checkpoint: (root).optimizer's state 'm' for (root).layer_with_weights-1.kernel
WARNING:tensorflow:Unresolved object in checkpoint: (root).optimizer's state 'm' for (root).layer_with_weights-1.bias
WARNING:tensorflow:Unresolved object in checkpoint: (root).optimizer's state 'v' for (root).layer_with_weights-0.kernel
WARNING:tensorflow:Unresolved object in checkpoint: (root).optimizer's state 'v' for (root).layer_with_weights-0.bias
WARNING:tensorflow:Unresolved object in checkpoint: (root).optimizer's state 'v' for (root).layer_with_weights-1.kernel
WARNING:tensorflow:Unresolved object in checkpoint: (root).optimizer's state 'v' for (root).layer_with_weights-1.bias
WARNING:tensorflow:A checkpoint was restored (e.g. tf.train.Checkpoint.restore or tf.keras.Model.load_weights) but not all checkpointed values were used. See above for specific issues. Use expect_partial() on the load status object, e.g. tf.train.Checkpoint.restore(...).expect_partial(), to silence these warnings, or use assert_consumed() to make the check explicit. See https://www.tensorflow.org/guide/checkpoint#loading_mechanics for details.
[REPAIR EXEC TIME]: 183.37823295593262(3759, 9)
(418, 9)
<class 'pandas.core.frame.DataFrame'>
RangeIndex: 3759 entries, 0 to 3758
Data columns (total 9 columns):
 #   Column          Non-Null Count  Dtype  
---  ------          --------------  -----  
 0   Sex             3759 non-null   object 
 1   Length          3759 non-null   float64
 2   Diameter        3759 non-null   float64
 3   Height          3759 non-null   float64
 4   Whole weight    3759 non-null   float64
 5   Shucked weight  3759 non-null   float64
 6   Viscera weight  3759 non-null   float64
 7   Shell weight    3759 non-null   float64
 8   Rings           3759 non-null   int64  
dtypes: float64(7), int64(1), object(1)
memory usage: 264.4+ KB
(3007, 10)
(752, 10)
Traceback (most recent call last):
  File "abalone-rings.py", line 110, in <module>
    model = build_nn()
  File "abalone-rings.py", line 100, in build_nn
    model = keras.models.Sequential([ keras.layers.Dense(32, 'relu', kernel_initializer=keras.initializers.HeUniform(), activity_regularizer=keras.regularizers.l1_l2(l1=1e-5, l2=1e-6)), keras.layers.Dense(1), ]) 
AttributeError: module 'tensorflow.keras.initializers' has no attribute 'HeUniform'
[Try Solution]: OrderedDict([('action', 'fqn'), ('old_fqn', 'tensorflow.keras.initializers.HeUniform'), ('new_fqn', 'tensorflow.initializers.HeUniform'), ('line_no', 100)])(3759, 9)
(418, 9)
<class 'pandas.core.frame.DataFrame'>
RangeIndex: 3759 entries, 0 to 3758
Data columns (total 9 columns):
 #   Column          Non-Null Count  Dtype  
---  ------          --------------  -----  
 0   Sex             3759 non-null   object 
 1   Length          3759 non-null   float64
 2   Diameter        3759 non-null   float64
 3   Height          3759 non-null   float64
 4   Whole weight    3759 non-null   float64
 5   Shucked weight  3759 non-null   float64
 6   Viscera weight  3759 non-null   float64
 7   Shell weight    3759 non-null   float64
 8   Rings           3759 non-null   int64  
dtypes: float64(7), int64(1), object(1)
memory usage: 264.4+ KB
(3007, 10)
(752, 10)
Traceback (most recent call last):
  File "abalone-rings.py", line 111, in <module>
    model = build_nn()
  File "abalone-rings.py", line 101, in build_nn
    model = keras.models.Sequential([ keras.layers.Dense(32, 'relu', kernel_initializer=tensorflow.initializers.HeUniform(), activity_regularizer=keras.regularizers.l1_l2(l1=1e-5, l2=1e-6)), keras.layers.Dense(1), ]) 
AttributeError: module 'tensorflow.keras.initializers' has no attribute 'HeUniform'
[Try Solution]: OrderedDict([('action', 'fqn'), ('old_fqn', 'tensorflow.keras.initializers.HeUniform'), ('new_fqn', 'tensorflow.keras.initializers.he_uniform'), ('line_no', 100)])2021-06-30 03:23:41.985432: I tensorflow/core/platform/cpu_feature_guard.cc:143] Your CPU supports instructions that this TensorFlow binary was not compiled to use: SSE4.1 SSE4.2 AVX AVX2 FMA
2021-06-30 03:23:42.009722: I tensorflow/core/platform/profile_utils/cpu_utils.cc:102] CPU Frequency: 2099940000 Hz
2021-06-30 03:23:42.011185: I tensorflow/compiler/xla/service/service.cc:168] XLA service 0x564c731a9470 initialized for platform Host (this does not guarantee that XLA will be used). Devices:
2021-06-30 03:23:42.011252: I tensorflow/compiler/xla/service/service.cc:176]   StreamExecutor device (0): Host, Default Version
2021-06-30 03:23:42.011588: I tensorflow/core/common_runtime/process_util.cc:147] Creating new thread pool with default inter op setting: 2. Tune using inter_op_parallelism_threads for best performance.
WARNING:tensorflow:Unresolved object in checkpoint: (root).optimizer.iter
WARNING:tensorflow:Unresolved object in checkpoint: (root).optimizer.beta_1
WARNING:tensorflow:Unresolved object in checkpoint: (root).optimizer.beta_2
WARNING:tensorflow:Unresolved object in checkpoint: (root).optimizer.decay
WARNING:tensorflow:Unresolved object in checkpoint: (root).optimizer.learning_rate
WARNING:tensorflow:Unresolved object in checkpoint: (root).optimizer's state 'm' for (root).layer_with_weights-0.kernel
WARNING:tensorflow:Unresolved object in checkpoint: (root).optimizer's state 'm' for (root).layer_with_weights-0.bias
WARNING:tensorflow:Unresolved object in checkpoint: (root).optimizer's state 'm' for (root).layer_with_weights-1.kernel
WARNING:tensorflow:Unresolved object in checkpoint: (root).optimizer's state 'm' for (root).layer_with_weights-1.bias
WARNING:tensorflow:Unresolved object in checkpoint: (root).optimizer's state 'v' for (root).layer_with_weights-0.kernel
WARNING:tensorflow:Unresolved object in checkpoint: (root).optimizer's state 'v' for (root).layer_with_weights-0.bias
WARNING:tensorflow:Unresolved object in checkpoint: (root).optimizer's state 'v' for (root).layer_with_weights-1.kernel
WARNING:tensorflow:Unresolved object in checkpoint: (root).optimizer's state 'v' for (root).layer_with_weights-1.bias
WARNING:tensorflow:A checkpoint was restored (e.g. tf.train.Checkpoint.restore or tf.keras.Model.load_weights) but not all checkpointed values were used. See above for specific issues. Use expect_partial() on the load status object, e.g. tf.train.Checkpoint.restore(...).expect_partial(), to silence these warnings, or use assert_consumed() to make the check explicit. See https://www.tensorflow.org/guide/checkpoint#loading_mechanics for details.
WARNING:tensorflow:Unresolved object in checkpoint: (root).optimizer.iter
WARNING:tensorflow:Unresolved object in checkpoint: (root).optimizer.beta_1
WARNING:tensorflow:Unresolved object in checkpoint: (root).optimizer.beta_2
WARNING:tensorflow:Unresolved object in checkpoint: (root).optimizer.decay
WARNING:tensorflow:Unresolved object in checkpoint: (root).optimizer.learning_rate
WARNING:tensorflow:Unresolved object in checkpoint: (root).optimizer's state 'm' for (root).layer_with_weights-0.kernel
WARNING:tensorflow:Unresolved object in checkpoint: (root).optimizer's state 'm' for (root).layer_with_weights-0.bias
WARNING:tensorflow:Unresolved object in checkpoint: (root).optimizer's state 'm' for (root).layer_with_weights-1.kernel
WARNING:tensorflow:Unresolved object in checkpoint: (root).optimizer's state 'm' for (root).layer_with_weights-1.bias
WARNING:tensorflow:Unresolved object in checkpoint: (root).optimizer's state 'v' for (root).layer_with_weights-0.kernel
WARNING:tensorflow:Unresolved object in checkpoint: (root).optimizer's state 'v' for (root).layer_with_weights-0.bias
WARNING:tensorflow:Unresolved object in checkpoint: (root).optimizer's state 'v' for (root).layer_with_weights-1.kernel
WARNING:tensorflow:Unresolved object in checkpoint: (root).optimizer's state 'v' for (root).layer_with_weights-1.bias
WARNING:tensorflow:A checkpoint was restored (e.g. tf.train.Checkpoint.restore or tf.keras.Model.load_weights) but not all checkpointed values were used. See above for specific issues. Use expect_partial() on the load status object, e.g. tf.train.Checkpoint.restore(...).expect_partial(), to silence these warnings, or use assert_consumed() to make the check explicit. See https://www.tensorflow.org/guide/checkpoint#loading_mechanics for details.
WARNING:tensorflow:Unresolved object in checkpoint: (root).optimizer.iter
WARNING:tensorflow:Unresolved object in checkpoint: (root).optimizer.beta_1
WARNING:tensorflow:Unresolved object in checkpoint: (root).optimizer.beta_2
WARNING:tensorflow:Unresolved object in checkpoint: (root).optimizer.decay
WARNING:tensorflow:Unresolved object in checkpoint: (root).optimizer.learning_rate
WARNING:tensorflow:Unresolved object in checkpoint: (root).optimizer's state 'm' for (root).layer_with_weights-0.kernel
WARNING:tensorflow:Unresolved object in checkpoint: (root).optimizer's state 'm' for (root).layer_with_weights-0.bias
WARNING:tensorflow:Unresolved object in checkpoint: (root).optimizer's state 'm' for (root).layer_with_weights-1.kernel
WARNING:tensorflow:Unresolved object in checkpoint: (root).optimizer's state 'm' for (root).layer_with_weights-1.bias
WARNING:tensorflow:Unresolved object in checkpoint: (root).optimizer's state 'v' for (root).layer_with_weights-0.kernel
WARNING:tensorflow:Unresolved object in checkpoint: (root).optimizer's state 'v' for (root).layer_with_weights-0.bias
WARNING:tensorflow:Unresolved object in checkpoint: (root).optimizer's state 'v' for (root).layer_with_weights-1.kernel
WARNING:tensorflow:Unresolved object in checkpoint: (root).optimizer's state 'v' for (root).layer_with_weights-1.bias
WARNING:tensorflow:A checkpoint was restored (e.g. tf.train.Checkpoint.restore or tf.keras.Model.load_weights) but not all checkpointed values were used. See above for specific issues. Use expect_partial() on the load status object, e.g. tf.train.Checkpoint.restore(...).expect_partial(), to silence these warnings, or use assert_consumed() to make the check explicit. See https://www.tensorflow.org/guide/checkpoint#loading_mechanics for details.
WARNING:tensorflow:Layer dense_12 is casting an input tensor from dtype float64 to the layer's dtype of float32, which is new behavior in TensorFlow 2.  The layer has dtype float32 because it's dtype defaults to floatx.

If you intended to run this layer in float32, you can safely ignore this warning. If in doubt, this warning is likely only an issue if you are porting a TensorFlow 1.X model to TensorFlow 2.

To change all layers to have dtype float64 by default, call `tf.keras.backend.set_floatx('float64')`. To change just this layer, pass dtype='float64' to the layer constructor. If you are the author of this layer, you can disable autocasting by passing autocast=False to the base Layer constructor.

(3759, 9)
(418, 9)
<class 'pandas.core.frame.DataFrame'>
RangeIndex: 3759 entries, 0 to 3758
Data columns (total 9 columns):
 #   Column          Non-Null Count  Dtype  
---  ------          --------------  -----  
 0   Sex             3759 non-null   object 
 1   Length          3759 non-null   float64
 2   Diameter        3759 non-null   float64
 3   Height          3759 non-null   float64
 4   Whole weight    3759 non-null   float64
 5   Shucked weight  3759 non-null   float64
 6   Viscera weight  3759 non-null   float64
 7   Shell weight    3759 non-null   float64
 8   Rings           3759 non-null   int64  
dtypes: float64(7), int64(1), object(1)
memory usage: 264.4+ KB
(3007, 10)
(752, 10)
Validation MAE 1.5146790742874146
[LightGBM] [Warning] Auto-choosing col-wise multi-threading, the overhead of testing was 0.000404 seconds.
You can set `force_col_wise=true` to remove the overhead.
Fold:  0
[LightGBM] [Warning] Auto-choosing col-wise multi-threading, the overhead of testing was 0.000313 seconds.
You can set `force_col_wise=true` to remove the overhead.
Fold:  1
[LightGBM] [Warning] Auto-choosing col-wise multi-threading, the overhead of testing was 0.000714 seconds.
You can set `force_col_wise=true` to remove the overhead.
Fold:  2
[LightGBM] [Warning] Auto-choosing col-wise multi-threading, the overhead of testing was 0.000273 seconds.
You can set `force_col_wise=true` to remove the overhead.
Fold:  3
[LightGBM] [Warning] Auto-choosing col-wise multi-threading, the overhead of testing was 0.001018 seconds.
You can set `force_col_wise=true` to remove the overhead.
Fold:  4
[LightGBM] [Warning] Auto-choosing col-wise multi-threading, the overhead of testing was 0.000268 seconds.
You can set `force_col_wise=true` to remove the overhead.
Validation MAE 1.4998477697372437
WARNING:tensorflow:Unresolved object in checkpoint: (root).optimizer.iter
WARNING:tensorflow:Unresolved object in checkpoint: (root).optimizer.beta_1
WARNING:tensorflow:Unresolved object in checkpoint: (root).optimizer.beta_2
WARNING:tensorflow:Unresolved object in checkpoint: (root).optimizer.decay
WARNING:tensorflow:Unresolved object in checkpoint: (root).optimizer.learning_rate
WARNING:tensorflow:Unresolved object in checkpoint: (root).optimizer's state 'm' for (root).layer_with_weights-0.kernel
WARNING:tensorflow:Unresolved object in checkpoint: (root).optimizer's state 'm' for (root).layer_with_weights-0.bias
WARNING:tensorflow:Unresolved object in checkpoint: (root).optimizer's state 'm' for (root).layer_with_weights-1.kernel
WARNING:tensorflow:Unresolved object in checkpoint: (root).optimizer's state 'm' for (root).layer_with_weights-1.bias
WARNING:tensorflow:Unresolved object in checkpoint: (root).optimizer's state 'v' for (root).layer_with_weights-0.kernel
WARNING:tensorflow:Unresolved object in checkpoint: (root).optimizer's state 'v' for (root).layer_with_weights-0.bias
WARNING:tensorflow:Unresolved object in checkpoint: (root).optimizer's state 'v' for (root).layer_with_weights-1.kernel
WARNING:tensorflow:Unresolved object in checkpoint: (root).optimizer's state 'v' for (root).layer_with_weights-1.bias
WARNING:tensorflow:A checkpoint was restored (e.g. tf.train.Checkpoint.restore or tf.keras.Model.load_weights) but not all checkpointed values were used. See above for specific issues. Use expect_partial() on the load status object, e.g. tf.train.Checkpoint.restore(...).expect_partial(), to silence these warnings, or use assert_consumed() to make the check explicit. See https://www.tensorflow.org/guide/checkpoint#loading_mechanics for details.
[REPAIR EXEC TIME]: 217.78588342666626(3759, 9)
(418, 9)
<class 'pandas.core.frame.DataFrame'>
RangeIndex: 3759 entries, 0 to 3758
Data columns (total 9 columns):
 #   Column          Non-Null Count  Dtype  
---  ------          --------------  -----  
 0   Sex             3759 non-null   object 
 1   Length          3759 non-null   float64
 2   Diameter        3759 non-null   float64
 3   Height          3759 non-null   float64
 4   Whole weight    3759 non-null   float64
 5   Shucked weight  3759 non-null   float64
 6   Viscera weight  3759 non-null   float64
 7   Shell weight    3759 non-null   float64
 8   Rings           3759 non-null   int64  
dtypes: float64(7), int64(1), object(1)
memory usage: 264.4+ KB
(3007, 10)
(752, 10)
Traceback (most recent call last):
  File "abalone-rings.py", line 110, in <module>
    model = build_nn()
  File "abalone-rings.py", line 100, in build_nn
    model = keras.models.Sequential([ keras.layers.Dense(32, 'relu', kernel_initializer=keras.initializers.HeUniform(), activity_regularizer=keras.regularizers.l1_l2(l1=1e-5, l2=1e-6)), keras.layers.Dense(1), ]) 
AttributeError: module 'tensorflow.keras.initializers' has no attribute 'HeUniform'
[Try Solution]: OrderedDict([('action', 'fqn'), ('old_fqn', 'tensorflow.keras.initializers.HeUniform'), ('new_fqn', 'tensorflow.initializers.HeUniform'), ('line_no', 100)])(3759, 9)
(418, 9)
<class 'pandas.core.frame.DataFrame'>
RangeIndex: 3759 entries, 0 to 3758
Data columns (total 9 columns):
 #   Column          Non-Null Count  Dtype  
---  ------          --------------  -----  
 0   Sex             3759 non-null   object 
 1   Length          3759 non-null   float64
 2   Diameter        3759 non-null   float64
 3   Height          3759 non-null   float64
 4   Whole weight    3759 non-null   float64
 5   Shucked weight  3759 non-null   float64
 6   Viscera weight  3759 non-null   float64
 7   Shell weight    3759 non-null   float64
 8   Rings           3759 non-null   int64  
dtypes: float64(7), int64(1), object(1)
memory usage: 264.4+ KB
(3007, 10)
(752, 10)
Traceback (most recent call last):
  File "abalone-rings.py", line 111, in <module>
    model = build_nn()
  File "abalone-rings.py", line 101, in build_nn
    model = keras.models.Sequential([ keras.layers.Dense(32, 'relu', kernel_initializer=tensorflow.initializers.HeUniform(), activity_regularizer=keras.regularizers.l1_l2(l1=1e-5, l2=1e-6)), keras.layers.Dense(1), ]) 
AttributeError: module 'tensorflow.keras.initializers' has no attribute 'HeUniform'
[Try Solution]: OrderedDict([('action', 'fqn'), ('old_fqn', 'tensorflow.keras.initializers.HeUniform'), ('new_fqn', 'tensorflow.keras.initializers.he_uniform'), ('line_no', 100)])2021-07-02 03:51:52.650919: I tensorflow/core/platform/cpu_feature_guard.cc:143] Your CPU supports instructions that this TensorFlow binary was not compiled to use: SSE4.1 SSE4.2 AVX AVX2 FMA
2021-07-02 03:51:52.673649: I tensorflow/core/platform/profile_utils/cpu_utils.cc:102] CPU Frequency: 2099940000 Hz
2021-07-02 03:51:52.674871: I tensorflow/compiler/xla/service/service.cc:168] XLA service 0x5577fec6b060 initialized for platform Host (this does not guarantee that XLA will be used). Devices:
2021-07-02 03:51:52.674920: I tensorflow/compiler/xla/service/service.cc:176]   StreamExecutor device (0): Host, Default Version
2021-07-02 03:51:52.675157: I tensorflow/core/common_runtime/process_util.cc:147] Creating new thread pool with default inter op setting: 2. Tune using inter_op_parallelism_threads for best performance.
WARNING:tensorflow:Unresolved object in checkpoint: (root).optimizer.iter
WARNING:tensorflow:Unresolved object in checkpoint: (root).optimizer.beta_1
WARNING:tensorflow:Unresolved object in checkpoint: (root).optimizer.beta_2
WARNING:tensorflow:Unresolved object in checkpoint: (root).optimizer.decay
WARNING:tensorflow:Unresolved object in checkpoint: (root).optimizer.learning_rate
WARNING:tensorflow:Unresolved object in checkpoint: (root).optimizer's state 'm' for (root).layer_with_weights-0.kernel
WARNING:tensorflow:Unresolved object in checkpoint: (root).optimizer's state 'm' for (root).layer_with_weights-0.bias
WARNING:tensorflow:Unresolved object in checkpoint: (root).optimizer's state 'm' for (root).layer_with_weights-1.kernel
WARNING:tensorflow:Unresolved object in checkpoint: (root).optimizer's state 'm' for (root).layer_with_weights-1.bias
WARNING:tensorflow:Unresolved object in checkpoint: (root).optimizer's state 'v' for (root).layer_with_weights-0.kernel
WARNING:tensorflow:Unresolved object in checkpoint: (root).optimizer's state 'v' for (root).layer_with_weights-0.bias
WARNING:tensorflow:Unresolved object in checkpoint: (root).optimizer's state 'v' for (root).layer_with_weights-1.kernel
WARNING:tensorflow:Unresolved object in checkpoint: (root).optimizer's state 'v' for (root).layer_with_weights-1.bias
WARNING:tensorflow:A checkpoint was restored (e.g. tf.train.Checkpoint.restore or tf.keras.Model.load_weights) but not all checkpointed values were used. See above for specific issues. Use expect_partial() on the load status object, e.g. tf.train.Checkpoint.restore(...).expect_partial(), to silence these warnings, or use assert_consumed() to make the check explicit. See https://www.tensorflow.org/guide/checkpoint#loading_mechanics for details.
WARNING:tensorflow:Unresolved object in checkpoint: (root).optimizer.iter
WARNING:tensorflow:Unresolved object in checkpoint: (root).optimizer.beta_1
WARNING:tensorflow:Unresolved object in checkpoint: (root).optimizer.beta_2
WARNING:tensorflow:Unresolved object in checkpoint: (root).optimizer.decay
WARNING:tensorflow:Unresolved object in checkpoint: (root).optimizer.learning_rate
WARNING:tensorflow:Unresolved object in checkpoint: (root).optimizer's state 'm' for (root).layer_with_weights-0.kernel
WARNING:tensorflow:Unresolved object in checkpoint: (root).optimizer's state 'm' for (root).layer_with_weights-0.bias
WARNING:tensorflow:Unresolved object in checkpoint: (root).optimizer's state 'm' for (root).layer_with_weights-1.kernel
WARNING:tensorflow:Unresolved object in checkpoint: (root).optimizer's state 'm' for (root).layer_with_weights-1.bias
WARNING:tensorflow:Unresolved object in checkpoint: (root).optimizer's state 'v' for (root).layer_with_weights-0.kernel
WARNING:tensorflow:Unresolved object in checkpoint: (root).optimizer's state 'v' for (root).layer_with_weights-0.bias
WARNING:tensorflow:Unresolved object in checkpoint: (root).optimizer's state 'v' for (root).layer_with_weights-1.kernel
WARNING:tensorflow:Unresolved object in checkpoint: (root).optimizer's state 'v' for (root).layer_with_weights-1.bias
WARNING:tensorflow:A checkpoint was restored (e.g. tf.train.Checkpoint.restore or tf.keras.Model.load_weights) but not all checkpointed values were used. See above for specific issues. Use expect_partial() on the load status object, e.g. tf.train.Checkpoint.restore(...).expect_partial(), to silence these warnings, or use assert_consumed() to make the check explicit. See https://www.tensorflow.org/guide/checkpoint#loading_mechanics for details.
WARNING:tensorflow:Layer dense_12 is casting an input tensor from dtype float64 to the layer's dtype of float32, which is new behavior in TensorFlow 2.  The layer has dtype float32 because it's dtype defaults to floatx.

If you intended to run this layer in float32, you can safely ignore this warning. If in doubt, this warning is likely only an issue if you are porting a TensorFlow 1.X model to TensorFlow 2.

To change all layers to have dtype float64 by default, call `tf.keras.backend.set_floatx('float64')`. To change just this layer, pass dtype='float64' to the layer constructor. If you are the author of this layer, you can disable autocasting by passing autocast=False to the base Layer constructor.

(3759, 9)
(418, 9)
<class 'pandas.core.frame.DataFrame'>
RangeIndex: 3759 entries, 0 to 3758
Data columns (total 9 columns):
 #   Column          Non-Null Count  Dtype  
---  ------          --------------  -----  
 0   Sex             3759 non-null   object 
 1   Length          3759 non-null   float64
 2   Diameter        3759 non-null   float64
 3   Height          3759 non-null   float64
 4   Whole weight    3759 non-null   float64
 5   Shucked weight  3759 non-null   float64
 6   Viscera weight  3759 non-null   float64
 7   Shell weight    3759 non-null   float64
 8   Rings           3759 non-null   int64  
dtypes: float64(7), int64(1), object(1)
memory usage: 264.4+ KB
(3007, 10)
(752, 10)
Validation MAE 1.5275375843048096
[LightGBM] [Warning] Auto-choosing col-wise multi-threading, the overhead of testing was 0.000533 seconds.
You can set `force_col_wise=true` to remove the overhead.
Fold:  0
[LightGBM] [Warning] Auto-choosing col-wise multi-threading, the overhead of testing was 0.000659 seconds.
You can set `force_col_wise=true` to remove the overhead.
Fold:  1
[LightGBM] [Warning] Auto-choosing col-wise multi-threading, the overhead of testing was 0.000328 seconds.
You can set `force_col_wise=true` to remove the overhead.
Fold:  2
[LightGBM] [Warning] Auto-choosing col-wise multi-threading, the overhead of testing was 0.000271 seconds.
You can set `force_col_wise=true` to remove the overhead.
Fold:  3
[LightGBM] [Warning] Auto-choosing col-wise multi-threading, the overhead of testing was 0.000538 seconds.
You can set `force_col_wise=true` to remove the overhead.
Fold:  4
[LightGBM] [Warning] Auto-choosing col-wise multi-threading, the overhead of testing was 0.000301 seconds.
You can set `force_col_wise=true` to remove the overhead.
Validation MAE 1.4937666654586792
WARNING:tensorflow:Unresolved object in checkpoint: (root).optimizer.iter
WARNING:tensorflow:Unresolved object in checkpoint: (root).optimizer.beta_1
WARNING:tensorflow:Unresolved object in checkpoint: (root).optimizer.beta_2
WARNING:tensorflow:Unresolved object in checkpoint: (root).optimizer.decay
WARNING:tensorflow:Unresolved object in checkpoint: (root).optimizer.learning_rate
WARNING:tensorflow:Unresolved object in checkpoint: (root).optimizer's state 'm' for (root).layer_with_weights-0.kernel
WARNING:tensorflow:Unresolved object in checkpoint: (root).optimizer's state 'm' for (root).layer_with_weights-0.bias
WARNING:tensorflow:Unresolved object in checkpoint: (root).optimizer's state 'm' for (root).layer_with_weights-1.kernel
WARNING:tensorflow:Unresolved object in checkpoint: (root).optimizer's state 'm' for (root).layer_with_weights-1.bias
WARNING:tensorflow:Unresolved object in checkpoint: (root).optimizer's state 'v' for (root).layer_with_weights-0.kernel
WARNING:tensorflow:Unresolved object in checkpoint: (root).optimizer's state 'v' for (root).layer_with_weights-0.bias
WARNING:tensorflow:Unresolved object in checkpoint: (root).optimizer's state 'v' for (root).layer_with_weights-1.kernel
WARNING:tensorflow:Unresolved object in checkpoint: (root).optimizer's state 'v' for (root).layer_with_weights-1.bias
WARNING:tensorflow:A checkpoint was restored (e.g. tf.train.Checkpoint.restore or tf.keras.Model.load_weights) but not all checkpointed values were used. See above for specific issues. Use expect_partial() on the load status object, e.g. tf.train.Checkpoint.restore(...).expect_partial(), to silence these warnings, or use assert_consumed() to make the check explicit. See https://www.tensorflow.org/guide/checkpoint#loading_mechanics for details.
WARNING:tensorflow:Unresolved object in checkpoint: (root).optimizer.iter
WARNING:tensorflow:Unresolved object in checkpoint: (root).optimizer.beta_1
WARNING:tensorflow:Unresolved object in checkpoint: (root).optimizer.beta_2
WARNING:tensorflow:Unresolved object in checkpoint: (root).optimizer.decay
WARNING:tensorflow:Unresolved object in checkpoint: (root).optimizer.learning_rate
WARNING:tensorflow:Unresolved object in checkpoint: (root).optimizer's state 'm' for (root).layer_with_weights-0.kernel
WARNING:tensorflow:Unresolved object in checkpoint: (root).optimizer's state 'm' for (root).layer_with_weights-0.bias
WARNING:tensorflow:Unresolved object in checkpoint: (root).optimizer's state 'm' for (root).layer_with_weights-1.kernel
WARNING:tensorflow:Unresolved object in checkpoint: (root).optimizer's state 'm' for (root).layer_with_weights-1.bias
WARNING:tensorflow:Unresolved object in checkpoint: (root).optimizer's state 'v' for (root).layer_with_weights-0.kernel
WARNING:tensorflow:Unresolved object in checkpoint: (root).optimizer's state 'v' for (root).layer_with_weights-0.bias
WARNING:tensorflow:Unresolved object in checkpoint: (root).optimizer's state 'v' for (root).layer_with_weights-1.kernel
WARNING:tensorflow:Unresolved object in checkpoint: (root).optimizer's state 'v' for (root).layer_with_weights-1.bias
WARNING:tensorflow:A checkpoint was restored (e.g. tf.train.Checkpoint.restore or tf.keras.Model.load_weights) but not all checkpointed values were used. See above for specific issues. Use expect_partial() on the load status object, e.g. tf.train.Checkpoint.restore(...).expect_partial(), to silence these warnings, or use assert_consumed() to make the check explicit. See https://www.tensorflow.org/guide/checkpoint#loading_mechanics for details.
[REPAIR EXEC TIME]: 193.6562123298645