<class 'pandas.core.frame.DataFrame'>
Int64Index: 53940 entries, 1 to 53940
Data columns (total 10 columns):
 #   Column   Non-Null Count  Dtype  
---  ------   --------------  -----  
 0   carat    53940 non-null  float64
 1   cut      53940 non-null  object 
 2   color    53940 non-null  object 
 3   clarity  53940 non-null  object 
 4   depth    53940 non-null  float64
 5   table    53940 non-null  float64
 6   price    53940 non-null  int64  
 7   x        53940 non-null  float64
 8   y        53940 non-null  float64
 9   z        53940 non-null  float64
dtypes: float64(6), int64(1), object(3)
memory usage: 4.5+ MB
(48545, 9)
(5394, 8)
Traceback (most recent call last):
  File "diamond-exploratory-analysis-and-visualizations.py", line 182, in <module>
    from sklearn.cross_validation import train_test_split
ModuleNotFoundError: No module named 'sklearn.cross_validation'
[Try Solution]: OrderedDict([('action', 'fqn'), ('old_fqn', 'sklearn.cross_validation'), ('new_fqn', 'sklearn.model_selection'), ('line_no', 182)])<class 'pandas.core.frame.DataFrame'>
Int64Index: 53940 entries, 1 to 53940
Data columns (total 10 columns):
 #   Column   Non-Null Count  Dtype  
---  ------   --------------  -----  
 0   carat    53940 non-null  float64
 1   cut      53940 non-null  object 
 2   color    53940 non-null  object 
 3   clarity  53940 non-null  object 
 4   depth    53940 non-null  float64
 5   table    53940 non-null  float64
 6   price    53940 non-null  int64  
 7   x        53940 non-null  float64
 8   y        53940 non-null  float64
 9   z        53940 non-null  float64
dtypes: float64(6), int64(1), object(3)
memory usage: 4.5+ MB
(48545, 9)
(5394, 8)
Linear regression accuracy:  0.9022767997568477
Ridge regression accuracy:  0.7676047359963228
Lasso regression accuracy:  0.7676047359963228
Elastic net accuracy:  0.8758809191966087
[REPAIR EXEC TIME]: 15.40644359588623<class 'pandas.core.frame.DataFrame'>
Int64Index: 53940 entries, 1 to 53940
Data columns (total 10 columns):
 #   Column   Non-Null Count  Dtype  
---  ------   --------------  -----  
 0   carat    53940 non-null  float64
 1   cut      53940 non-null  object 
 2   color    53940 non-null  object 
 3   clarity  53940 non-null  object 
 4   depth    53940 non-null  float64
 5   table    53940 non-null  float64
 6   price    53940 non-null  int64  
 7   x        53940 non-null  float64
 8   y        53940 non-null  float64
 9   z        53940 non-null  float64
dtypes: float64(6), int64(1), object(3)
memory usage: 4.5+ MB
(48545, 9)
(5394, 8)
Traceback (most recent call last):
  File "diamond-exploratory-analysis-and-visualizations.py", line 182, in <module>
    from sklearn.cross_validation import train_test_split
ModuleNotFoundError: No module named 'sklearn.cross_validation'
[Try Solution]: OrderedDict([('action', 'fqn'), ('old_fqn', 'sklearn.cross_validation'), ('new_fqn', 'sklearn.model_selection'), ('line_no', 182)])<class 'pandas.core.frame.DataFrame'>
Int64Index: 53940 entries, 1 to 53940
Data columns (total 10 columns):
 #   Column   Non-Null Count  Dtype  
---  ------   --------------  -----  
 0   carat    53940 non-null  float64
 1   cut      53940 non-null  object 
 2   color    53940 non-null  object 
 3   clarity  53940 non-null  object 
 4   depth    53940 non-null  float64
 5   table    53940 non-null  float64
 6   price    53940 non-null  int64  
 7   x        53940 non-null  float64
 8   y        53940 non-null  float64
 9   z        53940 non-null  float64
dtypes: float64(6), int64(1), object(3)
memory usage: 4.5+ MB
(48545, 9)
(5394, 8)
Linear regression accuracy:  0.9028997016477462
Ridge regression accuracy:  0.7665756259687125
Lasso regression accuracy:  0.7665756259687125
Elastic net accuracy:  0.8758838968633382
[REPAIR EXEC TIME]: 18.503215551376343