
"me" wins 50.0% of all games!
Traceback (most recent call last):
  File "data-exploration-simple-rf-model.py", line 120, in <module>
    from sklearn.cross_validation import train_test_split
ModuleNotFoundError: No module named 'sklearn.cross_validation'
[Try Solution]: OrderedDict([('old_fqn', 'sklearn.cross_validation'), ('new_fqn', 'sklearn.model_selection'), ('line_no', 120)])
"me" wins 50.0% of all games!
Traceback (most recent call last):
  File "data-exploration-simple-rf-model.py", line 141, in <module>
    from sklearn.grid_search import GridSearchCV
ModuleNotFoundError: No module named 'sklearn.grid_search'
[Try Solution]: OrderedDict([('old_fqn', 'sklearn.grid_search'), ('new_fqn', 'sklearn.model_selection'), ('line_no', 141)])
"me" wins 50.0% of all games!
Traceback (most recent call last):
  File "data-exploration-simple-rf-model.py", line 147, in <module>
    cross_validation = StratifiedKFold(y_train, n_folds=5)
  File "/home/cgzhu/anaconda3/envs/migration-plus/lib/python3.6/site-packages/sklearn/utils/validation.py", line 73, in inner_f
    return f(**kwargs)
TypeError: __init__() got an unexpected keyword argument 'n_folds'
[Try Solution]: OrderedDict([('API', 'sklearn.model_selection.StratifiedKFold'), ('action', 'arg_delete'), ('from_name', 'n_folds'), ('to_name', '*')])
"me" wins 50.0% of all games!
Traceback (most recent call last):
  File "data-exploration-simple-rf-model.py", line 147, in <module>
    cross_validation = StratifiedKFold(y_train)
  File "/home/cgzhu/anaconda3/envs/migration-plus/lib/python3.6/site-packages/sklearn/utils/validation.py", line 73, in inner_f
    return f(**kwargs)
  File "/home/cgzhu/anaconda3/envs/migration-plus/lib/python3.6/site-packages/sklearn/model_selection/_split.py", line 641, in __init__
    random_state=random_state)
  File "/home/cgzhu/anaconda3/envs/migration-plus/lib/python3.6/site-packages/sklearn/utils/validation.py", line 73, in inner_f
    return f(**kwargs)
  File "/home/cgzhu/anaconda3/envs/migration-plus/lib/python3.6/site-packages/sklearn/model_selection/_split.py", line 278, in __init__
    % (n_splits, type(n_splits)))
ValueError: The number of folds must be of Integral type. 115    0
69     0
32     0
81     0
73     0
      ..
25     0
49     0
50     0
58     0
10     0
Name: win, Length: 160, dtype: int64 of type <class 'pandas.core.series.Series'> was passed.
[Try Solution]: OrderedDict([('API', 'sklearn.model_selection.StratifiedKFold'), ('action', 'arg_value_update'), ('arg_name', 'shuffle'), ('target_value', 'True')])
"me" wins 50.0% of all games!
Best score: 0.75625
Best parameters: {'max_depth': 4, 'n_estimators': 120}
Accuracy: 0.75
Confusion matrix
[[28  4]
 [ 6  2]]

[REPAIR EXEC TIME]: 41.63941144943237
"me" wins 50.0% of all games!
Traceback (most recent call last):
  File "data-exploration-simple-rf-model.py", line 120, in <module>
    from sklearn.cross_validation import train_test_split
ModuleNotFoundError: No module named 'sklearn.cross_validation'
[Try Solution]: OrderedDict([('action', 'fqn'), ('old_fqn', 'sklearn.cross_validation'), ('new_fqn', 'sklearn.model_selection'), ('line_no', 120)])
"me" wins 50.0% of all games!
Traceback (most recent call last):
  File "data-exploration-simple-rf-model.py", line 141, in <module>
    from sklearn.grid_search import GridSearchCV
ModuleNotFoundError: No module named 'sklearn.grid_search'
[Try Solution]: OrderedDict([('action', 'fqn'), ('old_fqn', 'sklearn.grid_search'), ('new_fqn', 'sklearn.model_selection'), ('line_no', 141)])
"me" wins 50.0% of all games!
Traceback (most recent call last):
  File "data-exploration-simple-rf-model.py", line 147, in <module>
    cross_validation = StratifiedKFold(y_train, n_folds=5)
  File "/home/cgzhu/anaconda3/envs/migration-plus/lib/python3.6/site-packages/sklearn/utils/validation.py", line 73, in inner_f
    return f(**kwargs)
TypeError: __init__() got an unexpected keyword argument 'n_folds'
[Try Solution]: OrderedDict([('API', 'sklearn.model_selection.StratifiedKFold'), ('action', 'arg_delete'), ('from_name', 'n_folds'), ('to_name', '*')])
"me" wins 50.0% of all games!
Traceback (most recent call last):
  File "data-exploration-simple-rf-model.py", line 147, in <module>
    cross_validation = StratifiedKFold(y_train)
  File "/home/cgzhu/anaconda3/envs/migration-plus/lib/python3.6/site-packages/sklearn/utils/validation.py", line 73, in inner_f
    return f(**kwargs)
  File "/home/cgzhu/anaconda3/envs/migration-plus/lib/python3.6/site-packages/sklearn/model_selection/_split.py", line 641, in __init__
    random_state=random_state)
  File "/home/cgzhu/anaconda3/envs/migration-plus/lib/python3.6/site-packages/sklearn/utils/validation.py", line 73, in inner_f
    return f(**kwargs)
  File "/home/cgzhu/anaconda3/envs/migration-plus/lib/python3.6/site-packages/sklearn/model_selection/_split.py", line 278, in __init__
    % (n_splits, type(n_splits)))
ValueError: The number of folds must be of Integral type. 143    0
127    0
154    0
25     0
111    0
      ..
134    0
180    0
90     1
6      0
133    0
Name: win, Length: 160, dtype: int64 of type <class 'pandas.core.series.Series'> was passed.
[Try Solution]: OrderedDict([('API', 'sklearn.model_selection.StratifiedKFold'), ('action', 'arg_rename'), ('from_name', 'n_folds'), ('to_name', 'n_splits')])
"me" wins 50.0% of all games!
Traceback (most recent call last):
  File "data-exploration-simple-rf-model.py", line 147, in <module>
    cross_validation = StratifiedKFold(y_train, n_splits=5)
  File "/home/cgzhu/anaconda3/envs/migration-plus/lib/python3.6/site-packages/sklearn/utils/validation.py", line 73, in inner_f
    return f(**kwargs)
  File "/home/cgzhu/anaconda3/envs/migration-plus/lib/python3.6/site-packages/sklearn/model_selection/_split.py", line 641, in __init__
    random_state=random_state)
  File "/home/cgzhu/anaconda3/envs/migration-plus/lib/python3.6/site-packages/sklearn/utils/validation.py", line 73, in inner_f
    return f(**kwargs)
  File "/home/cgzhu/anaconda3/envs/migration-plus/lib/python3.6/site-packages/sklearn/model_selection/_split.py", line 278, in __init__
    % (n_splits, type(n_splits)))
ValueError: The number of folds must be of Integral type. 11     0
139    0
26     0
62     0
52     0
      ..
111    0
64     0
45     0
160    0
67     1
Name: win, Length: 160, dtype: int64 of type <class 'pandas.core.series.Series'> was passed.
[Try Solution]: OrderedDict([('API', 'sklearn.model_selection.StratifiedKFold'), ('action', 'arg_rename'), ('from_name', 'n_folds'), ('to_name', 'shuffle')])
"me" wins 50.0% of all games!
Traceback (most recent call last):
  File "data-exploration-simple-rf-model.py", line 147, in <module>
    cross_validation = StratifiedKFold(y_train, shuffle=5)
  File "/home/cgzhu/anaconda3/envs/migration-plus/lib/python3.6/site-packages/sklearn/utils/validation.py", line 73, in inner_f
    return f(**kwargs)
  File "/home/cgzhu/anaconda3/envs/migration-plus/lib/python3.6/site-packages/sklearn/model_selection/_split.py", line 641, in __init__
    random_state=random_state)
  File "/home/cgzhu/anaconda3/envs/migration-plus/lib/python3.6/site-packages/sklearn/utils/validation.py", line 73, in inner_f
    return f(**kwargs)
  File "/home/cgzhu/anaconda3/envs/migration-plus/lib/python3.6/site-packages/sklearn/model_selection/_split.py", line 278, in __init__
    % (n_splits, type(n_splits)))
ValueError: The number of folds must be of Integral type. 136    0
93     0
130    0
183    0
134    0
      ..
50     0
165    1
181    0
79     0
153    1
Name: win, Length: 160, dtype: int64 of type <class 'pandas.core.series.Series'> was passed.
[Try Solution]: OrderedDict([('API', 'sklearn.model_selection.StratifiedKFold'), ('action', 'arg_rename'), ('from_name', 'n_folds'), ('to_name', 'random_state')])
"me" wins 50.0% of all games!
Traceback (most recent call last):
  File "data-exploration-simple-rf-model.py", line 147, in <module>
    cross_validation = StratifiedKFold(y_train, random_state=5)
  File "/home/cgzhu/anaconda3/envs/migration-plus/lib/python3.6/site-packages/sklearn/utils/validation.py", line 73, in inner_f
    return f(**kwargs)
  File "/home/cgzhu/anaconda3/envs/migration-plus/lib/python3.6/site-packages/sklearn/model_selection/_split.py", line 641, in __init__
    random_state=random_state)
  File "/home/cgzhu/anaconda3/envs/migration-plus/lib/python3.6/site-packages/sklearn/utils/validation.py", line 73, in inner_f
    return f(**kwargs)
  File "/home/cgzhu/anaconda3/envs/migration-plus/lib/python3.6/site-packages/sklearn/model_selection/_split.py", line 278, in __init__
    % (n_splits, type(n_splits)))
ValueError: The number of folds must be of Integral type. 190    0
164    0
27     0
70     0
146    1
      ..
96     0
176    0
29     1
168    1
152    0
Name: win, Length: 160, dtype: int64 of type <class 'pandas.core.series.Series'> was passed.
[REPAIR EXEC TIME]: 15.868323802947998
"me" wins 50.0% of all games!
Traceback (most recent call last):
  File "data-exploration-simple-rf-model.py", line 120, in <module>
    from sklearn.cross_validation import train_test_split
ModuleNotFoundError: No module named 'sklearn.cross_validation'
[Try Solution]: OrderedDict([('action', 'fqn'), ('old_fqn', 'sklearn.cross_validation'), ('new_fqn', 'sklearn.model_selection'), ('line_no', 120)])
"me" wins 50.0% of all games!
Traceback (most recent call last):
  File "data-exploration-simple-rf-model.py", line 141, in <module>
    from sklearn.grid_search import GridSearchCV
ModuleNotFoundError: No module named 'sklearn.grid_search'
[Try Solution]: OrderedDict([('action', 'fqn'), ('old_fqn', 'sklearn.grid_search'), ('new_fqn', 'sklearn.model_selection'), ('line_no', 141)])
"me" wins 50.0% of all games!
Traceback (most recent call last):
  File "data-exploration-simple-rf-model.py", line 147, in <module>
    cross_validation = StratifiedKFold(y_train, n_folds=5)
  File "/home/cgzhu/anaconda3/envs/migration-plus/lib/python3.6/site-packages/sklearn/utils/validation.py", line 73, in inner_f
    return f(**kwargs)
TypeError: __init__() got an unexpected keyword argument 'n_folds'
[Try Solution]: OrderedDict([('API', 'sklearn.model_selection.StratifiedKFold'), ('action', 'arg_delete'), ('from_name', 'n_folds'), ('to_name', '*')])
"me" wins 50.0% of all games!
Traceback (most recent call last):
  File "data-exploration-simple-rf-model.py", line 147, in <module>
    cross_validation = StratifiedKFold(y_train)
  File "/home/cgzhu/anaconda3/envs/migration-plus/lib/python3.6/site-packages/sklearn/utils/validation.py", line 73, in inner_f
    return f(**kwargs)
  File "/home/cgzhu/anaconda3/envs/migration-plus/lib/python3.6/site-packages/sklearn/model_selection/_split.py", line 641, in __init__
    random_state=random_state)
  File "/home/cgzhu/anaconda3/envs/migration-plus/lib/python3.6/site-packages/sklearn/utils/validation.py", line 73, in inner_f
    return f(**kwargs)
  File "/home/cgzhu/anaconda3/envs/migration-plus/lib/python3.6/site-packages/sklearn/model_selection/_split.py", line 278, in __init__
    % (n_splits, type(n_splits)))
ValueError: The number of folds must be of Integral type. 90     1
143    0
1      0
88     0
27     0
      ..
33     0
93     0
76     0
112    0
148    0
Name: win, Length: 160, dtype: int64 of type <class 'pandas.core.series.Series'> was passed.
[Try Solution]: OrderedDict([('API', 'sklearn.model_selection.StratifiedKFold'), ('action', 'arg_rename'), ('from_name', 'n_folds'), ('to_name', 'n_splits')])
"me" wins 50.0% of all games!
Traceback (most recent call last):
  File "data-exploration-simple-rf-model.py", line 147, in <module>
    cross_validation = StratifiedKFold(y_train, n_splits=5)
  File "/home/cgzhu/anaconda3/envs/migration-plus/lib/python3.6/site-packages/sklearn/utils/validation.py", line 73, in inner_f
    return f(**kwargs)
  File "/home/cgzhu/anaconda3/envs/migration-plus/lib/python3.6/site-packages/sklearn/model_selection/_split.py", line 641, in __init__
    random_state=random_state)
  File "/home/cgzhu/anaconda3/envs/migration-plus/lib/python3.6/site-packages/sklearn/utils/validation.py", line 73, in inner_f
    return f(**kwargs)
  File "/home/cgzhu/anaconda3/envs/migration-plus/lib/python3.6/site-packages/sklearn/model_selection/_split.py", line 278, in __init__
    % (n_splits, type(n_splits)))
ValueError: The number of folds must be of Integral type. 62     0
90     1
67     1
121    0
129    0
      ..
150    1
69     0
48     0
139    0
65     0
Name: win, Length: 160, dtype: int64 of type <class 'pandas.core.series.Series'> was passed.
[Try Solution]: OrderedDict([('API', 'sklearn.model_selection.StratifiedKFold'), ('action', 'arg_rename'), ('from_name', 'n_folds'), ('to_name', 'shuffle')])
"me" wins 50.0% of all games!
Traceback (most recent call last):
  File "data-exploration-simple-rf-model.py", line 147, in <module>
    cross_validation = StratifiedKFold(y_train, shuffle=5)
  File "/home/cgzhu/anaconda3/envs/migration-plus/lib/python3.6/site-packages/sklearn/utils/validation.py", line 73, in inner_f
    return f(**kwargs)
  File "/home/cgzhu/anaconda3/envs/migration-plus/lib/python3.6/site-packages/sklearn/model_selection/_split.py", line 641, in __init__
    random_state=random_state)
  File "/home/cgzhu/anaconda3/envs/migration-plus/lib/python3.6/site-packages/sklearn/utils/validation.py", line 73, in inner_f
    return f(**kwargs)
  File "/home/cgzhu/anaconda3/envs/migration-plus/lib/python3.6/site-packages/sklearn/model_selection/_split.py", line 278, in __init__
    % (n_splits, type(n_splits)))
ValueError: The number of folds must be of Integral type. 44     0
36     0
113    0
63     0
140    0
      ..
101    0
81     0
42     1
196    0
4      1
Name: win, Length: 160, dtype: int64 of type <class 'pandas.core.series.Series'> was passed.
[Try Solution]: OrderedDict([('API', 'sklearn.model_selection.StratifiedKFold'), ('action', 'arg_rename'), ('from_name', 'n_folds'), ('to_name', 'random_state')])
"me" wins 50.0% of all games!
Traceback (most recent call last):
  File "data-exploration-simple-rf-model.py", line 147, in <module>
    cross_validation = StratifiedKFold(y_train, random_state=5)
  File "/home/cgzhu/anaconda3/envs/migration-plus/lib/python3.6/site-packages/sklearn/utils/validation.py", line 73, in inner_f
    return f(**kwargs)
  File "/home/cgzhu/anaconda3/envs/migration-plus/lib/python3.6/site-packages/sklearn/model_selection/_split.py", line 641, in __init__
    random_state=random_state)
  File "/home/cgzhu/anaconda3/envs/migration-plus/lib/python3.6/site-packages/sklearn/utils/validation.py", line 73, in inner_f
    return f(**kwargs)
  File "/home/cgzhu/anaconda3/envs/migration-plus/lib/python3.6/site-packages/sklearn/model_selection/_split.py", line 278, in __init__
    % (n_splits, type(n_splits)))
ValueError: The number of folds must be of Integral type. 126    0
74     0
167    0
10     0
4      1
      ..
196    0
164    0
191    0
37     0
71     1
Name: win, Length: 160, dtype: int64 of type <class 'pandas.core.series.Series'> was passed.
[REPAIR EXEC TIME]: 14.85840129852295
"me" wins 50.0% of all games!
Traceback (most recent call last):
  File "data-exploration-simple-rf-model.py", line 120, in <module>
    from sklearn.cross_validation import train_test_split
ModuleNotFoundError: No module named 'sklearn.cross_validation'
[Try Solution]: OrderedDict([('action', 'fqn'), ('old_fqn', 'sklearn.cross_validation'), ('new_fqn', 'sklearn.model_selection'), ('line_no', 120)])
"me" wins 50.0% of all games!
Traceback (most recent call last):
  File "data-exploration-simple-rf-model.py", line 141, in <module>
    from sklearn.grid_search import GridSearchCV
ModuleNotFoundError: No module named 'sklearn.grid_search'
[Try Solution]: OrderedDict([('action', 'fqn'), ('old_fqn', 'sklearn.grid_search'), ('new_fqn', 'sklearn.model_selection'), ('line_no', 141)])
"me" wins 50.0% of all games!
Traceback (most recent call last):
  File "data-exploration-simple-rf-model.py", line 147, in <module>
    cross_validation = StratifiedKFold(y_train, n_folds=5)
  File "/home/cgzhu/anaconda3/envs/migration-plus/lib/python3.6/site-packages/sklearn/utils/validation.py", line 73, in inner_f
    return f(**kwargs)
TypeError: __init__() got an unexpected keyword argument 'n_folds'
[Try Solution]: OrderedDict([('API', 'sklearn.model_selection.StratifiedKFold'), ('action', 'arg_delete'), ('from_name', 'n_folds'), ('to_name', '*')])
"me" wins 50.0% of all games!
Traceback (most recent call last):
  File "data-exploration-simple-rf-model.py", line 147, in <module>
    cross_validation = StratifiedKFold(y_train)
  File "/home/cgzhu/anaconda3/envs/migration-plus/lib/python3.6/site-packages/sklearn/utils/validation.py", line 73, in inner_f
    return f(**kwargs)
  File "/home/cgzhu/anaconda3/envs/migration-plus/lib/python3.6/site-packages/sklearn/model_selection/_split.py", line 641, in __init__
    random_state=random_state)
  File "/home/cgzhu/anaconda3/envs/migration-plus/lib/python3.6/site-packages/sklearn/utils/validation.py", line 73, in inner_f
    return f(**kwargs)
  File "/home/cgzhu/anaconda3/envs/migration-plus/lib/python3.6/site-packages/sklearn/model_selection/_split.py", line 278, in __init__
    % (n_splits, type(n_splits)))
ValueError: The number of folds must be of Integral type. 168    1
134    0
41     0
188    1
95     0
      ..
174    1
4      1
30     0
16     0
107    0
Name: win, Length: 160, dtype: int64 of type <class 'pandas.core.series.Series'> was passed.
[Try Solution]: OrderedDict([('API', 'sklearn.model_selection.StratifiedKFold'), ('action', 'arg_rename'), ('from_name', 'n_folds'), ('to_name', 'n_splits')])
"me" wins 50.0% of all games!
Traceback (most recent call last):
  File "data-exploration-simple-rf-model.py", line 147, in <module>
    cross_validation = StratifiedKFold(y_train, n_splits=5)
  File "/home/cgzhu/anaconda3/envs/migration-plus/lib/python3.6/site-packages/sklearn/utils/validation.py", line 73, in inner_f
    return f(**kwargs)
  File "/home/cgzhu/anaconda3/envs/migration-plus/lib/python3.6/site-packages/sklearn/model_selection/_split.py", line 641, in __init__
    random_state=random_state)
  File "/home/cgzhu/anaconda3/envs/migration-plus/lib/python3.6/site-packages/sklearn/utils/validation.py", line 73, in inner_f
    return f(**kwargs)
  File "/home/cgzhu/anaconda3/envs/migration-plus/lib/python3.6/site-packages/sklearn/model_selection/_split.py", line 278, in __init__
    % (n_splits, type(n_splits)))
ValueError: The number of folds must be of Integral type. 15     0
141    1
77     1
71     1
33     0
      ..
25     0
20     0
147    0
111    0
0      0
Name: win, Length: 160, dtype: int64 of type <class 'pandas.core.series.Series'> was passed.
[Try Solution]: OrderedDict([('API', 'sklearn.model_selection.StratifiedKFold'), ('action', 'arg_rename'), ('from_name', 'n_folds'), ('to_name', 'shuffle')])
"me" wins 50.0% of all games!
Traceback (most recent call last):
  File "data-exploration-simple-rf-model.py", line 147, in <module>
    cross_validation = StratifiedKFold(y_train, shuffle=5)
  File "/home/cgzhu/anaconda3/envs/migration-plus/lib/python3.6/site-packages/sklearn/utils/validation.py", line 73, in inner_f
    return f(**kwargs)
  File "/home/cgzhu/anaconda3/envs/migration-plus/lib/python3.6/site-packages/sklearn/model_selection/_split.py", line 641, in __init__
    random_state=random_state)
  File "/home/cgzhu/anaconda3/envs/migration-plus/lib/python3.6/site-packages/sklearn/utils/validation.py", line 73, in inner_f
    return f(**kwargs)
  File "/home/cgzhu/anaconda3/envs/migration-plus/lib/python3.6/site-packages/sklearn/model_selection/_split.py", line 278, in __init__
    % (n_splits, type(n_splits)))
ValueError: The number of folds must be of Integral type. 9      1
146    1
101    0
130    0
19     0
      ..
111    0
68     0
170    0
47     1
103    0
Name: win, Length: 160, dtype: int64 of type <class 'pandas.core.series.Series'> was passed.
[Try Solution]: OrderedDict([('API', 'sklearn.model_selection.StratifiedKFold'), ('action', 'arg_rename'), ('from_name', 'n_folds'), ('to_name', 'random_state')])
"me" wins 50.0% of all games!
Traceback (most recent call last):
  File "data-exploration-simple-rf-model.py", line 147, in <module>
    cross_validation = StratifiedKFold(y_train, random_state=5)
  File "/home/cgzhu/anaconda3/envs/migration-plus/lib/python3.6/site-packages/sklearn/utils/validation.py", line 73, in inner_f
    return f(**kwargs)
  File "/home/cgzhu/anaconda3/envs/migration-plus/lib/python3.6/site-packages/sklearn/model_selection/_split.py", line 641, in __init__
    random_state=random_state)
  File "/home/cgzhu/anaconda3/envs/migration-plus/lib/python3.6/site-packages/sklearn/utils/validation.py", line 73, in inner_f
    return f(**kwargs)
  File "/home/cgzhu/anaconda3/envs/migration-plus/lib/python3.6/site-packages/sklearn/model_selection/_split.py", line 278, in __init__
    % (n_splits, type(n_splits)))
ValueError: The number of folds must be of Integral type. 141    1
180    0
157    0
112    0
119    0
      ..
9      1
11     0
196    0
126    0
93     0
Name: win, Length: 160, dtype: int64 of type <class 'pandas.core.series.Series'> was passed.
[REPAIR EXEC TIME]: 14.744504690170288
"me" wins 50.0% of all games!
Traceback (most recent call last):
  File "data-exploration-simple-rf-model.py", line 120, in <module>
    from sklearn.cross_validation import train_test_split
ModuleNotFoundError: No module named 'sklearn.cross_validation'
[Try Solution]: OrderedDict([('action', 'fqn'), ('old_fqn', 'sklearn.cross_validation'), ('new_fqn', 'sklearn.model_selection'), ('line_no', 120)])
"me" wins 50.0% of all games!
Traceback (most recent call last):
  File "data-exploration-simple-rf-model.py", line 141, in <module>
    from sklearn.grid_search import GridSearchCV
ModuleNotFoundError: No module named 'sklearn.grid_search'
[Try Solution]: OrderedDict([('action', 'fqn'), ('old_fqn', 'sklearn.grid_search'), ('new_fqn', 'sklearn.model_selection'), ('line_no', 141)])
"me" wins 50.0% of all games!
Traceback (most recent call last):
  File "data-exploration-simple-rf-model.py", line 147, in <module>
    cross_validation = StratifiedKFold(y_train, n_folds=5)
  File "/home/cgzhu/anaconda3/envs/migration-plus/lib/python3.6/site-packages/sklearn/utils/validation.py", line 73, in inner_f
    return f(**kwargs)
TypeError: __init__() got an unexpected keyword argument 'n_folds'
[Try Solution]: OrderedDict([('API', 'sklearn.model_selection.StratifiedKFold'), ('action', 'arg_delete'), ('from_name', 'n_folds'), ('to_name', '*')])
"me" wins 50.0% of all games!
Traceback (most recent call last):
  File "data-exploration-simple-rf-model.py", line 147, in <module>
    cross_validation = StratifiedKFold(y_train)
  File "/home/cgzhu/anaconda3/envs/migration-plus/lib/python3.6/site-packages/sklearn/utils/validation.py", line 73, in inner_f
    return f(**kwargs)
  File "/home/cgzhu/anaconda3/envs/migration-plus/lib/python3.6/site-packages/sklearn/model_selection/_split.py", line 641, in __init__
    random_state=random_state)
  File "/home/cgzhu/anaconda3/envs/migration-plus/lib/python3.6/site-packages/sklearn/utils/validation.py", line 73, in inner_f
    return f(**kwargs)
  File "/home/cgzhu/anaconda3/envs/migration-plus/lib/python3.6/site-packages/sklearn/model_selection/_split.py", line 278, in __init__
    % (n_splits, type(n_splits)))
ValueError: The number of folds must be of Integral type. 118    1
123    0
67     1
60     0
165    1
      ..
149    0
97     0
195    0
79     0
92     1
Name: win, Length: 160, dtype: int64 of type <class 'pandas.core.series.Series'> was passed.
[Try Solution]: OrderedDict([('API', 'sklearn.model_selection.StratifiedKFold'), ('action', 'arg_rename'), ('from_name', 'n_folds'), ('to_name', 'n_splits')])
"me" wins 50.0% of all games!
Traceback (most recent call last):
  File "data-exploration-simple-rf-model.py", line 147, in <module>
    cross_validation = StratifiedKFold(y_train, n_splits=5)
  File "/home/cgzhu/anaconda3/envs/migration-plus/lib/python3.6/site-packages/sklearn/utils/validation.py", line 73, in inner_f
    return f(**kwargs)
  File "/home/cgzhu/anaconda3/envs/migration-plus/lib/python3.6/site-packages/sklearn/model_selection/_split.py", line 641, in __init__
    random_state=random_state)
  File "/home/cgzhu/anaconda3/envs/migration-plus/lib/python3.6/site-packages/sklearn/utils/validation.py", line 73, in inner_f
    return f(**kwargs)
  File "/home/cgzhu/anaconda3/envs/migration-plus/lib/python3.6/site-packages/sklearn/model_selection/_split.py", line 278, in __init__
    % (n_splits, type(n_splits)))
ValueError: The number of folds must be of Integral type. 131    1
194    0
67     1
28     0
40     0
      ..
195    0
157    0
135    1
181    0
186    0
Name: win, Length: 160, dtype: int64 of type <class 'pandas.core.series.Series'> was passed.
[Try Solution]: OrderedDict([('API', 'sklearn.model_selection.StratifiedKFold'), ('action', 'arg_rename'), ('from_name', 'n_folds'), ('to_name', 'shuffle')])
"me" wins 50.0% of all games!
Traceback (most recent call last):
  File "data-exploration-simple-rf-model.py", line 147, in <module>
    cross_validation = StratifiedKFold(y_train, shuffle=5)
  File "/home/cgzhu/anaconda3/envs/migration-plus/lib/python3.6/site-packages/sklearn/utils/validation.py", line 73, in inner_f
    return f(**kwargs)
  File "/home/cgzhu/anaconda3/envs/migration-plus/lib/python3.6/site-packages/sklearn/model_selection/_split.py", line 641, in __init__
    random_state=random_state)
  File "/home/cgzhu/anaconda3/envs/migration-plus/lib/python3.6/site-packages/sklearn/utils/validation.py", line 73, in inner_f
    return f(**kwargs)
  File "/home/cgzhu/anaconda3/envs/migration-plus/lib/python3.6/site-packages/sklearn/model_selection/_split.py", line 278, in __init__
    % (n_splits, type(n_splits)))
ValueError: The number of folds must be of Integral type. 125    1
87     0
197    1
76     0
155    0
      ..
182    1
84     0
168    1
63     0
189    0
Name: win, Length: 160, dtype: int64 of type <class 'pandas.core.series.Series'> was passed.
[Try Solution]: OrderedDict([('API', 'sklearn.model_selection.StratifiedKFold'), ('action', 'arg_rename'), ('from_name', 'n_folds'), ('to_name', 'random_state')])
"me" wins 50.0% of all games!
Traceback (most recent call last):
  File "data-exploration-simple-rf-model.py", line 147, in <module>
    cross_validation = StratifiedKFold(y_train, random_state=5)
  File "/home/cgzhu/anaconda3/envs/migration-plus/lib/python3.6/site-packages/sklearn/utils/validation.py", line 73, in inner_f
    return f(**kwargs)
  File "/home/cgzhu/anaconda3/envs/migration-plus/lib/python3.6/site-packages/sklearn/model_selection/_split.py", line 641, in __init__
    random_state=random_state)
  File "/home/cgzhu/anaconda3/envs/migration-plus/lib/python3.6/site-packages/sklearn/utils/validation.py", line 73, in inner_f
    return f(**kwargs)
  File "/home/cgzhu/anaconda3/envs/migration-plus/lib/python3.6/site-packages/sklearn/model_selection/_split.py", line 278, in __init__
    % (n_splits, type(n_splits)))
ValueError: The number of folds must be of Integral type. 59     1
135    1
60     0
137    1
177    1
      ..
33     0
15     0
166    0
99     0
31     0
Name: win, Length: 160, dtype: int64 of type <class 'pandas.core.series.Series'> was passed.
[REPAIR EXEC TIME]: 14.83698034286499
"me" wins 50.0% of all games!
Traceback (most recent call last):
  File "data-exploration-simple-rf-model.py", line 120, in <module>
    from sklearn.cross_validation import train_test_split
ModuleNotFoundError: No module named 'sklearn.cross_validation'
[Try Solution]: OrderedDict([('action', 'fqn'), ('old_fqn', 'sklearn.cross_validation'), ('new_fqn', 'sklearn.model_selection'), ('line_no', 120)])
"me" wins 50.0% of all games!
Traceback (most recent call last):
  File "data-exploration-simple-rf-model.py", line 141, in <module>
    from sklearn.grid_search import GridSearchCV
ModuleNotFoundError: No module named 'sklearn.grid_search'
[Try Solution]: OrderedDict([('action', 'fqn'), ('old_fqn', 'sklearn.grid_search'), ('new_fqn', 'sklearn.model_selection'), ('line_no', 141)])
"me" wins 50.0% of all games!
Traceback (most recent call last):
  File "data-exploration-simple-rf-model.py", line 147, in <module>
    cross_validation = StratifiedKFold(y_train, n_folds=5)
  File "/home/cgzhu/anaconda3/envs/migration-plus/lib/python3.6/site-packages/sklearn/utils/validation.py", line 73, in inner_f
    return f(**kwargs)
TypeError: __init__() got an unexpected keyword argument 'n_folds'
[Try Solution]: OrderedDict([('API', 'sklearn.model_selection.StratifiedKFold'), ('action', 'arg_delete'), ('from_name', 'n_folds'), ('to_name', '*')])
"me" wins 50.0% of all games!
Traceback (most recent call last):
  File "data-exploration-simple-rf-model.py", line 147, in <module>
    cross_validation = StratifiedKFold(y_train)
  File "/home/cgzhu/anaconda3/envs/migration-plus/lib/python3.6/site-packages/sklearn/utils/validation.py", line 73, in inner_f
    return f(**kwargs)
  File "/home/cgzhu/anaconda3/envs/migration-plus/lib/python3.6/site-packages/sklearn/model_selection/_split.py", line 641, in __init__
    random_state=random_state)
  File "/home/cgzhu/anaconda3/envs/migration-plus/lib/python3.6/site-packages/sklearn/utils/validation.py", line 73, in inner_f
    return f(**kwargs)
  File "/home/cgzhu/anaconda3/envs/migration-plus/lib/python3.6/site-packages/sklearn/model_selection/_split.py", line 278, in __init__
    % (n_splits, type(n_splits)))
ValueError: The number of folds must be of Integral type. 102    0
7      0
53     1
136    0
172    0
      ..
152    0
75     0
133    0
58     0
125    1
Name: win, Length: 160, dtype: int64 of type <class 'pandas.core.series.Series'> was passed.
[Try Solution]: OrderedDict([('API', 'sklearn.model_selection.StratifiedKFold'), ('action', 'arg_rename'), ('from_name', 'n_folds'), ('to_name', 'n_splits')])
"me" wins 50.0% of all games!
Traceback (most recent call last):
  File "data-exploration-simple-rf-model.py", line 147, in <module>
    cross_validation = StratifiedKFold(y_train, n_splits=5)
  File "/home/cgzhu/anaconda3/envs/migration-plus/lib/python3.6/site-packages/sklearn/utils/validation.py", line 73, in inner_f
    return f(**kwargs)
  File "/home/cgzhu/anaconda3/envs/migration-plus/lib/python3.6/site-packages/sklearn/model_selection/_split.py", line 641, in __init__
    random_state=random_state)
  File "/home/cgzhu/anaconda3/envs/migration-plus/lib/python3.6/site-packages/sklearn/utils/validation.py", line 73, in inner_f
    return f(**kwargs)
  File "/home/cgzhu/anaconda3/envs/migration-plus/lib/python3.6/site-packages/sklearn/model_selection/_split.py", line 278, in __init__
    % (n_splits, type(n_splits)))
ValueError: The number of folds must be of Integral type. 58     0
96     0
23     1
158    0
6      0
      ..
22     0
151    0
85     1
175    0
134    0
Name: win, Length: 160, dtype: int64 of type <class 'pandas.core.series.Series'> was passed.
[Try Solution]: OrderedDict([('API', 'sklearn.model_selection.StratifiedKFold'), ('action', 'arg_rename'), ('from_name', 'n_folds'), ('to_name', 'shuffle')])
"me" wins 50.0% of all games!
Traceback (most recent call last):
  File "data-exploration-simple-rf-model.py", line 147, in <module>
    cross_validation = StratifiedKFold(y_train, shuffle=5)
  File "/home/cgzhu/anaconda3/envs/migration-plus/lib/python3.6/site-packages/sklearn/utils/validation.py", line 73, in inner_f
    return f(**kwargs)
  File "/home/cgzhu/anaconda3/envs/migration-plus/lib/python3.6/site-packages/sklearn/model_selection/_split.py", line 641, in __init__
    random_state=random_state)
  File "/home/cgzhu/anaconda3/envs/migration-plus/lib/python3.6/site-packages/sklearn/utils/validation.py", line 73, in inner_f
    return f(**kwargs)
  File "/home/cgzhu/anaconda3/envs/migration-plus/lib/python3.6/site-packages/sklearn/model_selection/_split.py", line 278, in __init__
    % (n_splits, type(n_splits)))
ValueError: The number of folds must be of Integral type. 52     0
50     0
43     0
51     1
170    0
      ..
1      0
77     1
141    1
171    0
90     1
Name: win, Length: 160, dtype: int64 of type <class 'pandas.core.series.Series'> was passed.
[Try Solution]: OrderedDict([('API', 'sklearn.model_selection.StratifiedKFold'), ('action', 'arg_rename'), ('from_name', 'n_folds'), ('to_name', 'random_state')])
"me" wins 50.0% of all games!
Traceback (most recent call last):
  File "data-exploration-simple-rf-model.py", line 147, in <module>
    cross_validation = StratifiedKFold(y_train, random_state=5)
  File "/home/cgzhu/anaconda3/envs/migration-plus/lib/python3.6/site-packages/sklearn/utils/validation.py", line 73, in inner_f
    return f(**kwargs)
  File "/home/cgzhu/anaconda3/envs/migration-plus/lib/python3.6/site-packages/sklearn/model_selection/_split.py", line 641, in __init__
    random_state=random_state)
  File "/home/cgzhu/anaconda3/envs/migration-plus/lib/python3.6/site-packages/sklearn/utils/validation.py", line 73, in inner_f
    return f(**kwargs)
  File "/home/cgzhu/anaconda3/envs/migration-plus/lib/python3.6/site-packages/sklearn/model_selection/_split.py", line 278, in __init__
    % (n_splits, type(n_splits)))
ValueError: The number of folds must be of Integral type. 149    0
156    0
155    0
78     0
58     0
      ..
159    1
49     0
164    0
192    0
44     0
Name: win, Length: 160, dtype: int64 of type <class 'pandas.core.series.Series'> was passed.
[REPAIR EXEC TIME]: 15.049471378326416
"me" wins 50.0% of all games!
Traceback (most recent call last):
  File "data-exploration-simple-rf-model.py", line 120, in <module>
    from sklearn.cross_validation import train_test_split
ModuleNotFoundError: No module named 'sklearn.cross_validation'
[Try Solution]: OrderedDict([('action', 'fqn'), ('old_fqn', 'sklearn.cross_validation'), ('new_fqn', 'sklearn.model_selection'), ('line_no', 120)])
"me" wins 50.0% of all games!
Traceback (most recent call last):
  File "data-exploration-simple-rf-model.py", line 141, in <module>
    from sklearn.grid_search import GridSearchCV
ModuleNotFoundError: No module named 'sklearn.grid_search'
[Try Solution]: OrderedDict([('action', 'fqn'), ('old_fqn', 'sklearn.grid_search'), ('new_fqn', 'sklearn.model_selection'), ('line_no', 141)])
"me" wins 50.0% of all games!
Traceback (most recent call last):
  File "data-exploration-simple-rf-model.py", line 147, in <module>
    cross_validation = StratifiedKFold(y_train, n_folds=5)
  File "/home/cgzhu/anaconda3/envs/migration-plus/lib/python3.6/site-packages/sklearn/utils/validation.py", line 73, in inner_f
    return f(**kwargs)
TypeError: __init__() got an unexpected keyword argument 'n_folds'
[Try Solution]: OrderedDict([('API', 'sklearn.model_selection.StratifiedKFold'), ('action', 'arg_delete'), ('from_name', 'n_folds'), ('to_name', '*')])
"me" wins 50.0% of all games!
Traceback (most recent call last):
  File "data-exploration-simple-rf-model.py", line 147, in <module>
    cross_validation = StratifiedKFold(y_train)
  File "/home/cgzhu/anaconda3/envs/migration-plus/lib/python3.6/site-packages/sklearn/utils/validation.py", line 73, in inner_f
    return f(**kwargs)
  File "/home/cgzhu/anaconda3/envs/migration-plus/lib/python3.6/site-packages/sklearn/model_selection/_split.py", line 641, in __init__
    random_state=random_state)
  File "/home/cgzhu/anaconda3/envs/migration-plus/lib/python3.6/site-packages/sklearn/utils/validation.py", line 73, in inner_f
    return f(**kwargs)
  File "/home/cgzhu/anaconda3/envs/migration-plus/lib/python3.6/site-packages/sklearn/model_selection/_split.py", line 278, in __init__
    % (n_splits, type(n_splits)))
ValueError: The number of folds must be of Integral type. 167    0
42     1
41     0
32     0
65     0
      ..
156    0
153    1
20     0
19     0
2      1
Name: win, Length: 160, dtype: int64 of type <class 'pandas.core.series.Series'> was passed.
[Try Solution]: OrderedDict([('API', 'sklearn.model_selection.StratifiedKFold'), ('action', 'arg_rename'), ('from_name', 'n_folds'), ('to_name', 'n_splits')])
"me" wins 50.0% of all games!
Traceback (most recent call last):
  File "data-exploration-simple-rf-model.py", line 147, in <module>
    cross_validation = StratifiedKFold(y_train, n_splits=5)
  File "/home/cgzhu/anaconda3/envs/migration-plus/lib/python3.6/site-packages/sklearn/utils/validation.py", line 73, in inner_f
    return f(**kwargs)
  File "/home/cgzhu/anaconda3/envs/migration-plus/lib/python3.6/site-packages/sklearn/model_selection/_split.py", line 641, in __init__
    random_state=random_state)
  File "/home/cgzhu/anaconda3/envs/migration-plus/lib/python3.6/site-packages/sklearn/utils/validation.py", line 73, in inner_f
    return f(**kwargs)
  File "/home/cgzhu/anaconda3/envs/migration-plus/lib/python3.6/site-packages/sklearn/model_selection/_split.py", line 278, in __init__
    % (n_splits, type(n_splits)))
ValueError: The number of folds must be of Integral type. 170    0
113    0
122    0
144    0
111    0
      ..
15     0
150    1
25     0
114    1
112    0
Name: win, Length: 160, dtype: int64 of type <class 'pandas.core.series.Series'> was passed.
[Try Solution]: OrderedDict([('API', 'sklearn.model_selection.StratifiedKFold'), ('action', 'arg_rename'), ('from_name', 'n_folds'), ('to_name', 'shuffle')])
"me" wins 50.0% of all games!
Traceback (most recent call last):
  File "data-exploration-simple-rf-model.py", line 147, in <module>
    cross_validation = StratifiedKFold(y_train, shuffle=5)
  File "/home/cgzhu/anaconda3/envs/migration-plus/lib/python3.6/site-packages/sklearn/utils/validation.py", line 73, in inner_f
    return f(**kwargs)
  File "/home/cgzhu/anaconda3/envs/migration-plus/lib/python3.6/site-packages/sklearn/model_selection/_split.py", line 641, in __init__
    random_state=random_state)
  File "/home/cgzhu/anaconda3/envs/migration-plus/lib/python3.6/site-packages/sklearn/utils/validation.py", line 73, in inner_f
    return f(**kwargs)
  File "/home/cgzhu/anaconda3/envs/migration-plus/lib/python3.6/site-packages/sklearn/model_selection/_split.py", line 278, in __init__
    % (n_splits, type(n_splits)))
ValueError: The number of folds must be of Integral type. 135    1
64     0
169    0
106    1
191    0
      ..
57     0
66     0
73     0
104    0
189    0
Name: win, Length: 160, dtype: int64 of type <class 'pandas.core.series.Series'> was passed.
[Try Solution]: OrderedDict([('API', 'sklearn.model_selection.StratifiedKFold'), ('action', 'arg_rename'), ('from_name', 'n_folds'), ('to_name', 'random_state')])
"me" wins 50.0% of all games!
Traceback (most recent call last):
  File "data-exploration-simple-rf-model.py", line 147, in <module>
    cross_validation = StratifiedKFold(y_train, random_state=5)
  File "/home/cgzhu/anaconda3/envs/migration-plus/lib/python3.6/site-packages/sklearn/utils/validation.py", line 73, in inner_f
    return f(**kwargs)
  File "/home/cgzhu/anaconda3/envs/migration-plus/lib/python3.6/site-packages/sklearn/model_selection/_split.py", line 641, in __init__
    random_state=random_state)
  File "/home/cgzhu/anaconda3/envs/migration-plus/lib/python3.6/site-packages/sklearn/utils/validation.py", line 73, in inner_f
    return f(**kwargs)
  File "/home/cgzhu/anaconda3/envs/migration-plus/lib/python3.6/site-packages/sklearn/model_selection/_split.py", line 278, in __init__
    % (n_splits, type(n_splits)))
ValueError: The number of folds must be of Integral type. 131    1
151    0
150    1
72     1
162    1
      ..
156    0
35     1
169    0
78     0
138    0
Name: win, Length: 160, dtype: int64 of type <class 'pandas.core.series.Series'> was passed.
[REPAIR EXEC TIME]: 15.810989618301392
"me" wins 50.0% of all games!
Traceback (most recent call last):
  File "data-exploration-simple-rf-model.py", line 120, in <module>
    from sklearn.cross_validation import train_test_split
ModuleNotFoundError: No module named 'sklearn.cross_validation'
[Try Solution]: OrderedDict([('action', 'fqn'), ('old_fqn', 'sklearn.cross_validation'), ('new_fqn', 'sklearn.model_selection'), ('line_no', 120)])
"me" wins 50.0% of all games!
Traceback (most recent call last):
  File "data-exploration-simple-rf-model.py", line 141, in <module>
    from sklearn.grid_search import GridSearchCV
ModuleNotFoundError: No module named 'sklearn.grid_search'
[Try Solution]: OrderedDict([('action', 'fqn'), ('old_fqn', 'sklearn.grid_search'), ('new_fqn', 'sklearn.model_selection'), ('line_no', 141)])
"me" wins 50.0% of all games!
Traceback (most recent call last):
  File "data-exploration-simple-rf-model.py", line 147, in <module>
    cross_validation = StratifiedKFold(y_train, n_folds=5)
  File "/home/cgzhu/anaconda3/envs/migration-plus/lib/python3.6/site-packages/sklearn/utils/validation.py", line 73, in inner_f
    return f(**kwargs)
TypeError: __init__() got an unexpected keyword argument 'n_folds'
[Try Solution]: OrderedDict([('API', 'sklearn.model_selection.StratifiedKFold'), ('action', 'arg_delete'), ('from_name', 'n_folds'), ('to_name', '*')])
"me" wins 50.0% of all games!
Traceback (most recent call last):
  File "data-exploration-simple-rf-model.py", line 147, in <module>
    cross_validation = StratifiedKFold(y_train)
  File "/home/cgzhu/anaconda3/envs/migration-plus/lib/python3.6/site-packages/sklearn/utils/validation.py", line 73, in inner_f
    return f(**kwargs)
  File "/home/cgzhu/anaconda3/envs/migration-plus/lib/python3.6/site-packages/sklearn/model_selection/_split.py", line 641, in __init__
    random_state=random_state)
  File "/home/cgzhu/anaconda3/envs/migration-plus/lib/python3.6/site-packages/sklearn/utils/validation.py", line 73, in inner_f
    return f(**kwargs)
  File "/home/cgzhu/anaconda3/envs/migration-plus/lib/python3.6/site-packages/sklearn/model_selection/_split.py", line 278, in __init__
    % (n_splits, type(n_splits)))
ValueError: The number of folds must be of Integral type. 51     1
69     0
110    0
189    0
13     1
      ..
95     0
135    1
24     1
25     0
18     0
Name: win, Length: 160, dtype: int64 of type <class 'pandas.core.series.Series'> was passed.
[Try Solution]: OrderedDict([('API', 'sklearn.model_selection.StratifiedKFold'), ('action', 'arg_value_update'), ('arg_name', 'shuffle'), ('target_value', 'True')])
"me" wins 50.0% of all games!
Best score: 0.69375
Best parameters: {'max_depth': 4, 'n_estimators': 500}
Accuracy: 0.7
Confusion matrix
[[25  5]
 [ 7  3]]

[REPAIR EXEC TIME]: 38.94963240623474
"me" wins 50.0% of all games!
Traceback (most recent call last):
  File "data-exploration-simple-rf-model.py", line 120, in <module>
    from sklearn.cross_validation import train_test_split
ModuleNotFoundError: No module named 'sklearn.cross_validation'
[Try Solution]: OrderedDict([('action', 'fqn'), ('old_fqn', 'sklearn.cross_validation'), ('new_fqn', 'sklearn.model_selection'), ('line_no', 120)])
"me" wins 50.0% of all games!
Traceback (most recent call last):
  File "data-exploration-simple-rf-model.py", line 141, in <module>
    from sklearn.grid_search import GridSearchCV
ModuleNotFoundError: No module named 'sklearn.grid_search'
[Try Solution]: OrderedDict([('action', 'fqn'), ('old_fqn', 'sklearn.grid_search'), ('new_fqn', 'sklearn.model_selection'), ('line_no', 141)])
"me" wins 50.0% of all games!
Traceback (most recent call last):
  File "data-exploration-simple-rf-model.py", line 147, in <module>
    cross_validation = StratifiedKFold(y_train, n_folds=5)
  File "/home/cgzhu/anaconda3/envs/migration-plus/lib/python3.6/site-packages/sklearn/utils/validation.py", line 73, in inner_f
    return f(**kwargs)
TypeError: __init__() got an unexpected keyword argument 'n_folds'
[Try Solution]: OrderedDict([('API', 'sklearn.model_selection.StratifiedKFold'), ('action', 'arg_delete'), ('from_name', 'n_folds'), ('to_name', '*')])
"me" wins 50.0% of all games!
Traceback (most recent call last):
  File "data-exploration-simple-rf-model.py", line 147, in <module>
    cross_validation = StratifiedKFold(y_train)
  File "/home/cgzhu/anaconda3/envs/migration-plus/lib/python3.6/site-packages/sklearn/utils/validation.py", line 73, in inner_f
    return f(**kwargs)
  File "/home/cgzhu/anaconda3/envs/migration-plus/lib/python3.6/site-packages/sklearn/model_selection/_split.py", line 641, in __init__
    random_state=random_state)
  File "/home/cgzhu/anaconda3/envs/migration-plus/lib/python3.6/site-packages/sklearn/utils/validation.py", line 73, in inner_f
    return f(**kwargs)
  File "/home/cgzhu/anaconda3/envs/migration-plus/lib/python3.6/site-packages/sklearn/model_selection/_split.py", line 278, in __init__
    % (n_splits, type(n_splits)))
ValueError: The number of folds must be of Integral type. 170    0
121    0
175    0
12     0
152    0
      ..
195    0
36     0
169    0
182    1
33     0
Name: win, Length: 160, dtype: int64 of type <class 'pandas.core.series.Series'> was passed.
[Try Solution]: OrderedDict([('API', 'sklearn.model_selection.StratifiedKFold'), ('action', 'arg_value_update'), ('arg_name', 'shuffle'), ('target_value', 'True')])
"me" wins 50.0% of all games!
Best score: 0.7625
Best parameters: {'max_depth': 4, 'n_estimators': 120}
Accuracy: 0.775
Confusion matrix
[[27  3]
 [ 6  4]]

[REPAIR EXEC TIME]: 44.326552867889404