<class 'pandas.core.frame.DataFrame'>
RangeIndex: 21613 entries, 0 to 21612
Data columns (total 21 columns):
 #   Column         Non-Null Count  Dtype         
---  ------         --------------  -----         
 0   id             21613 non-null  int64         
 1   date           21613 non-null  datetime64[ns]
 2   price          21613 non-null  float64       
 3   bedrooms       21613 non-null  int64         
 4   bathrooms      21613 non-null  float64       
 5   sqft_living    21613 non-null  int64         
 6   sqft_lot       21613 non-null  int64         
 7   floors         21613 non-null  float64       
 8   waterfront     21613 non-null  int64         
 9   view           21613 non-null  int64         
 10  condition      21613 non-null  int64         
 11  grade          21613 non-null  int64         
 12  sqft_above     21613 non-null  int64         
 13  sqft_basement  21613 non-null  int64         
 14  yr_built       21613 non-null  int64         
 15  yr_renovated   21613 non-null  int64         
 16  zipcode        21613 non-null  int64         
 17  lat            21613 non-null  float64       
 18  long           21613 non-null  float64       
 19  sqft_living15  21613 non-null  int64         
 20  sqft_lot15     21613 non-null  int64         
dtypes: datetime64[ns](1), float64(5), int64(15)
memory usage: 3.5 MB
The average cost in the year 2015 is:  541988.9922636104
The average cost in the year 2014 is:  539181.4284152258
The percentage increase is:  0.5207085593872538 %
Traceback (most recent call last):
  File "king-county-s-housing-market-various-techniques.py", line 167, in <module>
    from sklearn.cross_validation import train_test_split
ModuleNotFoundError: No module named 'sklearn.cross_validation'
[Try Solution]: OrderedDict([('old_fqn', 'sklearn.cross_validation'), ('new_fqn', 'sklearn.model_selection'), ('line_no', 167)])<class 'pandas.core.frame.DataFrame'>
RangeIndex: 21613 entries, 0 to 21612
Data columns (total 21 columns):
 #   Column         Non-Null Count  Dtype         
---  ------         --------------  -----         
 0   id             21613 non-null  int64         
 1   date           21613 non-null  datetime64[ns]
 2   price          21613 non-null  float64       
 3   bedrooms       21613 non-null  int64         
 4   bathrooms      21613 non-null  float64       
 5   sqft_living    21613 non-null  int64         
 6   sqft_lot       21613 non-null  int64         
 7   floors         21613 non-null  float64       
 8   waterfront     21613 non-null  int64         
 9   view           21613 non-null  int64         
 10  condition      21613 non-null  int64         
 11  grade          21613 non-null  int64         
 12  sqft_above     21613 non-null  int64         
 13  sqft_basement  21613 non-null  int64         
 14  yr_built       21613 non-null  int64         
 15  yr_renovated   21613 non-null  int64         
 16  zipcode        21613 non-null  int64         
 17  lat            21613 non-null  float64       
 18  long           21613 non-null  float64       
 19  sqft_living15  21613 non-null  int64         
 20  sqft_lot15     21613 non-null  int64         
dtypes: datetime64[ns](1), float64(5), int64(15)
memory usage: 3.5 MB
The average cost in the year 2015 is:  541988.9922636104
The average cost in the year 2014 is:  539181.4284152258
The percentage increase is:  0.5207085593872538 %
[REPAIR EXEC TIME]: 63.66348433494568<class 'pandas.core.frame.DataFrame'>
RangeIndex: 21613 entries, 0 to 21612
Data columns (total 21 columns):
 #   Column         Non-Null Count  Dtype         
---  ------         --------------  -----         
 0   id             21613 non-null  int64         
 1   date           21613 non-null  datetime64[ns]
 2   price          21613 non-null  float64       
 3   bedrooms       21613 non-null  int64         
 4   bathrooms      21613 non-null  float64       
 5   sqft_living    21613 non-null  int64         
 6   sqft_lot       21613 non-null  int64         
 7   floors         21613 non-null  float64       
 8   waterfront     21613 non-null  int64         
 9   view           21613 non-null  int64         
 10  condition      21613 non-null  int64         
 11  grade          21613 non-null  int64         
 12  sqft_above     21613 non-null  int64         
 13  sqft_basement  21613 non-null  int64         
 14  yr_built       21613 non-null  int64         
 15  yr_renovated   21613 non-null  int64         
 16  zipcode        21613 non-null  int64         
 17  lat            21613 non-null  float64       
 18  long           21613 non-null  float64       
 19  sqft_living15  21613 non-null  int64         
 20  sqft_lot15     21613 non-null  int64         
dtypes: datetime64[ns](1), float64(5), int64(15)
memory usage: 3.5 MB
The average cost in the year 2015 is:  541988.9922636104
The average cost in the year 2014 is:  539181.4284152258
The percentage increase is:  0.5207085593872538 %
Traceback (most recent call last):
  File "king-county-s-housing-market-various-techniques.py", line 167, in <module>
    from sklearn.cross_validation import train_test_split
ModuleNotFoundError: No module named 'sklearn.cross_validation'
[Try Solution]: OrderedDict([('action', 'fqn'), ('old_fqn', 'sklearn.cross_validation'), ('new_fqn', 'sklearn.model_selection'), ('line_no', 167)])<class 'pandas.core.frame.DataFrame'>
RangeIndex: 21613 entries, 0 to 21612
Data columns (total 21 columns):
 #   Column         Non-Null Count  Dtype         
---  ------         --------------  -----         
 0   id             21613 non-null  int64         
 1   date           21613 non-null  datetime64[ns]
 2   price          21613 non-null  float64       
 3   bedrooms       21613 non-null  int64         
 4   bathrooms      21613 non-null  float64       
 5   sqft_living    21613 non-null  int64         
 6   sqft_lot       21613 non-null  int64         
 7   floors         21613 non-null  float64       
 8   waterfront     21613 non-null  int64         
 9   view           21613 non-null  int64         
 10  condition      21613 non-null  int64         
 11  grade          21613 non-null  int64         
 12  sqft_above     21613 non-null  int64         
 13  sqft_basement  21613 non-null  int64         
 14  yr_built       21613 non-null  int64         
 15  yr_renovated   21613 non-null  int64         
 16  zipcode        21613 non-null  int64         
 17  lat            21613 non-null  float64       
 18  long           21613 non-null  float64       
 19  sqft_living15  21613 non-null  int64         
 20  sqft_lot15     21613 non-null  int64         
dtypes: datetime64[ns](1), float64(5), int64(15)
memory usage: 3.5 MB
The average cost in the year 2015 is:  541988.9922636104
The average cost in the year 2014 is:  539181.4284152258
The percentage increase is:  0.5207085593872538 %
[REPAIR EXEC TIME]: 63.20894384384155<class 'pandas.core.frame.DataFrame'>
RangeIndex: 21613 entries, 0 to 21612
Data columns (total 21 columns):
 #   Column         Non-Null Count  Dtype         
---  ------         --------------  -----         
 0   id             21613 non-null  int64         
 1   date           21613 non-null  datetime64[ns]
 2   price          21613 non-null  float64       
 3   bedrooms       21613 non-null  int64         
 4   bathrooms      21613 non-null  float64       
 5   sqft_living    21613 non-null  int64         
 6   sqft_lot       21613 non-null  int64         
 7   floors         21613 non-null  float64       
 8   waterfront     21613 non-null  int64         
 9   view           21613 non-null  int64         
 10  condition      21613 non-null  int64         
 11  grade          21613 non-null  int64         
 12  sqft_above     21613 non-null  int64         
 13  sqft_basement  21613 non-null  int64         
 14  yr_built       21613 non-null  int64         
 15  yr_renovated   21613 non-null  int64         
 16  zipcode        21613 non-null  int64         
 17  lat            21613 non-null  float64       
 18  long           21613 non-null  float64       
 19  sqft_living15  21613 non-null  int64         
 20  sqft_lot15     21613 non-null  int64         
dtypes: datetime64[ns](1), float64(5), int64(15)
memory usage: 3.5 MB
The average cost in the year 2015 is:  541988.9922636104
The average cost in the year 2014 is:  539181.4284152258
The percentage increase is:  0.5207085593872538 %
Traceback (most recent call last):
  File "king-county-s-housing-market-various-techniques.py", line 167, in <module>
    from sklearn.cross_validation import train_test_split
ModuleNotFoundError: No module named 'sklearn.cross_validation'
[Try Solution]: OrderedDict([('action', 'fqn'), ('old_fqn', 'sklearn.cross_validation'), ('new_fqn', 'sklearn.model_selection'), ('line_no', 167)])<class 'pandas.core.frame.DataFrame'>
RangeIndex: 21613 entries, 0 to 21612
Data columns (total 21 columns):
 #   Column         Non-Null Count  Dtype         
---  ------         --------------  -----         
 0   id             21613 non-null  int64         
 1   date           21613 non-null  datetime64[ns]
 2   price          21613 non-null  float64       
 3   bedrooms       21613 non-null  int64         
 4   bathrooms      21613 non-null  float64       
 5   sqft_living    21613 non-null  int64         
 6   sqft_lot       21613 non-null  int64         
 7   floors         21613 non-null  float64       
 8   waterfront     21613 non-null  int64         
 9   view           21613 non-null  int64         
 10  condition      21613 non-null  int64         
 11  grade          21613 non-null  int64         
 12  sqft_above     21613 non-null  int64         
 13  sqft_basement  21613 non-null  int64         
 14  yr_built       21613 non-null  int64         
 15  yr_renovated   21613 non-null  int64         
 16  zipcode        21613 non-null  int64         
 17  lat            21613 non-null  float64       
 18  long           21613 non-null  float64       
 19  sqft_living15  21613 non-null  int64         
 20  sqft_lot15     21613 non-null  int64         
dtypes: datetime64[ns](1), float64(5), int64(15)
memory usage: 3.5 MB
The average cost in the year 2015 is:  541988.9922636104
The average cost in the year 2014 is:  539181.4284152258
The percentage increase is:  0.5207085593872538 %
[REPAIR EXEC TIME]: 64.1284728050232