
   distance  consume  speed  temp_inside  ...  rain sun refill liters  refill gas
0      28.0      5.0     26         21.5  ...     0   0          45.0         E10
1      12.0      4.2     30         21.5  ...     0   0           NaN         NaN
2      11.2      5.5     38         21.5  ...     0   0           NaN         NaN
3      12.9      3.9     36         21.5  ...     0   0           NaN         NaN
4      18.5      4.5     46         21.5  ...     0   0           NaN         NaN

[5 rows x 12 columns]
   consume  distance  speed  temp_in  temp_out  gas_type  AC  rain  sun
0      5.0      28.0     26     21.5        12         1   0     0    0
1      4.2      12.0     30     21.5        13         1   0     0    0
2      5.5      11.2     38     21.5        15         1   0     0    0
3      3.9      12.9     36     21.5        14         1   0     0    0
4      4.5      18.5     46     21.5        15         1   0     0    0




Empty DataFrame
Columns: []
Index: [MSE, RMSE, MAE, RMSE/MAE, R2_fit, R2_pred]

          Linear
MSE        0.681
RMSE       0.825
MAE        0.666
RMSE/MAE   1.238
R2_fit     0.230
R2_pred    0.011

{'alpha': 0.01, 'l1_ratio': 0.8}

          Linear  Linear(ElasticNet)
MSE        0.681               0.659
RMSE       0.825               0.812
MAE        0.666               0.658
RMSE/MAE   1.238               1.234
R2_fit     0.230               0.168
R2_pred    0.011               0.042


log10(C) = 0.4
log10(epsilon) = -0.1
          Linear  Linear(ElasticNet)  SVR(Linear)
MSE        0.681               0.659        0.662
RMSE       0.825               0.812        0.814
MAE        0.666               0.658        0.652
RMSE/MAE   1.238               1.234        1.249
R2_fit     0.230               0.168        0.176
R2_pred    0.011               0.042        0.038


log10(C) = 0.8
log10(epsilon) = -0.2
          Linear  Linear(ElasticNet)  SVR(Linear)  SVR(rbf)
MSE        0.681               0.659        0.662     0.460
RMSE       0.825               0.812        0.814     0.678
MAE        0.666               0.658        0.652     0.533
RMSE/MAE   1.238               1.234        1.249     1.273
R2_fit     0.230               0.168        0.176     0.405
R2_pred    0.011               0.042        0.038     0.331
Traceback (most recent call last):
  File "day3-work.py", line 457, in <module>
    from sklearn.exceptions.NonBLASDotWarning import StringIO
ModuleNotFoundError: No module named 'sklearn.exceptions.NonBLASDotWarning'; 'sklearn.exceptions' is not a package
