['SalesKaggle3.csv']
(146, 14)
*****************
Order               146
File_Type             2
SKU_number          146
SoldFlag              2
SoldCount             6
MarketingType         2
ReleaseNumber        71
New_Release_Flag      2
StrengthFactor      146
PriceReg            105
ReleaseYear          85
ItemCount            60
LowUserPrice        118
LowNetPrice         136
dtype: int64
*****************
124
22





(99, 8) (99,)
(25, 8) (25,)
Class 0 numbers:  71
Class 1 numbers:  28
Class 0 numbers:  62
Class 1 numbers:  62
Validation Results
0.9
1.0

Test Results
0.64
1.0

ROC AUC score
0.7954545454545454
Confusion matrix, without normalization
[[13  9]
 [ 0  3]]

Normalized confusion matrix
[[0.59 0.41]
 [0.   1.  ]]



