/home/cgzhu/anaconda3/envs/migration-plus/lib/python3.6/site-packages/sklearn/utils/deprecation.py:143: FutureWarning: The sklearn.metrics.scorer module is  deprecated in version 0.22 and will be removed in version 0.24. The corresponding classes / functions should instead be imported from sklearn.metrics. Anything that cannot be imported from sklearn.metrics is now part of the private API.
  warnings.warn(message, FutureWarning)
/home/cgzhu/anaconda3/envs/migration-plus/lib/python3.6/site-packages/sklearn/utils/deprecation.py:143: FutureWarning: The sklearn.feature_selection.base module is  deprecated in version 0.22 and will be removed in version 0.24. The corresponding classes / functions should instead be imported from sklearn.feature_selection. Anything that cannot be imported from sklearn.feature_selection is now part of the private API.
  warnings.warn(message, FutureWarning)
['heart.csv']
<class 'pandas.core.frame.DataFrame'>
RangeIndex: 303 entries, 0 to 302
Data columns (total 14 columns):
 #   Column    Non-Null Count  Dtype  
---  ------    --------------  -----  
 0   age       303 non-null    int64  
 1   sex       303 non-null    int64  
 2   cp        303 non-null    int64  
 3   trestbps  303 non-null    int64  
 4   chol      303 non-null    int64  
 5   fbs       303 non-null    int64  
 6   restecg   303 non-null    int64  
 7   thalach   303 non-null    int64  
 8   exang     303 non-null    int64  
 9   oldpeak   303 non-null    float64
 10  slope     303 non-null    int64  
 11  ca        303 non-null    int64  
 12  thal      303 non-null    int64  
 13  target    303 non-null    int64  
dtypes: float64(1), int64(13)
memory usage: 33.3 KB
Logistic Regression : 0.9120879120879121
Decision Tree Classification : 0.7252747252747253
Random Forest Classification : 0.7802197802197802
Gradient Boosting Classification : 0.8241758241758241
Ada Boosting Classification : 0.8241758241758241
Extra Tree Classification : 0.7692307692307693
K-Neighbors Classification : 0.5824175824175825
Support Vector Classification : 0.6593406593406593
Gaussian Naive Bayes : 0.8681318681318682
[[38  6]
 [ 2 45]]
              precision    recall  f1-score   support

           0       0.95      0.86      0.90        44
           1       0.88      0.96      0.92        47

    accuracy                           0.91        91
   macro avg       0.92      0.91      0.91        91
weighted avg       0.92      0.91      0.91        91

0.9120879120879121
Best Penalty: l2
Best C: 1.0
[[37  7]
 [ 2 45]]
              precision    recall  f1-score   support

           0       0.95      0.84      0.89        44
           1       0.87      0.96      0.91        47

    accuracy                           0.90        91
   macro avg       0.91      0.90      0.90        91
weighted avg       0.91      0.90      0.90        91

0.9010989010989011
