customerID          0
gender              0
SeniorCitizen       0
Partner             0
Dependents          0
tenure              0
PhoneService        0
MultipleLines       0
InternetService     0
OnlineSecurity      0
OnlineBackup        0
DeviceProtection    0
TechSupport         0
StreamingTV         0
StreamingMovies     0
Contract            0
PaperlessBilling    0
PaymentMethod       0
MonthlyCharges      0
TotalCharges        0
Churn               0
dtype: int64
 The data type for the Total Charges Column is: <class 'str'>
488      
753      
936      
1082     
1340     
3331     
3826     
4380     
5218     
6670     
6754     
Name: TotalCharges, dtype: object

   gender  customerID
0  Female        3483
1    Male        3549

   SeniorCitizen  customerID
0              0        5890
1              1        1142

  Partner  customerID
0      No        3639
1     Yes        3393

  Dependents  customerID
0         No        4933
1        Yes        2099

  PhoneService  customerID
0           No         680
1          Yes        6352

      MultipleLines  customerID
0                No        3385
1  No phone service         680
2               Yes        2967

  InternetService  customerID
0             DSL        2416
1     Fiber optic        3096
2              No        1520

        OnlineSecurity  customerID
0                   No        3497
1  No internet service        1520
2                  Yes        2015

          OnlineBackup  customerID
0                   No        3087
1  No internet service        1520
2                  Yes        2425

      DeviceProtection  customerID
0                   No        3094
1  No internet service        1520
2                  Yes        2418

           TechSupport  customerID
0                   No        3472
1  No internet service        1520
2                  Yes        2040

           StreamingTV  customerID
0                   No        2809
1  No internet service        1520
2                  Yes        2703

       StreamingMovies  customerID
0                   No        2781
1  No internet service        1520
2                  Yes        2731

         Contract  customerID
0  Month-to-month        3875
1        One year        1472
2        Two year        1685

  PaperlessBilling  customerID
0               No        2864
1              Yes        4168

               PaymentMethod  customerID
0  Bank transfer (automatic)        1542
1    Credit card (automatic)        1521
2           Electronic check        2365
3               Mailed check        1604
[0.7342149715504979, 0.7892473813526444, 0.7892473813526444, 0.7883947045131255, 0.7881081889305573, 0.7898153611147032, 0.780714753329885, 0.7792942987844304, 0.7669234126470968, 0.7666383114573904, 0.7606635118970646, 0.7514192422087158, 0.7468693424285531, 0.7386226238199922, 0.7379093657054183, 0.7306581776154145, 0.7289556527221001, 0.7290952735031683, 0.7300934307513256, 0.7295232283719126, 0.7288113846502005, 0.7266780761024181, 0.7232655502392344, 0.7253986567308937, 0.7256835558644769, 0.7302348700375016, 0.7238337320574163, 0.7276762333505754, 0.7283864606233027, 0.7278190870296133, 0.7248296666882194, 0.7266778740462951, 0.727532167334799, 0.7276744148454675, 0.7263941872494504, 0.7242622930945299, 0.729951183240657, 0.7279593139790508, 0.725540702185439, 0.7238359546747705, 0.7263960057545584, 0.7266792884391569, 0.7251143637656796, 0.7300920163584637, 0.7271056268589164, 0.7268213338937024, 0.7306587837837838, 0.723693707164102, 0.7269641875727403]
0.7864572277648058
0.7815596725549332
tenure 0.5150705587106872
InternetService_Fiber optic 0.39808657870665376
TechSupport_No internet service 0.054272656190556816
Contract_Two year 0.016636203265093293
TotalCharges 0.015934003127008912
DeviceProtection_No internet service 0.0
PaymentMethod_Electronic check 0.0
PaymentMethod_Credit card (automatic) 0.0
Contract_One year 0.0
StreamingMovies_Yes 0.0
0.43853820598006643


0.9983018467416684
0.7806979750107712
Fitting 3 folds for each of 100 candidates, totalling 300 fits
[Parallel(n_jobs=-1)]: Using backend LokyBackend with 8 concurrent workers.
[CV] n_estimators=450, min_samples_split=2, min_samples_leaf=1, max_depth=13, bootstrap=True 
[CV]  n_estimators=450, min_samples_split=2, min_samples_leaf=1, max_depth=13, bootstrap=True, total=   3.6s
[CV] n_estimators=850, min_samples_split=2, min_samples_leaf=2, max_depth=3, bootstrap=False 
[CV]  n_estimators=850, min_samples_split=2, min_samples_leaf=2, max_depth=3, bootstrap=False, total=   3.2s
[CV] n_estimators=710, min_samples_split=8, min_samples_leaf=4, max_depth=9, bootstrap=True 
[CV]  n_estimators=710, min_samples_split=8, min_samples_leaf=4, max_depth=9, bootstrap=True, total=   4.5s
[CV] n_estimators=70, min_samples_split=2, min_samples_leaf=2, max_depth=19, bootstrap=True 
[CV]  n_estimators=70, min_samples_split=2, min_samples_leaf=2, max_depth=19, bootstrap=True, total=   0.5s
[CV] n_estimators=70, min_samples_split=2, min_samples_leaf=2, max_depth=19, bootstrap=True 
[CV]  n_estimators=70, min_samples_split=2, min_samples_leaf=2, max_depth=19, bootstrap=True, total=   0.5s
[CV] n_estimators=30, min_samples_split=8, min_samples_leaf=4, max_depth=3, bootstrap=True 
[CV]  n_estimators=30, min_samples_split=8, min_samples_leaf=4, max_depth=3, bootstrap=True, total=   0.2s
[CV] n_estimators=770, min_samples_split=4, min_samples_leaf=4, max_depth=1, bootstrap=True 
[CV]  n_estimators=770, min_samples_split=4, min_samples_leaf=4, max_depth=1, bootstrap=True, total=   3.2s
[CV] n_estimators=580, min_samples_split=2, min_samples_leaf=4, max_depth=5, bootstrap=True 
[CV]  n_estimators=580, min_samples_split=2, min_samples_leaf=4, max_depth=5, bootstrap=True, total=   3.2s
[CV] n_estimators=460, min_samples_split=2, min_samples_leaf=4, max_depth=15, bootstrap=False 
[CV]  n_estimators=460, min_samples_split=2, min_samples_leaf=4, max_depth=15, bootstrap=False, total=   3.8s
[CV] n_estimators=690, min_samples_split=4, min_samples_leaf=1, max_depth=21, bootstrap=False 
[CV]  n_estimators=690, min_samples_split=4, min_samples_leaf=1, max_depth=21, bootstrap=False, total=   6.4s
[CV] n_estimators=340, min_samples_split=8, min_samples_leaf=1, max_depth=19, bootstrap=False 
[CV]  n_estimators=340, min_samples_split=8, min_samples_leaf=1, max_depth=19, bootstrap=False, total=   3.3s
[CV] n_estimators=120, min_samples_split=4, min_samples_leaf=2, max_depth=19, bootstrap=False 
[CV]  n_estimators=120, min_samples_split=4, min_samples_leaf=2, max_depth=19, bootstrap=False, total=   1.2s
[CV] n_estimators=120, min_samples_split=4, min_samples_leaf=2, max_depth=19, bootstrap=False 
[CV]  n_estimators=120, min_samples_split=4, min_samples_leaf=2, max_depth=19, bootstrap=False, total=   1.1s
[CV] n_estimators=360, min_samples_split=2, min_samples_leaf=2, max_depth=7, bootstrap=True 
[CV]  n_estimators=360, min_samples_split=2, min_samples_leaf=2, max_depth=7, bootstrap=True, total=   2.2s
[CV] n_estimators=800, min_samples_split=2, min_samples_leaf=2, max_depth=3, bootstrap=True 
[CV]  n_estimators=800, min_samples_split=2, min_samples_leaf=2, max_depth=3, bootstrap=True, total=   3.8s
[CV] n_estimators=100, min_samples_split=4, min_samples_leaf=4, max_depth=1, bootstrap=False 
[CV]  n_estimators=100, min_samples_split=4, min_samples_leaf=4, max_depth=1, bootstrap=False, total=   0.4s
[CV] n_estimators=920, min_samples_split=8, min_samples_leaf=4, max_depth=7, bootstrap=True 
[CV]  n_estimators=920, min_samples_split=8, min_samples_leaf=4, max_depth=7, bootstrap=True, total=   5.6s
[CV] n_estimators=350, min_samples_split=8, min_samples_leaf=4, max_depth=23, bootstrap=True 
[CV]  n_estimators=350, min_samples_split=8, min_samples_leaf=4, max_depth=23, bootstrap=True, total=   2.5s
[CV] n_estimators=620, min_samples_split=4, min_samples_leaf=4, max_depth=23, bootstrap=True 
[CV]  n_estimators=620, min_samples_split=4, min_samples_leaf=4, max_depth=23, bootstrap=True, total=   4.4s
[CV] n_estimators=190, min_samples_split=4, min_samples_leaf=2, max_depth=19, bootstrap=True 
[CV]  n_estimators=190, min_samples_split=4, min_samples_leaf=2, max_depth=19, bootstrap=True, total=   1.5s
[CV] n_estimators=280, min_samples_split=2, min_samples_leaf=2, max_depth=1, bootstrap=False 
[CV]  n_estimators=280, min_samples_split=2, min_samples_leaf=2, max_depth=1, bootstrap=False, total=   1.0s
[CV] n_estimators=390, min_samples_split=8, min_samples_leaf=4, max_depth=5, bootstrap=True 
[CV]  n_estimators=390, min_samples_split=8, min_samples_leaf=4, max_depth=5, bootstrap=True, total=   2.2s
[CV] n_estimators=300, min_samples_split=2, min_samples_leaf=4, max_depth=3, bootstrap=False 
[CV]  n_estimators=300, min_samples_split=2, min_samples_leaf=4, max_depth=3, bootstrap=False, total=   1.3s
[CV] n_estimators=100, min_samples_split=8, min_samples_leaf=1, max_depth=19, bootstrap=True 
[CV]  n_estimators=100, min_samples_split=8, min_samples_leaf=1, max_depth=19, bootstrap=True, total=   0.8s
[CV] n_estimators=880, min_samples_split=8, min_samples_leaf=1, max_depth=9, bootstrap=False 
[CV]  n_estimators=880, min_samples_split=8, min_samples_leaf=1, max_depth=9, bootstrap=False, total=   6.4s
[CV] n_estimators=320, min_samples_split=4, min_samples_leaf=1, max_depth=3, bootstrap=True 
[CV]  n_estimators=320, min_samples_split=4, min_samples_leaf=1, max_depth=3, bootstrap=True, total=   1.5s
[CV] n_estimators=710, min_samples_split=2, min_samples_leaf=1, max_depth=3, bootstrap=False 
[CV]  n_estimators=710, min_samples_split=2, min_samples_leaf=1, max_depth=3, bootstrap=False, total=   3.1s
[CV] n_estimators=700, min_samples_split=8, min_samples_leaf=4, max_depth=17, bootstrap=True 
[CV]  n_estimators=700, min_samples_split=8, min_samples_leaf=4, max_depth=17, bootstrap=True, total=   5.0s
[CV] n_estimators=330, min_samples_split=2, min_samples_leaf=2, max_depth=13, bootstrap=True 
[CV]  n_estimators=330, min_samples_split=2, min_samples_leaf=2, max_depth=13, bootstrap=True, total=   2.4s
[CV] n_estimators=630, min_samples_split=4, min_samples_leaf=1, max_depth=1, bootstrap=True 
[CV]  n_estimators=630, min_samples_split=4, min_samples_leaf=1, max_depth=1, bootstrap=True, total=   2.6s
[CV] n_estimators=510, min_samples_split=8, min_samples_leaf=4, max_depth=1, bootstrap=False 
[CV]  n_estimators=510, min_samples_split=8, min_samples_leaf=4, max_depth=1, bootstrap=False, total=   1.8s
[CV] n_estimators=370, min_samples_split=2, min_samples_leaf=2, max_depth=15, bootstrap=False 
[CV]  n_estimators=370, min_samples_split=2, min_samples_leaf=2, max_depth=15, bootstrap=False, total=   3.2s
[CV] n_estimators=90, min_samples_split=2, min_samples_leaf=4, max_depth=3, bootstrap=False 
[CV]  n_estimators=90, min_samples_split=2, min_samples_leaf=4, max_depth=3, bootstrap=False, total=   0.4s
[CV] n_estimators=90, min_samples_split=2, min_samples_leaf=4, max_depth=3, bootstrap=False 
[CV]  n_estimators=90, min_samples_split=2, min_samples_leaf=4, max_depth=3, bootstrap=False, total=   0.4s
[CV] n_estimators=580, min_samples_split=4, min_samples_leaf=4, max_depth=23, bootstrap=False 
[CV]  n_estimators=580, min_samples_split=4, min_samples_leaf=4, max_depth=23, bootstrap=False, total=   4.7s
[CV] n_estimators=580, min_samples_split=8, min_samples_leaf=2, max_depth=19, bootstrap=True 
[CV]  n_estimators=580, min_samples_split=8, min_samples_leaf=2, max_depth=19, bootstrap=True, total=   4.2s
[CV] n_estimators=330, min_samples_split=2, min_samples_leaf=4, max_depth=17, bootstrap=False 
[CV]  n_estimators=330, min_samples_split=2, min_samples_leaf=4, max_depth=17, bootstrap=False, total=   2.7s
[CV] n_estimators=150, min_samples_split=4, min_samples_leaf=2, max_depth=13, bootstrap=False 
[CV]  n_estimators=150, min_samples_split=4, min_samples_leaf=2, max_depth=13, bootstrap=False, total=   1.3s
[CV] n_estimators=870, min_samples_split=8, min_samples_leaf=4, max_depth=17, bootstrap=True 
[CV]  n_estimators=870, min_samples_split=8, min_samples_leaf=4, max_depth=17, bootstrap=True, total=   6.1s
[CV] n_estimators=230, min_samples_split=2, min_samples_leaf=1, max_depth=7, bootstrap=True 
[CV]  n_estimators=230, min_samples_split=2, min_samples_leaf=1, max_depth=7, bootstrap=True, total=   1.4s
[CV] n_estimators=780, min_samples_split=8, min_samples_leaf=1, max_depth=11, bootstrap=False [CV] n_estimators=550, min_samples_split=2, min_samples_leaf=4, max_depth=11, bootstrap=False 
[CV]  n_estimators=550, min_samples_split=2, min_samples_leaf=4, max_depth=11, bootstrap=False, total=   4.0s
[CV] n_estimators=980, min_samples_split=8, min_samples_leaf=2, max_depth=1, bootstrap=False 
[CV]  n_estimators=980, min_samples_split=8, min_samples_leaf=2, max_depth=1, bootstrap=False, total=   2.8s
[CV] n_estimators=210, min_samples_split=8, min_samples_leaf=4, max_depth=13, bootstrap=False 
[CV]  n_estimators=210, min_samples_split=8, min_samples_leaf=4, max_depth=13, bootstrap=False, total=   1.5s
[CV] n_estimators=780, min_samples_split=2, min_samples_leaf=4, max_depth=1, bootstrap=False 
[CV]  n_estimators=780, min_samples_split=2, min_samples_leaf=4, max_depth=1, bootstrap=False, total=   2.4s
[CV] n_estimators=780, min_samples_split=2, min_samples_leaf=4, max_depth=1, bootstrap=False 
[CV]  n_estimators=780, min_samples_split=2, min_samples_leaf=4, max_depth=1, bootstrap=False, total=   2.7s
[CV] n_estimators=580, min_samples_split=2, min_samples_leaf=4, max_depth=5, bootstrap=True 
[CV]  n_estimators=580, min_samples_split=2, min_samples_leaf=4, max_depth=5, bootstrap=True, total=   3.2s
[CV] n_estimators=30, min_samples_split=2, min_samples_leaf=4, max_depth=11, bootstrap=True 
[CV]  n_estimators=30, min_samples_split=2, min_samples_leaf=4, max_depth=11, bootstrap=True, total=   0.2s
[CV] n_estimators=30, min_samples_split=2, min_samples_leaf=4, max_depth=11, bootstrap=True 
[CV]  n_estimators=30, min_samples_split=2, min_samples_leaf=4, max_depth=11, bootstrap=True, total=   0.2s
[CV] n_estimators=30, min_samples_split=2, min_samples_leaf=4, max_depth=11, bootstrap=True 
[CV]  n_estimators=30, min_samples_split=2, min_samples_leaf=4, max_depth=11, bootstrap=True, total=   0.2s
[CV] n_estimators=850, min_samples_split=4, min_samples_leaf=1, max_depth=15, bootstrap=True 
[CV]  n_estimators=850, min_samples_split=4, min_samples_leaf=1, max_depth=15, bootstrap=True, total=   6.6s
[CV] n_estimators=690, min_samples_split=4, min_samples_leaf=1, max_depth=21, bootstrap=False 
[CV]  n_estimators=690, min_samples_split=4, min_samples_leaf=1, max_depth=21, bootstrap=False, total=   6.4s
[CV] n_estimators=180, min_samples_split=2, min_samples_leaf=4, max_depth=17, bootstrap=False 
[CV]  n_estimators=180, min_samples_split=2, min_samples_leaf=4, max_depth=17, bootstrap=False, total=   1.8s
[CV] n_estimators=910, min_samples_split=4, min_samples_leaf=1, max_depth=1, bootstrap=True 
[CV]  n_estimators=910, min_samples_split=4, min_samples_leaf=1, max_depth=1, bootstrap=True, total=   4.0s
[CV] n_estimators=550, min_samples_split=8, min_samples_leaf=2, max_depth=23, bootstrap=False 
[CV]  n_estimators=550, min_samples_split=8, min_samples_leaf=2, max_depth=23, bootstrap=False, total=   4.6s
[CV] n_estimators=100, min_samples_split=4, min_samples_leaf=4, max_depth=1, bootstrap=False 
[CV]  n_estimators=100, min_samples_split=4, min_samples_leaf=4, max_depth=1, bootstrap=False, total=   0.4s
[CV] n_estimators=100, min_samples_split=4, min_samples_leaf=4, max_depth=1, bootstrap=False 
[CV]  n_estimators=100, min_samples_split=4, min_samples_leaf=4, max_depth=1, bootstrap=False, total=   0.4s
[CV] n_estimators=920, min_samples_split=8, min_samples_leaf=4, max_depth=7, bootstrap=True 
[CV]  n_estimators=920, min_samples_split=8, min_samples_leaf=4, max_depth=7, bootstrap=True, total=   5.5s
[CV] n_estimators=350, min_samples_split=8, min_samples_leaf=4, max_depth=23, bootstrap=True 
[CV]  n_estimators=350, min_samples_split=8, min_samples_leaf=4, max_depth=23, bootstrap=True, total=   2.4s
[CV] n_estimators=810, min_samples_split=4, min_samples_leaf=4, max_depth=19, bootstrap=True 
[CV]  n_estimators=810, min_samples_split=4, min_samples_leaf=4, max_depth=19, bootstrap=True, total=   5.7s
[CV] n_estimators=370, min_samples_split=4, min_samples_leaf=2, max_depth=23, bootstrap=True 
[CV]  n_estimators=370, min_samples_split=4, min_samples_leaf=2, max_depth=23, bootstrap=True, total=   2.8s
[CV] n_estimators=330, min_samples_split=8, min_samples_leaf=1, max_depth=15, bootstrap=False 
[CV]  n_estimators=330, min_samples_split=8, min_samples_leaf=1, max_depth=15, bootstrap=False, total=   2.8s
[CV] n_estimators=100, min_samples_split=8, min_samples_leaf=1, max_depth=19, bootstrap=True 
[CV]  n_estimators=100, min_samples_split=8, min_samples_leaf=1, max_depth=19, bootstrap=True, total=   0.8s
[CV] n_estimators=20, min_samples_split=4, min_samples_leaf=4, max_depth=3, bootstrap=True 
[CV]  n_estimators=20, min_samples_split=4, min_samples_leaf=4, max_depth=3, bootstrap=True, total=   0.1s
[CV] n_estimators=830, min_samples_split=2, min_samples_leaf=2, max_depth=9, bootstrap=True 
[CV]  n_estimators=830, min_samples_split=2, min_samples_leaf=2, max_depth=9, bootstrap=True, total=   5.5s
[CV] n_estimators=540, min_samples_split=4, min_samples_leaf=4, max_depth=19, bootstrap=False 
[CV]  n_estimators=540, min_samples_split=4, min_samples_leaf=4, max_depth=19, bootstrap=False, total=   4.3s
[CV] n_estimators=320, min_samples_split=2, min_samples_leaf=4, max_depth=21, bootstrap=False 
[CV]  n_estimators=320, min_samples_split=2, min_samples_leaf=4, max_depth=21, bootstrap=False, total=   2.6s
[CV] n_estimators=220, min_samples_split=8, min_samples_leaf=2, max_depth=5, bootstrap=False 
[CV]  n_estimators=220, min_samples_split=8, min_samples_leaf=2, max_depth=5, bootstrap=False, total=   1.2s
[CV] n_estimators=220, min_samples_split=8, min_samples_leaf=2, max_depth=5, bootstrap=False 
[CV]  n_estimators=220, min_samples_split=8, min_samples_leaf=2, max_depth=5, bootstrap=False, total=   1.2s
[CV] n_estimators=430, min_samples_split=2, min_samples_leaf=4, max_depth=15, bootstrap=True 
[CV]  n_estimators=430, min_samples_split=2, min_samples_leaf=4, max_depth=15, bootstrap=True, total=   3.0s
[CV] n_estimators=630, min_samples_split=4, min_samples_leaf=1, max_depth=1, bootstrap=True 
[CV]  n_estimators=630, min_samples_split=4, min_samples_leaf=1, max_depth=1, bootstrap=True, total=   2.6s
[CV] n_estimators=70, min_samples_split=8, min_samples_leaf=2, max_depth=17, bootstrap=True 
[CV]  n_estimators=70, min_samples_split=8, min_samples_leaf=2, max_depth=17, bootstrap=True, total=   0.5s
[CV] n_estimators=70, min_samples_split=8, min_samples_leaf=2, max_depth=17, bootstrap=True 
[CV]  n_estimators=70, min_samples_split=8, min_samples_leaf=2, max_depth=17, bootstrap=True, total=   0.5s
[CV] n_estimators=370, min_samples_split=2, min_samples_leaf=2, max_depth=15, bootstrap=False 
[CV]  n_estimators=370, min_samples_split=2, min_samples_leaf=2, max_depth=15, bootstrap=False, total=   3.2s
[CV] n_estimators=860, min_samples_split=4, min_samples_leaf=4, max_depth=23, bootstrap=False 
[CV]  n_estimators=860, min_samples_split=4, min_samples_leaf=4, max_depth=23, bootstrap=False, total=   6.9s
[CV] n_estimators=810, min_samples_split=2, min_samples_leaf=1, max_depth=17, bootstrap=True 
[CV]  n_estimators=810, min_samples_split=2, min_samples_leaf=1, max_depth=17, bootstrap=True, total=   6.4s
[CV] n_estimators=800, min_samples_split=4, min_samples_leaf=1, max_depth=13, bootstrap=False 
[CV]  n_estimators=800, min_samples_split=4, min_samples_leaf=1, max_depth=13, bootstrap=False, total=   6.8s
[CV] n_estimators=480, min_samples_split=8, min_samples_leaf=1, max_depth=5, bootstrap=True 
[CV]  n_estimators=480, min_samples_split=8, min_samples_leaf=1, max_depth=5, bootstrap=True, total=   2.6s
[CV] n_estimators=120, min_samples_split=8, min_samples_leaf=4, max_depth=11, bootstrap=True 
[CV]  n_estimators=120, min_samples_split=8, min_samples_leaf=4, max_depth=11, bootstrap=True, total=   0.8s
[CV] n_estimators=950, min_samples_split=2, min_samples_leaf=2, max_depth=1, bootstrap=True 
[CV]  n_estimators=950, min_samples_split=2, min_samples_leaf=2, max_depth=1, bootstrap=True, total=   3.7s
[CV] n_estimators=520, min_samples_split=8, min_samples_leaf=2, max_depth=13, bootstrap=True 
[CV]  n_estimators=520, min_samples_split=8, min_samples_leaf=2, max_depth=13, bootstrap=True, total=   3.7s
[CV] n_estimators=970, min_samples_split=8, min_samples_leaf=4, max_depth=7, bootstrap=True [Parallel(n_jobs=-1)]: Done  25 tasks      | elapsed:   12.9s
[Parallel(n_jobs=-1)]: Done 146 tasks      | elapsed:  1.0min
[Parallel(n_jobs=-1)]: Done 300 out of 300 | elapsed:  2.2min finished
0.8042884500250697
{'n_estimators': 470, 'min_samples_split': 8, 'min_samples_leaf': 4, 'max_depth': 13, 'bootstrap': True}
0.8565060496709828
0.7936234381732012
0.5552460538532962


LogisticRegression()
0.8049246444491616
0.7987936234381732
Best Penalty: l2
Best C: 21.544346900318832
0.8045001061345787
0.7987936234381732
0.5942658557775846


[CV] n_estimators=690, min_samples_split=8, min_samples_leaf=4, max_depth=1, bootstrap=True 
[CV]  n_estimators=690, min_samples_split=8, min_samples_leaf=4, max_depth=1, bootstrap=True, total=   2.7s
[CV] n_estimators=850, min_samples_split=2, min_samples_leaf=2, max_depth=3, bootstrap=False 
[CV]  n_estimators=850, min_samples_split=2, min_samples_leaf=2, max_depth=3, bootstrap=False, total=   3.2s
[CV] n_estimators=290, min_samples_split=2, min_samples_leaf=1, max_depth=15, bootstrap=True 
[CV]  n_estimators=290, min_samples_split=2, min_samples_leaf=1, max_depth=15, bootstrap=True, total=   2.0s
[CV] n_estimators=690, min_samples_split=4, min_samples_leaf=1, max_depth=9, bootstrap=False 
[CV]  n_estimators=690, min_samples_split=4, min_samples_leaf=1, max_depth=9, bootstrap=False, total=   4.9s
[CV] n_estimators=770, min_samples_split=4, min_samples_leaf=4, max_depth=1, bootstrap=True 
[CV]  n_estimators=770, min_samples_split=4, min_samples_leaf=4, max_depth=1, bootstrap=True, total=   3.2s
[CV] n_estimators=650, min_samples_split=8, min_samples_leaf=4, max_depth=11, bootstrap=True 
[CV]  n_estimators=650, min_samples_split=8, min_samples_leaf=4, max_depth=11, bootstrap=True, total=   4.5s
[CV] n_estimators=460, min_samples_split=2, min_samples_leaf=4, max_depth=15, bootstrap=False 
[CV]  n_estimators=460, min_samples_split=2, min_samples_leaf=4, max_depth=15, bootstrap=False, total=   3.8s
[CV] n_estimators=610, min_samples_split=4, min_samples_leaf=1, max_depth=15, bootstrap=True 
[CV]  n_estimators=610, min_samples_split=4, min_samples_leaf=1, max_depth=15, bootstrap=True, total=   4.7s
[CV] n_estimators=540, min_samples_split=2, min_samples_leaf=4, max_depth=19, bootstrap=True 
[CV]  n_estimators=540, min_samples_split=2, min_samples_leaf=4, max_depth=19, bootstrap=True, total=   4.3s
[CV] n_estimators=120, min_samples_split=4, min_samples_leaf=2, max_depth=19, bootstrap=False 
[CV]  n_estimators=120, min_samples_split=4, min_samples_leaf=2, max_depth=19, bootstrap=False, total=   1.1s
[CV] n_estimators=360, min_samples_split=2, min_samples_leaf=2, max_depth=7, bootstrap=True 
[CV]  n_estimators=360, min_samples_split=2, min_samples_leaf=2, max_depth=7, bootstrap=True, total=   2.3s
[CV] n_estimators=190, min_samples_split=4, min_samples_leaf=1, max_depth=5, bootstrap=True 
[CV]  n_estimators=190, min_samples_split=4, min_samples_leaf=1, max_depth=5, bootstrap=True, total=   1.1s
[CV] n_estimators=800, min_samples_split=2, min_samples_leaf=2, max_depth=3, bootstrap=True 
[CV]  n_estimators=800, min_samples_split=2, min_samples_leaf=2, max_depth=3, bootstrap=True, total=   3.9s
[CV] n_estimators=300, min_samples_split=2, min_samples_leaf=2, max_depth=9, bootstrap=True 
[CV]  n_estimators=300, min_samples_split=2, min_samples_leaf=2, max_depth=9, bootstrap=True, total=   2.1s
[CV] n_estimators=280, min_samples_split=8, min_samples_leaf=4, max_depth=19, bootstrap=True 
[CV]  n_estimators=280, min_samples_split=8, min_samples_leaf=4, max_depth=19, bootstrap=True, total=   2.0s
[CV] n_estimators=280, min_samples_split=8, min_samples_leaf=4, max_depth=19, bootstrap=True 
[CV]  n_estimators=280, min_samples_split=8, min_samples_leaf=4, max_depth=19, bootstrap=True, total=   2.0s
[CV] n_estimators=810, min_samples_split=4, min_samples_leaf=4, max_depth=19, bootstrap=True 
[CV]  n_estimators=810, min_samples_split=4, min_samples_leaf=4, max_depth=19, bootstrap=True, total=   5.8s
[CV] n_estimators=570, min_samples_split=4, min_samples_leaf=2, max_depth=23, bootstrap=True 
[CV]  n_estimators=570, min_samples_split=4, min_samples_leaf=2, max_depth=23, bootstrap=True, total=   4.3s
[CV] n_estimators=330, min_samples_split=8, min_samples_leaf=1, max_depth=15, bootstrap=False 
[CV]  n_estimators=330, min_samples_split=8, min_samples_leaf=1, max_depth=15, bootstrap=False, total=   2.9s
[CV] n_estimators=880, min_samples_split=8, min_samples_leaf=1, max_depth=9, bootstrap=False 
[CV]  n_estimators=880, min_samples_split=8, min_samples_leaf=1, max_depth=9, bootstrap=False, total=   6.3s
[CV] n_estimators=320, min_samples_split=4, min_samples_leaf=1, max_depth=3, bootstrap=True 
[CV]  n_estimators=320, min_samples_split=4, min_samples_leaf=1, max_depth=3, bootstrap=True, total=   1.5s
[CV] n_estimators=710, min_samples_split=2, min_samples_leaf=1, max_depth=3, bootstrap=False 
[CV]  n_estimators=710, min_samples_split=2, min_samples_leaf=1, max_depth=3, bootstrap=False, total=   3.1s
[CV] n_estimators=700, min_samples_split=8, min_samples_leaf=4, max_depth=17, bootstrap=True 
[CV]  n_estimators=700, min_samples_split=8, min_samples_leaf=4, max_depth=17, bootstrap=True, total=   4.9s
[CV] n_estimators=430, min_samples_split=2, min_samples_leaf=4, max_depth=15, bootstrap=True 
[CV]  n_estimators=430, min_samples_split=2, min_samples_leaf=4, max_depth=15, bootstrap=True, total=   3.0s
[CV] n_estimators=630, min_samples_split=4, min_samples_leaf=1, max_depth=1, bootstrap=True 
[CV]  n_estimators=630, min_samples_split=4, min_samples_leaf=1, max_depth=1, bootstrap=True, total=   2.6s
[CV] n_estimators=70, min_samples_split=8, min_samples_leaf=2, max_depth=17, bootstrap=True 
[CV]  n_estimators=70, min_samples_split=8, min_samples_leaf=2, max_depth=17, bootstrap=True, total=   0.5s
[CV] n_estimators=160, min_samples_split=8, min_samples_leaf=2, max_depth=19, bootstrap=True 
[CV]  n_estimators=160, min_samples_split=8, min_samples_leaf=2, max_depth=19, bootstrap=True, total=   1.2s
[CV] n_estimators=860, min_samples_split=4, min_samples_leaf=4, max_depth=23, bootstrap=False 
[CV]  n_estimators=860, min_samples_split=4, min_samples_leaf=4, max_depth=23, bootstrap=False, total=   7.0s
[CV] n_estimators=580, min_samples_split=8, min_samples_leaf=2, max_depth=19, bootstrap=True 
[CV]  n_estimators=580, min_samples_split=8, min_samples_leaf=2, max_depth=19, bootstrap=True, total=   4.2s
[CV] n_estimators=810, min_samples_split=2, min_samples_leaf=1, max_depth=17, bootstrap=True 
[CV]  n_estimators=810, min_samples_split=2, min_samples_leaf=1, max_depth=17, bootstrap=True, total=   6.5s
[CV] n_estimators=940, min_samples_split=4, min_samples_leaf=4, max_depth=5, bootstrap=True 
[CV]  n_estimators=940, min_samples_split=4, min_samples_leaf=4, max_depth=5, bootstrap=True, total=   5.1s
[CV] n_estimators=230, min_samples_split=2, min_samples_leaf=1, max_depth=7, bootstrap=True 
[CV]  n_estimators=230, min_samples_split=2, min_samples_leaf=1, max_depth=7, bootstrap=True, total=   1.4s
[CV] n_estimators=120, min_samples_split=8, min_samples_leaf=4, max_depth=11, bootstrap=True 
[CV]  n_estimators=120, min_samples_split=8, min_samples_leaf=4, max_depth=11, bootstrap=True, total=   0.9s
[CV] n_estimators=50, min_samples_split=8, min_samples_leaf=2, max_depth=15, bootstrap=True 
[CV]  n_estimators=50, min_samples_split=8, min_samples_leaf=2, max_depth=15, bootstrap=True, total=   0.4s
[CV] n_estimators=50, min_samples_split=8, min_samples_leaf=2, max_depth=15, bootstrap=True 
[CV]  n_estimators=50, min_samples_split=8, min_samples_leaf=2, max_depth=15, bootstrap=True, total=   0.4s
[CV] n_estimators=280, min_samples_split=2, min_samples_leaf=4, max_depth=7, bootstrap=False 
[CV]  n_estimators=280, min_samples_split=2, min_samples_leaf=4, max_depth=7, bootstrap=False, total=   1.8s
[CV] n_estimators=280, min_samples_split=2, min_samples_leaf=4, max_depth=7, bootstrap=False 
[CV]  n_estimators=280, min_samples_split=2, min_samples_leaf=4, max_depth=7, bootstrap=False, total=   1.8s
[CV] n_estimators=940, min_samples_split=4, min_samples_leaf=1, max_depth=5, bootstrap=False 
[CV]  n_estimators=940, min_samples_split=4, min_samples_leaf=1, max_depth=5, bootstrap=False, total=   5.1s
[CV] n_estimators=800, min_samples_split=4, min_samples_leaf=4, max_depth=19, bootstrap=False 
[CV]  n_estimators=800, min_samples_split=4, min_samples_leaf=4, max_depth=19, bootstrap=False, total=   6.5s
[CV] n_estimators=550, min_samples_split=2, min_samples_leaf=4, max_depth=11, bootstrap=False 
[CV]  n_estimators=550, min_samples_split=2, min_samples_leaf=4, max_depth=11, bootstrap=False, total=   4.3s
[CV] n_estimators=290, min_samples_split=2, min_samples_leaf=1, max_depth=15, bootstrap=True 
[CV]  n_estimators=290, min_samples_split=2, min_samples_leaf=1, max_depth=15, bootstrap=True, total=   2.0s
[CV] n_estimators=210, min_samples_split=8, min_samples_leaf=4, max_depth=13, bootstrap=False 
[CV]  n_estimators=210, min_samples_split=8, min_samples_leaf=4, max_depth=13, bootstrap=False, total=   1.4s
[CV] n_estimators=690, min_samples_split=4, min_samples_leaf=1, max_depth=9, bootstrap=False 
[CV]  n_estimators=690, min_samples_split=4, min_samples_leaf=1, max_depth=9, bootstrap=False, total=   4.8s
[CV] n_estimators=70, min_samples_split=2, min_samples_leaf=2, max_depth=19, bootstrap=True 
[CV]  n_estimators=70, min_samples_split=2, min_samples_leaf=2, max_depth=19, bootstrap=True, total=   0.5s
[CV] n_estimators=580, min_samples_split=2, min_samples_leaf=4, max_depth=5, bootstrap=True 
[CV]  n_estimators=580, min_samples_split=2, min_samples_leaf=4, max_depth=5, bootstrap=True, total=   3.2s
[CV] n_estimators=650, min_samples_split=8, min_samples_leaf=4, max_depth=11, bootstrap=True 
[CV]  n_estimators=650, min_samples_split=8, min_samples_leaf=4, max_depth=11, bootstrap=True, total=   4.5s
[CV] n_estimators=510, min_samples_split=4, min_samples_leaf=2, max_depth=23, bootstrap=False 
[CV]  n_estimators=510, min_samples_split=4, min_samples_leaf=2, max_depth=23, bootstrap=False, total=   4.7s
[CV] n_estimators=540, min_samples_split=2, min_samples_leaf=4, max_depth=19, bootstrap=True 
[CV]  n_estimators=540, min_samples_split=2, min_samples_leaf=4, max_depth=19, bootstrap=True, total=   3.8s
[CV] n_estimators=340, min_samples_split=8, min_samples_leaf=1, max_depth=19, bootstrap=False 
[CV]  n_estimators=340, min_samples_split=8, min_samples_leaf=1, max_depth=19, bootstrap=False, total=   3.1s
[CV] n_estimators=910, min_samples_split=4, min_samples_leaf=1, max_depth=1, bootstrap=True 
[CV]  n_estimators=910, min_samples_split=4, min_samples_leaf=1, max_depth=1, bootstrap=True, total=   3.7s
[CV] n_estimators=550, min_samples_split=8, min_samples_leaf=2, max_depth=23, bootstrap=False 
[CV]  n_estimators=550, min_samples_split=8, min_samples_leaf=2, max_depth=23, bootstrap=False, total=   4.6s
[CV] n_estimators=930, min_samples_split=2, min_samples_leaf=1, max_depth=17, bootstrap=False 
[CV]  n_estimators=930, min_samples_split=2, min_samples_leaf=1, max_depth=17, bootstrap=False, total=   8.8s
[CV] n_estimators=810, min_samples_split=4, min_samples_leaf=4, max_depth=19, bootstrap=True 
[CV]  n_estimators=810, min_samples_split=4, min_samples_leaf=4, max_depth=19, bootstrap=True, total=   5.7s
[CV] n_estimators=280, min_samples_split=2, min_samples_leaf=2, max_depth=1, bootstrap=False 
[CV]  n_estimators=280, min_samples_split=2, min_samples_leaf=2, max_depth=1, bootstrap=False, total=   1.0s
[CV] n_estimators=390, min_samples_split=8, min_samples_leaf=4, max_depth=5, bootstrap=True 
[CV]  n_estimators=390, min_samples_split=8, min_samples_leaf=4, max_depth=5, bootstrap=True, total=   2.2s
[CV] n_estimators=300, min_samples_split=2, min_samples_leaf=4, max_depth=3, bootstrap=False 
[CV]  n_estimators=300, min_samples_split=2, min_samples_leaf=4, max_depth=3, bootstrap=False, total=   1.3s
[CV] n_estimators=300, min_samples_split=2, min_samples_leaf=4, max_depth=3, bootstrap=False 
[CV]  n_estimators=300, min_samples_split=2, min_samples_leaf=4, max_depth=3, bootstrap=False, total=   1.3s
[CV] n_estimators=840, min_samples_split=4, min_samples_leaf=2, max_depth=7, bootstrap=True 
[CV]  n_estimators=840, min_samples_split=4, min_samples_leaf=2, max_depth=7, bootstrap=True, total=   5.1s
[CV] n_estimators=540, min_samples_split=4, min_samples_leaf=4, max_depth=19, bootstrap=False 
[CV]  n_estimators=540, min_samples_split=4, min_samples_leaf=4, max_depth=19, bootstrap=False, total=   4.3s
[CV] n_estimators=320, min_samples_split=2, min_samples_leaf=4, max_depth=21, bootstrap=False 
[CV]  n_estimators=320, min_samples_split=2, min_samples_leaf=4, max_depth=21, bootstrap=False, total=   2.6s
[CV] n_estimators=700, min_samples_split=8, min_samples_leaf=4, max_depth=17, bootstrap=True 
[CV]  n_estimators=700, min_samples_split=8, min_samples_leaf=4, max_depth=17, bootstrap=True, total=   4.9s
[CV] n_estimators=330, min_samples_split=2, min_samples_leaf=2, max_depth=13, bootstrap=True 
[CV]  n_estimators=330, min_samples_split=2, min_samples_leaf=2, max_depth=13, bootstrap=True, total=   2.5s
[CV] n_estimators=60, min_samples_split=4, min_samples_leaf=1, max_depth=3, bootstrap=True 
[CV]  n_estimators=60, min_samples_split=4, min_samples_leaf=1, max_depth=3, bootstrap=True, total=   0.3s
[CV] n_estimators=60, min_samples_split=4, min_samples_leaf=1, max_depth=3, bootstrap=True 
[CV]  n_estimators=60, min_samples_split=4, min_samples_leaf=1, max_depth=3, bootstrap=True, total=   0.3s
[CV] n_estimators=510, min_samples_split=8, min_samples_leaf=4, max_depth=1, bootstrap=False 
[CV]  n_estimators=510, min_samples_split=8, min_samples_leaf=4, max_depth=1, bootstrap=False, total=   1.7s
[CV] n_estimators=270, min_samples_split=4, min_samples_leaf=1, max_depth=3, bootstrap=True 
[CV]  n_estimators=270, min_samples_split=4, min_samples_leaf=1, max_depth=3, bootstrap=True, total=   1.3s
[CV] n_estimators=860, min_samples_split=4, min_samples_leaf=4, max_depth=23, bootstrap=False 
[CV]  n_estimators=860, min_samples_split=4, min_samples_leaf=4, max_depth=23, bootstrap=False, total=   6.9s
[CV] n_estimators=950, min_samples_split=2, min_samples_leaf=1, max_depth=15, bootstrap=True 
[CV]  n_estimators=950, min_samples_split=2, min_samples_leaf=1, max_depth=15, bootstrap=True, total=   7.5s
[CV] n_estimators=150, min_samples_split=4, min_samples_leaf=2, max_depth=13, bootstrap=False 
[CV]  n_estimators=150, min_samples_split=4, min_samples_leaf=2, max_depth=13, bootstrap=False, total=   1.3s
[CV] n_estimators=800, min_samples_split=4, min_samples_leaf=1, max_depth=13, bootstrap=False 
[CV]  n_estimators=800, min_samples_split=4, min_samples_leaf=1, max_depth=13, bootstrap=False, total=   7.0s
[CV] n_estimators=230, min_samples_split=2, min_samples_leaf=1, max_depth=7, bootstrap=True 
[CV]  n_estimators=230, min_samples_split=2, min_samples_leaf=1, max_depth=7, bootstrap=True, total=   1.4s
[CV] n_estimators=780, min_samples_split=8, min_samples_leaf=1, max_depth=11, bootstrap=False 
[CV]  n_estimators=780, min_samples_split=8, min_samples_leaf=1, max_depth=11, bootstrap=False, total=   6.2s
[CV] n_estimators=970, min_samples_split=8, min_samples_leaf=4, max_depth=7, bootstrap=True 
[CV]  n_estimators=970, min_samples_split=8, min_samples_leaf=4, max_depth=7, bootstrap=True, total=   5.9s
[CV] n_estimators=770, min_samples_split=2, min_samples_leaf=2, max_depth=19, bootstrap=True 
[CV]  n_estimators=770, min_samples_split=2, min_samples_leaf=2, max_depth=19, bootstrap=True, total=   5.7s

[CV]  n_estimators=780, min_samples_split=8, min_samples_leaf=1, max_depth=11, bootstrap=False, total=   6.2s
[CV] n_estimators=970, min_samples_split=8, min_samples_leaf=4, max_depth=7, bootstrap=True 
[CV]  n_estimators=970, min_samples_split=8, min_samples_leaf=4, max_depth=7, bootstrap=True, total=   5.9s
[CV] n_estimators=800, min_samples_split=4, min_samples_leaf=4, max_depth=19, bootstrap=False 
[CV]  n_estimators=800, min_samples_split=4, min_samples_leaf=4, max_depth=19, bootstrap=False, total=   5.9s
[CV] n_estimators=550, min_samples_split=2, min_samples_leaf=4, max_depth=11, bootstrap=False 
[CV]  n_estimators=550, min_samples_split=2, min_samples_leaf=4, max_depth=11, bootstrap=False, total=   4.2s
[CV] n_estimators=980, min_samples_split=8, min_samples_leaf=2, max_depth=1, bootstrap=False 
[CV]  n_estimators=980, min_samples_split=8, min_samples_leaf=2, max_depth=1, bootstrap=False, total=   2.9s
[CV] n_estimators=710, min_samples_split=8, min_samples_leaf=4, max_depth=9, bootstrap=True 
[CV]  n_estimators=710, min_samples_split=8, min_samples_leaf=4, max_depth=9, bootstrap=True, total=   4.4s
[CV] n_estimators=850, min_samples_split=8, min_samples_leaf=4, max_depth=11, bootstrap=False 
[CV]  n_estimators=850, min_samples_split=8, min_samples_leaf=4, max_depth=11, bootstrap=False, total=   6.7s
[CV] n_estimators=850, min_samples_split=4, min_samples_leaf=1, max_depth=15, bootstrap=True 
[CV]  n_estimators=850, min_samples_split=4, min_samples_leaf=1, max_depth=15, bootstrap=True, total=   6.7s
[CV] n_estimators=610, min_samples_split=4, min_samples_leaf=1, max_depth=15, bootstrap=True 
[CV]  n_estimators=610, min_samples_split=4, min_samples_leaf=1, max_depth=15, bootstrap=True, total=   4.7s
[CV] n_estimators=340, min_samples_split=8, min_samples_leaf=1, max_depth=19, bootstrap=False 
[CV]  n_estimators=340, min_samples_split=8, min_samples_leaf=1, max_depth=19, bootstrap=False, total=   3.1s
[CV] n_estimators=910, min_samples_split=4, min_samples_leaf=1, max_depth=1, bootstrap=True 
[CV]  n_estimators=910, min_samples_split=4, min_samples_leaf=1, max_depth=1, bootstrap=True, total=   3.8s
[CV] n_estimators=550, min_samples_split=8, min_samples_leaf=2, max_depth=23, bootstrap=False 
[CV]  n_estimators=550, min_samples_split=8, min_samples_leaf=2, max_depth=23, bootstrap=False, total=   4.6s
[CV] n_estimators=920, min_samples_split=8, min_samples_leaf=4, max_depth=7, bootstrap=True 
[CV]  n_estimators=920, min_samples_split=8, min_samples_leaf=4, max_depth=7, bootstrap=True, total=   5.6s
[CV] n_estimators=490, min_samples_split=8, min_samples_leaf=1, max_depth=9, bootstrap=False 
[CV]  n_estimators=490, min_samples_split=8, min_samples_leaf=1, max_depth=9, bootstrap=False, total=   3.6s
[CV] n_estimators=570, min_samples_split=4, min_samples_leaf=2, max_depth=23, bootstrap=True 
[CV]  n_estimators=570, min_samples_split=4, min_samples_leaf=2, max_depth=23, bootstrap=True, total=   4.3s
[CV] n_estimators=370, min_samples_split=4, min_samples_leaf=2, max_depth=23, bootstrap=True 
[CV]  n_estimators=370, min_samples_split=4, min_samples_leaf=2, max_depth=23, bootstrap=True, total=   2.8s
[CV] n_estimators=470, min_samples_split=2, min_samples_leaf=4, max_depth=11, bootstrap=False 
[CV]  n_estimators=470, min_samples_split=2, min_samples_leaf=4, max_depth=11, bootstrap=False, total=   3.6s
[CV] n_estimators=840, min_samples_split=4, min_samples_leaf=2, max_depth=7, bootstrap=True 
[CV]  n_estimators=840, min_samples_split=4, min_samples_leaf=2, max_depth=7, bootstrap=True, total=   5.1s
[CV] n_estimators=830, min_samples_split=2, min_samples_leaf=2, max_depth=9, bootstrap=True 
[CV]  n_estimators=830, min_samples_split=2, min_samples_leaf=2, max_depth=9, bootstrap=True, total=   5.4s
[CV] n_estimators=320, min_samples_split=2, min_samples_leaf=4, max_depth=21, bootstrap=False 
[CV]  n_estimators=320, min_samples_split=2, min_samples_leaf=4, max_depth=21, bootstrap=False, total=   2.6s
[CV] n_estimators=220, min_samples_split=8, min_samples_leaf=2, max_depth=5, bootstrap=False 
[CV]  n_estimators=220, min_samples_split=8, min_samples_leaf=2, max_depth=5, bootstrap=False, total=   1.2s
[CV] n_estimators=430, min_samples_split=2, min_samples_leaf=4, max_depth=15, bootstrap=True 
[CV]  n_estimators=430, min_samples_split=2, min_samples_leaf=4, max_depth=15, bootstrap=True, total=   3.0s
[CV] n_estimators=330, min_samples_split=2, min_samples_leaf=2, max_depth=13, bootstrap=True 
[CV]  n_estimators=330, min_samples_split=2, min_samples_leaf=2, max_depth=13, bootstrap=True, total=   2.4s
[CV] n_estimators=60, min_samples_split=4, min_samples_leaf=1, max_depth=3, bootstrap=True 
[CV]  n_estimators=60, min_samples_split=4, min_samples_leaf=1, max_depth=3, bootstrap=True, total=   0.3s
[CV] n_estimators=510, min_samples_split=8, min_samples_leaf=4, max_depth=1, bootstrap=False 
[CV]  n_estimators=510, min_samples_split=8, min_samples_leaf=4, max_depth=1, bootstrap=False, total=   1.8s
[CV] n_estimators=160, min_samples_split=8, min_samples_leaf=2, max_depth=19, bootstrap=True 
[CV]  n_estimators=160, min_samples_split=8, min_samples_leaf=2, max_depth=19, bootstrap=True, total=   1.2s
[CV] n_estimators=620, min_samples_split=2, min_samples_leaf=2, max_depth=21, bootstrap=True 
[CV]  n_estimators=620, min_samples_split=2, min_samples_leaf=2, max_depth=21, bootstrap=True, total=   4.7s
[CV] n_estimators=950, min_samples_split=2, min_samples_leaf=1, max_depth=15, bootstrap=True 
[CV]  n_estimators=950, min_samples_split=2, min_samples_leaf=1, max_depth=15, bootstrap=True, total=   7.6s
[CV] n_estimators=300, min_samples_split=8, min_samples_leaf=4, max_depth=11, bootstrap=True 
[CV]  n_estimators=300, min_samples_split=8, min_samples_leaf=4, max_depth=11, bootstrap=True, total=   2.1s
[CV] n_estimators=330, min_samples_split=2, min_samples_leaf=4, max_depth=17, bootstrap=False 
[CV]  n_estimators=330, min_samples_split=2, min_samples_leaf=4, max_depth=17, bootstrap=False, total=   2.7s
[CV] n_estimators=940, min_samples_split=4, min_samples_leaf=4, max_depth=5, bootstrap=True 
[CV]  n_estimators=940, min_samples_split=4, min_samples_leaf=4, max_depth=5, bootstrap=True, total=   5.1s
[CV] n_estimators=480, min_samples_split=8, min_samples_leaf=1, max_depth=5, bootstrap=True 
[CV]  n_estimators=480, min_samples_split=8, min_samples_leaf=1, max_depth=5, bootstrap=True, total=   2.7s
[CV] n_estimators=120, min_samples_split=8, min_samples_leaf=4, max_depth=11, bootstrap=True 
[CV]  n_estimators=120, min_samples_split=8, min_samples_leaf=4, max_depth=11, bootstrap=True, total=   0.8s
[CV] n_estimators=950, min_samples_split=2, min_samples_leaf=2, max_depth=1, bootstrap=True 
[CV]  n_estimators=950, min_samples_split=2, min_samples_leaf=2, max_depth=1, bootstrap=True, total=   3.9s
[CV] n_estimators=520, min_samples_split=8, min_samples_leaf=2, max_depth=13, bootstrap=True 
[CV]  n_estimators=520, min_samples_split=8, min_samples_leaf=2, max_depth=13, bootstrap=True, total=   3.7s
[CV] n_estimators=470, min_samples_split=8, min_samples_leaf=4, max_depth=13, bootstrap=True 
[CV]  n_estimators=470, min_samples_split=8, min_samples_leaf=4, max_depth=13, bootstrap=True, total=   3.3s
[CV] n_estimators=770, min_samples_split=2, min_samples_leaf=2, max_depth=19, bootstrap=True 
[CV]  n_estimators=770, min_samples_split=2, min_samples_leaf=2, max_depth=19, bootstrap=True, total=   5.6s
[CV] n_estimators=450, min_samples_split=2, min_samples_leaf=1, max_depth=13, bootstrap=True 
[CV]  n_estimators=450, min_samples_split=2, min_samples_leaf=1, max_depth=13, bootstrap=True, total=   3.8s
[CV] n_estimators=850, min_samples_split=2, min_samples_leaf=2, max_depth=3, bootstrap=False 
[CV]  n_estimators=850, min_samples_split=2, min_samples_leaf=2, max_depth=3, bootstrap=False, total=   3.2s
[CV] n_estimators=710, min_samples_split=8, min_samples_leaf=4, max_depth=9, bootstrap=True 
[CV]  n_estimators=710, min_samples_split=8, min_samples_leaf=4, max_depth=9, bootstrap=True, total=   4.4s
[CV] n_estimators=850, min_samples_split=8, min_samples_leaf=4, max_depth=11, bootstrap=False 
[CV]  n_estimators=850, min_samples_split=8, min_samples_leaf=4, max_depth=11, bootstrap=False, total=   6.6s
[CV] n_estimators=460, min_samples_split=2, min_samples_leaf=4, max_depth=15, bootstrap=False 
[CV]  n_estimators=460, min_samples_split=2, min_samples_leaf=4, max_depth=15, bootstrap=False, total=   3.7s
[CV] n_estimators=510, min_samples_split=4, min_samples_leaf=2, max_depth=23, bootstrap=False 
[CV]  n_estimators=510, min_samples_split=4, min_samples_leaf=2, max_depth=23, bootstrap=False, total=   4.5s
[CV] n_estimators=540, min_samples_split=2, min_samples_leaf=4, max_depth=19, bootstrap=True 
[CV]  n_estimators=540, min_samples_split=2, min_samples_leaf=4, max_depth=19, bootstrap=True, total=   3.9s
[CV] n_estimators=180, min_samples_split=2, min_samples_leaf=4, max_depth=17, bootstrap=False 
[CV]  n_estimators=180, min_samples_split=2, min_samples_leaf=4, max_depth=17, bootstrap=False, total=   1.6s
[CV] n_estimators=750, min_samples_split=2, min_samples_leaf=1, max_depth=7, bootstrap=True 
[CV]  n_estimators=750, min_samples_split=2, min_samples_leaf=1, max_depth=7, bootstrap=True, total=   4.8s
[CV] n_estimators=190, min_samples_split=4, min_samples_leaf=1, max_depth=5, bootstrap=True 
[CV]  n_estimators=190, min_samples_split=4, min_samples_leaf=1, max_depth=5, bootstrap=True, total=   1.0s
[CV] n_estimators=930, min_samples_split=2, min_samples_leaf=1, max_depth=17, bootstrap=False 
[CV]  n_estimators=930, min_samples_split=2, min_samples_leaf=1, max_depth=17, bootstrap=False, total=   8.7s
[CV] n_estimators=490, min_samples_split=8, min_samples_leaf=1, max_depth=9, bootstrap=False 
[CV]  n_estimators=490, min_samples_split=8, min_samples_leaf=1, max_depth=9, bootstrap=False, total=   3.5s
[CV] n_estimators=620, min_samples_split=4, min_samples_leaf=4, max_depth=23, bootstrap=True 
[CV]  n_estimators=620, min_samples_split=4, min_samples_leaf=4, max_depth=23, bootstrap=True, total=   4.4s
[CV] n_estimators=190, min_samples_split=4, min_samples_leaf=2, max_depth=19, bootstrap=True 
[CV]  n_estimators=190, min_samples_split=4, min_samples_leaf=2, max_depth=19, bootstrap=True, total=   1.4s
[CV] n_estimators=280, min_samples_split=2, min_samples_leaf=2, max_depth=1, bootstrap=False 
[CV]  n_estimators=280, min_samples_split=2, min_samples_leaf=2, max_depth=1, bootstrap=False, total=   1.0s
[CV] n_estimators=470, min_samples_split=2, min_samples_leaf=4, max_depth=11, bootstrap=False 
[CV]  n_estimators=470, min_samples_split=2, min_samples_leaf=4, max_depth=11, bootstrap=False, total=   3.6s
[CV] n_estimators=100, min_samples_split=8, min_samples_leaf=1, max_depth=19, bootstrap=True 
[CV]  n_estimators=100, min_samples_split=8, min_samples_leaf=1, max_depth=19, bootstrap=True, total=   0.8s
[CV] n_estimators=20, min_samples_split=4, min_samples_leaf=4, max_depth=3, bootstrap=True 
[CV]  n_estimators=20, min_samples_split=4, min_samples_leaf=4, max_depth=3, bootstrap=True, total=   0.1s
[CV] n_estimators=20, min_samples_split=4, min_samples_leaf=4, max_depth=3, bootstrap=True 
[CV]  n_estimators=20, min_samples_split=4, min_samples_leaf=4, max_depth=3, bootstrap=True, total=   0.1s
[CV] n_estimators=830, min_samples_split=2, min_samples_leaf=2, max_depth=9, bootstrap=True 
[CV]  n_estimators=830, min_samples_split=2, min_samples_leaf=2, max_depth=9, bootstrap=True, total=   5.6s
[CV] n_estimators=320, min_samples_split=4, min_samples_leaf=1, max_depth=3, bootstrap=True 
[CV]  n_estimators=320, min_samples_split=4, min_samples_leaf=1, max_depth=3, bootstrap=True, total=   1.6s
[CV] n_estimators=150, min_samples_split=4, min_samples_leaf=1, max_depth=1, bootstrap=False 
[CV]  n_estimators=150, min_samples_split=4, min_samples_leaf=1, max_depth=1, bootstrap=False, total=   0.5s
[CV] n_estimators=150, min_samples_split=4, min_samples_leaf=1, max_depth=1, bootstrap=False 
[CV]  n_estimators=150, min_samples_split=4, min_samples_leaf=1, max_depth=1, bootstrap=False, total=   0.5s
[CV] n_estimators=150, min_samples_split=4, min_samples_leaf=1, max_depth=1, bootstrap=False 
[CV]  n_estimators=150, min_samples_split=4, min_samples_leaf=1, max_depth=1, bootstrap=False, total=   0.5s
[CV] n_estimators=530, min_samples_split=2, min_samples_leaf=1, max_depth=7, bootstrap=False 
[CV]  n_estimators=530, min_samples_split=2, min_samples_leaf=1, max_depth=7, bootstrap=False, total=   3.4s
[CV] n_estimators=900, min_samples_split=4, min_samples_leaf=4, max_depth=21, bootstrap=True 
[CV]  n_estimators=900, min_samples_split=4, min_samples_leaf=4, max_depth=21, bootstrap=True, total=   6.3s
[CV] n_estimators=410, min_samples_split=4, min_samples_leaf=4, max_depth=9, bootstrap=True 
[CV]  n_estimators=410, min_samples_split=4, min_samples_leaf=4, max_depth=9, bootstrap=True, total=   2.7s
[CV] n_estimators=270, min_samples_split=4, min_samples_leaf=1, max_depth=3, bootstrap=True 
[CV]  n_estimators=270, min_samples_split=4, min_samples_leaf=1, max_depth=3, bootstrap=True, total=   1.3s
[CV] n_estimators=620, min_samples_split=2, min_samples_leaf=2, max_depth=21, bootstrap=True 
[CV]  n_estimators=620, min_samples_split=2, min_samples_leaf=2, max_depth=21, bootstrap=True, total=   4.6s
[CV] n_estimators=580, min_samples_split=4, min_samples_leaf=4, max_depth=23, bootstrap=False 
[CV]  n_estimators=580, min_samples_split=4, min_samples_leaf=4, max_depth=23, bootstrap=False, total=   4.6s
[CV] n_estimators=810, min_samples_split=2, min_samples_leaf=1, max_depth=17, bootstrap=True 
[CV]  n_estimators=810, min_samples_split=2, min_samples_leaf=1, max_depth=17, bootstrap=True, total=   6.5s
[CV] n_estimators=800, min_samples_split=4, min_samples_leaf=1, max_depth=13, bootstrap=False 
[CV]  n_estimators=800, min_samples_split=4, min_samples_leaf=1, max_depth=13, bootstrap=False, total=   6.9s
[CV] n_estimators=480, min_samples_split=8, min_samples_leaf=1, max_depth=5, bootstrap=True 
[CV]  n_estimators=480, min_samples_split=8, min_samples_leaf=1, max_depth=5, bootstrap=True, total=   2.6s
[CV] n_estimators=50, min_samples_split=8, min_samples_leaf=2, max_depth=15, bootstrap=True 
[CV]  n_estimators=50, min_samples_split=8, min_samples_leaf=2, max_depth=15, bootstrap=True, total=   0.4s
[CV] n_estimators=950, min_samples_split=2, min_samples_leaf=2, max_depth=1, bootstrap=True 
[CV]  n_estimators=950, min_samples_split=2, min_samples_leaf=2, max_depth=1, bootstrap=True, total=   3.9s
[CV] n_estimators=520, min_samples_split=8, min_samples_leaf=2, max_depth=13, bootstrap=True 
[CV]  n_estimators=520, min_samples_split=8, min_samples_leaf=2, max_depth=13, bootstrap=True, total=   3.7s
[CV] n_estimators=470, min_samples_split=8, min_samples_leaf=4, max_depth=13, bootstrap=True 
[CV]  n_estimators=470, min_samples_split=8, min_samples_leaf=4, max_depth=13, bootstrap=True, total=   3.3s
[CV] n_estimators=770, min_samples_split=2, min_samples_leaf=2, max_depth=19, bootstrap=True 
[CV]  n_estimators=770, min_samples_split=2, min_samples_leaf=2, max_depth=19, bootstrap=True, total=   5.7s
[CV] n_estimators=690, min_samples_split=8, min_samples_leaf=4, max_depth=1, bootstrap=True 
[CV]  n_estimators=690, min_samples_split=8, min_samples_leaf=4, max_depth=1, bootstrap=True, total=   2.7s
[CV] n_estimators=450, min_samples_split=2, min_samples_leaf=1, max_depth=13, bootstrap=True 
[CV]  n_estimators=450, min_samples_split=2, min_samples_leaf=1, max_depth=13, bootstrap=True, total=   3.0s
[CV] n_estimators=290, min_samples_split=2, min_samples_leaf=1, max_depth=15, bootstrap=True 
[CV]  n_estimators=290, min_samples_split=2, min_samples_leaf=1, max_depth=15, bootstrap=True, total=   2.0s
[CV] n_estimators=690, min_samples_split=4, min_samples_leaf=1, max_depth=9, bootstrap=False 
[CV]  n_estimators=690, min_samples_split=4, min_samples_leaf=1, max_depth=9, bootstrap=False, total=   4.8s
[CV] n_estimators=30, min_samples_split=8, min_samples_leaf=4, max_depth=3, bootstrap=True 
[CV]  n_estimators=30, min_samples_split=8, min_samples_leaf=4, max_depth=3, bootstrap=True, total=   0.2s
[CV] n_estimators=30, min_samples_split=8, min_samples_leaf=4, max_depth=3, bootstrap=True 
[CV]  n_estimators=30, min_samples_split=8, min_samples_leaf=4, max_depth=3, bootstrap=True, total=   0.2s
[CV] n_estimators=770, min_samples_split=4, min_samples_leaf=4, max_depth=1, bootstrap=True 
[CV]  n_estimators=770, min_samples_split=4, min_samples_leaf=4, max_depth=1, bootstrap=True, total=   3.2s
[CV] n_estimators=650, min_samples_split=8, min_samples_leaf=4, max_depth=11, bootstrap=True 
[CV]  n_estimators=650, min_samples_split=8, min_samples_leaf=4, max_depth=11, bootstrap=True, total=   4.5s
[CV] n_estimators=510, min_samples_split=4, min_samples_leaf=2, max_depth=23, bootstrap=False 
[CV]  n_estimators=510, min_samples_split=4, min_samples_leaf=2, max_depth=23, bootstrap=False, total=   4.7s
[CV] n_estimators=610, min_samples_split=4, min_samples_leaf=1, max_depth=15, bootstrap=True 
[CV]  n_estimators=610, min_samples_split=4, min_samples_leaf=1, max_depth=15, bootstrap=True, total=   4.7s
[CV] n_estimators=180, min_samples_split=2, min_samples_leaf=4, max_depth=17, bootstrap=False 
[CV]  n_estimators=180, min_samples_split=2, min_samples_leaf=4, max_depth=17, bootstrap=False, total=   1.6s
[CV] n_estimators=750, min_samples_split=2, min_samples_leaf=1, max_depth=7, bootstrap=True 
[CV]  n_estimators=750, min_samples_split=2, min_samples_leaf=1, max_depth=7, bootstrap=True, total=   5.1s
[CV] n_estimators=190, min_samples_split=4, min_samples_leaf=1, max_depth=5, bootstrap=True 
[CV]  n_estimators=190, min_samples_split=4, min_samples_leaf=1, max_depth=5, bootstrap=True, total=   1.0s
[CV] n_estimators=930, min_samples_split=2, min_samples_leaf=1, max_depth=17, bootstrap=False 
[CV]  n_estimators=930, min_samples_split=2, min_samples_leaf=1, max_depth=17, bootstrap=False, total=   8.8s
[CV] n_estimators=490, min_samples_split=8, min_samples_leaf=1, max_depth=9, bootstrap=False 
[CV]  n_estimators=490, min_samples_split=8, min_samples_leaf=1, max_depth=9, bootstrap=False, total=   3.6s
[CV] n_estimators=570, min_samples_split=4, min_samples_leaf=2, max_depth=23, bootstrap=True 
[CV]  n_estimators=570, min_samples_split=4, min_samples_leaf=2, max_depth=23, bootstrap=True, total=   4.3s
[CV] n_estimators=370, min_samples_split=4, min_samples_leaf=2, max_depth=23, bootstrap=True 
[CV]  n_estimators=370, min_samples_split=4, min_samples_leaf=2, max_depth=23, bootstrap=True, total=   2.8s
[CV] n_estimators=470, min_samples_split=2, min_samples_leaf=4, max_depth=11, bootstrap=False 
[CV]  n_estimators=470, min_samples_split=2, min_samples_leaf=4, max_depth=11, bootstrap=False, total=   3.6s
[CV] n_estimators=840, min_samples_split=4, min_samples_leaf=2, max_depth=7, bootstrap=True 
[CV]  n_estimators=840, min_samples_split=4, min_samples_leaf=2, max_depth=7, bootstrap=True, total=   5.1s
[CV] n_estimators=540, min_samples_split=4, min_samples_leaf=4, max_depth=19, bootstrap=False 
[CV]  n_estimators=540, min_samples_split=4, min_samples_leaf=4, max_depth=19, bootstrap=False, total=   4.3s
[CV] n_estimators=530, min_samples_split=2, min_samples_leaf=1, max_depth=7, bootstrap=False 
[CV]  n_estimators=530, min_samples_split=2, min_samples_leaf=1, max_depth=7, bootstrap=False, total=   3.4s
[CV] n_estimators=900, min_samples_split=4, min_samples_leaf=4, max_depth=21, bootstrap=True 
[CV]  n_estimators=900, min_samples_split=4, min_samples_leaf=4, max_depth=21, bootstrap=True, total=   6.3s
[CV] n_estimators=410, min_samples_split=4, min_samples_leaf=4, max_depth=9, bootstrap=True 
[CV]  n_estimators=410, min_samples_split=4, min_samples_leaf=4, max_depth=9, bootstrap=True, total=   2.7s
[CV] n_estimators=160, min_samples_split=8, min_samples_leaf=2, max_depth=19, bootstrap=True 
[CV]  n_estimators=160, min_samples_split=8, min_samples_leaf=2, max_depth=19, bootstrap=True, total=   1.2s
[CV] n_estimators=370, min_samples_split=2, min_samples_leaf=2, max_depth=15, bootstrap=False 
[CV]  n_estimators=370, min_samples_split=2, min_samples_leaf=2, max_depth=15, bootstrap=False, total=   3.2s
[CV] n_estimators=90, min_samples_split=2, min_samples_leaf=4, max_depth=3, bootstrap=False 
[CV]  n_estimators=90, min_samples_split=2, min_samples_leaf=4, max_depth=3, bootstrap=False, total=   0.4s
[CV] n_estimators=580, min_samples_split=4, min_samples_leaf=4, max_depth=23, bootstrap=False 
[CV]  n_estimators=580, min_samples_split=4, min_samples_leaf=4, max_depth=23, bootstrap=False, total=   4.6s
[CV] n_estimators=580, min_samples_split=8, min_samples_leaf=2, max_depth=19, bootstrap=True 
[CV]  n_estimators=580, min_samples_split=8, min_samples_leaf=2, max_depth=19, bootstrap=True, total=   4.2s
[CV] n_estimators=300, min_samples_split=8, min_samples_leaf=4, max_depth=11, bootstrap=True 
[CV]  n_estimators=300, min_samples_split=8, min_samples_leaf=4, max_depth=11, bootstrap=True, total=   2.1s
[CV] n_estimators=150, min_samples_split=4, min_samples_leaf=2, max_depth=13, bootstrap=False 
[CV]  n_estimators=150, min_samples_split=4, min_samples_leaf=2, max_depth=13, bootstrap=False, total=   1.3s
[CV] n_estimators=870, min_samples_split=8, min_samples_leaf=4, max_depth=17, bootstrap=True 
[CV]  n_estimators=870, min_samples_split=8, min_samples_leaf=4, max_depth=17, bootstrap=True, total=   6.1s
[CV] n_estimators=940, min_samples_split=4, min_samples_leaf=4, max_depth=5, bootstrap=True 
[CV]  n_estimators=940, min_samples_split=4, min_samples_leaf=4, max_depth=5, bootstrap=True, total=   5.1s
[CV] n_estimators=280, min_samples_split=2, min_samples_leaf=4, max_depth=7, bootstrap=False 
[CV]  n_estimators=280, min_samples_split=2, min_samples_leaf=4, max_depth=7, bootstrap=False, total=   1.8s
[CV] n_estimators=940, min_samples_split=4, min_samples_leaf=1, max_depth=5, bootstrap=False 
[CV]  n_estimators=940, min_samples_split=4, min_samples_leaf=1, max_depth=5, bootstrap=False, total=   5.1s
[CV] n_estimators=470, min_samples_split=8, min_samples_leaf=4, max_depth=13, bootstrap=True 
[CV]  n_estimators=470, min_samples_split=8, min_samples_leaf=4, max_depth=13, bootstrap=True, total=   3.3s
[CV] n_estimators=990, min_samples_split=8, min_samples_leaf=2, max_depth=5, bootstrap=False 
[CV]  n_estimators=990, min_samples_split=8, min_samples_leaf=2, max_depth=5, bootstrap=False, total=   5.3s

[CV]  n_estimators=970, min_samples_split=8, min_samples_leaf=4, max_depth=7, bootstrap=True, total=   5.8s
[CV] n_estimators=990, min_samples_split=8, min_samples_leaf=2, max_depth=5, bootstrap=False 
[CV]  n_estimators=990, min_samples_split=8, min_samples_leaf=2, max_depth=5, bootstrap=False, total=   4.2s
[CV] n_estimators=690, min_samples_split=8, min_samples_leaf=4, max_depth=1, bootstrap=True 
[CV]  n_estimators=690, min_samples_split=8, min_samples_leaf=4, max_depth=1, bootstrap=True, total=   3.7s
[CV] n_estimators=980, min_samples_split=8, min_samples_leaf=2, max_depth=1, bootstrap=False 
[CV]  n_estimators=980, min_samples_split=8, min_samples_leaf=2, max_depth=1, bootstrap=False, total=   2.9s
[CV] n_estimators=210, min_samples_split=8, min_samples_leaf=4, max_depth=13, bootstrap=False 
[CV]  n_estimators=210, min_samples_split=8, min_samples_leaf=4, max_depth=13, bootstrap=False, total=   1.5s
[CV] n_estimators=780, min_samples_split=2, min_samples_leaf=4, max_depth=1, bootstrap=False 
[CV]  n_estimators=780, min_samples_split=2, min_samples_leaf=4, max_depth=1, bootstrap=False, total=   2.5s
[CV] n_estimators=850, min_samples_split=8, min_samples_leaf=4, max_depth=11, bootstrap=False 
[CV]  n_estimators=850, min_samples_split=8, min_samples_leaf=4, max_depth=11, bootstrap=False, total=   6.7s
[CV] n_estimators=850, min_samples_split=4, min_samples_leaf=1, max_depth=15, bootstrap=True 
[CV]  n_estimators=850, min_samples_split=4, min_samples_leaf=1, max_depth=15, bootstrap=True, total=   6.6s
[CV] n_estimators=690, min_samples_split=4, min_samples_leaf=1, max_depth=21, bootstrap=False 
[CV]  n_estimators=690, min_samples_split=4, min_samples_leaf=1, max_depth=21, bootstrap=False, total=   6.5s
[CV] n_estimators=750, min_samples_split=2, min_samples_leaf=1, max_depth=7, bootstrap=True 
[CV]  n_estimators=750, min_samples_split=2, min_samples_leaf=1, max_depth=7, bootstrap=True, total=   4.8s
[CV] n_estimators=360, min_samples_split=2, min_samples_leaf=2, max_depth=7, bootstrap=True 
[CV]  n_estimators=360, min_samples_split=2, min_samples_leaf=2, max_depth=7, bootstrap=True, total=   2.3s
[CV] n_estimators=800, min_samples_split=2, min_samples_leaf=2, max_depth=3, bootstrap=True 
[CV]  n_estimators=800, min_samples_split=2, min_samples_leaf=2, max_depth=3, bootstrap=True, total=   3.8s
[CV] n_estimators=300, min_samples_split=2, min_samples_leaf=2, max_depth=9, bootstrap=True 
[CV]  n_estimators=300, min_samples_split=2, min_samples_leaf=2, max_depth=9, bootstrap=True, total=   2.0s
[CV] n_estimators=300, min_samples_split=2, min_samples_leaf=2, max_depth=9, bootstrap=True 
[CV]  n_estimators=300, min_samples_split=2, min_samples_leaf=2, max_depth=9, bootstrap=True, total=   2.0s
[CV] n_estimators=280, min_samples_split=8, min_samples_leaf=4, max_depth=19, bootstrap=True 
[CV]  n_estimators=280, min_samples_split=8, min_samples_leaf=4, max_depth=19, bootstrap=True, total=   2.0s
[CV] n_estimators=350, min_samples_split=8, min_samples_leaf=4, max_depth=23, bootstrap=True 
[CV]  n_estimators=350, min_samples_split=8, min_samples_leaf=4, max_depth=23, bootstrap=True, total=   2.4s
[CV] n_estimators=620, min_samples_split=4, min_samples_leaf=4, max_depth=23, bootstrap=True 
[CV]  n_estimators=620, min_samples_split=4, min_samples_leaf=4, max_depth=23, bootstrap=True, total=   4.4s
[CV] n_estimators=190, min_samples_split=4, min_samples_leaf=2, max_depth=19, bootstrap=True 
[CV]  n_estimators=190, min_samples_split=4, min_samples_leaf=2, max_depth=19, bootstrap=True, total=   1.4s
[CV] n_estimators=390, min_samples_split=8, min_samples_leaf=4, max_depth=5, bootstrap=True 
[CV]  n_estimators=390, min_samples_split=8, min_samples_leaf=4, max_depth=5, bootstrap=True, total=   2.1s
[CV] n_estimators=330, min_samples_split=8, min_samples_leaf=1, max_depth=15, bootstrap=False 
[CV]  n_estimators=330, min_samples_split=8, min_samples_leaf=1, max_depth=15, bootstrap=False, total=   2.8s
[CV] n_estimators=880, min_samples_split=8, min_samples_leaf=1, max_depth=9, bootstrap=False 
[CV]  n_estimators=880, min_samples_split=8, min_samples_leaf=1, max_depth=9, bootstrap=False, total=   6.3s
[CV] n_estimators=710, min_samples_split=2, min_samples_leaf=1, max_depth=3, bootstrap=False 
[CV]  n_estimators=710, min_samples_split=2, min_samples_leaf=1, max_depth=3, bootstrap=False, total=   3.1s
[CV] n_estimators=530, min_samples_split=2, min_samples_leaf=1, max_depth=7, bootstrap=False 
[CV]  n_estimators=530, min_samples_split=2, min_samples_leaf=1, max_depth=7, bootstrap=False, total=   3.4s
[CV] n_estimators=900, min_samples_split=4, min_samples_leaf=4, max_depth=21, bootstrap=True 
[CV]  n_estimators=900, min_samples_split=4, min_samples_leaf=4, max_depth=21, bootstrap=True, total=   6.2s
[CV] n_estimators=410, min_samples_split=4, min_samples_leaf=4, max_depth=9, bootstrap=True 
[CV]  n_estimators=410, min_samples_split=4, min_samples_leaf=4, max_depth=9, bootstrap=True, total=   2.7s
[CV] n_estimators=270, min_samples_split=4, min_samples_leaf=1, max_depth=3, bootstrap=True 
[CV]  n_estimators=270, min_samples_split=4, min_samples_leaf=1, max_depth=3, bootstrap=True, total=   1.3s
[CV] n_estimators=620, min_samples_split=2, min_samples_leaf=2, max_depth=21, bootstrap=True 
[CV]  n_estimators=620, min_samples_split=2, min_samples_leaf=2, max_depth=21, bootstrap=True, total=   4.6s
[CV] n_estimators=950, min_samples_split=2, min_samples_leaf=1, max_depth=15, bootstrap=True 
[CV]  n_estimators=950, min_samples_split=2, min_samples_leaf=1, max_depth=15, bootstrap=True, total=   7.5s
[CV] n_estimators=300, min_samples_split=8, min_samples_leaf=4, max_depth=11, bootstrap=True 
[CV]  n_estimators=300, min_samples_split=8, min_samples_leaf=4, max_depth=11, bootstrap=True, total=   2.0s
[CV] n_estimators=330, min_samples_split=2, min_samples_leaf=4, max_depth=17, bootstrap=False 
[CV]  n_estimators=330, min_samples_split=2, min_samples_leaf=4, max_depth=17, bootstrap=False, total=   2.7s
[CV] n_estimators=870, min_samples_split=8, min_samples_leaf=4, max_depth=17, bootstrap=True 
[CV]  n_estimators=870, min_samples_split=8, min_samples_leaf=4, max_depth=17, bootstrap=True, total=   6.0s
[CV] n_estimators=780, min_samples_split=8, min_samples_leaf=1, max_depth=11, bootstrap=False 
[CV]  n_estimators=780, min_samples_split=8, min_samples_leaf=1, max_depth=11, bootstrap=False, total=   6.1s
[CV] n_estimators=940, min_samples_split=4, min_samples_leaf=1, max_depth=5, bootstrap=False 
[CV]  n_estimators=940, min_samples_split=4, min_samples_leaf=1, max_depth=5, bootstrap=False, total=   5.1s
[CV] n_estimators=800, min_samples_split=4, min_samples_leaf=4, max_depth=19, bootstrap=False 
[CV]  n_estimators=800, min_samples_split=4, min_samples_leaf=4, max_depth=19, bootstrap=False, total=   6.4s
[CV] n_estimators=990, min_samples_split=8, min_samples_leaf=2, max_depth=5, bootstrap=False 
[CV]  n_estimators=990, min_samples_split=8, min_samples_leaf=2, max_depth=5, bootstrap=False, total=   3.5s
