['avocado.csv']
There are 14 columns:
Unnamed: 0 ,Date ,AveragePrice ,Total Volume ,4046 ,4225 ,4770 ,Total Bags ,Small Bags ,Large Bags ,XLarge Bags ,type ,year ,region ,<class 'pandas.core.frame.DataFrame'>
RangeIndex: 18249 entries, 0 to 18248
Data columns (total 14 columns):
 #   Column        Non-Null Count  Dtype  
---  ------        --------------  -----  
 0   Unnamed: 0    18249 non-null  int64  
 1   Date          18249 non-null  object 
 2   AveragePrice  18249 non-null  float64
 3   Total Volume  18249 non-null  float64
 4   4046          18249 non-null  float64
 5   4225          18249 non-null  float64
 6   4770          18249 non-null  float64
 7   Total Bags    18249 non-null  float64
 8   Small Bags    18249 non-null  float64
 9   Large Bags    18249 non-null  float64
 10  XLarge Bags   18249 non-null  float64
 11  type          18249 non-null  object 
 12  year          18249 non-null  int64  
 13  region        18249 non-null  object 
dtypes: float64(9), int64(2), object(3)
memory usage: 1.9+ MB
              precision    recall  f1-score   support

conventional       1.00      1.00      1.00      2989
     organic       1.00      1.00      1.00      3034

    accuracy                           1.00      6023
   macro avg       1.00      1.00      1.00      6023
weighted avg       1.00      1.00      1.00      6023

[[2988    1]
 [   2 3032]]
              precision    recall  f1-score   support

conventional       0.97      0.98      0.98      2989
     organic       0.98      0.97      0.98      3034

    accuracy                           0.98      6023
   macro avg       0.98      0.98      0.98      6023
weighted avg       0.98      0.98      0.98      6023

[[2931   58]
 [  90 2944]]
Fitting 5 folds for each of 25 candidates, totalling 125 fits
[CV] C=1, gamma=1 ....................................................
[CV] ........................ C=1, gamma=1, score=0.502, total=   5.6s
[CV] C=1, gamma=1 ....................................................
[CV] ........................ C=1, gamma=1, score=0.502, total=   5.6s
[CV] C=1, gamma=1 ....................................................
[CV] ........................ C=1, gamma=1, score=0.502, total=   5.6s
[CV] C=1, gamma=1 ....................................................
[CV] ........................ C=1, gamma=1, score=0.502, total=   5.5s
[CV] C=1, gamma=1 ....................................................
[CV] ........................ C=1, gamma=1, score=0.502, total=   5.6s
[CV] C=1, gamma=0.1 ..................................................
[CV] ...................... C=1, gamma=0.1, score=0.502, total=   4.9s
[CV] C=1, gamma=0.1 ..................................................
[CV] ...................... C=1, gamma=0.1, score=0.502, total=   5.5s
[CV] C=1, gamma=0.1 ..................................................
[CV] ...................... C=1, gamma=0.1, score=0.502, total=   5.5s
[CV] C=1, gamma=0.1 ..................................................
[CV] ...................... C=1, gamma=0.1, score=0.502, total=   5.5s
[CV] C=1, gamma=0.1 ..................................................
[CV] ...................... C=1, gamma=0.1, score=0.502, total=   5.5s
[CV] C=1, gamma=0.01 .................................................
[CV] ..................... C=1, gamma=0.01, score=0.502, total=   5.6s
[CV] C=1, gamma=0.01 .................................................
[CV] ..................... C=1, gamma=0.01, score=0.504, total=   5.5s
[CV] C=1, gamma=0.01 .................................................
[CV] ..................... C=1, gamma=0.01, score=0.502, total=   5.5s
[CV] C=1, gamma=0.01 .................................................
[CV] ..................... C=1, gamma=0.01, score=0.503, total=   5.5s
[CV] C=1, gamma=0.01 .................................................
[CV] ..................... C=1, gamma=0.01, score=0.503, total=   5.5s
[CV] C=1, gamma=0.001 ................................................
[CV] .................... C=1, gamma=0.001, score=0.518, total=   5.8s
[CV] C=1, gamma=0.001 ................................................
[CV] .................... C=1, gamma=0.001, score=0.521, total=   5.9s
[CV] C=1, gamma=0.001 ................................................
[CV] .................... C=1, gamma=0.001, score=0.518, total=   5.9s
[CV] C=1, gamma=0.001 ................................................
[CV] .................... C=1, gamma=0.001, score=0.523, total=   5.9s
[CV] C=1, gamma=0.001 ................................................
[CV] .................... C=1, gamma=0.001, score=0.520, total=   5.8s
[CV] C=1, gamma=0.0001 ...............................................
[CV] ................... C=1, gamma=0.0001, score=0.578, total=   7.7s
[CV] C=1, gamma=0.0001 ...............................................
[CV] ................... C=1, gamma=0.0001, score=0.582, total=   7.6s
[CV] C=1, gamma=0.0001 ...............................................
[CV] ................... C=1, gamma=0.0001, score=0.563, total=   7.3s
[CV] C=1, gamma=0.0001 ...............................................
[CV] ................... C=1, gamma=0.0001, score=0.571, total=   7.6s
[CV] C=1, gamma=0.0001 ...............................................
[CV] ................... C=1, gamma=0.0001, score=0.578, total=   7.4s
[CV] C=10, gamma=1 ...................................................
[CV] ....................... C=10, gamma=1, score=0.502, total=   7.0s
[CV] C=10, gamma=1 ...................................................
[CV] ....................... C=10, gamma=1, score=0.502, total=   7.2s
[CV] C=10, gamma=1 ...................................................
[CV] ....................... C=10, gamma=1, score=0.502, total=   7.1s
[CV] C=10, gamma=1 ...................................................
[CV] ....................... C=10, gamma=1, score=0.502, total=   7.1s
[CV] C=10, gamma=1 ...................................................
[CV] ....................... C=10, gamma=1, score=0.502, total=   7.1s
[CV] C=10, gamma=0.1 .................................................
[CV] ..................... C=10, gamma=0.1, score=0.502, total=   6.9s
[CV] C=10, gamma=0.1 .................................................
[CV] ..................... C=10, gamma=0.1, score=0.502, total=   7.1s
[CV] C=10, gamma=0.1 .................................................
[CV] ..................... C=10, gamma=0.1, score=0.502, total=   7.2s
[CV] C=10, gamma=0.1 .................................................
[CV] ..................... C=10, gamma=0.1, score=0.502, total=   7.1s
[CV] C=10, gamma=0.1 .................................................
[CV] ..................... C=10, gamma=0.1, score=0.502, total=   7.1s
[CV] C=10, gamma=0.01 ................................................
[CV] .................... C=10, gamma=0.01, score=0.502, total=   7.5s
[CV] C=10, gamma=0.01 ................................................
[CV] .................... C=10, gamma=0.01, score=0.504, total=   6.9s
[CV] C=10, gamma=0.01 ................................................
[CV] .................... C=10, gamma=0.01, score=0.503, total=   7.5s
[CV] C=10, gamma=0.01 ................................................
[CV] .................... C=10, gamma=0.01, score=0.503, total=   7.4s
[CV] C=10, gamma=0.01 ................................................
[CV] .................... C=10, gamma=0.01, score=0.503, total=   7.3s
[CV] C=10, gamma=0.001 ...............................................
[CV] ................... C=10, gamma=0.001, score=0.521, total=   9.6s
[CV] C=10, gamma=0.001 ...............................................
[CV] ................... C=10, gamma=0.001, score=0.523, total=   9.3s
[CV] C=10, gamma=0.001 ...............................................
[CV] ................... C=10, gamma=0.001, score=0.519, total=   9.6s
[CV] C=10, gamma=0.001 ...............................................
[CV] ................... C=10, gamma=0.001, score=0.523, total=   9.5s
[CV] C=10, gamma=0.001 ...............................................
[CV] ................... C=10, gamma=0.001, score=0.523, total=   9.4s
[CV] C=10, gamma=0.0001 ..............................................
[CV] .................. C=10, gamma=0.0001, score=0.585, total=   9.4s
[CV] C=10, gamma=0.0001 ..............................................
[CV] .................. C=10, gamma=0.0001, score=0.588, total=   9.9s
[CV] C=10, gamma=0.0001 ..............................................
[CV] .................. C=10, gamma=0.0001, score=0.568, total=  10.4s
[CV] C=10, gamma=0.0001 ..............................................
[CV] .................. C=10, gamma=0.0001, score=0.581, total=   9.0s
[CV] C=10, gamma=0.0001 ..............................................
[CV] .................. C=10, gamma=0.0001, score=0.581, total=   9.7s
[CV] C=100, gamma=1 ..................................................
[CV] ...................... C=100, gamma=1, score=0.502, total=   6.9s
[CV] C=100, gamma=1 ..................................................
[CV] ...................... C=100, gamma=1, score=0.502, total=   7.1s
[CV] C=100, gamma=1 ..................................................
[CV] ...................... C=100, gamma=1, score=0.502, total=   7.1s
[CV] C=100, gamma=1 ..................................................
[CV] ...................... C=100, gamma=1, score=0.502, total=   7.1s
[CV] C=100, gamma=1 ..................................................
[CV] ...................... C=100, gamma=1, score=0.502, total=   7.1s
[CV] C=100, gamma=0.1 ................................................
[CV] .................... C=100, gamma=0.1, score=0.502, total=   6.9s
[CV] C=100, gamma=0.1 ................................................
[CV] .................... C=100, gamma=0.1, score=0.502, total=   7.0s
[CV] C=100, gamma=0.1 ................................................
[CV] .................... C=100, gamma=0.1, score=0.502, total=   7.2s
[CV] C=100, gamma=0.1 ................................................
[CV] .................... C=100, gamma=0.1, score=0.502, total=   7.1s
[CV] C=100, gamma=0.1 ................................................
[CV] .................... C=100, gamma=0.1, score=0.502, total=   7.1s
[CV] C=100, gamma=0.01 ...............................................
[CV] ................... C=100, gamma=0.01, score=0.502, total=   7.4s
[CV] C=100, gamma=0.01 ...............................................
[CV] ................... C=100, gamma=0.01, score=0.504, total=   6.9s
[CV] C=100, gamma=0.01 ...............................................
[CV] ................... C=100, gamma=0.01, score=0.503, total=   7.5s
[CV] C=100, gamma=0.01 ...............................................
[CV] ................... C=100, gamma=0.01, score=0.503, total=   7.4s
[CV] C=100, gamma=0.01 ...............................................
[CV] ................... C=100, gamma=0.01, score=0.503, total=   7.3s
[CV] C=100, gamma=0.001 ..............................................
[CV] .................. C=100, gamma=0.001, score=0.521, total=   9.6s
[CV] C=100, gamma=0.001 ..............................................
[CV] .................. C=100, gamma=0.001, score=0.523, total=   9.2s
[CV] C=100, gamma=0.001 ..............................................
[CV] .................. C=100, gamma=0.001, score=0.519, total=   9.5s
[CV] C=100, gamma=0.001 ..............................................
[CV] .................. C=100, gamma=0.001, score=0.523, total=   9.5s
[CV] C=100, gamma=0.001 ..............................................
[CV] .................. C=100, gamma=0.001, score=0.523, total=   9.3s
[CV] C=100, gamma=0.0001 .............................................
[CV] ................. C=100, gamma=0.0001, score=0.585, total=   9.4s
[CV] C=100, gamma=0.0001 .............................................
[CV] ................. C=100, gamma=0.0001, score=0.588, total=   9.9s
[CV] C=100, gamma=0.0001 .............................................
[CV] ................. C=100, gamma=0.0001, score=0.568, total=  10.4s
[CV] C=100, gamma=0.0001 .............................................
[CV] ................. C=100, gamma=0.0001, score=0.581, total=   8.9s
[CV] C=100, gamma=0.0001 .............................................
[CV] ................. C=100, gamma=0.0001, score=0.581, total=   9.7s
[CV] C=1000, gamma=1 .................................................
[CV] ..................... C=1000, gamma=1, score=0.502, total=   6.9s
[CV] C=1000, gamma=1 .................................................
[CV] ..................... C=1000, gamma=1, score=0.502, total=   7.1s
[CV] C=1000, gamma=1 .................................................
[CV] ..................... C=1000, gamma=1, score=0.502, total=   7.0s
[CV] C=1000, gamma=1 .................................................
[CV] ..................... C=1000, gamma=1, score=0.502, total=   7.0s
[CV] C=1000, gamma=1 .................................................
[CV] ..................... C=1000, gamma=1, score=0.502, total=   7.0s
[CV] C=1000, gamma=0.1 ...............................................
[CV] ................... C=1000, gamma=0.1, score=0.502, total=   6.9s
[CV] C=1000, gamma=0.1 ...............................................
[CV] ................... C=1000, gamma=0.1, score=0.502, total=   7.0s
[CV] C=1000, gamma=0.1 ...............................................
[CV] ................... C=1000, gamma=0.1, score=0.502, total=   7.1s
[CV] C=1000, gamma=0.1 ...............................................
[CV] ................... C=1000, gamma=0.1, score=0.502, total=   7.1s
[CV] C=1000, gamma=0.1 ...............................................
[CV] ................... C=1000, gamma=0.1, score=0.502, total=   7.0s
[CV] C=1000, gamma=0.01 ..............................................
[CV] .................. C=1000, gamma=0.01, score=0.502, total=   7.4s
[CV] C=1000, gamma=0.01 ..............................................
[CV] .................. C=1000, gamma=0.01, score=0.504, total=   6.9s
[CV] C=1000, gamma=0.01 ..............................................
[CV] .................. C=1000, gamma=0.01, score=0.503, total=   7.4s
[CV] C=1000, gamma=0.01 ..............................................
[CV] .................. C=1000, gamma=0.01, score=0.503, total=   7.3s
[CV] C=1000, gamma=0.01 ..............................................
[CV] .................. C=1000, gamma=0.01, score=0.503, total=   7.2s
[CV] C=1000, gamma=0.001 .............................................
[CV] ................. C=1000, gamma=0.001, score=0.521, total=   9.5s
[CV] C=1000, gamma=0.001 .............................................
[CV] ................. C=1000, gamma=0.001, score=0.523, total=   9.1s
[CV] C=1000, gamma=0.001 .............................................
[CV] ................. C=1000, gamma=0.001, score=0.519, total=   9.5s
[CV] C=1000, gamma=0.001 .............................................
[CV] ................. C=1000, gamma=0.001, score=0.523, total=   9.4s
[CV] C=1000, gamma=0.001 .............................................
[CV] ................. C=1000, gamma=0.001, score=0.523, total=   9.2s
[CV] C=1000, gamma=0.0001 ............................................
[CV] ................ C=1000, gamma=0.0001, score=0.585, total=   9.4s
[CV] C=1000, gamma=0.0001 ............................................
[CV] ................ C=1000, gamma=0.0001, score=0.588, total=   9.8s
[CV] C=1000, gamma=0.0001 ............................................
[CV] ................ C=1000, gamma=0.0001, score=0.568, total=  10.3s
[CV] C=1000, gamma=0.0001 ............................................
[CV] ................ C=1000, gamma=0.0001, score=0.581, total=   8.9s
[CV] C=1000, gamma=0.0001 ............................................
[CV] ................ C=1000, gamma=0.0001, score=0.581, total=   9.6s
[CV] C=10000, gamma=1 ................................................
[CV] .................... C=10000, gamma=1, score=0.502, total=   6.8s
[CV] C=10000, gamma=1 ................................................
[CV] .................... C=10000, gamma=1, score=0.502, total=   7.0s
[CV] C=10000, gamma=1 ................................................
[CV] .................... C=10000, gamma=1, score=0.502, total=   7.0s
[CV] C=10000, gamma=1 ................................................[Parallel(n_jobs=1)]: Using backend SequentialBackend with 1 concurrent workers.
[Parallel(n_jobs=1)]: Done   1 out of   1 | elapsed:    5.6s remaining:    0.0s
[Parallel(n_jobs=1)]: Done   2 out of   2 | elapsed:   11.2s remaining:    0.0s
[Parallel(n_jobs=1)]: Done 125 out of 125 | elapsed: 16.0min finished

[CV] .................... C=10000, gamma=1, score=0.502, total=   7.0s
[CV] C=10000, gamma=1 ................................................
[CV] .................... C=10000, gamma=1, score=0.502, total=   7.0s
[CV] C=10000, gamma=0.1 ..............................................
[CV] .................. C=10000, gamma=0.1, score=0.502, total=   6.8s
[CV] C=10000, gamma=0.1 ..............................................
[CV] .................. C=10000, gamma=0.1, score=0.502, total=   6.9s
[CV] C=10000, gamma=0.1 ..............................................
[CV] .................. C=10000, gamma=0.1, score=0.502, total=   8.5s
[CV] C=10000, gamma=0.1 ..............................................
[CV] .................. C=10000, gamma=0.1, score=0.502, total=   7.0s
[CV] C=10000, gamma=0.1 ..............................................
[CV] .................. C=10000, gamma=0.1, score=0.502, total=   7.0s
[CV] C=10000, gamma=0.01 .............................................
[CV] ................. C=10000, gamma=0.01, score=0.502, total=   7.3s
[CV] C=10000, gamma=0.01 .............................................
[CV] ................. C=10000, gamma=0.01, score=0.504, total=   6.8s
[CV] C=10000, gamma=0.01 .............................................
[CV] ................. C=10000, gamma=0.01, score=0.503, total=   7.4s
[CV] C=10000, gamma=0.01 .............................................
[CV] ................. C=10000, gamma=0.01, score=0.503, total=   7.3s
[CV] C=10000, gamma=0.01 .............................................
[CV] ................. C=10000, gamma=0.01, score=0.503, total=   7.2s
[CV] C=10000, gamma=0.001 ............................................
[CV] ................ C=10000, gamma=0.001, score=0.521, total=   9.5s
[CV] C=10000, gamma=0.001 ............................................
[CV] ................ C=10000, gamma=0.001, score=0.523, total=   9.1s
[CV] C=10000, gamma=0.001 ............................................
[CV] ................ C=10000, gamma=0.001, score=0.519, total=   9.4s
[CV] C=10000, gamma=0.001 ............................................
[CV] ................ C=10000, gamma=0.001, score=0.523, total=   9.4s
[CV] C=10000, gamma=0.001 ............................................
[CV] ................ C=10000, gamma=0.001, score=0.523, total=   9.2s
[CV] C=10000, gamma=0.0001 ...........................................
[CV] ............... C=10000, gamma=0.0001, score=0.585, total=   9.3s
[CV] C=10000, gamma=0.0001 ...........................................
[CV] ............... C=10000, gamma=0.0001, score=0.588, total=   9.8s
[CV] C=10000, gamma=0.0001 ...........................................
[CV] ............... C=10000, gamma=0.0001, score=0.568, total=  10.3s
[CV] C=10000, gamma=0.0001 ...........................................
[CV] ............... C=10000, gamma=0.0001, score=0.581, total=   8.9s
[CV] C=10000, gamma=0.0001 ...........................................
[CV] ............... C=10000, gamma=0.0001, score=0.581, total=   9.6s
              precision    recall  f1-score   support

conventional       0.54      1.00      0.70      2989
     organic       1.00      0.16      0.28      3034

    accuracy                           0.58      6023
   macro avg       0.77      0.58      0.49      6023
weighted avg       0.77      0.58      0.49      6023

[[2989    0]
 [2546  488]]
