../../../input/kmader_finding-lungs-in-ct-data/.gitignore~
../../../input/kmader_finding-lungs-in-ct-data/lung_stats.csv
../../../input/kmader_finding-lungs-in-ct-data/.gitignore
../../../input/kmader_finding-lungs-in-ct-data/2d_images/ID_0101_Z_0196.tif
../../../input/kmader_finding-lungs-in-ct-data/2d_images/ID_0104_Z_0101.tif
../../../input/kmader_finding-lungs-in-ct-data/2d_images/ID_0021_Z_0066.tif
../../../input/kmader_finding-lungs-in-ct-data/2d_images/ID_0140_Z_0230.tif
../../../input/kmader_finding-lungs-in-ct-data/2d_images/ID_0211_Z_0140.tif
../../../input/kmader_finding-lungs-in-ct-data/2d_images/ID_0072_Z_0119.tif
../../../input/kmader_finding-lungs-in-ct-data/2d_images/ID_0000_Z_0142.tif
../../../input/kmader_finding-lungs-in-ct-data/2d_images/ID_0202_Z_0098.tif
../../../input/kmader_finding-lungs-in-ct-data/2d_images/ID_0069_Z_0054.tif
../../../input/kmader_finding-lungs-in-ct-data/2d_images/ID_0085_Z_0237.tif
../../../input/kmader_finding-lungs-in-ct-data/2d_images/ID_0246_Z_0228.tif
../../../input/kmader_finding-lungs-in-ct-data/2d_images/ID_0170_Z_0066.tif
../../../input/kmader_finding-lungs-in-ct-data/2d_images/ID_0029_Z_0059.tif
../../../input/kmader_finding-lungs-in-ct-data/2d_images/ID_0261_Z_0238.tif
../../../input/kmader_finding-lungs-in-ct-data/2d_images/ID_0204_Z_0066.tif
../../../input/kmader_finding-lungs-in-ct-data/2d_images/ID_0022_Z_0131.tif
../../../input/kmader_finding-lungs-in-ct-data/2d_images/ID_0093_Z_0123.tif
../../../input/kmader_finding-lungs-in-ct-data/2d_images/ID_0009_Z_0114.tif
../../../input/kmader_finding-lungs-in-ct-data/2d_images/ID_0142_Z_0145.tif
../../../input/kmader_finding-lungs-in-ct-data/2d_images/ID_0200_Z_0125.tif
../../../input/kmader_finding-lungs-in-ct-data/2d_images/ID_0189_Z_0132.tif
../../../input/kmader_finding-lungs-in-ct-data/2d_images/ID_0018_Z_0069.tif
../../../input/kmader_finding-lungs-in-ct-data/2d_images/ID_0266_Z_0202.tif
../../../input/kmader_finding-lungs-in-ct-data/2d_images/ID_0073_Z_0076.tif
../../../input/kmader_finding-lungs-in-ct-data/2d_images/ID_0128_Z_0130.tif
../../../input/kmader_finding-lungs-in-ct-data/2d_images/ID_0224_Z_0210.tif
../../../input/kmader_finding-lungs-in-ct-data/2d_images/ID_0079_Z_0072.tif
../../../input/kmader_finding-lungs-in-ct-data/2d_images/ID_0134_Z_0137.tif
../../../input/kmader_finding-lungs-in-ct-data/2d_images/ID_0229_Z_0060.tif
../../../input/kmader_finding-lungs-in-ct-data/2d_images/ID_0015_Z_0136.tif
../../../input/kmader_finding-lungs-in-ct-data/2d_images/ID_0163_Z_0138.tif
../../../input/kmader_finding-lungs-in-ct-data/2d_images/ID_0066_Z_0141.tif
../../../input/kmader_finding-lungs-in-ct-data/2d_images/ID_0181_Z_0122.tif
../../../input/kmader_finding-lungs-in-ct-data/2d_images/ID_0241_Z_0124.tif
../../../input/kmader_finding-lungs-in-ct-data/2d_images/ID_0048_Z_0294.tif
../../../input/kmader_finding-lungs-in-ct-data/2d_images/ID_0232_Z_0063.tif
../../../input/kmader_finding-lungs-in-ct-data/2d_images/ID_0245_Z_0318.tif
../../../input/kmader_finding-lungs-in-ct-data/2d_images/ID_0260_Z_0148.tif
../../../input/kmader_finding-lungs-in-ct-data/2d_images/ID_0051_Z_0130.tif
../../../input/kmader_finding-lungs-in-ct-data/2d_images/ID_0217_Z_0078.tif
../../../input/kmader_finding-lungs-in-ct-data/2d_images/ID_0007_Z_0211.tif
../../../input/kmader_finding-lungs-in-ct-data/2d_images/ID_0108_Z_0259.tif
../../../input/kmader_finding-lungs-in-ct-data/2d_images/ID_0158_Z_0164.tif
../../../input/kmader_finding-lungs-in-ct-data/2d_images/ID_0213_Z_0088.tif
../../../input/kmader_finding-lungs-in-ct-data/2d_images/ID_0041_Z_0336.tif
../../../input/kmader_finding-lungs-in-ct-data/2d_images/ID_0074_Z_0066.tif
../../../input/kmader_finding-lungs-in-ct-data/2d_images/ID_0083_Z_0256.tif
../../../input/kmader_finding-lungs-in-ct-data/2d_images/ID_0167_Z_0128.tif
../../../input/kmader_finding-lungs-in-ct-data/2d_images/ID_0133_Z_0070.tif
../../../input/kmader_finding-lungs-in-ct-data/2d_images/ID_0047_Z_0272.tif
../../../input/kmader_finding-lungs-in-ct-data/2d_images/ID_0064_Z_0069.tif
../../../input/kmader_finding-lungs-in-ct-data/2d_images/ID_0225_Z_0069.tif
../../../input/kmader_finding-lungs-in-ct-data/2d_images/ID_0251_Z_0125.tif
../../../input/kmader_finding-lungs-in-ct-data/2d_images/ID_0223_Z_0214.tif
../../../input/kmader_finding-lungs-in-ct-data/2d_images/ID_0100_Z_0062.tif
../../../input/kmader_finding-lungs-in-ct-data/2d_images/ID_0173_Z_0110.tif
../../../input/kmader_finding-lungs-in-ct-data/2d_images/ID_0197_Z_0123.tif
../../../input/kmader_finding-lungs-in-ct-data/2d_images/ID_0255_Z_0061.tif
../../../input/kmader_finding-lungs-in-ct-data/2d_images/ID_0119_Z_0063.tif
../../../input/kmader_finding-lungs-in-ct-data/2d_images/ID_0097_Z_0098.tif
../../../input/kmader_finding-lungs-in-ct-data/2d_images/ID_0174_Z_0054.tif
../../../input/kmader_finding-lungs-in-ct-data/2d_images/ID_0058_Z_0150.tif
../../../input/kmader_finding-lungs-in-ct-data/2d_images/ID_0120_Z_0123.tif
../../../input/kmader_finding-lungs-in-ct-data/2d_images/ID_0262_Z_0064.tif
../../../input/kmader_finding-lungs-in-ct-data/2d_images/ID_0089_Z_0341.tif
../../../input/kmader_finding-lungs-in-ct-data/2d_images/ID_0084_Z_0218.tif
../../../input/kmader_finding-lungs-in-ct-data/2d_images/ID_0017_Z_0061.tif
../../../input/kmader_finding-lungs-in-ct-data/2d_images/ID_0126_Z_0139.tif
../../../input/kmader_finding-lungs-in-ct-data/2d_images/ID_0057_Z_0070.tif
../../../input/kmader_finding-lungs-in-ct-data/2d_images/ID_0026_Z_0140.tif
../../../input/kmader_finding-lungs-in-ct-data/2d_images/ID_0230_Z_0242.tif
../../../input/kmader_finding-lungs-in-ct-data/2d_images/ID_0014_Z_0116.tif
../../../input/kmader_finding-lungs-in-ct-data/2d_images/ID_0235_Z_0058.tif
../../../input/kmader_finding-lungs-in-ct-data/2d_images/ID_0154_Z_0070.tif
../../../input/kmader_finding-lungs-in-ct-data/2d_images/ID_0248_Z_0062.tif
../../../input/kmader_finding-lungs-in-ct-data/2d_images/ID_0263_Z_0093.tif
../../../input/kmader_finding-lungs-in-ct-data/2d_images/ID_0243_Z_0056.tif
../../../input/kmader_finding-lungs-in-ct-data/2d_images/ID_0090_Z_0119.tif
../../../input/kmader_finding-lungs-in-ct-data/2d_images/ID_0129_Z_0104.tif
../../../input/kmader_finding-lungs-in-ct-data/2d_images/ID_0123_Z_0073.tif
../../../input/kmader_finding-lungs-in-ct-data/2d_images/ID_0071_Z_0072.tif
../../../input/kmader_finding-lungs-in-ct-data/2d_images/ID_0236_Z_0122.tif
../../../input/kmader_finding-lungs-in-ct-data/2d_images/ID_0113_Z_0090.tif
../../../input/kmader_finding-lungs-in-ct-data/2d_images/ID_0258_Z_0072.tif
../../../input/kmader_finding-lungs-in-ct-data/2d_images/ID_0019_Z_0088.tif
../../../input/kmader_finding-lungs-in-ct-data/2d_images/ID_0060_Z_0147.tif
../../../input/kmader_finding-lungs-in-ct-data/2d_images/ID_0215_Z_0238.tif
../../../input/kmader_finding-lungs-in-ct-data/2d_images/ID_0264_Z_0080.tif
../../../input/kmader_finding-lungs-in-ct-data/2d_images/ID_0201_Z_0241.tif
../../../input/kmader_finding-lungs-in-ct-data/2d_images/ID_0208_Z_0063.tif
../../../input/kmader_finding-lungs-in-ct-data/2d_images/ID_0025_Z_0112.tif
../../../input/kmader_finding-lungs-in-ct-data/2d_images/ID_0040_Z_0066.tif
../../../input/kmader_finding-lungs-in-ct-data/2d_images/ID_0157_Z_0070.tif
../../../input/kmader_finding-lungs-in-ct-data/2d_images/ID_0153_Z_0065.tif
../../../input/kmader_finding-lungs-in-ct-data/2d_images/ID_0136_Z_0122.tif
../../../input/kmader_finding-lungs-in-ct-data/2d_images/ID_0219_Z_0222.tif
../../../input/kmader_finding-lungs-in-ct-data/2d_images/ID_0121_Z_0245.tif
../../../input/kmader_finding-lungs-in-ct-data/2d_images/ID_0168_Z_0130.tif
../../../input/kmader_finding-lungs-in-ct-data/2d_images/ID_0162_Z_0091.tif
../../../input/kmader_finding-lungs-in-ct-data/2d_images/ID_0130_Z_0140.tif
../../../input/kmader_finding-lungs-in-ct-data/2d_images/ID_0172_Z_0098.tif
../../../input/kmader_finding-lungs-in-ct-data/2d_images/ID_0055_Z_0122.tif
../../../input/kmader_finding-lungs-in-ct-data/2d_images/ID_0124_Z_0066.tif
../../../input/kmader_finding-lungs-in-ct-data/2d_images/ID_0233_Z_0064.tif
../../../input/kmader_finding-lungs-in-ct-data/2d_images/ID_0102_Z_0238.tif
../../../input/kmader_finding-lungs-in-ct-data/2d_images/ID_0092_Z_0258.tif
../../../input/kmader_finding-lungs-in-ct-data/2d_images/ID_0156_Z_0099.tif
../../../input/kmader_finding-lungs-in-ct-data/2d_images/ID_0135_Z_0066.tif
../../../input/kmader_finding-lungs-in-ct-data/2d_images/ID_0061_Z_0064.tif
../../../input/kmader_finding-lungs-in-ct-data/2d_images/ID_0028_Z_0125.tif
../../../input/kmader_finding-lungs-in-ct-data/2d_images/ID_0115_Z_0060.tif
../../../input/kmader_finding-lungs-in-ct-data/2d_images/ID_0008_Z_0065.tif
../../../input/kmader_finding-lungs-in-ct-data/2d_images/ID_0132_Z_0069.tif
../../../input/kmader_finding-lungs-in-ct-data/2d_images/ID_0106_Z_0130.tif
../../../input/kmader_finding-lungs-in-ct-data/2d_images/ID_0012_Z_0167.tif
../../../input/kmader_finding-lungs-in-ct-data/2d_images/ID_0078_Z_0058.tif
../../../input/kmader_finding-lungs-in-ct-data/2d_images/ID_0103_Z_0069.tif
../../../input/kmader_finding-lungs-in-ct-data/2d_images/ID_0145_Z_0059.tif
../../../input/kmader_finding-lungs-in-ct-data/2d_images/ID_0070_Z_0120.tif
../../../input/kmader_finding-lungs-in-ct-data/2d_images/ID_0067_Z_0238.tif
../../../input/kmader_finding-lungs-in-ct-data/2d_images/ID_0218_Z_0231.tif
../../../input/kmader_finding-lungs-in-ct-data/2d_images/ID_0250_Z_0070.tif
../../../input/kmader_finding-lungs-in-ct-data/2d_images/ID_0194_Z_0120.tif
../../../input/kmader_finding-lungs-in-ct-data/2d_images/ID_0004_Z_0066.tif
../../../input/kmader_finding-lungs-in-ct-data/2d_images/ID_0190_Z_0070.tif
../../../input/kmader_finding-lungs-in-ct-data/2d_images/ID_0138_Z_0063.tif
../../../input/kmader_finding-lungs-in-ct-data/2d_images/ID_0239_Z_0365.tif
../../../input/kmader_finding-lungs-in-ct-data/2d_images/ID_0077_Z_0173.tif
../../../input/kmader_finding-lungs-in-ct-data/2d_images/ID_0147_Z_0051.tif
../../../input/kmader_finding-lungs-in-ct-data/2d_images/ID_0231_Z_0140.tif
../../../input/kmader_finding-lungs-in-ct-data/2d_images/ID_0240_Z_0066.tif
../../../input/kmader_finding-lungs-in-ct-data/2d_images/ID_0169_Z_0066.tif
../../../input/kmader_finding-lungs-in-ct-data/2d_images/ID_0109_Z_0134.tif
../../../input/kmader_finding-lungs-in-ct-data/2d_images/ID_0118_Z_0206.tif
../../../input/kmader_finding-lungs-in-ct-data/2d_images/ID_0027_Z_0125.tif
../../../input/kmader_finding-lungs-in-ct-data/2d_images/ID_0112_Z_0085.tif
../../../input/kmader_finding-lungs-in-ct-data/2d_images/ID_0254_Z_0075.tif
../../../input/kmader_finding-lungs-in-ct-data/2d_images/ID_0081_Z_0066.tif
../../../input/kmader_finding-lungs-in-ct-data/2d_images/ID_0127_Z_0064.tif
../../../input/kmader_finding-lungs-in-ct-data/2d_images/ID_0003_Z_0132.tif
../../../input/kmader_finding-lungs-in-ct-data/2d_images/ID_0195_Z_0062.tif
../../../input/kmader_finding-lungs-in-ct-data/2d_images/ID_0214_Z_0120.tif
../../../input/kmader_finding-lungs-in-ct-data/2d_images/ID_0053_Z_0127.tif
../../../input/kmader_finding-lungs-in-ct-data/2d_images/ID_0220_Z_0066.tif
../../../input/kmader_finding-lungs-in-ct-data/2d_images/ID_0076_Z_0230.tif
../../../input/kmader_finding-lungs-in-ct-data/2d_images/ID_0096_Z_0216.tif
../../../input/kmader_finding-lungs-in-ct-data/2d_images/ID_0247_Z_0070.tif
../../../input/kmader_finding-lungs-in-ct-data/2d_images/ID_0117_Z_0235.tif
../../../input/kmader_finding-lungs-in-ct-data/2d_images/ID_0253_Z_0238.tif
../../../input/kmader_finding-lungs-in-ct-data/2d_images/ID_0095_Z_0097.tif
../../../input/kmader_finding-lungs-in-ct-data/2d_images/ID_0038_Z_0148.tif
../../../input/kmader_finding-lungs-in-ct-data/2d_images/ID_0207_Z_0160.tif
../../../input/kmader_finding-lungs-in-ct-data/2d_images/ID_0257_Z_0071.tif
../../../input/kmader_finding-lungs-in-ct-data/2d_images/ID_0252_Z_0064.tif
../../../input/kmader_finding-lungs-in-ct-data/2d_images/ID_0013_Z_0047.tif
../../../input/kmader_finding-lungs-in-ct-data/2d_images/ID_0191_Z_0140.tif
../../../input/kmader_finding-lungs-in-ct-data/2d_images/ID_0099_Z_0069.tif
../../../input/kmader_finding-lungs-in-ct-data/2d_images/ID_0011_Z_0156.tif
../../../input/kmader_finding-lungs-in-ct-data/2d_images/ID_0226_Z_0066.tif
../../../input/kmader_finding-lungs-in-ct-data/2d_images/ID_0016_Z_0208.tif
../../../input/kmader_finding-lungs-in-ct-data/2d_images/ID_0054_Z_0135.tif
../../../input/kmader_finding-lungs-in-ct-data/2d_images/ID_0160_Z_0140.tif
../../../input/kmader_finding-lungs-in-ct-data/2d_images/ID_0259_Z_0073.tif
../../../input/kmader_finding-lungs-in-ct-data/2d_images/ID_0046_Z_0110.tif
../../../input/kmader_finding-lungs-in-ct-data/2d_images/ID_0137_Z_0155.tif
../../../input/kmader_finding-lungs-in-ct-data/2d_images/ID_0052_Z_0108.tif
../../../input/kmader_finding-lungs-in-ct-data/2d_images/ID_0184_Z_0089.tif
../../../input/kmader_finding-lungs-in-ct-data/2d_images/ID_0039_Z_0112.tif
../../../input/kmader_finding-lungs-in-ct-data/2d_images/ID_0050_Z_0085.tif
../../../input/kmader_finding-lungs-in-ct-data/2d_images/ID_0125_Z_0119.tif
../../../input/kmader_finding-lungs-in-ct-data/2d_images/ID_0210_Z_0140.tif
../../../input/kmader_finding-lungs-in-ct-data/2d_images/ID_0111_Z_0078.tif
../../../input/kmader_finding-lungs-in-ct-data/2d_images/ID_0244_Z_0184.tif
../../../input/kmader_finding-lungs-in-ct-data/2d_images/ID_0148_Z_0254.tif
../../../input/kmader_finding-lungs-in-ct-data/2d_images/ID_0209_Z_0267.tif
../../../input/kmader_finding-lungs-in-ct-data/2d_images/ID_0187_Z_0145.tif
../../../input/kmader_finding-lungs-in-ct-data/2d_images/ID_0062_Z_0125.tif
../../../input/kmader_finding-lungs-in-ct-data/2d_images/ID_0144_Z_0224.tif
../../../input/kmader_finding-lungs-in-ct-data/2d_images/ID_0086_Z_0253.tif
../../../input/kmader_finding-lungs-in-ct-data/2d_images/ID_0242_Z_0123.tif
../../../input/kmader_finding-lungs-in-ct-data/2d_images/ID_0193_Z_0060.tif
../../../input/kmader_finding-lungs-in-ct-data/2d_images/ID_0065_Z_0126.tif
../../../input/kmader_finding-lungs-in-ct-data/2d_images/ID_0005_Z_0066.tif
../../../input/kmader_finding-lungs-in-ct-data/2d_images/ID_0001_Z_0146.tif
../../../input/kmader_finding-lungs-in-ct-data/2d_images/ID_0249_Z_0070.tif
../../../input/kmader_finding-lungs-in-ct-data/2d_images/ID_0164_Z_0066.tif
../../../input/kmader_finding-lungs-in-ct-data/2d_images/ID_0216_Z_0057.tif
../../../input/kmader_finding-lungs-in-ct-data/2d_images/ID_0063_Z_0067.tif
../../../input/kmader_finding-lungs-in-ct-data/2d_images/ID_0212_Z_0064.tif
../../../input/kmader_finding-lungs-in-ct-data/2d_images/ID_0178_Z_0127.tif
../../../input/kmader_finding-lungs-in-ct-data/2d_images/ID_0256_Z_0062.tif
../../../input/kmader_finding-lungs-in-ct-data/2d_images/ID_0185_Z_0131.tif
../../../input/kmader_finding-lungs-in-ct-data/2d_images/ID_0227_Z_0181.tif
../../../input/kmader_finding-lungs-in-ct-data/2d_images/ID_0032_Z_0055.tif
../../../input/kmader_finding-lungs-in-ct-data/2d_images/ID_0082_Z_0278.tif
../../../input/kmader_finding-lungs-in-ct-data/2d_images/ID_0020_Z_0070.tif
../../../input/kmader_finding-lungs-in-ct-data/2d_images/ID_0002_Z_0162.tif
../../../input/kmader_finding-lungs-in-ct-data/2d_images/ID_0042_Z_0366.tif
../../../input/kmader_finding-lungs-in-ct-data/2d_images/ID_0059_Z_0150.tif
../../../input/kmader_finding-lungs-in-ct-data/2d_images/ID_0122_Z_0066.tif
../../../input/kmader_finding-lungs-in-ct-data/2d_images/ID_0024_Z_0086.tif
../../../input/kmader_finding-lungs-in-ct-data/2d_images/ID_0110_Z_0066.tif
../../../input/kmader_finding-lungs-in-ct-data/2d_images/ID_0199_Z_0119.tif
../../../input/kmader_finding-lungs-in-ct-data/2d_images/ID_0068_Z_0055.tif
../../../input/kmader_finding-lungs-in-ct-data/2d_images/ID_0203_Z_0079.tif
../../../input/kmader_finding-lungs-in-ct-data/2d_images/ID_0186_Z_0102.tif
../../../input/kmader_finding-lungs-in-ct-data/2d_images/ID_0094_Z_0214.tif
../../../input/kmader_finding-lungs-in-ct-data/2d_images/ID_0031_Z_0232.tif
../../../input/kmader_finding-lungs-in-ct-data/2d_images/ID_0114_Z_0078.tif
../../../input/kmader_finding-lungs-in-ct-data/2d_images/ID_0010_Z_0259.tif
../../../input/kmader_finding-lungs-in-ct-data/2d_images/ID_0043_Z_0097.tif
../../../input/kmader_finding-lungs-in-ct-data/2d_images/ID_0188_Z_0137.tif
../../../input/kmader_finding-lungs-in-ct-data/2d_images/ID_0196_Z_0259.tif
../../../input/kmader_finding-lungs-in-ct-data/2d_images/ID_0033_Z_0278.tif
../../../input/kmader_finding-lungs-in-ct-data/2d_images/ID_0098_Z_0068.tif
../../../input/kmader_finding-lungs-in-ct-data/2d_images/ID_0183_Z_0242.tif
../../../input/kmader_finding-lungs-in-ct-data/2d_images/ID_0165_Z_0145.tif
../../../input/kmader_finding-lungs-in-ct-data/2d_images/ID_0222_Z_0122.tif
../../../input/kmader_finding-lungs-in-ct-data/2d_images/ID_0149_Z_0269.tif
../../../input/kmader_finding-lungs-in-ct-data/2d_images/ID_0139_Z_0056.tif
../../../input/kmader_finding-lungs-in-ct-data/2d_images/ID_0143_Z_0124.tif
../../../input/kmader_finding-lungs-in-ct-data/2d_images/ID_0234_Z_0096.tif
../../../input/kmader_finding-lungs-in-ct-data/2d_images/ID_0151_Z_0140.tif
../../../input/kmader_finding-lungs-in-ct-data/2d_images/ID_0049_Z_0105.tif
../../../input/kmader_finding-lungs-in-ct-data/2d_images/ID_0155_Z_0130.tif
../../../input/kmader_finding-lungs-in-ct-data/2d_images/ID_0175_Z_0165.tif
../../../input/kmader_finding-lungs-in-ct-data/2d_images/ID_0198_Z_0120.tif
../../../input/kmader_finding-lungs-in-ct-data/2d_images/ID_0006_Z_0206.tif
../../../input/kmader_finding-lungs-in-ct-data/2d_images/ID_0228_Z_0097.tif
../../../input/kmader_finding-lungs-in-ct-data/2d_images/ID_0080_Z_0213.tif
../../../input/kmader_finding-lungs-in-ct-data/2d_images/ID_0037_Z_0150.tif
../../../input/kmader_finding-lungs-in-ct-data/2d_images/ID_0146_Z_0122.tif
../../../input/kmader_finding-lungs-in-ct-data/2d_images/ID_0205_Z_0066.tif
../../../input/kmader_finding-lungs-in-ct-data/2d_images/ID_0237_Z_0061.tif
../../../input/kmader_finding-lungs-in-ct-data/2d_images/ID_0030_Z_0302.tif
../../../input/kmader_finding-lungs-in-ct-data/2d_images/ID_0023_Z_0241.tif
../../../input/kmader_finding-lungs-in-ct-data/2d_images/ID_0034_Z_0066.tif
../../../input/kmader_finding-lungs-in-ct-data/2d_images/ID_0179_Z_0130.tif
../../../input/kmader_finding-lungs-in-ct-data/2d_images/ID_0116_Z_0116.tif
../../../input/kmader_finding-lungs-in-ct-data/2d_images/ID_0166_Z_0072.tif
../../../input/kmader_finding-lungs-in-ct-data/2d_images/ID_0221_Z_0081.tif
../../../input/kmader_finding-lungs-in-ct-data/2d_images/ID_0176_Z_0162.tif
../../../input/kmader_finding-lungs-in-ct-data/2d_images/ID_0182_Z_0060.tif
../../../input/kmader_finding-lungs-in-ct-data/2d_images/ID_0045_Z_0131.tif
../../../input/kmader_finding-lungs-in-ct-data/2d_images/ID_0105_Z_0240.tif
../../../input/kmader_finding-lungs-in-ct-data/2d_images/ID_0238_Z_0253.tif
../../../input/kmader_finding-lungs-in-ct-data/2d_images/ID_0035_Z_0224.tif
../../../input/kmader_finding-lungs-in-ct-data/2d_images/ID_0088_Z_0100.tif
../../../input/kmader_finding-lungs-in-ct-data/2d_images/ID_0056_Z_0163.tif
../../../input/kmader_finding-lungs-in-ct-data/2d_images/ID_0141_Z_0128.tif
../../../input/kmader_finding-lungs-in-ct-data/2d_images/ID_0044_Z_0116.tif
../../../input/kmader_finding-lungs-in-ct-data/2d_images/ID_0075_Z_0061.tif
../../../input/kmader_finding-lungs-in-ct-data/2d_images/ID_0161_Z_0075.tif
../../../input/kmader_finding-lungs-in-ct-data/2d_images/ID_0107_Z_0062.tif
../../../input/kmader_finding-lungs-in-ct-data/2d_images/ID_0087_Z_0237.tif
../../../input/kmader_finding-lungs-in-ct-data/2d_images/ID_0206_Z_0062.tif
../../../input/kmader_finding-lungs-in-ct-data/2d_images/ID_0171_Z_0184.tif
../../../input/kmader_finding-lungs-in-ct-data/2d_images/ID_0150_Z_0090.tif
../../../input/kmader_finding-lungs-in-ct-data/2d_images/ID_0180_Z_0086.tif
../../../input/kmader_finding-lungs-in-ct-data/2d_images/ID_0177_Z_0163.tif
../../../input/kmader_finding-lungs-in-ct-data/2d_images/ID_0036_Z_0060.tif
../../../input/kmader_finding-lungs-in-ct-data/2d_images/ID_0265_Z_0063.tif
../../../input/kmader_finding-lungs-in-ct-data/2d_images/ID_0159_Z_0104.tif
../../../input/kmader_finding-lungs-in-ct-data/2d_images/ID_0192_Z_0064.tif
../../../input/kmader_finding-lungs-in-ct-data/2d_images/ID_0152_Z_0133.tif
../../../input/kmader_finding-lungs-in-ct-data/2d_images/ID_0131_Z_0097.tif
../../../input/kmader_finding-lungs-in-ct-data/2d_images/ID_0091_Z_0063.tif
../../../input/kmader_finding-lungs-in-ct-data/2d_masks/ID_0101_Z_0196.tif
../../../input/kmader_finding-lungs-in-ct-data/2d_masks/ID_0104_Z_0101.tif
../../../input/kmader_finding-lungs-in-ct-data/2d_masks/ID_0021_Z_0066.tif
../../../input/kmader_finding-lungs-in-ct-data/2d_masks/ID_0140_Z_0230.tif
../../../input/kmader_finding-lungs-in-ct-data/2d_masks/ID_0211_Z_0140.tif
../../../input/kmader_finding-lungs-in-ct-data/2d_masks/ID_0072_Z_0119.tif
../../../input/kmader_finding-lungs-in-ct-data/2d_masks/ID_0000_Z_0142.tif
../../../input/kmader_finding-lungs-in-ct-data/2d_masks/ID_0202_Z_0098.tif
../../../input/kmader_finding-lungs-in-ct-data/2d_masks/ID_0069_Z_0054.tif
../../../input/kmader_finding-lungs-in-ct-data/2d_masks/ID_0085_Z_0237.tif
../../../input/kmader_finding-lungs-in-ct-data/2d_masks/ID_0246_Z_0228.tif
../../../input/kmader_finding-lungs-in-ct-data/2d_masks/ID_0170_Z_0066.tif
../../../input/kmader_finding-lungs-in-ct-data/2d_masks/ID_0029_Z_0059.tif
../../../input/kmader_finding-lungs-in-ct-data/2d_masks/ID_0261_Z_0238.tif
../../../input/kmader_finding-lungs-in-ct-data/2d_masks/ID_0204_Z_0066.tif
../../../input/kmader_finding-lungs-in-ct-data/2d_masks/ID_0022_Z_0131.tif
../../../input/kmader_finding-lungs-in-ct-data/2d_masks/ID_0093_Z_0123.tif
../../../input/kmader_finding-lungs-in-ct-data/2d_masks/ID_0009_Z_0114.tif
../../../input/kmader_finding-lungs-in-ct-data/2d_masks/ID_0142_Z_0145.tif
../../../input/kmader_finding-lungs-in-ct-data/2d_masks/ID_0200_Z_0125.tif
../../../input/kmader_finding-lungs-in-ct-data/2d_masks/ID_0189_Z_0132.tif
../../../input/kmader_finding-lungs-in-ct-data/2d_masks/ID_0018_Z_0069.tif
../../../input/kmader_finding-lungs-in-ct-data/2d_masks/ID_0266_Z_0202.tif
../../../input/kmader_finding-lungs-in-ct-data/2d_masks/ID_0073_Z_0076.tif
../../../input/kmader_finding-lungs-in-ct-data/2d_masks/ID_0128_Z_0130.tif
../../../input/kmader_finding-lungs-in-ct-data/2d_masks/ID_0224_Z_0210.tif
../../../input/kmader_finding-lungs-in-ct-data/2d_masks/ID_0079_Z_0072.tif
../../../input/kmader_finding-lungs-in-ct-data/2d_masks/ID_0134_Z_0137.tif
../../../input/kmader_finding-lungs-in-ct-data/2d_masks/ID_0229_Z_0060.tif
../../../input/kmader_finding-lungs-in-ct-data/2d_masks/ID_0015_Z_0136.tif
../../../input/kmader_finding-lungs-in-ct-data/2d_masks/ID_0163_Z_0138.tif
../../../input/kmader_finding-lungs-in-ct-data/2d_masks/ID_0066_Z_0141.tif
../../../input/kmader_finding-lungs-in-ct-data/2d_masks/ID_0181_Z_0122.tif
../../../input/kmader_finding-lungs-in-ct-data/2d_masks/ID_0241_Z_0124.tif
../../../input/kmader_finding-lungs-in-ct-data/2d_masks/ID_0048_Z_0294.tif
../../../input/kmader_finding-lungs-in-ct-data/2d_masks/ID_0232_Z_0063.tif
../../../input/kmader_finding-lungs-in-ct-data/2d_masks/ID_0245_Z_0318.tif
../../../input/kmader_finding-lungs-in-ct-data/2d_masks/ID_0260_Z_0148.tif
../../../input/kmader_finding-lungs-in-ct-data/2d_masks/ID_0051_Z_0130.tif
../../../input/kmader_finding-lungs-in-ct-data/2d_masks/ID_0217_Z_0078.tif
../../../input/kmader_finding-lungs-in-ct-data/2d_masks/ID_0007_Z_0211.tif
../../../input/kmader_finding-lungs-in-ct-data/2d_masks/ID_0108_Z_0259.tif
../../../input/kmader_finding-lungs-in-ct-data/2d_masks/ID_0158_Z_0164.tif
../../../input/kmader_finding-lungs-in-ct-data/2d_masks/ID_0213_Z_0088.tif
../../../input/kmader_finding-lungs-in-ct-data/2d_masks/ID_0041_Z_0336.tif
../../../input/kmader_finding-lungs-in-ct-data/2d_masks/ID_0074_Z_0066.tif
../../../input/kmader_finding-lungs-in-ct-data/2d_masks/ID_0083_Z_0256.tif
../../../input/kmader_finding-lungs-in-ct-data/2d_masks/ID_0167_Z_0128.tif
../../../input/kmader_finding-lungs-in-ct-data/2d_masks/ID_0133_Z_0070.tif
../../../input/kmader_finding-lungs-in-ct-data/2d_masks/ID_0047_Z_0272.tif
../../../input/kmader_finding-lungs-in-ct-data/2d_masks/ID_0064_Z_0069.tif
../../../input/kmader_finding-lungs-in-ct-data/2d_masks/ID_0225_Z_0069.tif
../../../input/kmader_finding-lungs-in-ct-data/2d_masks/ID_0251_Z_0125.tif
../../../input/kmader_finding-lungs-in-ct-data/2d_masks/ID_0223_Z_0214.tif
../../../input/kmader_finding-lungs-in-ct-data/2d_masks/ID_0100_Z_0062.tif
../../../input/kmader_finding-lungs-in-ct-data/2d_masks/ID_0173_Z_0110.tif
../../../input/kmader_finding-lungs-in-ct-data/2d_masks/ID_0197_Z_0123.tif
../../../input/kmader_finding-lungs-in-ct-data/2d_masks/ID_0255_Z_0061.tif
../../../input/kmader_finding-lungs-in-ct-data/2d_masks/ID_0119_Z_0063.tif
../../../input/kmader_finding-lungs-in-ct-data/2d_masks/ID_0097_Z_0098.tif
../../../input/kmader_finding-lungs-in-ct-data/2d_masks/ID_0174_Z_0054.tif
../../../input/kmader_finding-lungs-in-ct-data/2d_masks/ID_0058_Z_0150.tif
../../../input/kmader_finding-lungs-in-ct-data/2d_masks/ID_0120_Z_0123.tif
../../../input/kmader_finding-lungs-in-ct-data/2d_masks/ID_0262_Z_0064.tif
../../../input/kmader_finding-lungs-in-ct-data/2d_masks/ID_0089_Z_0341.tif
../../../input/kmader_finding-lungs-in-ct-data/2d_masks/ID_0084_Z_0218.tif
../../../input/kmader_finding-lungs-in-ct-data/2d_masks/ID_0017_Z_0061.tif
../../../input/kmader_finding-lungs-in-ct-data/2d_masks/ID_0126_Z_0139.tif
../../../input/kmader_finding-lungs-in-ct-data/2d_masks/ID_0057_Z_0070.tif
../../../input/kmader_finding-lungs-in-ct-data/2d_masks/ID_0026_Z_0140.tif
../../../input/kmader_finding-lungs-in-ct-data/2d_masks/ID_0230_Z_0242.tif
../../../input/kmader_finding-lungs-in-ct-data/2d_masks/ID_0014_Z_0116.tif
../../../input/kmader_finding-lungs-in-ct-data/2d_masks/ID_0235_Z_0058.tif
../../../input/kmader_finding-lungs-in-ct-data/2d_masks/ID_0154_Z_0070.tif
../../../input/kmader_finding-lungs-in-ct-data/2d_masks/ID_0248_Z_0062.tif
../../../input/kmader_finding-lungs-in-ct-data/2d_masks/ID_0263_Z_0093.tif
../../../input/kmader_finding-lungs-in-ct-data/2d_masks/ID_0243_Z_0056.tif
../../../input/kmader_finding-lungs-in-ct-data/2d_masks/ID_0090_Z_0119.tif
../../../input/kmader_finding-lungs-in-ct-data/2d_masks/ID_0129_Z_0104.tif
../../../input/kmader_finding-lungs-in-ct-data/2d_masks/ID_0123_Z_0073.tif
../../../input/kmader_finding-lungs-in-ct-data/2d_masks/ID_0071_Z_0072.tif
../../../input/kmader_finding-lungs-in-ct-data/2d_masks/ID_0236_Z_0122.tif
../../../input/kmader_finding-lungs-in-ct-data/2d_masks/ID_0113_Z_0090.tif
../../../input/kmader_finding-lungs-in-ct-data/2d_masks/ID_0258_Z_0072.tif
../../../input/kmader_finding-lungs-in-ct-data/2d_masks/ID_0019_Z_0088.tif
../../../input/kmader_finding-lungs-in-ct-data/2d_masks/ID_0060_Z_0147.tif
../../../input/kmader_finding-lungs-in-ct-data/2d_masks/ID_0215_Z_0238.tif
../../../input/kmader_finding-lungs-in-ct-data/2d_masks/ID_0264_Z_0080.tif
../../../input/kmader_finding-lungs-in-ct-data/2d_masks/ID_0201_Z_0241.tif
../../../input/kmader_finding-lungs-in-ct-data/2d_masks/ID_0208_Z_0063.tif
../../../input/kmader_finding-lungs-in-ct-data/2d_masks/ID_0025_Z_0112.tif
../../../input/kmader_finding-lungs-in-ct-data/2d_masks/ID_0040_Z_0066.tif
../../../input/kmader_finding-lungs-in-ct-data/2d_masks/ID_0157_Z_0070.tif
../../../input/kmader_finding-lungs-in-ct-data/2d_masks/ID_0153_Z_0065.tif
../../../input/kmader_finding-lungs-in-ct-data/2d_masks/ID_0136_Z_0122.tif
../../../input/kmader_finding-lungs-in-ct-data/2d_masks/ID_0219_Z_0222.tif
../../../input/kmader_finding-lungs-in-ct-data/2d_masks/ID_0121_Z_0245.tif
../../../input/kmader_finding-lungs-in-ct-data/2d_masks/ID_0168_Z_0130.tif
../../../input/kmader_finding-lungs-in-ct-data/2d_masks/ID_0162_Z_0091.tif
../../../input/kmader_finding-lungs-in-ct-data/2d_masks/ID_0130_Z_0140.tif
../../../input/kmader_finding-lungs-in-ct-data/2d_masks/ID_0172_Z_0098.tif
../../../input/kmader_finding-lungs-in-ct-data/2d_masks/ID_0055_Z_0122.tif
../../../input/kmader_finding-lungs-in-ct-data/2d_masks/ID_0124_Z_0066.tif
../../../input/kmader_finding-lungs-in-ct-data/2d_masks/ID_0233_Z_0064.tif
../../../input/kmader_finding-lungs-in-ct-data/2d_masks/ID_0102_Z_0238.tif
../../../input/kmader_finding-lungs-in-ct-data/2d_masks/ID_0092_Z_0258.tif
../../../input/kmader_finding-lungs-in-ct-data/2d_masks/ID_0156_Z_0099.tif
../../../input/kmader_finding-lungs-in-ct-data/2d_masks/ID_0135_Z_0066.tif
../../../input/kmader_finding-lungs-in-ct-data/2d_masks/ID_0061_Z_0064.tif
../../../input/kmader_finding-lungs-in-ct-data/2d_masks/ID_0028_Z_0125.tif
../../../input/kmader_finding-lungs-in-ct-data/2d_masks/ID_0115_Z_0060.tif
../../../input/kmader_finding-lungs-in-ct-data/2d_masks/ID_0008_Z_0065.tif
../../../input/kmader_finding-lungs-in-ct-data/2d_masks/ID_0132_Z_0069.tif
../../../input/kmader_finding-lungs-in-ct-data/2d_masks/ID_0106_Z_0130.tif
../../../input/kmader_finding-lungs-in-ct-data/2d_masks/ID_0012_Z_0167.tif
../../../input/kmader_finding-lungs-in-ct-data/2d_masks/ID_0078_Z_0058.tif
../../../input/kmader_finding-lungs-in-ct-data/2d_masks/ID_0103_Z_0069.tif
../../../input/kmader_finding-lungs-in-ct-data/2d_masks/ID_0145_Z_0059.tif
../../../input/kmader_finding-lungs-in-ct-data/2d_masks/ID_0070_Z_0120.tif
../../../input/kmader_finding-lungs-in-ct-data/2d_masks/ID_0067_Z_0238.tif
../../../input/kmader_finding-lungs-in-ct-data/2d_masks/ID_0218_Z_0231.tif
../../../input/kmader_finding-lungs-in-ct-data/2d_masks/ID_0250_Z_0070.tif
../../../input/kmader_finding-lungs-in-ct-data/2d_masks/ID_0194_Z_0120.tif
../../../input/kmader_finding-lungs-in-ct-data/2d_masks/ID_0004_Z_0066.tif
../../../input/kmader_finding-lungs-in-ct-data/2d_masks/ID_0190_Z_0070.tif
../../../input/kmader_finding-lungs-in-ct-data/2d_masks/ID_0138_Z_0063.tif
../../../input/kmader_finding-lungs-in-ct-data/2d_masks/ID_0239_Z_0365.tif
../../../input/kmader_finding-lungs-in-ct-data/2d_masks/ID_0077_Z_0173.tif
../../../input/kmader_finding-lungs-in-ct-data/2d_masks/ID_0147_Z_0051.tif
../../../input/kmader_finding-lungs-in-ct-data/2d_masks/ID_0231_Z_0140.tif
../../../input/kmader_finding-lungs-in-ct-data/2d_masks/ID_0240_Z_0066.tif
../../../input/kmader_finding-lungs-in-ct-data/2d_masks/ID_0169_Z_0066.tif
../../../input/kmader_finding-lungs-in-ct-data/2d_masks/ID_0109_Z_0134.tif
../../../input/kmader_finding-lungs-in-ct-data/2d_masks/ID_0118_Z_0206.tif
../../../input/kmader_finding-lungs-in-ct-data/2d_masks/ID_0027_Z_0125.tif
../../../input/kmader_finding-lungs-in-ct-data/2d_masks/ID_0112_Z_0085.tif
../../../input/kmader_finding-lungs-in-ct-data/2d_masks/ID_0254_Z_0075.tif
../../../input/kmader_finding-lungs-in-ct-data/2d_masks/ID_0081_Z_0066.tif
../../../input/kmader_finding-lungs-in-ct-data/2d_masks/ID_0127_Z_0064.tif
../../../input/kmader_finding-lungs-in-ct-data/2d_masks/ID_0003_Z_0132.tif
../../../input/kmader_finding-lungs-in-ct-data/2d_masks/ID_0195_Z_0062.tif
../../../input/kmader_finding-lungs-in-ct-data/2d_masks/ID_0214_Z_0120.tif
../../../input/kmader_finding-lungs-in-ct-data/2d_masks/ID_0053_Z_0127.tif
../../../input/kmader_finding-lungs-in-ct-data/2d_masks/ID_0220_Z_0066.tif
../../../input/kmader_finding-lungs-in-ct-data/2d_masks/ID_0076_Z_0230.tif
../../../input/kmader_finding-lungs-in-ct-data/2d_masks/ID_0096_Z_0216.tif
../../../input/kmader_finding-lungs-in-ct-data/2d_masks/ID_0247_Z_0070.tif
../../../input/kmader_finding-lungs-in-ct-data/2d_masks/ID_0117_Z_0235.tif
../../../input/kmader_finding-lungs-in-ct-data/2d_masks/ID_0253_Z_0238.tif
../../../input/kmader_finding-lungs-in-ct-data/2d_masks/ID_0095_Z_0097.tif
../../../input/kmader_finding-lungs-in-ct-data/2d_masks/ID_0038_Z_0148.tif
../../../input/kmader_finding-lungs-in-ct-data/2d_masks/ID_0207_Z_0160.tif
../../../input/kmader_finding-lungs-in-ct-data/2d_masks/ID_0257_Z_0071.tif
../../../input/kmader_finding-lungs-in-ct-data/2d_masks/ID_0252_Z_0064.tif
../../../input/kmader_finding-lungs-in-ct-data/2d_masks/ID_0013_Z_0047.tif
../../../input/kmader_finding-lungs-in-ct-data/2d_masks/ID_0191_Z_0140.tif
../../../input/kmader_finding-lungs-in-ct-data/2d_masks/ID_0099_Z_0069.tif
../../../input/kmader_finding-lungs-in-ct-data/2d_masks/ID_0011_Z_0156.tif
../../../input/kmader_finding-lungs-in-ct-data/2d_masks/ID_0226_Z_0066.tif
../../../input/kmader_finding-lungs-in-ct-data/2d_masks/ID_0016_Z_0208.tif
../../../input/kmader_finding-lungs-in-ct-data/2d_masks/ID_0054_Z_0135.tif
../../../input/kmader_finding-lungs-in-ct-data/2d_masks/ID_0160_Z_0140.tif
../../../input/kmader_finding-lungs-in-ct-data/2d_masks/ID_0259_Z_0073.tif
../../../input/kmader_finding-lungs-in-ct-data/2d_masks/ID_0046_Z_0110.tif
../../../input/kmader_finding-lungs-in-ct-data/2d_masks/ID_0137_Z_0155.tif
../../../input/kmader_finding-lungs-in-ct-data/2d_masks/ID_0052_Z_0108.tif2021-07-05 23:46:35.275058: I tensorflow/core/platform/cpu_feature_guard.cc:143] Your CPU supports instructions that this TensorFlow binary was not compiled to use: SSE4.1 SSE4.2 AVX AVX2 FMA
2021-07-05 23:46:35.279551: I tensorflow/core/platform/profile_utils/cpu_utils.cc:102] CPU Frequency: 2099940000 Hz
2021-07-05 23:46:35.280071: I tensorflow/compiler/xla/service/service.cc:168] XLA service 0x561e7406e4b0 initialized for platform Host (this does not guarantee that XLA will be used). Devices:
2021-07-05 23:46:35.280091: I tensorflow/compiler/xla/service/service.cc:176]   StreamExecutor device (0): Host, Default Version
2021-07-05 23:46:35.280176: I tensorflow/core/common_runtime/process_util.cc:147] Creating new thread pool with default inter op setting: 2. Tune using inter_op_parallelism_threads for best performance.

../../../input/kmader_finding-lungs-in-ct-data/2d_masks/ID_0184_Z_0089.tif
../../../input/kmader_finding-lungs-in-ct-data/2d_masks/ID_0039_Z_0112.tif
../../../input/kmader_finding-lungs-in-ct-data/2d_masks/ID_0050_Z_0085.tif
../../../input/kmader_finding-lungs-in-ct-data/2d_masks/ID_0125_Z_0119.tif
../../../input/kmader_finding-lungs-in-ct-data/2d_masks/ID_0210_Z_0140.tif
../../../input/kmader_finding-lungs-in-ct-data/2d_masks/ID_0111_Z_0078.tif
../../../input/kmader_finding-lungs-in-ct-data/2d_masks/ID_0244_Z_0184.tif
../../../input/kmader_finding-lungs-in-ct-data/2d_masks/ID_0148_Z_0254.tif
../../../input/kmader_finding-lungs-in-ct-data/2d_masks/ID_0209_Z_0267.tif
../../../input/kmader_finding-lungs-in-ct-data/2d_masks/ID_0187_Z_0145.tif
../../../input/kmader_finding-lungs-in-ct-data/2d_masks/ID_0062_Z_0125.tif
../../../input/kmader_finding-lungs-in-ct-data/2d_masks/ID_0144_Z_0224.tif
../../../input/kmader_finding-lungs-in-ct-data/2d_masks/ID_0086_Z_0253.tif
../../../input/kmader_finding-lungs-in-ct-data/2d_masks/ID_0242_Z_0123.tif
../../../input/kmader_finding-lungs-in-ct-data/2d_masks/ID_0193_Z_0060.tif
../../../input/kmader_finding-lungs-in-ct-data/2d_masks/ID_0065_Z_0126.tif
../../../input/kmader_finding-lungs-in-ct-data/2d_masks/ID_0005_Z_0066.tif
../../../input/kmader_finding-lungs-in-ct-data/2d_masks/ID_0001_Z_0146.tif
../../../input/kmader_finding-lungs-in-ct-data/2d_masks/ID_0249_Z_0070.tif
../../../input/kmader_finding-lungs-in-ct-data/2d_masks/ID_0164_Z_0066.tif
../../../input/kmader_finding-lungs-in-ct-data/2d_masks/ID_0216_Z_0057.tif
../../../input/kmader_finding-lungs-in-ct-data/2d_masks/ID_0063_Z_0067.tif
../../../input/kmader_finding-lungs-in-ct-data/2d_masks/ID_0212_Z_0064.tif
../../../input/kmader_finding-lungs-in-ct-data/2d_masks/ID_0178_Z_0127.tif
../../../input/kmader_finding-lungs-in-ct-data/2d_masks/ID_0256_Z_0062.tif
../../../input/kmader_finding-lungs-in-ct-data/2d_masks/ID_0185_Z_0131.tif
../../../input/kmader_finding-lungs-in-ct-data/2d_masks/ID_0227_Z_0181.tif
../../../input/kmader_finding-lungs-in-ct-data/2d_masks/ID_0032_Z_0055.tif
../../../input/kmader_finding-lungs-in-ct-data/2d_masks/ID_0082_Z_0278.tif
../../../input/kmader_finding-lungs-in-ct-data/2d_masks/ID_0020_Z_0070.tif
../../../input/kmader_finding-lungs-in-ct-data/2d_masks/ID_0002_Z_0162.tif
../../../input/kmader_finding-lungs-in-ct-data/2d_masks/ID_0042_Z_0366.tif
../../../input/kmader_finding-lungs-in-ct-data/2d_masks/ID_0059_Z_0150.tif
../../../input/kmader_finding-lungs-in-ct-data/2d_masks/ID_0122_Z_0066.tif
../../../input/kmader_finding-lungs-in-ct-data/2d_masks/ID_0024_Z_0086.tif
../../../input/kmader_finding-lungs-in-ct-data/2d_masks/ID_0110_Z_0066.tif
../../../input/kmader_finding-lungs-in-ct-data/2d_masks/ID_0199_Z_0119.tif
../../../input/kmader_finding-lungs-in-ct-data/2d_masks/ID_0068_Z_0055.tif
../../../input/kmader_finding-lungs-in-ct-data/2d_masks/ID_0203_Z_0079.tif
../../../input/kmader_finding-lungs-in-ct-data/2d_masks/ID_0186_Z_0102.tif
../../../input/kmader_finding-lungs-in-ct-data/2d_masks/ID_0094_Z_0214.tif
../../../input/kmader_finding-lungs-in-ct-data/2d_masks/ID_0031_Z_0232.tif
../../../input/kmader_finding-lungs-in-ct-data/2d_masks/ID_0114_Z_0078.tif
../../../input/kmader_finding-lungs-in-ct-data/2d_masks/ID_0010_Z_0259.tif
../../../input/kmader_finding-lungs-in-ct-data/2d_masks/ID_0043_Z_0097.tif
../../../input/kmader_finding-lungs-in-ct-data/2d_masks/ID_0188_Z_0137.tif
../../../input/kmader_finding-lungs-in-ct-data/2d_masks/ID_0196_Z_0259.tif
../../../input/kmader_finding-lungs-in-ct-data/2d_masks/ID_0033_Z_0278.tif
../../../input/kmader_finding-lungs-in-ct-data/2d_masks/ID_0098_Z_0068.tif
../../../input/kmader_finding-lungs-in-ct-data/2d_masks/ID_0183_Z_0242.tif
../../../input/kmader_finding-lungs-in-ct-data/2d_masks/ID_0165_Z_0145.tif
../../../input/kmader_finding-lungs-in-ct-data/2d_masks/ID_0222_Z_0122.tif
../../../input/kmader_finding-lungs-in-ct-data/2d_masks/ID_0149_Z_0269.tif
../../../input/kmader_finding-lungs-in-ct-data/2d_masks/ID_0139_Z_0056.tif
../../../input/kmader_finding-lungs-in-ct-data/2d_masks/ID_0143_Z_0124.tif
../../../input/kmader_finding-lungs-in-ct-data/2d_masks/ID_0234_Z_0096.tif
../../../input/kmader_finding-lungs-in-ct-data/2d_masks/ID_0151_Z_0140.tif
../../../input/kmader_finding-lungs-in-ct-data/2d_masks/ID_0049_Z_0105.tif
../../../input/kmader_finding-lungs-in-ct-data/2d_masks/ID_0155_Z_0130.tif
../../../input/kmader_finding-lungs-in-ct-data/2d_masks/ID_0175_Z_0165.tif
../../../input/kmader_finding-lungs-in-ct-data/2d_masks/ID_0198_Z_0120.tif
../../../input/kmader_finding-lungs-in-ct-data/2d_masks/ID_0006_Z_0206.tif
../../../input/kmader_finding-lungs-in-ct-data/2d_masks/ID_0228_Z_0097.tif
../../../input/kmader_finding-lungs-in-ct-data/2d_masks/ID_0080_Z_0213.tif
../../../input/kmader_finding-lungs-in-ct-data/2d_masks/ID_0037_Z_0150.tif
../../../input/kmader_finding-lungs-in-ct-data/2d_masks/ID_0146_Z_0122.tif
../../../input/kmader_finding-lungs-in-ct-data/2d_masks/ID_0205_Z_0066.tif
../../../input/kmader_finding-lungs-in-ct-data/2d_masks/ID_0237_Z_0061.tif
../../../input/kmader_finding-lungs-in-ct-data/2d_masks/ID_0030_Z_0302.tif
../../../input/kmader_finding-lungs-in-ct-data/2d_masks/ID_0023_Z_0241.tif
../../../input/kmader_finding-lungs-in-ct-data/2d_masks/ID_0034_Z_0066.tif
../../../input/kmader_finding-lungs-in-ct-data/2d_masks/ID_0179_Z_0130.tif
../../../input/kmader_finding-lungs-in-ct-data/2d_masks/ID_0116_Z_0116.tif
../../../input/kmader_finding-lungs-in-ct-data/2d_masks/ID_0166_Z_0072.tif
../../../input/kmader_finding-lungs-in-ct-data/2d_masks/ID_0221_Z_0081.tif
../../../input/kmader_finding-lungs-in-ct-data/2d_masks/ID_0176_Z_0162.tif
../../../input/kmader_finding-lungs-in-ct-data/2d_masks/ID_0182_Z_0060.tif
../../../input/kmader_finding-lungs-in-ct-data/2d_masks/ID_0045_Z_0131.tif
../../../input/kmader_finding-lungs-in-ct-data/2d_masks/ID_0105_Z_0240.tif
../../../input/kmader_finding-lungs-in-ct-data/2d_masks/ID_0238_Z_0253.tif
../../../input/kmader_finding-lungs-in-ct-data/2d_masks/ID_0035_Z_0224.tif
../../../input/kmader_finding-lungs-in-ct-data/2d_masks/ID_0088_Z_0100.tif
../../../input/kmader_finding-lungs-in-ct-data/2d_masks/ID_0056_Z_0163.tif
../../../input/kmader_finding-lungs-in-ct-data/2d_masks/ID_0141_Z_0128.tif
../../../input/kmader_finding-lungs-in-ct-data/2d_masks/ID_0044_Z_0116.tif
../../../input/kmader_finding-lungs-in-ct-data/2d_masks/ID_0075_Z_0061.tif
../../../input/kmader_finding-lungs-in-ct-data/2d_masks/ID_0161_Z_0075.tif
../../../input/kmader_finding-lungs-in-ct-data/2d_masks/ID_0107_Z_0062.tif
../../../input/kmader_finding-lungs-in-ct-data/2d_masks/ID_0087_Z_0237.tif
../../../input/kmader_finding-lungs-in-ct-data/2d_masks/ID_0206_Z_0062.tif
../../../input/kmader_finding-lungs-in-ct-data/2d_masks/ID_0171_Z_0184.tif
../../../input/kmader_finding-lungs-in-ct-data/2d_masks/ID_0150_Z_0090.tif
../../../input/kmader_finding-lungs-in-ct-data/2d_masks/ID_0180_Z_0086.tif
../../../input/kmader_finding-lungs-in-ct-data/2d_masks/ID_0177_Z_0163.tif
../../../input/kmader_finding-lungs-in-ct-data/2d_masks/ID_0036_Z_0060.tif
../../../input/kmader_finding-lungs-in-ct-data/2d_masks/ID_0265_Z_0063.tif
../../../input/kmader_finding-lungs-in-ct-data/2d_masks/ID_0159_Z_0104.tif
../../../input/kmader_finding-lungs-in-ct-data/2d_masks/ID_0192_Z_0064.tif
../../../input/kmader_finding-lungs-in-ct-data/2d_masks/ID_0152_Z_0133.tif
../../../input/kmader_finding-lungs-in-ct-data/2d_masks/ID_0131_Z_0097.tif
../../../input/kmader_finding-lungs-in-ct-data/2d_masks/ID_0091_Z_0063.tif
No. of images: 267
../../../input/kmader_finding-lungs-in-ct-data/2d_images/ID_0101_Z_0196.tif
../../../input/kmader_finding-lungs-in-ct-data/2d_masks/ID_0101_Z_0196.tif
(1, 256, 256)
X_train - len/shape: 240 (240, 256, 256, 1)
Y_train is (240, 256, 256, 1), min is 0.0, max is 1.0, mean is 0.2317001978556315
X_test  - len/shape: 27 (27, 256, 256, 1)
(267, 256, 256, 1)
Model: "model"
__________________________________________________________________________________________________
Layer (type)                    Output Shape         Param #     Connected to                     
==================================================================================================
img (InputLayer)                [(None, 256, 256, 1) 0                                            
__________________________________________________________________________________________________
batch_normalization (BatchNorma (None, 256, 256, 1)  4           img[0][0]                        
__________________________________________________________________________________________________
conv2d (Conv2D)                 (None, 256, 256, 32) 320         batch_normalization[0][0]        
__________________________________________________________________________________________________
conv2d_1 (Conv2D)               (None, 256, 256, 32) 9248        conv2d[0][0]                     
__________________________________________________________________________________________________
max_pooling2d (MaxPooling2D)    (None, 128, 128, 32) 0           conv2d_1[0][0]                   
__________________________________________________________________________________________________
dropout (Dropout)               (None, 128, 128, 32) 0           max_pooling2d[0][0]              
__________________________________________________________________________________________________
conv2d_2 (Conv2D)               (None, 128, 128, 64) 18496       dropout[0][0]                    
__________________________________________________________________________________________________
conv2d_3 (Conv2D)               (None, 128, 128, 64) 36928       conv2d_2[0][0]                   
__________________________________________________________________________________________________
max_pooling2d_1 (MaxPooling2D)  (None, 64, 64, 64)   0           conv2d_3[0][0]                   
__________________________________________________________________________________________________
dropout_1 (Dropout)             (None, 64, 64, 64)   0           max_pooling2d_1[0][0]            
__________________________________________________________________________________________________
conv2d_4 (Conv2D)               (None, 64, 64, 128)  73856       dropout_1[0][0]                  
__________________________________________________________________________________________________
conv2d_5 (Conv2D)               (None, 64, 64, 128)  147584      conv2d_4[0][0]                   
__________________________________________________________________________________________________
max_pooling2d_2 (MaxPooling2D)  (None, 32, 32, 128)  0           conv2d_5[0][0]                   
__________________________________________________________________________________________________
dropout_2 (Dropout)             (None, 32, 32, 128)  0           max_pooling2d_2[0][0]            
__________________________________________________________________________________________________
conv2d_6 (Conv2D)               (None, 32, 32, 256)  295168      dropout_2[0][0]                  
__________________________________________________________________________________________________
conv2d_7 (Conv2D)               (None, 32, 32, 256)  590080      conv2d_6[0][0]                   
__________________________________________________________________________________________________
max_pooling2d_3 (MaxPooling2D)  (None, 16, 16, 256)  0           conv2d_7[0][0]                   
__________________________________________________________________________________________________
dropout_3 (Dropout)             (None, 16, 16, 256)  0           max_pooling2d_3[0][0]            
__________________________________________________________________________________________________
conv2d_8 (Conv2D)               (None, 16, 16, 512)  1180160     dropout_3[0][0]                  
__________________________________________________________________________________________________
conv2d_9 (Conv2D)               (None, 16, 16, 512)  2359808     conv2d_8[0][0]                   
__________________________________________________________________________________________________
conv2d_transpose (Conv2DTranspo (None, 32, 32, 256)  524544      conv2d_9[0][0]                   
__________________________________________________________________________________________________
concatenate (Concatenate)       (None, 32, 32, 512)  0           conv2d_transpose[0][0]           
                                                                 conv2d_7[0][0]                   
__________________________________________________________________________________________________
dropout_4 (Dropout)             (None, 32, 32, 512)  0           concatenate[0][0]                
__________________________________________________________________________________________________
conv2d_10 (Conv2D)              (None, 32, 32, 256)  1179904     dropout_4[0][0]                  
__________________________________________________________________________________________________
conv2d_11 (Conv2D)              (None, 32, 32, 256)  590080      conv2d_10[0][0]                  
__________________________________________________________________________________________________
conv2d_transpose_1 (Conv2DTrans (None, 64, 64, 128)  131200      conv2d_11[0][0]                  
__________________________________________________________________________________________________
concatenate_1 (Concatenate)     (None, 64, 64, 256)  0           conv2d_transpose_1[0][0]         
                                                                 conv2d_5[0][0]                   
__________________________________________________________________________________________________
dropout_5 (Dropout)             (None, 64, 64, 256)  0           concatenate_1[0][0]              
__________________________________________________________________________________________________
conv2d_12 (Conv2D)              (None, 64, 64, 128)  295040      dropout_5[0][0]                  
__________________________________________________________________________________________________
conv2d_13 (Conv2D)              (None, 64, 64, 128)  147584      conv2d_12[0][0]                  
__________________________________________________________________________________________________
conv2d_transpose_2 (Conv2DTrans (None, 128, 128, 64) 32832       conv2d_13[0][0]                  
__________________________________________________________________________________________________
concatenate_2 (Concatenate)     (None, 128, 128, 128 0           conv2d_transpose_2[0][0]         
                                                                 conv2d_3[0][0]                   
__________________________________________________________________________________________________
dropout_6 (Dropout)             (None, 128, 128, 128 0           concatenate_2[0][0]              
__________________________________________________________________________________________________
conv2d_14 (Conv2D)              (None, 128, 128, 64) 73792       dropout_6[0][0]                  
__________________________________________________________________________________________________
conv2d_15 (Conv2D)              (None, 128, 128, 64) 36928       conv2d_14[0][0]                  
__________________________________________________________________________________________________
conv2d_transpose_3 (Conv2DTrans (None, 256, 256, 32) 8224        conv2d_15[0][0]                  
__________________________________________________________________________________________________
concatenate_3 (Concatenate)     (None, 256, 256, 64) 0           conv2d_transpose_3[0][0]         
                                                                 conv2d_1[0][0]                   
__________________________________________________________________________________________________
dropout_7 (Dropout)             (None, 256, 256, 64) 0           concatenate_3[0][0]              
__________________________________________________________________________________________________
conv2d_16 (Conv2D)              (None, 256, 256, 32) 18464       dropout_7[0][0]                  
__________________________________________________________________________________________________
conv2d_17 (Conv2D)              (None, 256, 256, 32) 9248        conv2d_16[0][0]                  
__________________________________________________________________________________________________
conv2d_18 (Conv2D)              (None, 256, 256, 1)  33          conv2d_17[0][0]                  
==================================================================================================
Total params: 7,759,525
Trainable params: 7,759,523
Non-trainable params: 2
__________________________________________________________________________________________________
None
Epoch 1/24
 1/24 [>.............................] - ETA: 0s - loss: 0.4767 - accuracy: 0.7756 2/24 [=>............................] - ETA: 1:09 - loss: 0.7659 - accuracy: 0.7792 3/24 [==>...........................] - ETA: 1:29 - loss: 0.6381 - accuracy: 0.7890 4/24 [====>.........................] - ETA: 1:35 - loss: 0.6212 - accuracy: 0.7590 5/24 [=====>........................] - ETA: 1:36 - loss: 0.5754 - accuracy: 0.7398 6/24 [======>.......................] - ETA: 1:34 - loss: 0.5448 - accuracy: 0.7428 7/24 [=======>......................] - ETA: 1:32 - loss: 0.5211 - accuracy: 0.7448 8/24 [=========>....................] - ETA: 1:27 - loss: 0.5005 - accuracy: 0.7454 9/24 [==========>...................] - ETA: 1:23 - loss: 0.4836 - accuracy: 0.746910/24 [===========>..................] - ETA: 1:19 - loss: 0.4941 - accuracy: 0.747611/24 [============>.................] - ETA: 1:14 - loss: 0.4829 - accuracy: 0.750912/24 [==============>...............] - ETA: 1:09 - loss: 0.4736 - accuracy: 0.750313/24 [===============>..............] - ETA: 1:04 - loss: 0.4636 - accuracy: 0.751814/24 [================>.............] - ETA: 58s - loss: 0.4711 - accuracy: 0.7526 15/24 [=================>............] - ETA: 53s - loss: 0.4619 - accuracy: 0.746816/24 [===================>..........] - ETA: 47s - loss: 0.4537 - accuracy: 0.749317/24 [====================>.........] - ETA: 41s - loss: 0.4462 - accuracy: 0.750118/24 [=====================>........] - ETA: 36s - loss: 0.4506 - accuracy: 0.746119/24 [======================>.......] - ETA: 30s - loss: 0.4572 - accuracy: 0.745420/24 [========================>.....] - ETA: 24s - loss: 0.4513 - accuracy: 0.746421/24 [=========================>....] - ETA: 18s - loss: 0.4448 - accuracy: 0.748022/24 [==========================>...] - ETA: 12s - loss: 0.4392 - accuracy: 0.749223/24 [===========================>..] - ETA: 6s - loss: 0.4336 - accuracy: 0.7505 24/24 [==============================] - ETA: 0s - loss: 0.4286 - accuracy: 0.7523
Epoch 00001: val_loss improved from inf to 0.85442, saving model to model-lung.h5
24/24 [==============================] - 151s 6s/step - loss: 0.4286 - accuracy: 0.7523 - val_loss: 0.8544 - val_accuracy: 0.7255 - lr: 0.0010
Epoch 2/24
 1/24 [>.............................] - ETA: 0s - loss: 0.2923 - accuracy: 0.8026 2/24 [=>............................] - ETA: 1:11 - loss: 0.2905 - accuracy: 0.7608 3/24 [==>...........................] - ETA: 1:30 - loss: 0.3021 - accuracy: 0.7692 4/24 [====>.........................] - ETA: 1:34 - loss: 0.3112 - accuracy: 0.7713 5/24 [=====>........................] - ETA: 1:37 - loss: 0.3261 - accuracy: 0.7732 6/24 [======>.......................] - ETA: 1:36 - loss: 0.3391 - accuracy: 0.7784 7/24 [=======>......................] - ETA: 1:33 - loss: 0.3322 - accuracy: 0.7860 8/24 [=========>....................] - ETA: 1:29 - loss: 0.3224 - accuracy: 0.7937 9/24 [==========>...................] - ETA: 1:25 - loss: 0.3158 - accuracy: 0.803610/24 [===========>..................] - ETA: 1:20 - loss: 0.3143 - accuracy: 0.813911/24 [============>.................] - ETA: 1:15 - loss: 0.3381 - accuracy: 0.803012/24 [==============>...............] - ETA: 1:10 - loss: 0.3348 - accuracy: 0.801913/24 [===============>..............] - ETA: 1:05 - loss: 0.3289 - accuracy: 0.805014/24 [================>.............] - ETA: 59s - loss: 0.3243 - accuracy: 0.8103 15/24 [=================>............] - ETA: 53s - loss: 0.3223 - accuracy: 0.812416/24 [===================>..........] - ETA: 48s - loss: 0.3215 - accuracy: 0.804917/24 [====================>.........] - ETA: 42s - loss: 0.3172 - accuracy: 0.809518/24 [=====================>........] - ETA: 36s - loss: 0.3161 - accuracy: 0.814319/24 [======================>.......] - ETA: 30s - loss: 0.3284 - accuracy: 0.804320/24 [========================>.....] - ETA: 24s - loss: 0.3245 - accuracy: 0.808821/24 [=========================>....] - ETA: 18s - loss: 0.3208 - accuracy: 0.805622/24 [==========================>...] - ETA: 12s - loss: 0.3252 - accuracy: 0.805123/24 [===========================>..] - ETA: 6s - loss: 0.3214 - accuracy: 0.8035 24/24 [==============================] - ETA: 0s - loss: 0.3194 - accuracy: 0.8079
Epoch 00002: val_loss did not improve from 0.85442
24/24 [==============================] - 151s 6s/step - loss: 0.3194 - accuracy: 0.8079 - val_loss: 0.8592 - val_accuracy: 0.7206 - lr: 0.0010
Epoch 3/24
 1/24 [>.............................] - ETA: 0s - loss: 0.2827 - accuracy: 0.9117 2/24 [=>............................] - ETA: 1:07 - loss: 0.2563 - accuracy: 0.9075 3/24 [==>...........................] - ETA: 1:26 - loss: 0.2589 - accuracy: 0.8932 4/24 [====>.........................] - ETA: 1:34 - loss: 0.2507 - accuracy: 0.9080 5/24 [=====>........................] - ETA: 1:36 - loss: 0.2502 - accuracy: 0.9143 6/24 [======>.......................] - ETA: 1:35 - loss: 0.2962 - accuracy: 0.8896 7/24 [=======>......................] - ETA: 1:32 - loss: 0.2869 - accuracy: 0.8802 8/24 [=========>....................] - ETA: 1:28 - loss: 0.2834 - accuracy: 0.8869 9/24 [==========>...................] - ETA: 1:24 - loss: 0.2785 - accuracy: 0.891010/24 [===========>..................] - ETA: 1:19 - loss: 0.2841 - accuracy: 0.882411/24 [============>.................] - ETA: 1:14 - loss: 0.2810 - accuracy: 0.874512/24 [==============>...............] - ETA: 1:09 - loss: 0.2792 - accuracy: 0.873913/24 [===============>..............] - ETA: 1:03 - loss: 0.2789 - accuracy: 0.876614/24 [================>.............] - ETA: 58s - loss: 0.2776 - accuracy: 0.8805 15/24 [=================>............] - ETA: 53s - loss: 0.2769 - accuracy: 0.876116/24 [===================>..........] - ETA: 47s - loss: 0.2743 - accuracy: 0.880417/24 [====================>.........] - ETA: 41s - loss: 0.2770 - accuracy: 0.877918/24 [=====================>........] - ETA: 35s - loss: 0.2976 - accuracy: 0.871619/24 [======================>.......] - ETA: 29s - loss: 0.3211 - accuracy: 0.852520/24 [========================>.....] - ETA: 23s - loss: 0.3268 - accuracy: 0.846821/24 [=========================>....] - ETA: 17s - loss: 0.3319 - accuracy: 0.841622/24 [==========================>...] - ETA: 12s - loss: 0.3294 - accuracy: 0.844323/24 [===========================>..] - ETA: 6s - loss: 0.3432 - accuracy: 0.8348 24/24 [==============================] - ETA: 0s - loss: 0.3429 - accuracy: 0.8327
Epoch 00003: val_loss improved from 0.85442 to 0.51377, saving model to model-lung.h5
24/24 [==============================] - 149s 6s/step - loss: 0.3429 - accuracy: 0.8327 - val_loss: 0.5138 - val_accuracy: 0.7356 - lr: 0.0010
Epoch 4/24
 1/24 [>.............................] - ETA: 0s - loss: 0.2719 - accuracy: 0.8976 2/24 [=>............................] - ETA: 1:12 - loss: 0.4210 - accuracy: 0.8260 3/24 [==>...........................] - ETA: 1:29 - loss: 0.3920 - accuracy: 0.7781 4/24 [====>.........................] - ETA: 1:36 - loss: 0.3715 - accuracy: 0.7711 5/24 [=====>........................] - ETA: 1:38 - loss: 0.3605 - accuracy: 0.7712 6/24 [======>.......................] - ETA: 1:35 - loss: 0.3495 - accuracy: 0.7767 7/24 [=======>......................] - ETA: 1:32 - loss: 0.3801 - accuracy: 0.7755 8/24 [=========>....................] - ETA: 1:28 - loss: 0.3690 - accuracy: 0.7836 9/24 [==========>...................] - ETA: 1:24 - loss: 0.3617 - accuracy: 0.793410/24 [===========>..................] - ETA: 1:19 - loss: 0.3584 - accuracy: 0.802111/24 [============>.................] - ETA: 1:14 - loss: 0.3732 - accuracy: 0.800612/24 [==============>...............] - ETA: 1:09 - loss: 0.3920 - accuracy: 0.796313/24 [===============>..............] - ETA: 1:04 - loss: 0.3814 - accuracy: 0.800214/24 [================>.............] - ETA: 58s - loss: 0.3744 - accuracy: 0.8003 15/24 [=================>............] - ETA: 53s - loss: 0.3692 - accuracy: 0.801116/24 [===================>..........] - ETA: 47s - loss: 0.3664 - accuracy: 0.801317/24 [====================>.........] - ETA: 41s - loss: 0.3625 - accuracy: 0.801018/24 [=====================>........] - ETA: 35s - loss: 0.3604 - accuracy: 0.801419/24 [======================>.......] - ETA: 29s - loss: 0.3565 - accuracy: 0.801820/24 [========================>.....] - ETA: 24s - loss: 0.3535 - accuracy: 0.806121/24 [=========================>....] - ETA: 18s - loss: 0.3487 - accuracy: 0.812622/24 [==========================>...] - ETA: 12s - loss: 0.3433 - accuracy: 0.818423/24 [===========================>..] - ETA: 6s - loss: 0.3370 - accuracy: 0.8193 24/24 [==============================] - ETA: 0s - loss: 0.3797 - accuracy: 0.8132
Epoch 00004: val_loss did not improve from 0.51377
24/24 [==============================] - 150s 6s/step - loss: 0.3797 - accuracy: 0.8132 - val_loss: 0.5617 - val_accuracy: 0.7366 - lr: 0.0010
Epoch 5/24
 1/24 [>.............................] - ETA: 0s - loss: 0.2760 - accuracy: 0.8894 2/24 [=>............................] - ETA: 1:08 - loss: 0.2625 - accuracy: 0.8971 3/24 [==>...........................] - ETA: 1:30 - loss: 0.2684 - accuracy: 0.9037 4/24 [====>.........................] - ETA: 1:37 - loss: 0.2832 - accuracy: 0.8887 5/24 [=====>........................] - ETA: 1:36 - loss: 0.3523 - accuracy: 0.8404 6/24 [======>.......................] - ETA: 1:34 - loss: 0.3426 - accuracy: 0.8491 7/24 [=======>......................] - ETA: 1:31 - loss: 0.3338 - accuracy: 0.8616 8/24 [=========>....................] - ETA: 1:28 - loss: 0.3658 - accuracy: 0.8393 9/24 [==========>...................] - ETA: 1:23 - loss: 0.3542 - accuracy: 0.849910/24 [===========>..................] - ETA: 1:19 - loss: 0.3447 - accuracy: 0.859211/24 [============>.................] - ETA: 1:14 - loss: 0.3387 - accuracy: 0.864612/24 [==============>...............] - ETA: 1:09 - loss: 0.3383 - accuracy: 0.859613/24 [===============>..............] - ETA: 1:03 - loss: 0.3309 - accuracy: 0.859314/24 [================>.............] - ETA: 58s - loss: 0.3494 - accuracy: 0.8467 15/24 [=================>............] - ETA: 52s - loss: 0.3608 - accuracy: 0.840316/24 [===================>..........] - ETA: 47s - loss: 0.3554 - accuracy: 0.838417/24 [====================>.........] - ETA: 41s - loss: 0.3503 - accuracy: 0.843818/24 [=====================>........] - ETA: 35s - loss: 0.3456 - accuracy: 0.845019/24 [======================>.......] - ETA: 29s - loss: 0.3501 - accuracy: 0.842120/24 [========================>.....] - ETA: 24s - loss: 0.3462 - accuracy: 0.845321/24 [=========================>....] - ETA: 18s - loss: 0.3430 - accuracy: 0.847522/24 [==========================>...] - ETA: 12s - loss: 0.3411 - accuracy: 0.847423/24 [===========================>..] - ETA: 6s - loss: 0.3391 - accuracy: 0.8479 24/24 [==============================] - ETA: 0s - loss: 0.3368 - accuracy: 0.8506
Epoch 00005: val_loss improved from 0.51377 to 0.46506, saving model to model-lung.h5
24/24 [==============================] - 150s 6s/step - loss: 0.3368 - accuracy: 0.8506 - val_loss: 0.4651 - val_accuracy: 0.7503 - lr: 0.0010
Epoch 6/24
 1/24 [>.............................] - ETA: 0s - loss: 0.2423 - accuracy: 0.9207 2/24 [=>............................] - ETA: 1:07 - loss: 0.2444 - accuracy: 0.9135 3/24 [==>...........................] - ETA: 1:26 - loss: 0.2571 - accuracy: 0.8891 4/24 [====>.........................] - ETA: 1:33 - loss: 0.2661 - accuracy: 0.8505 5/24 [=====>........................] - ETA: 1:36 - loss: 0.3212 - accuracy: 0.8278 6/24 [======>.......................] - ETA: 1:34 - loss: 0.3197 - accuracy: 0.8281 7/24 [=======>......................] - ETA: 1:32 - loss: 0.3150 - accuracy: 0.8306 8/24 [=========>....................] - ETA: 1:29 - loss: 0.3071 - accuracy: 0.8352 9/24 [==========>...................] - ETA: 1:25 - loss: 0.3017 - accuracy: 0.845410/24 [===========>..................] - ETA: 1:20 - loss: 0.3013 - accuracy: 0.832811/24 [============>.................] - ETA: 1:15 - loss: 0.2995 - accuracy: 0.838112/24 [==============>...............] - ETA: 1:09 - loss: 0.2983 - accuracy: 0.833713/24 [===============>..............] - ETA: 1:04 - loss: 0.2947 - accuracy: 0.832114/24 [================>.............] - ETA: 58s - loss: 0.2901 - accuracy: 0.8402 15/24 [=================>............] - ETA: 52s - loss: 0.3066 - accuracy: 0.834416/24 [===================>..........] - ETA: 47s - loss: 0.3009 - accuracy: 0.832717/24 [====================>.........] - ETA: 41s - loss: 0.3125 - accuracy: 0.829718/24 [=====================>........] - ETA: 35s - loss: 0.3074 - accuracy: 0.828019/24 [======================>.......] - ETA: 29s - loss: 0.3113 - accuracy: 0.828020/24 [========================>.....] - ETA: 23s - loss: 0.3091 - accuracy: 0.825921/24 [=========================>....] - ETA: 17s - loss: 0.3064 - accuracy: 0.828622/24 [==========================>...] - ETA: 12s - loss: 0.3038 - accuracy: 0.831523/24 [===========================>..] - ETA: 6s - loss: 0.3009 - accuracy: 0.8339 24/24 [==============================] - ETA: 0s - loss: 0.2991 - accuracy: 0.8350
Epoch 00006: val_loss improved from 0.46506 to 0.42033, saving model to model-lung.h5
24/24 [==============================] - 149s 6s/step - loss: 0.2991 - accuracy: 0.8350 - val_loss: 0.4203 - val_accuracy: 0.7821 - lr: 0.0010
Epoch 7/24
 1/24 [>.............................] - ETA: 0s - loss: 0.2298 - accuracy: 0.9041 2/24 [=>............................] - ETA: 1:07 - loss: 0.2448 - accuracy: 0.8860 3/24 [==>...........................] - ETA: 1:28 - loss: 0.2275 - accuracy: 0.9001 4/24 [====>.........................] - ETA: 1:37 - loss: 0.2441 - accuracy: 0.8593 5/24 [=====>........................] - ETA: 1:37 - loss: 0.2657 - accuracy: 0.8474 6/24 [======>.......................] - ETA: 1:35 - loss: 0.2563 - accuracy: 0.8604 7/24 [=======>......................] - ETA: 1:33 - loss: 0.2475 - accuracy: 0.8693 8/24 [=========>....................] - ETA: 1:28 - loss: 0.3526 - accuracy: 0.8177 9/24 [==========>...................] - ETA: 1:24 - loss: 0.3456 - accuracy: 0.820610/24 [===========>..................] - ETA: 1:19 - loss: 0.3388 - accuracy: 0.815611/24 [============>.................] - ETA: 1:14 - loss: 0.3363 - accuracy: 0.804112/24 [==============>...............] - ETA: 1:09 - loss: 0.3336 - accuracy: 0.797413/24 [===============>..............] - ETA: 1:03 - loss: 0.3317 - accuracy: 0.791014/24 [================>.............] - ETA: 58s - loss: 0.3287 - accuracy: 0.7909 15/24 [=================>............] - ETA: 52s - loss: 0.3287 - accuracy: 0.782616/24 [===================>..........] - ETA: 47s - loss: 0.3439 - accuracy: 0.779317/24 [====================>.........] - ETA: 41s - loss: 0.3446 - accuracy: 0.780118/24 [=====================>........] - ETA: 35s - loss: 0.3400 - accuracy: 0.784519/24 [======================>.......] - ETA: 29s - loss: 0.3531 - accuracy: 0.784620/24 [========================>.....] - ETA: 23s - loss: 0.3506 - accuracy: 0.788821/24 [=========================>....] - ETA: 17s - loss: 0.3476 - accuracy: 0.790222/24 [==========================>...] - ETA: 12s - loss: 0.3453 - accuracy: 0.791023/24 [===========================>..] - ETA: 6s - loss: 0.3544 - accuracy: 0.7844 24/24 [==============================] - ETA: 0s - loss: 0.3638 - accuracy: 0.7828
Epoch 00007: val_loss did not improve from 0.42033
24/24 [==============================] - 149s 6s/step - loss: 0.3638 - accuracy: 0.7828 - val_loss: 0.4440 - val_accuracy: 0.8060 - lr: 0.0010
Epoch 8/24
 1/24 [>.............................] - ETA: 0s - loss: 0.2818 - accuracy: 0.7726 2/24 [=>............................] - ETA: 1:10 - loss: 0.2808 - accuracy: 0.8135 3/24 [==>...........................] - ETA: 1:28 - loss: 0.3675 - accuracy: 0.7677 4/24 [====>.........................] - ETA: 1:33 - loss: 0.3424 - accuracy: 0.7621 5/24 [=====>........................] - ETA: 1:35 - loss: 0.3352 - accuracy: 0.7946 6/24 [======>.......................] - ETA: 1:34 - loss: 0.3723 - accuracy: 0.7840 7/24 [=======>......................] - ETA: 1:32 - loss: 0.3601 - accuracy: 0.7917 8/24 [=========>....................] - ETA: 1:28 - loss: 0.3516 - accuracy: 0.7981 9/24 [==========>...................] - ETA: 1:24 - loss: 0.3699 - accuracy: 0.781510/24 [===========>..................] - ETA: 1:20 - loss: 0.3596 - accuracy: 0.776111/24 [============>.................] - ETA: 1:15 - loss: 0.3514 - accuracy: 0.774312/24 [==============>...............] - ETA: 1:10 - loss: 0.3465 - accuracy: 0.777113/24 [===============>..............] - ETA: 1:04 - loss: 0.3631 - accuracy: 0.775614/24 [================>.............] - ETA: 59s - loss: 0.3739 - accuracy: 0.7743 15/24 [=================>............] - ETA: 53s - loss: 0.3721 - accuracy: 0.775216/24 [===================>..........] - ETA: 47s - loss: 0.3640 - accuracy: 0.781617/24 [====================>.........] - ETA: 41s - loss: 0.3708 - accuracy: 0.783018/24 [=====================>........] - ETA: 35s - loss: 0.3705 - accuracy: 0.783319/24 [======================>.......] - ETA: 29s - loss: 0.3647 - accuracy: 0.790920/24 [========================>.....] - ETA: 24s - loss: 0.3698 - accuracy: 0.785521/24 [=========================>....] - ETA: 18s - loss: 0.3630 - accuracy: 0.793222/24 [==========================>...] - ETA: 12s - loss: 0.3616 - accuracy: 0.790123/24 [===========================>..] - ETA: 6s - loss: 0.3574 - accuracy: 0.7912 24/24 [==============================] - ETA: 0s - loss: 0.3521 - accuracy: 0.7974
Epoch 00008: val_loss improved from 0.42033 to 0.37446, saving model to model-lung.h5
24/24 [==============================] - 150s 6s/step - loss: 0.3521 - accuracy: 0.7974 - val_loss: 0.3745 - val_accuracy: 0.8403 - lr: 0.0010
Epoch 9/24
 1/24 [>.............................] - ETA: 0s - loss: 0.2558 - accuracy: 0.8202 2/24 [=>............................] - ETA: 1:10 - loss: 0.2941 - accuracy: 0.7649 3/24 [==>...........................] - ETA: 1:29 - loss: 0.2689 - accuracy: 0.7785 4/24 [====>.........................] - ETA: 1:35 - loss: 0.3612 - accuracy: 0.7507 5/24 [=====>........................] - ETA: 1:35 - loss: 0.3277 - accuracy: 0.7905 6/24 [======>.......................] - ETA: 1:35 - loss: 0.3136 - accuracy: 0.8169 7/24 [=======>......................] - ETA: 1:32 - loss: 0.3063 - accuracy: 0.8064 8/24 [=========>....................] - ETA: 1:29 - loss: 0.2981 - accuracy: 0.8016 9/24 [==========>...................] - ETA: 1:24 - loss: 0.2933 - accuracy: 0.815510/24 [===========>..................] - ETA: 1:20 - loss: 0.2906 - accuracy: 0.822811/24 [============>.................] - ETA: 1:15 - loss: 0.2858 - accuracy: 0.832612/24 [==============>...............] - ETA: 1:09 - loss: 0.2845 - accuracy: 0.835413/24 [===============>..............] - ETA: 1:04 - loss: 0.3101 - accuracy: 0.822714/24 [================>.............] - ETA: 58s - loss: 0.3279 - accuracy: 0.8069 15/24 [=================>............] - ETA: 53s - loss: 0.3229 - accuracy: 0.805716/24 [===================>..........] - ETA: 47s - loss: 0.3207 - accuracy: 0.811017/24 [====================>.........] - ETA: 41s - loss: 0.3220 - accuracy: 0.811318/24 [=====================>........] - ETA: 35s - loss: 0.3172 - accuracy: 0.817719/24 [======================>.......] - ETA: 30s - loss: 0.3144 - accuracy: 0.819320/24 [========================>.....] - ETA: 24s - loss: 0.3168 - accuracy: 0.817621/24 [=========================>....] - ETA: 18s - loss: 0.3118 - accuracy: 0.818222/24 [==========================>...] - ETA: 12s - loss: 0.3058 - accuracy: 0.823923/24 [===========================>..] - ETA: 6s - loss: 0.3118 - accuracy: 0.8239 24/24 [==============================] - ETA: 0s - loss: 0.3078 - accuracy: 0.8211
Epoch 00009: val_loss improved from 0.37446 to 0.36432, saving model to model-lung.h5
24/24 [==============================] - 151s 6s/step - loss: 0.3078 - accuracy: 0.8211 - val_loss: 0.3643 - val_accuracy: 0.9120 - lr: 0.0010
Epoch 10/24
 1/24 [>.............................] - ETA: 0s - loss: 0.3075 - accuracy: 0.7617 2/24 [=>............................] - ETA: 1:10 - loss: 0.2870 - accuracy: 0.7686 3/24 [==>...........................] - ETA: 1:29 - loss: 0.2789 - accuracy: 0.8193 4/24 [====>.........................] - ETA: 1:36 - loss: 0.3452 - accuracy: 0.7725 5/24 [=====>........................] - ETA: 1:38 - loss: 0.3822 - accuracy: 0.7473 6/24 [======>.......................] - ETA: 1:35 - loss: 0.3771 - accuracy: 0.7375 7/24 [=======>......................] - ETA: 1:32 - loss: 0.3591 - accuracy: 0.7656 8/24 [=========>....................] - ETA: 1:29 - loss: 0.3401 - accuracy: 0.7880 9/24 [==========>...................] - ETA: 1:25 - loss: 0.3313 - accuracy: 0.791710/24 [===========>..................] - ETA: 1:19 - loss: 0.3232 - accuracy: 0.806611/24 [============>.................] - ETA: 1:15 - loss: 0.3417 - accuracy: 0.802712/24 [==============>...............] - ETA: 1:09 - loss: 0.3347 - accuracy: 0.811913/24 [===============>..............] - ETA: 1:04 - loss: 0.3253 - accuracy: 0.822514/24 [================>.............] - ETA: 58s - loss: 0.3255 - accuracy: 0.8153 15/24 [=================>............] - ETA: 53s - loss: 0.3200 - accuracy: 0.822616/24 [===================>..........] - ETA: 47s - loss: 0.3167 - accuracy: 0.827417/24 [====================>.........] - ETA: 41s - loss: 0.3264 - accuracy: 0.817018/24 [=====================>........] - ETA: 35s - loss: 0.3221 - accuracy: 0.813419/24 [======================>.......] - ETA: 30s - loss: 0.3314 - accuracy: 0.810420/24 [========================>.....] - ETA: 24s - loss: 0.3250 - accuracy: 0.817021/24 [=========================>....] - ETA: 18s - loss: 0.3249 - accuracy: 0.812222/24 [==========================>...] - ETA: 12s - loss: 0.3219 - accuracy: 0.814523/24 [===========================>..] - ETA: 6s - loss: 0.3413 - accuracy: 0.8034 24/24 [==============================] - ETA: 0s - loss: 0.3360 - accuracy: 0.8084
Epoch 00010: val_loss improved from 0.36432 to 0.34642, saving model to model-lung.h5
24/24 [==============================] - 149s 6s/step - loss: 0.3360 - accuracy: 0.8084 - val_loss: 0.3464 - val_accuracy: 0.8861 - lr: 0.0010
Epoch 11/24
 1/24 [>.............................] - ETA: 0s - loss: 0.2166 - accuracy: 0.8271 2/24 [=>............................] - ETA: 1:10 - loss: 0.2143 - accuracy: 0.8685 3/24 [==>...........................] - ETA: 1:28 - loss: 0.2181 - accuracy: 0.8555 4/24 [====>.........................] - ETA: 1:33 - loss: 0.2179 - accuracy: 0.8674 5/24 [=====>........................] - ETA: 1:34 - loss: 0.2268 - accuracy: 0.8683 6/24 [======>.......................] - ETA: 1:33 - loss: 0.2246 - accuracy: 0.8606 7/24 [=======>......................] - ETA: 1:31 - loss: 0.2277 - accuracy: 0.8676 8/24 [=========>....................] - ETA: 1:28 - loss: 0.2536 - accuracy: 0.8611 9/24 [==========>...................] - ETA: 1:24 - loss: 0.2867 - accuracy: 0.846210/24 [===========>..................] - ETA: 1:20 - loss: 0.2981 - accuracy: 0.837711/24 [============>.................] - ETA: 1:15 - loss: 0.3021 - accuracy: 0.836012/24 [==============>...............] - ETA: 1:09 - loss: 0.2934 - accuracy: 0.845513/24 [===============>..............] - ETA: 1:04 - loss: 0.3034 - accuracy: 0.843214/24 [================>.............] - ETA: 59s - loss: 0.3031 - accuracy: 0.8424 15/24 [=================>............] - ETA: 53s - loss: 0.3165 - accuracy: 0.838416/24 [===================>..........] - ETA: 47s - loss: 0.3184 - accuracy: 0.830617/24 [====================>.........] - ETA: 41s - loss: 0.3127 - accuracy: 0.830618/24 [=====================>........] - ETA: 35s - loss: 0.3071 - accuracy: 0.836419/24 [======================>.......] - ETA: 30s - loss: 0.3063 - accuracy: 0.832720/24 [========================>.....] - ETA: 24s - loss: 0.3028 - accuracy: 0.830321/24 [=========================>....] - ETA: 18s - loss: 0.3055 - accuracy: 0.823922/24 [==========================>...] - ETA: 12s - loss: 0.3171 - accuracy: 0.820923/24 [===========================>..] - ETA: 6s - loss: 0.3129 - accuracy: 0.8262 24/24 [==============================] - ETA: 0s - loss: 0.3082 - accuracy: 0.8297
Epoch 00011: val_loss did not improve from 0.34642
24/24 [==============================] - 150s 6s/step - loss: 0.3082 - accuracy: 0.8297 - val_loss: 0.3924 - val_accuracy: 0.7891 - lr: 0.0010
Epoch 12/24
 1/24 [>.............................] - ETA: 0s - loss: 0.2547 - accuracy: 0.8720 2/24 [=>............................] - ETA: 1:09 - loss: 0.3539 - accuracy: 0.7856 3/24 [==>...........................] - ETA: 1:28 - loss: 0.4241 - accuracy: 0.7739 4/24 [====>.........................] - ETA: 1:35 - loss: 0.3801 - accuracy: 0.8083 5/24 [=====>........................] - ETA: 1:36 - loss: 0.3530 - accuracy: 0.8092 6/24 [======>.......................] - ETA: 1:35 - loss: 0.3374 - accuracy: 0.8095 7/24 [=======>......................] - ETA: 1:33 - loss: 0.3211 - accuracy: 0.8274 8/24 [=========>....................] - ETA: 1:28 - loss: 0.3053 - accuracy: 0.8430 9/24 [==========>...................] - ETA: 1:25 - loss: 0.2934 - accuracy: 0.855310/24 [===========>..................] - ETA: 1:20 - loss: 0.3193 - accuracy: 0.833311/24 [============>.................] - ETA: 1:15 - loss: 0.3118 - accuracy: 0.8385