/home/cgzhu/anaconda3/envs/migration-plus/lib/python3.6/site-packages/sklearn/linear_model/_huber.py:296: ConvergenceWarning: lbfgs failed to converge (status=1):
STOP: TOTAL NO. of ITERATIONS REACHED LIMIT.

Increase the number of iterations (max_iter) or scale the data as shown in:
    https://scikit-learn.org/stable/modules/preprocessing.html
  self.n_iter_ = _check_optimize_result("lbfgs", opt_res, self.max_iter)
/home/cgzhu/anaconda3/envs/migration-plus/lib/python3.6/site-packages/sklearn/linear_model/_ridge.py:190: UserWarning: Singular matrix in solving dual problem. Using least-squares solution instead.
  warnings.warn("Singular matrix in solving dual problem. Using "
/home/cgzhu/anaconda3/envs/migration-plus/lib/python3.6/site-packages/sklearn/linear_model/_coordinate_descent.py:531: ConvergenceWarning: Objective did not converge. You might want to increase the number of iterations. Duality gap: 6.0161752810527105, tolerance: 6.010435705669482
  positive)
/home/cgzhu/anaconda3/envs/migration-plus/lib/python3.6/site-packages/sklearn/linear_model/_coordinate_descent.py:531: ConvergenceWarning: Objective did not converge. You might want to increase the number of iterations. Duality gap: 14.42064239528554, tolerance: 6.010435705669482
  positive)
/home/cgzhu/anaconda3/envs/migration-plus/lib/python3.6/site-packages/sklearn/linear_model/_coordinate_descent.py:531: ConvergenceWarning: Objective did not converge. You might want to increase the number of iterations. Duality gap: 20.81842057299218, tolerance: 6.010435705669482
  positive)
/home/cgzhu/anaconda3/envs/migration-plus/lib/python3.6/site-packages/sklearn/linear_model/_coordinate_descent.py:531: ConvergenceWarning: Objective did not converge. You might want to increase the number of iterations. Duality gap: 13.330591569290846, tolerance: 6.010435705669482
  positive)
/home/cgzhu/anaconda3/envs/migration-plus/lib/python3.6/site-packages/sklearn/linear_model/_coordinate_descent.py:531: ConvergenceWarning: Objective did not converge. You might want to increase the number of iterations. Duality gap: 32.02281533127825, tolerance: 6.010435705669482
  positive)
/home/cgzhu/anaconda3/envs/migration-plus/lib/python3.6/site-packages/sklearn/linear_model/_coordinate_descent.py:531: ConvergenceWarning: Objective did not converge. You might want to increase the number of iterations. Duality gap: 44.59226065945586, tolerance: 6.010435705669482
  positive)
/home/cgzhu/anaconda3/envs/migration-plus/lib/python3.6/site-packages/sklearn/linear_model/_coordinate_descent.py:531: ConvergenceWarning: Objective did not converge. You might want to increase the number of iterations. Duality gap: 47.35696921962335, tolerance: 6.010435705669482
  positive)
/home/cgzhu/anaconda3/envs/migration-plus/lib/python3.6/site-packages/sklearn/linear_model/_coordinate_descent.py:531: ConvergenceWarning: Objective did not converge. You might want to increase the number of iterations. Duality gap: 25.25526601175443, tolerance: 6.010435705669482
  positive)
/home/cgzhu/anaconda3/envs/migration-plus/lib/python3.6/site-packages/sklearn/linear_model/_coordinate_descent.py:531: ConvergenceWarning: Objective did not converge. You might want to increase the number of iterations. Duality gap: 21.287694303138778, tolerance: 6.010435705669482
  positive)
/home/cgzhu/anaconda3/envs/migration-plus/lib/python3.6/site-packages/sklearn/linear_model/_coordinate_descent.py:531: ConvergenceWarning: Objective did not converge. You might want to increase the number of iterations. Duality gap: 41.892958976988666, tolerance: 6.010435705669482
  positive)
/home/cgzhu/anaconda3/envs/migration-plus/lib/python3.6/site-packages/sklearn/linear_model/_coordinate_descent.py:531: ConvergenceWarning: Objective did not converge. You might want to increase the number of iterations. Duality gap: 72.2797849034614, tolerance: 6.010435705669482
  positive)
/home/cgzhu/anaconda3/envs/migration-plus/lib/python3.6/site-packages/sklearn/linear_model/_coordinate_descent.py:531: ConvergenceWarning: Objective did not converge. You might want to increase the number of iterations. Duality gap: 90.4179615059802, tolerance: 6.010435705669482
  positive)
/home/cgzhu/anaconda3/envs/migration-plus/lib/python3.6/site-packages/sklearn/linear_model/_coordinate_descent.py:531: ConvergenceWarning: Objective did not converge. You might want to increase the number of iterations. Duality gap: 85.35786550191278, tolerance: 6.010435705669482
  positive)
/home/cgzhu/anaconda3/envs/migration-plus/lib/python3.6/site-packages/sklearn/linear_model/_coordinate_descent.py:531: ConvergenceWarning: Objective did not converge. You might want to increase the number of iterations. Duality gap: 92.58358852187666, tolerance: 6.010435705669482
  positive)
/home/cgzhu/anaconda3/envs/migration-plus/lib/python3.6/site-packages/sklearn/linear_model/_coordinate_descent.py:531: ConvergenceWarning: Objective did not converge. You might want to increase the number of iterations. Duality gap: 123.41499930647569, tolerance: 6.010435705669482
  positive)
/home/cgzhu/anaconda3/envs/migration-plus/lib/python3.6/site-packages/sklearn/linear_model/_coordinate_descent.py:531: ConvergenceWarning: Objective did not converge. You might want to increase the number of iterations. Duality gap: 213.35154758545468, tolerance: 6.010435705669482
  positive)
/home/cgzhu/anaconda3/envs/migration-plus/lib/python3.6/site-packages/sklearn/linear_model/_coordinate_descent.py:531: ConvergenceWarning: Objective did not converge. You might want to increase the number of iterations. Duality gap: 300.65067338752397, tolerance: 6.010435705669482
  positive)
/home/cgzhu/anaconda3/envs/migration-plus/lib/python3.6/site-packages/sklearn/linear_model/_coordinate_descent.py:531: ConvergenceWarning: Objective did not converge. You might want to increase the number of iterations. Duality gap: 323.38641300254676, tolerance: 6.010435705669482
  positive)
/home/cgzhu/anaconda3/envs/migration-plus/lib/python3.6/site-packages/sklearn/linear_model/_coordinate_descent.py:531: ConvergenceWarning: Objective did not converge. You might want to increase the number of iterations. Duality gap: 314.80660854742564, tolerance: 6.010435705669482
  positive)
/home/cgzhu/anaconda3/envs/migration-plus/lib/python3.6/site-packages/sklearn/linear_model/_coordinate_descent.py:531: ConvergenceWarning: Objective did not converge. You might want to increase the number of iterations. Duality gap: 356.2617779108605, tolerance: 6.010435705669482
  positive)
/home/cgzhu/anaconda3/envs/migration-plus/lib/python3.6/site-packages/sklearn/linear_model/_coordinate_descent.py:531: ConvergenceWarning: Objective did not converge. You might want to increase the number of iterations. Duality gap: 397.0091010514843, tolerance: 6.010435705669482
  positive)
/home/cgzhu/anaconda3/envs/migration-plus/lib/python3.6/site-packages/sklearn/linear_model/_coordinate_descent.py:531: ConvergenceWarning: Objective did not converge. You might want to increase the number of iterations. Duality gap: 411.99044103549204, tolerance: 6.010435705669482
  positive)
/home/cgzhu/anaconda3/envs/migration-plus/lib/python3.6/site-packages/sklearn/linear_model/_coordinate_descent.py:531: ConvergenceWarning: Objective did not converge. You might want to increase the number of iterations. Duality gap: 6.674609964285992, tolerance: 6.287392762364295
  positive)
/home/cgzhu/anaconda3/envs/migration-plus/lib/python3.6/site-packages/sklearn/linear_model/_coordinate_descent.py:531: ConvergenceWarning: Objective did not converge. You might want to increase the number of iterations. Duality gap: 7.571046590921469, tolerance: 6.287392762364295
  positive)
/home/cgzhu/anaconda3/envs/migration-plus/lib/python3.6/site-packages/sklearn/linear_model/_coordinate_descent.py:531: ConvergenceWarning: Objective did not converge. You might want to increase the number of iterations. Duality gap: 14.33858087518638, tolerance: 6.287392762364295
  positive)
/home/cgzhu/anaconda3/envs/migration-plus/lib/python3.6/site-packages/sklearn/linear_model/_coordinate_descent.py:531: ConvergenceWarning: Objective did not converge. You might want to increase the number of iterations. Duality gap: 12.501576143489729, tolerance: 6.287392762364295
  positive)
/home/cgzhu/anaconda3/envs/migration-plus/lib/python3.6/site-packages/sklearn/linear_model/_coordinate_descent.py:531: ConvergenceWarning: Objective did not converge. You might want to increase the number of iterations. Duality gap: 8.692609904004712, tolerance: 6.287392762364295
  positive)
/home/cgzhu/anaconda3/envs/migration-plus/lib/python3.6/site-packages/sklearn/linear_model/_coordinate_descent.py:531: ConvergenceWarning: Objective did not converge. You might want to increase the number of iterations. Duality gap: 25.889697405275, tolerance: 6.287392762364295
  positive)
/home/cgzhu/anaconda3/envs/migration-plus/lib/python3.6/site-packages/sklearn/linear_model/_coordinate_descent.py:531: ConvergenceWarning: Objective did not converge. You might want to increase the number of iterations. Duality gap: 32.15207213261783, tolerance: 6.287392762364295
  positive)
/home/cgzhu/anaconda3/envs/migration-plus/lib/python3.6/site-packages/sklearn/linear_model/_coordinate_descent.py:531: ConvergenceWarning: Objective did not converge. You might want to increase the number of iterations. Duality gap: 40.25119468275807, tolerance: 6.287392762364295
  positive)
/home/cgzhu/anaconda3/envs/migration-plus/lib/python3.6/site-packages/sklearn/linear_model/_coordinate_descent.py:531: ConvergenceWarning: Objective did not converge. You might want to increase the number of iterations. Duality gap: 19.722600343378872, tolerance: 6.287392762364295
  positive)
/home/cgzhu/anaconda3/envs/migration-plus/lib/python3.6/site-packages/sklearn/linear_model/_coordinate_descent.py:531: ConvergenceWarning: Objective did not converge. You might want to increase the number of iterations. Duality gap: 18.306974806448125, tolerance: 6.287392762364295
  positive)
/home/cgzhu/anaconda3/envs/migration-plus/lib/python3.6/site-packages/sklearn/linear_model/_coordinate_descent.py:531: ConvergenceWarning: Objective did not converge. You might want to increase the number of iterations. Duality gap: 17.27837673670365, tolerance: 6.287392762364295
  positive)
/home/cgzhu/anaconda3/envs/migration-plus/lib/python3.6/site-packages/sklearn/linear_model/_coordinate_descent.py:531: ConvergenceWarning: Objective did not converge. You might want to increase the number of iterations. Duality gap: 24.723664391431157, tolerance: 6.287392762364295
  positive)
/home/cgzhu/anaconda3/envs/migration-plus/lib/python3.6/site-packages/sklearn/linear_model/_coordinate_descent.py:531: ConvergenceWarning: Objective did not converge. You might want to increase the number of iterations. Duality gap: 68.03836903492629, tolerance: 6.287392762364295
  positive)
/home/cgzhu/anaconda3/envs/migration-plus/lib/python3.6/site-packages/sklearn/linear_model/_coordinate_descent.py:531: ConvergenceWarning: Objective did not converge. You might want to increase the number of iterations. Duality gap: 104.81224709960952, tolerance: 6.287392762364295
  positive)
/home/cgzhu/anaconda3/envs/migration-plus/lib/python3.6/site-packages/sklearn/linear_model/_coordinate_descent.py:531: ConvergenceWarning: Objective did not converge. You might want to increase the number of iterations. Duality gap: 135.9667738799526, tolerance: 6.287392762364295
  positive)
/home/cgzhu/anaconda3/envs/migration-plus/lib/python3.6/site-packages/sklearn/linear_model/_coordinate_descent.py:531: ConvergenceWarning: Objective did not converge. You might want to increase the number of iterations. Duality gap: 195.5124122149282, tolerance: 6.287392762364295
  positive)
/home/cgzhu/anaconda3/envs/migration-plus/lib/python3.6/site-packages/sklearn/linear_model/_coordinate_descent.py:531: ConvergenceWarning: Objective did not converge. You might want to increase the number of iterations. Duality gap: 229.16741869631187, tolerance: 6.287392762364295
  positive)
/home/cgzhu/anaconda3/envs/migration-plus/lib/python3.6/site-packages/sklearn/linear_model/_coordinate_descent.py:531: ConvergenceWarning: Objective did not converge. You might want to increase the number of iterations. Duality gap: 206.16606388386936, tolerance: 6.287392762364295
  positive)
/home/cgzhu/anaconda3/envs/migration-plus/lib/python3.6/site-packages/sklearn/linear_model/_coordinate_descent.py:531: ConvergenceWarning: Objective did not converge. You might want to increase the number of iterations. Duality gap: 180.1476486646534, tolerance: 6.287392762364295
  positive)
/home/cgzhu/anaconda3/envs/migration-plus/lib/python3.6/site-packages/sklearn/linear_model/_coordinate_descent.py:531: ConvergenceWarning: Objective did not converge. You might want to increase the number of iterations. Duality gap: 201.27403764316296, tolerance: 6.287392762364295
  positive)
/home/cgzhu/anaconda3/envs/migration-plus/lib/python3.6/site-packages/sklearn/linear_model/_coordinate_descent.py:531: ConvergenceWarning: Objective did not converge. You might want to increase the number of iterations. Duality gap: 138.8814231956094, tolerance: 6.287392762364295
  positive)
/home/cgzhu/anaconda3/envs/migration-plus/lib/python3.6/site-packages/sklearn/linear_model/_coordinate_descent.py:531: ConvergenceWarning: Objective did not converge. You might want to increase the number of iterations. Duality gap: 85.53394645870867, tolerance: 6.287392762364295
  positive)
/home/cgzhu/anaconda3/envs/migration-plus/lib/python3.6/site-packages/sklearn/linear_model/_coordinate_descent.py:531: ConvergenceWarning: Objective did not converge. You might want to increase the number of iterations. Duality gap: 117.38697747076549, tolerance: 6.287392762364295
  positive)
/home/cgzhu/anaconda3/envs/migration-plus/lib/python3.6/site-packages/sklearn/linear_model/_coordinate_descent.py:531: ConvergenceWarning: Objective did not converge. You might want to increase the number of iterations. Duality gap: 156.99006214954534, tolerance: 6.287392762364295
  positive)
/home/cgzhu/anaconda3/envs/migration-plus/lib/python3.6/site-packages/sklearn/linear_model/_coordinate_descent.py:531: ConvergenceWarning: Objective did not converge. You might want to increase the number of iterations. Duality gap: 214.63359008675616, tolerance: 6.287392762364295
  positive)
/home/cgzhu/anaconda3/envs/migration-plus/lib/python3.6/site-packages/sklearn/linear_model/_coordinate_descent.py:531: ConvergenceWarning: Objective did not converge. You might want to increase the number of iterations. Duality gap: 244.98140585957117, tolerance: 6.287392762364295
  positive)
/home/cgzhu/anaconda3/envs/migration-plus/lib/python3.6/site-packages/sklearn/linear_model/_coordinate_descent.py:531: ConvergenceWarning: Objective did not converge. You might want to increase the number of iterations. Duality gap: 430.68940437350284, tolerance: 6.287392762364295
  positive)
/home/cgzhu/anaconda3/envs/migration-plus/lib/python3.6/site-packages/sklearn/linear_model/_coordinate_descent.py:531: ConvergenceWarning: Objective did not converge. You might want to increase the number of iterations. Duality gap: 509.9726877513658, tolerance: 6.287392762364295
  positive)
/home/cgzhu/anaconda3/envs/migration-plus/lib/python3.6/site-packages/sklearn/linear_model/_coordinate_descent.py:531: ConvergenceWarning: Objective did not converge. You might want to increase the number of iterations. Duality gap: 602.124824881058, tolerance: 6.287392762364295
  positive)
/home/cgzhu/anaconda3/envs/migration-plus/lib/python3.6/site-packages/sklearn/linear_model/_coordinate_descent.py:531: ConvergenceWarning: Objective did not converge. You might want to increase the number of iterations. Duality gap: 10.432250709824075, tolerance: 6.552282409638554
  positive)
/home/cgzhu/anaconda3/envs/migration-plus/lib/python3.6/site-packages/sklearn/linear_model/_coordinate_descent.py:531: ConvergenceWarning: Objective did not converge. You might want to increase the number of iterations. Duality gap: 7.2312702269136935, tolerance: 6.552282409638554
  positive)
/home/cgzhu/anaconda3/envs/migration-plus/lib/python3.6/site-packages/sklearn/linear_model/_coordinate_descent.py:531: ConvergenceWarning: Objective did not converge. You might want to increase the number of iterations. Duality gap: 8.936691528817391, tolerance: 6.552282409638554
  positive)
/home/cgzhu/anaconda3/envs/migration-plus/lib/python3.6/site-packages/sklearn/linear_model/_coordinate_descent.py:531: ConvergenceWarning: Objective did not converge. You might want to increase the number of iterations. Duality gap: 13.193132631244225, tolerance: 6.552282409638554
  positive)
/home/cgzhu/anaconda3/envs/migration-plus/lib/python3.6/site-packages/sklearn/linear_model/_coordinate_descent.py:531: ConvergenceWarning: Objective did not converge. You might want to increase the number of iterations. Duality gap: 65.3689633400354, tolerance: 6.552282409638554
  positive)
/home/cgzhu/anaconda3/envs/migration-plus/lib/python3.6/site-packages/sklearn/linear_model/_coordinate_descent.py:531: ConvergenceWarning: Objective did not converge. You might want to increase the number of iterations. Duality gap: 77.17888891155599, tolerance: 6.552282409638554
  positive)
/home/cgzhu/anaconda3/envs/migration-plus/lib/python3.6/site-packages/sklearn/linear_model/_coordinate_descent.py:531: ConvergenceWarning: Objective did not converge. You might want to increase the number of iterations. Duality gap: 70.86708586271197, tolerance: 6.552282409638554
  positive)
/home/cgzhu/anaconda3/envs/migration-plus/lib/python3.6/site-packages/sklearn/linear_model/_coordinate_descent.py:531: ConvergenceWarning: Objective did not converge. You might want to increase the number of iterations. Duality gap: 56.35725939861368, tolerance: 6.552282409638554
  positive)
/home/cgzhu/anaconda3/envs/migration-plus/lib/python3.6/site-packages/sklearn/linear_model/_coordinate_descent.py:531: ConvergenceWarning: Objective did not converge. You might want to increase the number of iterations. Duality gap: 86.86084291784573, tolerance: 6.552282409638554
  positive)
/home/cgzhu/anaconda3/envs/migration-plus/lib/python3.6/site-packages/sklearn/linear_model/_coordinate_descent.py:531: ConvergenceWarning: Objective did not converge. You might want to increase the number of iterations. Duality gap: 128.66906679839485, tolerance: 6.552282409638554
  positive)
/home/cgzhu/anaconda3/envs/migration-plus/lib/python3.6/site-packages/sklearn/linear_model/_coordinate_descent.py:531: ConvergenceWarning: Objective did not converge. You might want to increase the number of iterations. Duality gap: 197.7995583939628, tolerance: 6.552282409638554
  positive)
/home/cgzhu/anaconda3/envs/migration-plus/lib/python3.6/site-packages/sklearn/linear_model/_coordinate_descent.py:531: ConvergenceWarning: Objective did not converge. You might want to increase the number of iterations. Duality gap: 260.790030450813, tolerance: 6.552282409638554
  positive)
/home/cgzhu/anaconda3/envs/migration-plus/lib/python3.6/site-packages/sklearn/linear_model/_coordinate_descent.py:531: ConvergenceWarning: Objective did not converge. You might want to increase the number of iterations. Duality gap: 165.97389679310618, tolerance: 6.552282409638554
  positive)
/home/cgzhu/anaconda3/envs/migration-plus/lib/python3.6/site-packages/sklearn/linear_model/_coordinate_descent.py:531: ConvergenceWarning: Objective did not converge. You might want to increase the number of iterations. Duality gap: 158.61323282148078, tolerance: 6.552282409638554
  positive)
/home/cgzhu/anaconda3/envs/migration-plus/lib/python3.6/site-packages/sklearn/linear_model/_coordinate_descent.py:531: ConvergenceWarning: Objective did not converge. You might want to increase the number of iterations. Duality gap: 152.31305800341215, tolerance: 6.552282409638554
  positive)
/home/cgzhu/anaconda3/envs/migration-plus/lib/python3.6/site-packages/sklearn/linear_model/_coordinate_descent.py:531: ConvergenceWarning: Objective did not converge. You might want to increase the number of iterations. Duality gap: 184.95058319024793, tolerance: 6.552282409638554
  positive)
/home/cgzhu/anaconda3/envs/migration-plus/lib/python3.6/site-packages/sklearn/linear_model/_coordinate_descent.py:531: ConvergenceWarning: Objective did not converge. You might want to increase the number of iterations. Duality gap: 257.113980595097, tolerance: 6.552282409638554
  positive)
/home/cgzhu/anaconda3/envs/migration-plus/lib/python3.6/site-packages/sklearn/linear_model/_coordinate_descent.py:531: ConvergenceWarning: Objective did not converge. You might want to increase the number of iterations. Duality gap: 269.408738065933, tolerance: 6.552282409638554
  positive)
/home/cgzhu/anaconda3/envs/migration-plus/lib/python3.6/site-packages/sklearn/linear_model/_coordinate_descent.py:531: ConvergenceWarning: Objective did not converge. You might want to increase the number of iterations. Duality gap: 321.9988296544252, tolerance: 6.552282409638554
  positive)
/home/cgzhu/anaconda3/envs/migration-plus/lib/python3.6/site-packages/sklearn/linear_model/_coordinate_descent.py:531: ConvergenceWarning: Objective did not converge. You might want to increase the number of iterations. Duality gap: 345.9830333302307, tolerance: 6.552282409638554
  positive)
/home/cgzhu/anaconda3/envs/migration-plus/lib/python3.6/site-packages/sklearn/linear_model/_coordinate_descent.py:531: ConvergenceWarning: Objective did not converge. You might want to increase the number of iterations. Duality gap: 320.4493688657276, tolerance: 6.552282409638554
  positive)
/home/cgzhu/anaconda3/envs/migration-plus/lib/python3.6/site-packages/sklearn/linear_model/_coordinate_descent.py:531: ConvergenceWarning: Objective did not converge. You might want to increase the number of iterations. Duality gap: 495.5656981957454, tolerance: 6.552282409638554
  positive)
/home/cgzhu/anaconda3/envs/migration-plus/lib/python3.6/site-packages/sklearn/linear_model/_coordinate_descent.py:531: ConvergenceWarning: Objective did not converge. You might want to increase the number of iterations. Duality gap: 514.6552678663365, tolerance: 6.552282409638554
  positive)
/home/cgzhu/anaconda3/envs/migration-plus/lib/python3.6/site-packages/sklearn/linear_model/_coordinate_descent.py:531: ConvergenceWarning: Objective did not converge. You might want to increase the number of iterations. Duality gap: 461.69926869055325, tolerance: 6.552282409638554
  positive)
/home/cgzhu/anaconda3/envs/migration-plus/lib/python3.6/site-packages/sklearn/linear_model/_coordinate_descent.py:531: ConvergenceWarning: Objective did not converge. You might want to increase the number of iterations. Duality gap: 477.06640572629294, tolerance: 6.552282409638554
  positive)
/home/cgzhu/anaconda3/envs/migration-plus/lib/python3.6/site-packages/sklearn/linear_model/_coordinate_descent.py:531: ConvergenceWarning: Objective did not converge. You might want to increase the number of iterations. Duality gap: 351.80247947417774, tolerance: 6.552282409638554
  positive)
/home/cgzhu/anaconda3/envs/migration-plus/lib/python3.6/site-packages/sklearn/linear_model/_coordinate_descent.py:531: ConvergenceWarning: Objective did not converge. You might want to increase the number of iterations. Duality gap: 331.06642602963075, tolerance: 6.552282409638554
  positive)
/home/cgzhu/anaconda3/envs/migration-plus/lib/python3.6/site-packages/sklearn/linear_model/_coordinate_descent.py:531: ConvergenceWarning: Objective did not converge. You might want to increase the number of iterations. Duality gap: 12.029461589450875, tolerance: 6.512242891566266
  positive)
/home/cgzhu/anaconda3/envs/migration-plus/lib/python3.6/site-packages/sklearn/linear_model/_coordinate_descent.py:531: ConvergenceWarning: Objective did not converge. You might want to increase the number of iterations. Duality gap: 12.043342932716769, tolerance: 6.512242891566266
  positive)
/home/cgzhu/anaconda3/envs/migration-plus/lib/python3.6/site-packages/sklearn/linear_model/_coordinate_descent.py:531: ConvergenceWarning: Objective did not converge. You might want to increase the number of iterations. Duality gap: 18.795753684840747, tolerance: 6.512242891566266
  positive)
/home/cgzhu/anaconda3/envs/migration-plus/lib/python3.6/site-packages/sklearn/linear_model/_coordinate_descent.py:531: ConvergenceWarning: Objective did not converge. You might want to increase the number of iterations. Duality gap: 19.744827074218847, tolerance: 6.512242891566266
  positive)
/home/cgzhu/anaconda3/envs/migration-plus/lib/python3.6/site-packages/sklearn/linear_model/_coordinate_descent.py:531: ConvergenceWarning: Objective did not converge. You might want to increase the number of iterations. Duality gap: 18.206203267953242, tolerance: 6.512242891566266
  positive)
/home/cgzhu/anaconda3/envs/migration-plus/lib/python3.6/site-packages/sklearn/linear_model/_coordinate_descent.py:531: ConvergenceWarning: Objective did not converge. You might want to increase the number of iterations. Duality gap: 18.07747425683374, tolerance: 6.512242891566266
  positive)
/home/cgzhu/anaconda3/envs/migration-plus/lib/python3.6/site-packages/sklearn/linear_model/_coordinate_descent.py:531: ConvergenceWarning: Objective did not converge. You might want to increase the number of iterations. Duality gap: 12.546120713177515, tolerance: 6.512242891566266
  positive)
/home/cgzhu/anaconda3/envs/migration-plus/lib/python3.6/site-packages/sklearn/linear_model/_coordinate_descent.py:531: ConvergenceWarning: Objective did not converge. You might want to increase the number of iterations. Duality gap: 17.665180053532822, tolerance: 6.512242891566266
  positive)
/home/cgzhu/anaconda3/envs/migration-plus/lib/python3.6/site-packages/sklearn/linear_model/_coordinate_descent.py:531: ConvergenceWarning: Objective did not converge. You might want to increase the number of iterations. Duality gap: 22.977275189705324, tolerance: 6.512242891566266
  positive)
/home/cgzhu/anaconda3/envs/migration-plus/lib/python3.6/site-packages/sklearn/linear_model/_coordinate_descent.py:531: ConvergenceWarning: Objective did not converge. You might want to increase the number of iterations. Duality gap: 33.552007157843036, tolerance: 6.512242891566266
  positive)
/home/cgzhu/anaconda3/envs/migration-plus/lib/python3.6/site-packages/sklearn/linear_model/_coordinate_descent.py:531: ConvergenceWarning: Objective did not converge. You might want to increase the number of iterations. Duality gap: 42.916881820670824, tolerance: 6.512242891566266
  positive)
/home/cgzhu/anaconda3/envs/migration-plus/lib/python3.6/site-packages/sklearn/linear_model/_coordinate_descent.py:531: ConvergenceWarning: Objective did not converge. You might want to increase the number of iterations. Duality gap: 50.95803876793616, tolerance: 6.512242891566266
  positive)
/home/cgzhu/anaconda3/envs/migration-plus/lib/python3.6/site-packages/sklearn/linear_model/_coordinate_descent.py:531: ConvergenceWarning: Objective did not converge. You might want to increase the number of iterations. Duality gap: 59.164050123334164, tolerance: 6.512242891566266
  positive)
/home/cgzhu/anaconda3/envs/migration-plus/lib/python3.6/site-packages/sklearn/linear_model/_coordinate_descent.py:531: ConvergenceWarning: Objective did not converge. You might want to increase the number of iterations. Duality gap: 67.51605008600745, tolerance: 6.512242891566266
  positive)
/home/cgzhu/anaconda3/envs/migration-plus/lib/python3.6/site-packages/sklearn/linear_model/_coordinate_descent.py:531: ConvergenceWarning: Objective did not converge. You might want to increase the number of iterations. Duality gap: 67.23389926146228, tolerance: 6.512242891566266
  positive)
/home/cgzhu/anaconda3/envs/migration-plus/lib/python3.6/site-packages/sklearn/linear_model/_coordinate_descent.py:531: ConvergenceWarning: Objective did not converge. You might want to increase the number of iterations. Duality gap: 57.77773922706547, tolerance: 6.512242891566266
  positive)
/home/cgzhu/anaconda3/envs/migration-plus/lib/python3.6/site-packages/sklearn/linear_model/_coordinate_descent.py:531: ConvergenceWarning: Objective did not converge. You might want to increase the number of iterations. Duality gap: 76.681573145328, tolerance: 6.512242891566266
  positive)
/home/cgzhu/anaconda3/envs/migration-plus/lib/python3.6/site-packages/sklearn/linear_model/_coordinate_descent.py:531: ConvergenceWarning: Objective did not converge. You might want to increase the number of iterations. Duality gap: 52.411304437100625, tolerance: 6.512242891566266
  positive)
/home/cgzhu/anaconda3/envs/migration-plus/lib/python3.6/site-packages/sklearn/linear_model/_coordinate_descent.py:531: ConvergenceWarning: Objective did not converge. You might want to increase the number of iterations. Duality gap: 83.82936623948444, tolerance: 6.512242891566266
  positive)
/home/cgzhu/anaconda3/envs/migration-plus/lib/python3.6/site-packages/sklearn/linear_model/_coordinate_descent.py:531: ConvergenceWarning: Objective did not converge. You might want to increase the number of iterations. Duality gap: 48.75452425302865, tolerance: 6.512242891566266
  positive)
/home/cgzhu/anaconda3/envs/migration-plus/lib/python3.6/site-packages/sklearn/linear_model/_coordinate_descent.py:531: ConvergenceWarning: Objective did not converge. You might want to increase the number of iterations. Duality gap: 45.2753093126139, tolerance: 6.512242891566266
  positive)
/home/cgzhu/anaconda3/envs/migration-plus/lib/python3.6/site-packages/sklearn/linear_model/_coordinate_descent.py:531: ConvergenceWarning: Objective did not converge. You might want to increase the number of iterations. Duality gap: 46.82983613292163, tolerance: 6.512242891566266
  positive)
/home/cgzhu/anaconda3/envs/migration-plus/lib/python3.6/site-packages/sklearn/linear_model/_coordinate_descent.py:531: ConvergenceWarning: Objective did not converge. You might want to increase the number of iterations. Duality gap: 51.42865036791591, tolerance: 6.512242891566266
  positive)
/home/cgzhu/anaconda3/envs/migration-plus/lib/python3.6/site-packages/sklearn/linear_model/_coordinate_descent.py:531: ConvergenceWarning: Objective did not converge. You might want to increase the number of iterations. Duality gap: 80.08881708207264, tolerance: 6.512242891566266
  positive)
/home/cgzhu/anaconda3/envs/migration-plus/lib/python3.6/site-packages/sklearn/linear_model/_coordinate_descent.py:531: ConvergenceWarning: Objective did not converge. You might want to increase the number of iterations. Duality gap: 133.00193477738685, tolerance: 6.512242891566266
  positive)
/home/cgzhu/anaconda3/envs/migration-plus/lib/python3.6/site-packages/sklearn/linear_model/_coordinate_descent.py:531: ConvergenceWarning: Objective did not converge. You might want to increase the number of iterations. Duality gap: 222.63670321596783, tolerance: 6.512242891566266
  positive)
/home/cgzhu/anaconda3/envs/migration-plus/lib/python3.6/site-packages/sklearn/linear_model/_coordinate_descent.py:531: ConvergenceWarning: Objective did not converge. You might want to increase the number of iterations. Duality gap: 416.27467221188, tolerance: 6.512242891566266
  positive)
/home/cgzhu/anaconda3/envs/migration-plus/lib/python3.6/site-packages/sklearn/linear_model/_coordinate_descent.py:531: ConvergenceWarning: Objective did not converge. You might want to increase the number of iterations. Duality gap: 527.6068797023308, tolerance: 6.512242891566266
  positive)
/home/cgzhu/anaconda3/envs/migration-plus/lib/python3.6/site-packages/sklearn/linear_model/_coordinate_descent.py:531: ConvergenceWarning: Objective did not converge. You might want to increase the number of iterations. Duality gap: 641.1492744198813, tolerance: 6.512242891566266
  positive)
/home/cgzhu/anaconda3/envs/migration-plus/lib/python3.6/site-packages/sklearn/linear_model/_coordinate_descent.py:531: ConvergenceWarning: Objective did not converge. You might want to increase the number of iterations. Duality gap: 683.8423028866073, tolerance: 6.512242891566266
  positive)
/home/cgzhu/anaconda3/envs/migration-plus/lib/python3.6/site-packages/sklearn/linear_model/_coordinate_descent.py:531: ConvergenceWarning: Objective did not converge. You might want to increase the number of iterations. Duality gap: 11.654515077127144, tolerance: 6.712587469879518
  positive)
/home/cgzhu/anaconda3/envs/migration-plus/lib/python3.6/site-packages/sklearn/linear_model/_coordinate_descent.py:531: ConvergenceWarning: Objective did not converge. You might want to increase the number of iterations. Duality gap: 18.323312073182024, tolerance: 6.712587469879518
  positive)
/home/cgzhu/anaconda3/envs/migration-plus/lib/python3.6/site-packages/sklearn/linear_model/_coordinate_descent.py:531: ConvergenceWarning: Objective did not converge. You might want to increase the number of iterations. Duality gap: 9.321699210859151, tolerance: 6.712587469879518
  positive)
/home/cgzhu/anaconda3/envs/migration-plus/lib/python3.6/site-packages/sklearn/linear_model/_coordinate_descent.py:531: ConvergenceWarning: Objective did not converge. You might want to increase the number of iterations. Duality gap: 10.577877597155748, tolerance: 6.712587469879518
  positive)
/home/cgzhu/anaconda3/envs/migration-plus/lib/python3.6/site-packages/sklearn/linear_model/_coordinate_descent.py:531: ConvergenceWarning: Objective did not converge. You might want to increase the number of iterations. Duality gap: 15.00866515141388, tolerance: 6.712587469879518
  positive)
/home/cgzhu/anaconda3/envs/migration-plus/lib/python3.6/site-packages/sklearn/linear_model/_coordinate_descent.py:531: ConvergenceWarning: Objective did not converge. You might want to increase the number of iterations. Duality gap: 18.688130996901236, tolerance: 6.712587469879518
  positive)
/home/cgzhu/anaconda3/envs/migration-plus/lib/python3.6/site-packages/sklearn/linear_model/_coordinate_descent.py:531: ConvergenceWarning: Objective did not converge. You might want to increase the number of iterations. Duality gap: 17.01809175697963, tolerance: 6.712587469879518
  positive)
/home/cgzhu/anaconda3/envs/migration-plus/lib/python3.6/site-packages/sklearn/linear_model/_coordinate_descent.py:531: ConvergenceWarning: Objective did not converge. You might want to increase the number of iterations. Duality gap: 22.48462080685931, tolerance: 6.712587469879518
  positive)
/home/cgzhu/anaconda3/envs/migration-plus/lib/python3.6/site-packages/sklearn/linear_model/_coordinate_descent.py:531: ConvergenceWarning: Objective did not converge. You might want to increase the number of iterations. Duality gap: 22.359941204920688, tolerance: 6.712587469879518
  positive)
/home/cgzhu/anaconda3/envs/migration-plus/lib/python3.6/site-packages/sklearn/linear_model/_coordinate_descent.py:531: ConvergenceWarning: Objective did not converge. You might want to increase the number of iterations. Duality gap: 14.547070033671844, tolerance: 6.712587469879518
  positive)
/home/cgzhu/anaconda3/envs/migration-plus/lib/python3.6/site-packages/sklearn/linear_model/_coordinate_descent.py:531: ConvergenceWarning: Objective did not converge. You might want to increase the number of iterations. Duality gap: 28.085123374803516, tolerance: 6.712587469879518
  positive)
/home/cgzhu/anaconda3/envs/migration-plus/lib/python3.6/site-packages/sklearn/linear_model/_coordinate_descent.py:531: ConvergenceWarning: Objective did not converge. You might want to increase the number of iterations. Duality gap: 24.266929858975345, tolerance: 6.712587469879518
  positive)
/home/cgzhu/anaconda3/envs/migration-plus/lib/python3.6/site-packages/sklearn/linear_model/_coordinate_descent.py:531: ConvergenceWarning: Objective did not converge. You might want to increase the number of iterations. Duality gap: 30.651857939035835, tolerance: 6.712587469879518
  positive)
/home/cgzhu/anaconda3/envs/migration-plus/lib/python3.6/site-packages/sklearn/linear_model/_coordinate_descent.py:531: ConvergenceWarning: Objective did not converge. You might want to increase the number of iterations. Duality gap: 42.59293320097822, tolerance: 6.712587469879518
  positive)
/home/cgzhu/anaconda3/envs/migration-plus/lib/python3.6/site-packages/sklearn/linear_model/_coordinate_descent.py:531: ConvergenceWarning: Objective did not converge. You might want to increase the number of iterations. Duality gap: 52.014845297348074, tolerance: 6.712587469879518
  positive)
/home/cgzhu/anaconda3/envs/migration-plus/lib/python3.6/site-packages/sklearn/linear_model/_coordinate_descent.py:531: ConvergenceWarning: Objective did not converge. You might want to increase the number of iterations. Duality gap: 47.678635523630874, tolerance: 6.712587469879518
  positive)
/home/cgzhu/anaconda3/envs/migration-plus/lib/python3.6/site-packages/sklearn/linear_model/_coordinate_descent.py:531: ConvergenceWarning: Objective did not converge. You might want to increase the number of iterations. Duality gap: 63.217953608356765, tolerance: 6.712587469879518
  positive)
/home/cgzhu/anaconda3/envs/migration-plus/lib/python3.6/site-packages/sklearn/linear_model/_coordinate_descent.py:531: ConvergenceWarning: Objective did not converge. You might want to increase the number of iterations. Duality gap: 82.59472687090783, tolerance: 6.712587469879518
  positive)
/home/cgzhu/anaconda3/envs/migration-plus/lib/python3.6/site-packages/sklearn/linear_model/_coordinate_descent.py:531: ConvergenceWarning: Objective did not converge. You might want to increase the number of iterations. Duality gap: 106.12108553892904, tolerance: 6.712587469879518
  positive)
/home/cgzhu/anaconda3/envs/migration-plus/lib/python3.6/site-packages/sklearn/linear_model/_coordinate_descent.py:531: ConvergenceWarning: Objective did not converge. You might want to increase the number of iterations. Duality gap: 179.01064617110205, tolerance: 6.712587469879518
  positive)
/home/cgzhu/anaconda3/envs/migration-plus/lib/python3.6/site-packages/sklearn/linear_model/_coordinate_descent.py:531: ConvergenceWarning: Objective did not converge. You might want to increase the number of iterations. Duality gap: 203.36057251291004, tolerance: 6.712587469879518
  positive)
/home/cgzhu/anaconda3/envs/migration-plus/lib/python3.6/site-packages/sklearn/linear_model/_coordinate_descent.py:531: ConvergenceWarning: Objective did not converge. You might want to increase the number of iterations. Duality gap: 132.6172082465082, tolerance: 6.712587469879518
  positive)
/home/cgzhu/anaconda3/envs/migration-plus/lib/python3.6/site-packages/sklearn/linear_model/_coordinate_descent.py:531: ConvergenceWarning: Objective did not converge. You might want to increase the number of iterations. Duality gap: 66.12278959650394, tolerance: 6.712587469879518
  positive)
/home/cgzhu/anaconda3/envs/migration-plus/lib/python3.6/site-packages/sklearn/linear_model/_coordinate_descent.py:531: ConvergenceWarning: Objective did not converge. You might want to increase the number of iterations. Duality gap: 245.3528123326896, tolerance: 6.712587469879518
  positive)
/home/cgzhu/anaconda3/envs/migration-plus/lib/python3.6/site-packages/sklearn/linear_model/_coordinate_descent.py:531: ConvergenceWarning: Objective did not converge. You might want to increase the number of iterations. Duality gap: 404.87144304315007, tolerance: 6.712587469879518
  positive)
/home/cgzhu/anaconda3/envs/migration-plus/lib/python3.6/site-packages/sklearn/linear_model/_coordinate_descent.py:531: ConvergenceWarning: Objective did not converge. You might want to increase the number of iterations. Duality gap: 609.7248465817893, tolerance: 6.712587469879518
  positive)
/home/cgzhu/anaconda3/envs/migration-plus/lib/python3.6/site-packages/sklearn/linear_model/_logistic.py:764: ConvergenceWarning: lbfgs failed to converge (status=1):
STOP: TOTAL NO. of ITERATIONS REACHED LIMIT.

Increase the number of iterations (max_iter) or scale the data as shown in:
    https://scikit-learn.org/stable/modules/preprocessing.html
Please also refer to the documentation for alternative solver options:
    https://scikit-learn.org/stable/modules/linear_model.html#logistic-regression
  extra_warning_msg=_LOGISTIC_SOLVER_CONVERGENCE_MSG)
camera_dataset.csv

                          count         mean         std  ...     50%     75%     max
Release date             1037.0  2003.596914    2.718361  ...  2004.0  2006.0  2007.0
Max resolution           1037.0  2476.071360  758.541004  ...  2560.0  3072.0  5616.0
Low resolution           1037.0  1775.029894  830.551314  ...  2048.0  2560.0  4992.0
Effective pixels         1037.0     4.600771    2.841828  ...     4.0     7.0    21.0
Zoom wide (W)            1037.0    32.958534   10.336950  ...    36.0    38.0    52.0
Zoom tele (T)            1037.0   121.532305   93.500223  ...   108.0   117.0   518.0
Normal focus range       1037.0    44.120540   24.140234  ...    50.0    60.0   120.0
Macro focus range        1036.0     7.756757    8.041841  ...     6.0    10.0    85.0
Storage included         1035.0    17.460870   27.450732  ...    16.0    20.0   450.0
Weight (inc. batteries)  1035.0   319.168116  260.517178  ...   226.0   345.0  1860.0
Dimensions               1035.0   105.373430   24.272349  ...   101.0   115.0   240.0
Price                    1037.0   457.652845  760.770633  ...   199.0   399.0  7999.0

[12 rows x 8 columns]
                    Model  Release date  ...  Dimensions   Price
0        Agfa ePhoto 1680          1998  ...       158.0   179.0
1        Agfa ePhoto CL18          2000  ...         0.0   179.0
2        Agfa ePhoto CL30          1999  ...         0.0   269.0
3  Agfa ePhoto CL30 Clik!          1999  ...       128.0  1299.0
4        Agfa ePhoto CL45          2001  ...       119.0   179.0

[5 rows x 13 columns]
                       Model  Release date  Max resolution  ...  Dimensions   Price  group
0           Agfa ePhoto 1680          1998          1280.0  ...       158.0   179.0      1
1           Agfa ePhoto CL18          2000           640.0  ...         0.0   179.0      5
2           Agfa ePhoto CL30          1999          1152.0  ...         0.0   269.0      1
3     Agfa ePhoto CL30 Clik!          1999          1152.0  ...       128.0  1299.0      3
4           Agfa ePhoto CL45          2001          1600.0  ...       119.0   179.0      1
...                      ...           ...             ...  ...         ...     ...    ...
1032         Toshiba PDR-M65          2001          2048.0  ...       120.0    62.0      1
1033         Toshiba PDR-M70          2000          2048.0  ...       116.0    62.0      1
1034         Toshiba PDR-M71          2001          2048.0  ...       107.0    62.0      1
1035         Toshiba PDR-M81          2001          2400.0  ...       107.0    62.0      1
1036         Toshiba PDR-T10          2002          1600.0  ...        86.0   129.0      1

[1037 rows x 14 columns]
              countt   meant        stdt    mint  ...     maxgt      efft       eff2t  clustt
Release date                                      ...                                        
1994             1.0  1524.0  183.826005  1524.0  ...  4.859812  0.120621   22.173228       4
1995             1.0  3060.0  183.826005  3060.0  ...  4.859812  0.060074   11.043137       4
1996             4.0   784.0  183.826005   640.0  ...  7.437795  0.234472   43.102041       4
1997            10.0   832.0  290.947876   512.0  ...  7.437795  0.349697  101.743590       4
1998            32.0  1282.5  387.470540   640.0  ...  7.437795  0.302121  117.063095       4

[5 rows x 19 columns]
Performing dimensionality reduction using LSA
Explained variance of the SVD step: 31%
<zip object at 0x7f505471ef88>
HuberRegressor %error 5.4 rmsle 0.07602478880836648
Ridge %error 1.5 rmsle 0.026011453410900588
Lasso %error 7.6 rmsle 0.10120348129782832
LassoCV %error 6.1 rmsle 0.0852015696380304
Lars %error 10.4 rmsle 0.12990326214927586
SGDClassifier %error 4.2 rmsle 0.09404505538250135
RidgeClassifier %error 2.7 rmsle 0.07085129677783553
LogisticRegression %error 3.1 rmsle 0.07916388471418621
OrthogonalMatchingPursuit %error 4.9 rmsle 0.06645082597834756
<zip object at 0x7f506de26308>

Traceback (most recent call last):
  File "camera-notes.py", line 213, in <module>
    res = sm.OLS(Y,Xr).fit()
AttributeError: module 'statsmodels.formula.api' has no attribute 'OLS'
