../../../input/piyushgoyal443_red-wine-dataset/wineQualityReds.csv
Traceback (most recent call last):
  File "quality-of-red-wine-with-different-classifiers.py", line 55, in <module>
    from sklearn.externals.six import StringIO
ModuleNotFoundError: No module named 'sklearn.externals.six'
[Try Solution]: OrderedDict([('action', 'fqn'), ('old_fqn', 'sklearn.externals.six'), ('new_fqn', 'six'), ('line_no', 55)])../../../input/piyushgoyal443_red-wine-dataset/wineQualityReds.csv
<class 'pandas.core.frame.DataFrame'>
RangeIndex: 1599 entries, 0 to 1598
Data columns (total 13 columns):
 #   Column                Non-Null Count  Dtype  
---  ------                --------------  -----  
 0   Unnamed: 0            1599 non-null   int64  
 1   fixed.acidity         1599 non-null   float64
 2   volatile.acidity      1599 non-null   float64
 3   citric.acid           1599 non-null   float64
 4   residual.sugar        1599 non-null   float64
 5   chlorides             1599 non-null   float64
 6   free.sulfur.dioxide   1599 non-null   float64
 7   total.sulfur.dioxide  1599 non-null   float64
 8   density               1599 non-null   float64
 9   pH                    1599 non-null   float64
 10  sulphates             1599 non-null   float64
 11  alcohol               1599 non-null   float64
 12  quality               1599 non-null   int64  
dtypes: float64(11), int64(2)
memory usage: 162.5 KB
       Unnamed: 0  fixed.acidity  volatile.acidity  ...  sulphates  alcohol  quality
count      1599.0         1599.0            1599.0  ...     1599.0   1599.0   1599.0
mean        800.0            8.0               1.0  ...        1.0     10.0      6.0
std         462.0            2.0               0.0  ...        0.0      1.0      1.0
min           1.0            5.0               0.0  ...        0.0      8.0      3.0
25%         400.0            7.0               0.0  ...        1.0     10.0      5.0
50%         800.0            8.0               1.0  ...        1.0     10.0      6.0
75%        1200.0            9.0               1.0  ...        1.0     11.0      6.0
max        1599.0           16.0               2.0  ...        2.0     15.0      8.0

[8 rows x 13 columns]
Index([], dtype='object')




X_train (1279, 12) , X_test (320, 12) 
CV:  0.7396468996062993
Training set accuracy for Logistic Regression:  0.7458952306489445
Test set accuracy for Logistic Regression:  0.753125
              precision    recall  f1-score   support

           0       0.74      0.73      0.73       149
           1       0.77      0.77      0.77       171

    accuracy                           0.75       320
   macro avg       0.75      0.75      0.75       320
weighted avg       0.75      0.75      0.75       320

CV:  0.8038016732283465
Training set accuracy for KNN:  1.0
Test set accuracy for KNN:  0.771875
CV:  0.727134596456693
Training set accuracy for SVC:  0.7412040656763096
Test set accuracy for SVC:  0.765625
CV:  0.6950602854330709
Training set accuracy for DecisionTree:  0.7591868647380766
Test set accuracy for DecisionTree:  0.73125
CV:  0.8100393700787402
Training set:  1.0
Test set:  0.8
                      importance
alcohol                 0.166221
sulphates               0.119579
total.sulfur.dioxide    0.100744
volatile.acidity        0.091741
density                 0.079710
Unnamed: 0              0.075984
chlorides               0.071201
pH                      0.065441
fixed.acidity           0.062927
citric.acid             0.060061
free.sulfur.dioxide     0.054284
residual.sugar          0.052106


[REPAIR EXEC TIME]: 38.13919925689697../../../input/piyushgoyal443_red-wine-dataset/wineQualityReds.csv
Traceback (most recent call last):
  File "quality-of-red-wine-with-different-classifiers.py", line 55, in <module>
    from sklearn.externals.six import StringIO
ModuleNotFoundError: No module named 'sklearn.externals.six'
[Try Solution]: OrderedDict([('action', 'fqn'), ('old_fqn', 'sklearn.externals.six'), ('new_fqn', 'six'), ('line_no', 55)])../../../input/piyushgoyal443_red-wine-dataset/wineQualityReds.csv
<class 'pandas.core.frame.DataFrame'>
RangeIndex: 1599 entries, 0 to 1598
Data columns (total 13 columns):
 #   Column                Non-Null Count  Dtype  
---  ------                --------------  -----  
 0   Unnamed: 0            1599 non-null   int64  
 1   fixed.acidity         1599 non-null   float64
 2   volatile.acidity      1599 non-null   float64
 3   citric.acid           1599 non-null   float64
 4   residual.sugar        1599 non-null   float64
 5   chlorides             1599 non-null   float64
 6   free.sulfur.dioxide   1599 non-null   float64
 7   total.sulfur.dioxide  1599 non-null   float64
 8   density               1599 non-null   float64
 9   pH                    1599 non-null   float64
 10  sulphates             1599 non-null   float64
 11  alcohol               1599 non-null   float64
 12  quality               1599 non-null   int64  
dtypes: float64(11), int64(2)
memory usage: 162.5 KB
       Unnamed: 0  fixed.acidity  volatile.acidity  ...  sulphates  alcohol  quality
count      1599.0         1599.0            1599.0  ...     1599.0   1599.0   1599.0
mean        800.0            8.0               1.0  ...        1.0     10.0      6.0
std         462.0            2.0               0.0  ...        0.0      1.0      1.0
min           1.0            5.0               0.0  ...        0.0      8.0      3.0
25%         400.0            7.0               0.0  ...        1.0     10.0      5.0
50%         800.0            8.0               1.0  ...        1.0     10.0      6.0
75%        1200.0            9.0               1.0  ...        1.0     11.0      6.0
max        1599.0           16.0               2.0  ...        2.0     15.0      8.0

[8 rows x 13 columns]
Index([], dtype='object')




X_train (1279, 12) , X_test (320, 12) 
CV:  0.7349593996062993
Training set accuracy for Logistic Regression:  0.7419859265050821
Test set accuracy for Logistic Regression:  0.734375
              precision    recall  f1-score   support

           0       0.67      0.74      0.70       137
           1       0.79      0.73      0.76       183

    accuracy                           0.73       320
   macro avg       0.73      0.73      0.73       320
weighted avg       0.74      0.73      0.74       320

CV:  0.7943774606299213
Training set accuracy for KNN:  1.0
Test set accuracy for KNN:  0.74375
CV:  0.7357344980314962
Training set accuracy for SVC:  0.7458952306489445
Test set accuracy for SVC:  0.73125
CV:  0.6982221948818899
Training set accuracy for DecisionTree:  0.7599687255668491
Test set accuracy for DecisionTree:  0.7
CV:  0.804564468503937
Training set:  1.0
Test set:  0.78125
                      importance
alcohol                 0.165144
sulphates               0.121875
volatile.acidity        0.100514
total.sulfur.dioxide    0.092196
density                 0.083503
Unnamed: 0              0.079459
chlorides               0.069217
fixed.acidity           0.063277
pH                      0.061844
citric.acid             0.057683
free.sulfur.dioxide     0.052645
residual.sugar          0.052644


[REPAIR EXEC TIME]: 38.33179998397827