['Pokemon.csv']
<class 'pandas.core.frame.DataFrame'>
RangeIndex: 800 entries, 0 to 799
Data columns (total 13 columns):
 #   Column      Non-Null Count  Dtype 
---  ------      --------------  ----- 
 0   #           800 non-null    int64 
 1   Name        800 non-null    object
 2   Type 1      800 non-null    object
 3   Type 2      414 non-null    object
 4   Total       800 non-null    int64 
 5   HP          800 non-null    int64 
 6   Attack      800 non-null    int64 
 7   Defense     800 non-null    int64 
 8   Sp. Atk     800 non-null    int64 
 9   Sp. Def     800 non-null    int64 
 10  Speed       800 non-null    int64 
 11  Generation  800 non-null    int64 
 12  Legendary   800 non-null    bool  
dtypes: bool(1), int64(9), object(3)
memory usage: 75.9+ KB
<class 'pandas.core.frame.DataFrame'>
Int64Index: 800 entries, 1 to 721
Data columns (total 18 columns):
 #   Column    Non-Null Count  Dtype
---  ------    --------------  -----
 0   Bug       800 non-null    uint8
 1   Dark      800 non-null    uint8
 2   Dragon    800 non-null    uint8
 3   Electric  800 non-null    uint8
 4   Fairy     800 non-null    uint8
 5   Fighting  800 non-null    uint8
 6   Fire      800 non-null    uint8
 7   Flying    800 non-null    uint8
 8   Ghost     800 non-null    uint8
 9   Grass     800 non-null    uint8
 10  Ground    800 non-null    uint8
 11  Ice       800 non-null    uint8
 12  Normal    800 non-null    uint8
 13  Poison    800 non-null    uint8
 14  Psychic   800 non-null    uint8
 15  Rock      800 non-null    uint8
 16  Steel     800 non-null    uint8
 17  Water     800 non-null    uint8
dtypes: uint8(18)
memory usage: 20.3 KB
<class 'pandas.core.frame.DataFrame'>
Int64Index: 800 entries, 1 to 721
Data columns (total 28 columns):
 #   Column      Non-Null Count  Dtype 
---  ------      --------------  ----- 
 0   Name        800 non-null    object
 1   Total       800 non-null    int64 
 2   HP          800 non-null    int64 
 3   Attack      800 non-null    int64 
 4   Defense     800 non-null    int64 
 5   Sp. Atk     800 non-null    int64 
 6   Sp. Def     800 non-null    int64 
 7   Speed       800 non-null    int64 
 8   Generation  800 non-null    int64 
 9   Legendary   800 non-null    int64 
 10  Bug         800 non-null    uint8 
 11  Dark        800 non-null    uint8 
 12  Dragon      800 non-null    uint8 
 13  Electric    800 non-null    uint8 
 14  Fairy       800 non-null    uint8 
 15  Fighting    800 non-null    uint8 
 16  Fire        800 non-null    uint8 
 17  Flying      800 non-null    uint8 
 18  Ghost       800 non-null    uint8 
 19  Grass       800 non-null    uint8 
 20  Ground      800 non-null    uint8 
 21  Ice         800 non-null    uint8 
 22  Normal      800 non-null    uint8 
 23  Poison      800 non-null    uint8 
 24  Psychic     800 non-null    uint8 
 25  Rock        800 non-null    uint8 
 26  Steel       800 non-null    uint8 
 27  Water       800 non-null    uint8 
dtypes: int64(9), object(1), uint8(18)
memory usage: 82.8+ KB
Max train score 100.0 % and k = [1]
Max test score 95.625 % and k = [7]
              precision    recall  f1-score   support

           0       0.96      0.99      0.98       294
           1       0.83      0.58      0.68        26

    accuracy                           0.96       320
   macro avg       0.90      0.78      0.83       320
weighted avg       0.95      0.96      0.95       320

0.67202957286028

Traceback (most recent call last):
  File "pokemon-classification-and-smote-for-imbalance.py", line 449, in <module>
    sm = SMOTE(random_state=2, ratio = 'minority')
  File "/home/cgzhu/anaconda3/envs/migration-plus/lib/python3.6/site-packages/imblearn/utils/_validation.py", line 640, in inner_f
    return f(**kwargs)
TypeError: __init__() got an unexpected keyword argument 'ratio'
[Try Solution]: OrderedDict([('API', 'imblearn.over_sampling.SMOTE'), ('action', 'arg_delete'), ('from_name', 'ratio'), ('to_name', '*')])['Pokemon.csv']
<class 'pandas.core.frame.DataFrame'>
RangeIndex: 800 entries, 0 to 799
Data columns (total 13 columns):
 #   Column      Non-Null Count  Dtype 
---  ------      --------------  ----- 
 0   #           800 non-null    int64 
 1   Name        800 non-null    object
 2   Type 1      800 non-null    object
 3   Type 2      414 non-null    object
 4   Total       800 non-null    int64 
 5   HP          800 non-null    int64 
 6   Attack      800 non-null    int64 
 7   Defense     800 non-null    int64 
 8   Sp. Atk     800 non-null    int64 
 9   Sp. Def     800 non-null    int64 
 10  Speed       800 non-null    int64 
 11  Generation  800 non-null    int64 
 12  Legendary   800 non-null    bool  
dtypes: bool(1), int64(9), object(3)
memory usage: 75.9+ KB
<class 'pandas.core.frame.DataFrame'>
Int64Index: 800 entries, 1 to 721
Data columns (total 18 columns):
 #   Column    Non-Null Count  Dtype
---  ------    --------------  -----
 0   Bug       800 non-null    uint8
 1   Dark      800 non-null    uint8
 2   Dragon    800 non-null    uint8
 3   Electric  800 non-null    uint8
 4   Fairy     800 non-null    uint8
 5   Fighting  800 non-null    uint8
 6   Fire      800 non-null    uint8
 7   Flying    800 non-null    uint8
 8   Ghost     800 non-null    uint8
 9   Grass     800 non-null    uint8
 10  Ground    800 non-null    uint8
 11  Ice       800 non-null    uint8
 12  Normal    800 non-null    uint8
 13  Poison    800 non-null    uint8
 14  Psychic   800 non-null    uint8
 15  Rock      800 non-null    uint8
 16  Steel     800 non-null    uint8
 17  Water     800 non-null    uint8
dtypes: uint8(18)
memory usage: 20.3 KB
<class 'pandas.core.frame.DataFrame'>
Int64Index: 800 entries, 1 to 721
Data columns (total 28 columns):
 #   Column      Non-Null Count  Dtype 
---  ------      --------------  ----- 
 0   Name        800 non-null    object
 1   Total       800 non-null    int64 
 2   HP          800 non-null    int64 
 3   Attack      800 non-null    int64 
 4   Defense     800 non-null    int64 
 5   Sp. Atk     800 non-null    int64 
 6   Sp. Def     800 non-null    int64 
 7   Speed       800 non-null    int64 
 8   Generation  800 non-null    int64 
 9   Legendary   800 non-null    int64 
 10  Bug         800 non-null    uint8 
 11  Dark        800 non-null    uint8 
 12  Dragon      800 non-null    uint8 
 13  Electric    800 non-null    uint8 
 14  Fairy       800 non-null    uint8 
 15  Fighting    800 non-null    uint8 
 16  Fire        800 non-null    uint8 
 17  Flying      800 non-null    uint8 
 18  Ghost       800 non-null    uint8 
 19  Grass       800 non-null    uint8 
 20  Ground      800 non-null    uint8 
 21  Ice         800 non-null    uint8 
 22  Normal      800 non-null    uint8 
 23  Poison      800 non-null    uint8 
 24  Psychic     800 non-null    uint8 
 25  Rock        800 non-null    uint8 
 26  Steel       800 non-null    uint8 
 27  Water       800 non-null    uint8 
dtypes: int64(9), object(1), uint8(18)
memory usage: 82.8+ KB
Max train score 100.0 % and k = [1]
Max test score 95.625 % and k = [7]
              precision    recall  f1-score   support

           0       0.96      0.99      0.98       294
           1       0.83      0.58      0.68        26

    accuracy                           0.96       320
   macro avg       0.90      0.78      0.83       320
weighted avg       0.95      0.96      0.95       320

0.67202957286028

Max train score 100.0 % and k = [1, 2]
Max test score 93.125 % and k = [2]
              precision    recall  f1-score   support

           0       0.98      0.95      0.96       294
           1       0.56      0.77      0.65        26

    accuracy                           0.93       320
   macro avg       0.77      0.86      0.80       320
weighted avg       0.94      0.93      0.94       320

0.6180732260818462
Traceback (most recent call last):
  File "pokemon-classification-and-smote-for-imbalance.py", line 543, in <module>
    smt = SMOTETomek(ratio='auto')
  File "/home/cgzhu/anaconda3/envs/migration-plus/lib/python3.6/site-packages/imblearn/utils/_validation.py", line 640, in inner_f
    return f(**kwargs)
TypeError: __init__() got an unexpected keyword argument 'ratio'
[Try Solution]: OrderedDict([('API', 'imblearn.combine.SMOTETomek'), ('action', 'arg_delete'), ('from_name', 'ratio'), ('to_name', '*')])['Pokemon.csv']
<class 'pandas.core.frame.DataFrame'>
RangeIndex: 800 entries, 0 to 799
Data columns (total 13 columns):
 #   Column      Non-Null Count  Dtype 
---  ------      --------------  ----- 
 0   #           800 non-null    int64 
 1   Name        800 non-null    object
 2   Type 1      800 non-null    object
 3   Type 2      414 non-null    object
 4   Total       800 non-null    int64 
 5   HP          800 non-null    int64 
 6   Attack      800 non-null    int64 
 7   Defense     800 non-null    int64 
 8   Sp. Atk     800 non-null    int64 
 9   Sp. Def     800 non-null    int64 
 10  Speed       800 non-null    int64 
 11  Generation  800 non-null    int64 
 12  Legendary   800 non-null    bool  
dtypes: bool(1), int64(9), object(3)
memory usage: 75.9+ KB
<class 'pandas.core.frame.DataFrame'>
Int64Index: 800 entries, 1 to 721
Data columns (total 18 columns):
 #   Column    Non-Null Count  Dtype
---  ------    --------------  -----
 0   Bug       800 non-null    uint8
 1   Dark      800 non-null    uint8
 2   Dragon    800 non-null    uint8
 3   Electric  800 non-null    uint8
 4   Fairy     800 non-null    uint8
 5   Fighting  800 non-null    uint8
 6   Fire      800 non-null    uint8
 7   Flying    800 non-null    uint8
 8   Ghost     800 non-null    uint8
 9   Grass     800 non-null    uint8
 10  Ground    800 non-null    uint8
 11  Ice       800 non-null    uint8
 12  Normal    800 non-null    uint8
 13  Poison    800 non-null    uint8
 14  Psychic   800 non-null    uint8
 15  Rock      800 non-null    uint8
 16  Steel     800 non-null    uint8
 17  Water     800 non-null    uint8
dtypes: uint8(18)
memory usage: 20.3 KB
<class 'pandas.core.frame.DataFrame'>
Int64Index: 800 entries, 1 to 721
Data columns (total 28 columns):
 #   Column      Non-Null Count  Dtype 
---  ------      --------------  ----- 
 0   Name        800 non-null    object
 1   Total       800 non-null    int64 
 2   HP          800 non-null    int64 
 3   Attack      800 non-null    int64 
 4   Defense     800 non-null    int64 
 5   Sp. Atk     800 non-null    int64 
 6   Sp. Def     800 non-null    int64 
 7   Speed       800 non-null    int64 
 8   Generation  800 non-null    int64 
 9   Legendary   800 non-null    int64 
 10  Bug         800 non-null    uint8 
 11  Dark        800 non-null    uint8 
 12  Dragon      800 non-null    uint8 
 13  Electric    800 non-null    uint8 
 14  Fairy       800 non-null    uint8 
 15  Fighting    800 non-null    uint8 
 16  Fire        800 non-null    uint8 
 17  Flying      800 non-null    uint8 
 18  Ghost       800 non-null    uint8 
 19  Grass       800 non-null    uint8 
 20  Ground      800 non-null    uint8 
 21  Ice         800 non-null    uint8 
 22  Normal      800 non-null    uint8 
 23  Poison      800 non-null    uint8 
 24  Psychic     800 non-null    uint8 
 25  Rock        800 non-null    uint8 
 26  Steel       800 non-null    uint8 
 27  Water       800 non-null    uint8 
dtypes: int64(9), object(1), uint8(18)
memory usage: 82.8+ KB
Max train score 100.0 % and k = [1]
Max test score 95.625 % and k = [7]
              precision    recall  f1-score   support

           0       0.96      0.99      0.98       294
           1       0.83      0.58      0.68        26

    accuracy                           0.96       320
   macro avg       0.90      0.78      0.83       320
weighted avg       0.95      0.96      0.95       320

0.67202957286028

Max train score 100.0 % and k = [1, 2]
Max test score 93.125 % and k = [2]
              precision    recall  f1-score   support

           0       0.98      0.95      0.96       294
           1       0.56      0.77      0.65        26

    accuracy                           0.93       320
   macro avg       0.77      0.86      0.80       320
weighted avg       0.94      0.93      0.94       320

0.6180732260818462
Max train score 100.0 % and k = [1, 2]
Max test score 92.1875 % and k = [1, 2]
              precision    recall  f1-score   support

           0       0.98      0.94      0.96       294
           1       0.51      0.73      0.60        26

    accuracy                           0.92       320
   macro avg       0.74      0.83      0.78       320
weighted avg       0.94      0.92      0.93       320

0.572065638762842
[REPAIR EXEC TIME]: 17.056340217590332['Pokemon.csv']
<class 'pandas.core.frame.DataFrame'>
RangeIndex: 800 entries, 0 to 799
Data columns (total 13 columns):
 #   Column      Non-Null Count  Dtype 
---  ------      --------------  ----- 
 0   #           800 non-null    int64 
 1   Name        800 non-null    object
 2   Type 1      800 non-null    object
 3   Type 2      414 non-null    object
 4   Total       800 non-null    int64 
 5   HP          800 non-null    int64 
 6   Attack      800 non-null    int64 
 7   Defense     800 non-null    int64 
 8   Sp. Atk     800 non-null    int64 
 9   Sp. Def     800 non-null    int64 
 10  Speed       800 non-null    int64 
 11  Generation  800 non-null    int64 
 12  Legendary   800 non-null    bool  
dtypes: bool(1), int64(9), object(3)
memory usage: 75.9+ KB
<class 'pandas.core.frame.DataFrame'>
Int64Index: 800 entries, 1 to 721
Data columns (total 18 columns):
 #   Column    Non-Null Count  Dtype
---  ------    --------------  -----
 0   Bug       800 non-null    uint8
 1   Dark      800 non-null    uint8
 2   Dragon    800 non-null    uint8
 3   Electric  800 non-null    uint8
 4   Fairy     800 non-null    uint8
 5   Fighting  800 non-null    uint8
 6   Fire      800 non-null    uint8
 7   Flying    800 non-null    uint8
 8   Ghost     800 non-null    uint8
 9   Grass     800 non-null    uint8
 10  Ground    800 non-null    uint8
 11  Ice       800 non-null    uint8
 12  Normal    800 non-null    uint8
 13  Poison    800 non-null    uint8
 14  Psychic   800 non-null    uint8
 15  Rock      800 non-null    uint8
 16  Steel     800 non-null    uint8
 17  Water     800 non-null    uint8
dtypes: uint8(18)
memory usage: 20.3 KB
<class 'pandas.core.frame.DataFrame'>
Int64Index: 800 entries, 1 to 721
Data columns (total 28 columns):
 #   Column      Non-Null Count  Dtype 
---  ------      --------------  ----- 
 0   Name        800 non-null    object
 1   Total       800 non-null    int64 
 2   HP          800 non-null    int64 
 3   Attack      800 non-null    int64 
 4   Defense     800 non-null    int64 
 5   Sp. Atk     800 non-null    int64 
 6   Sp. Def     800 non-null    int64 
 7   Speed       800 non-null    int64 
 8   Generation  800 non-null    int64 
 9   Legendary   800 non-null    int64 
 10  Bug         800 non-null    uint8 
 11  Dark        800 non-null    uint8 
 12  Dragon      800 non-null    uint8 
 13  Electric    800 non-null    uint8 
 14  Fairy       800 non-null    uint8 
 15  Fighting    800 non-null    uint8 
 16  Fire        800 non-null    uint8 
 17  Flying      800 non-null    uint8 
 18  Ghost       800 non-null    uint8 
 19  Grass       800 non-null    uint8 
 20  Ground      800 non-null    uint8 
 21  Ice         800 non-null    uint8 
 22  Normal      800 non-null    uint8 
 23  Poison      800 non-null    uint8 
 24  Psychic     800 non-null    uint8 
 25  Rock        800 non-null    uint8 
 26  Steel       800 non-null    uint8 
 27  Water       800 non-null    uint8 
dtypes: int64(9), object(1), uint8(18)
memory usage: 82.8+ KB
Max train score 100.0 % and k = [1]
Max test score 95.625 % and k = [7]
              precision    recall  f1-score   support

           0       0.96      0.99      0.98       294
           1       0.83      0.58      0.68        26

    accuracy                           0.96       320
   macro avg       0.90      0.78      0.83       320
weighted avg       0.95      0.96      0.95       320

0.67202957286028

Traceback (most recent call last):
  File "pokemon-classification-and-smote-for-imbalance.py", line 449, in <module>
    sm = SMOTE(random_state=2, ratio = 'minority')
  File "/home/cgzhu/anaconda3/envs/migration-plus/lib/python3.6/site-packages/imblearn/utils/_validation.py", line 640, in inner_f
    return f(**kwargs)
TypeError: __init__() got an unexpected keyword argument 'ratio'
[Try Solution]: OrderedDict([('API', 'imblearn.over_sampling.SMOTE'), ('action', 'arg_delete'), ('from_name', 'ratio'), ('to_name', '*')])['Pokemon.csv']
<class 'pandas.core.frame.DataFrame'>
RangeIndex: 800 entries, 0 to 799
Data columns (total 13 columns):
 #   Column      Non-Null Count  Dtype 
---  ------      --------------  ----- 
 0   #           800 non-null    int64 
 1   Name        800 non-null    object
 2   Type 1      800 non-null    object
 3   Type 2      414 non-null    object
 4   Total       800 non-null    int64 
 5   HP          800 non-null    int64 
 6   Attack      800 non-null    int64 
 7   Defense     800 non-null    int64 
 8   Sp. Atk     800 non-null    int64 
 9   Sp. Def     800 non-null    int64 
 10  Speed       800 non-null    int64 
 11  Generation  800 non-null    int64 
 12  Legendary   800 non-null    bool  
dtypes: bool(1), int64(9), object(3)
memory usage: 75.9+ KB
<class 'pandas.core.frame.DataFrame'>
Int64Index: 800 entries, 1 to 721
Data columns (total 18 columns):
 #   Column    Non-Null Count  Dtype
---  ------    --------------  -----
 0   Bug       800 non-null    uint8
 1   Dark      800 non-null    uint8
 2   Dragon    800 non-null    uint8
 3   Electric  800 non-null    uint8
 4   Fairy     800 non-null    uint8
 5   Fighting  800 non-null    uint8
 6   Fire      800 non-null    uint8
 7   Flying    800 non-null    uint8
 8   Ghost     800 non-null    uint8
 9   Grass     800 non-null    uint8
 10  Ground    800 non-null    uint8
 11  Ice       800 non-null    uint8
 12  Normal    800 non-null    uint8
 13  Poison    800 non-null    uint8
 14  Psychic   800 non-null    uint8
 15  Rock      800 non-null    uint8
 16  Steel     800 non-null    uint8
 17  Water     800 non-null    uint8
dtypes: uint8(18)
memory usage: 20.3 KB
<class 'pandas.core.frame.DataFrame'>
Int64Index: 800 entries, 1 to 721
Data columns (total 28 columns):
 #   Column      Non-Null Count  Dtype 
---  ------      --------------  ----- 
 0   Name        800 non-null    object
 1   Total       800 non-null    int64 
 2   HP          800 non-null    int64 
 3   Attack      800 non-null    int64 
 4   Defense     800 non-null    int64 
 5   Sp. Atk     800 non-null    int64 
 6   Sp. Def     800 non-null    int64 
 7   Speed       800 non-null    int64 
 8   Generation  800 non-null    int64 
 9   Legendary   800 non-null    int64 
 10  Bug         800 non-null    uint8 
 11  Dark        800 non-null    uint8 
 12  Dragon      800 non-null    uint8 
 13  Electric    800 non-null    uint8 
 14  Fairy       800 non-null    uint8 
 15  Fighting    800 non-null    uint8 
 16  Fire        800 non-null    uint8 
 17  Flying      800 non-null    uint8 
 18  Ghost       800 non-null    uint8 
 19  Grass       800 non-null    uint8 
 20  Ground      800 non-null    uint8 
 21  Ice         800 non-null    uint8 
 22  Normal      800 non-null    uint8 
 23  Poison      800 non-null    uint8 
 24  Psychic     800 non-null    uint8 
 25  Rock        800 non-null    uint8 
 26  Steel       800 non-null    uint8 
 27  Water       800 non-null    uint8 
dtypes: int64(9), object(1), uint8(18)
memory usage: 82.8+ KB
Max train score 100.0 % and k = [1]
Max test score 95.625 % and k = [7]
              precision    recall  f1-score   support

           0       0.96      0.99      0.98       294
           1       0.83      0.58      0.68        26

    accuracy                           0.96       320
   macro avg       0.90      0.78      0.83       320
weighted avg       0.95      0.96      0.95       320

0.67202957286028

Max train score 100.0 % and k = [1, 2]
Max test score 93.125 % and k = [2]
              precision    recall  f1-score   support

           0       0.98      0.95      0.96       294
           1       0.56      0.77      0.65        26

    accuracy                           0.93       320
   macro avg       0.77      0.86      0.80       320
weighted avg       0.94      0.93      0.94       320

0.6180732260818462
Traceback (most recent call last):
  File "pokemon-classification-and-smote-for-imbalance.py", line 543, in <module>
    smt = SMOTETomek(ratio='auto')
  File "/home/cgzhu/anaconda3/envs/migration-plus/lib/python3.6/site-packages/imblearn/utils/_validation.py", line 640, in inner_f
    return f(**kwargs)
TypeError: __init__() got an unexpected keyword argument 'ratio'
[Try Solution]: OrderedDict([('API', 'imblearn.combine.SMOTETomek'), ('action', 'arg_delete'), ('from_name', 'ratio'), ('to_name', '*')])['Pokemon.csv']
<class 'pandas.core.frame.DataFrame'>
RangeIndex: 800 entries, 0 to 799
Data columns (total 13 columns):
 #   Column      Non-Null Count  Dtype 
---  ------      --------------  ----- 
 0   #           800 non-null    int64 
 1   Name        800 non-null    object
 2   Type 1      800 non-null    object
 3   Type 2      414 non-null    object
 4   Total       800 non-null    int64 
 5   HP          800 non-null    int64 
 6   Attack      800 non-null    int64 
 7   Defense     800 non-null    int64 
 8   Sp. Atk     800 non-null    int64 
 9   Sp. Def     800 non-null    int64 
 10  Speed       800 non-null    int64 
 11  Generation  800 non-null    int64 
 12  Legendary   800 non-null    bool  
dtypes: bool(1), int64(9), object(3)
memory usage: 75.9+ KB
<class 'pandas.core.frame.DataFrame'>
Int64Index: 800 entries, 1 to 721
Data columns (total 18 columns):
 #   Column    Non-Null Count  Dtype
---  ------    --------------  -----
 0   Bug       800 non-null    uint8
 1   Dark      800 non-null    uint8
 2   Dragon    800 non-null    uint8
 3   Electric  800 non-null    uint8
 4   Fairy     800 non-null    uint8
 5   Fighting  800 non-null    uint8
 6   Fire      800 non-null    uint8
 7   Flying    800 non-null    uint8
 8   Ghost     800 non-null    uint8
 9   Grass     800 non-null    uint8
 10  Ground    800 non-null    uint8
 11  Ice       800 non-null    uint8
 12  Normal    800 non-null    uint8
 13  Poison    800 non-null    uint8
 14  Psychic   800 non-null    uint8
 15  Rock      800 non-null    uint8
 16  Steel     800 non-null    uint8
 17  Water     800 non-null    uint8
dtypes: uint8(18)
memory usage: 20.3 KB
<class 'pandas.core.frame.DataFrame'>
Int64Index: 800 entries, 1 to 721
Data columns (total 28 columns):
 #   Column      Non-Null Count  Dtype 
---  ------      --------------  ----- 
 0   Name        800 non-null    object
 1   Total       800 non-null    int64 
 2   HP          800 non-null    int64 
 3   Attack      800 non-null    int64 
 4   Defense     800 non-null    int64 
 5   Sp. Atk     800 non-null    int64 
 6   Sp. Def     800 non-null    int64 
 7   Speed       800 non-null    int64 
 8   Generation  800 non-null    int64 
 9   Legendary   800 non-null    int64 
 10  Bug         800 non-null    uint8 
 11  Dark        800 non-null    uint8 
 12  Dragon      800 non-null    uint8 
 13  Electric    800 non-null    uint8 
 14  Fairy       800 non-null    uint8 
 15  Fighting    800 non-null    uint8 
 16  Fire        800 non-null    uint8 
 17  Flying      800 non-null    uint8 
 18  Ghost       800 non-null    uint8 
 19  Grass       800 non-null    uint8 
 20  Ground      800 non-null    uint8 
 21  Ice         800 non-null    uint8 
 22  Normal      800 non-null    uint8 
 23  Poison      800 non-null    uint8 
 24  Psychic     800 non-null    uint8 
 25  Rock        800 non-null    uint8 
 26  Steel       800 non-null    uint8 
 27  Water       800 non-null    uint8 
dtypes: int64(9), object(1), uint8(18)
memory usage: 82.8+ KB
Max train score 100.0 % and k = [1]
Max test score 95.625 % and k = [7]
              precision    recall  f1-score   support

           0       0.96      0.99      0.98       294
           1       0.83      0.58      0.68        26

    accuracy                           0.96       320
   macro avg       0.90      0.78      0.83       320
weighted avg       0.95      0.96      0.95       320

0.67202957286028

Max train score 100.0 % and k = [1, 2]
Max test score 93.125 % and k = [2]
              precision    recall  f1-score   support

           0       0.98      0.95      0.96       294
           1       0.56      0.77      0.65        26

    accuracy                           0.93       320
   macro avg       0.77      0.86      0.80       320
weighted avg       0.94      0.93      0.94       320

0.6180732260818462
Max train score 100.0 % and k = [1, 2]
Max test score 93.125 % and k = [1, 2]
              precision    recall  f1-score   support

           0       0.98      0.95      0.96       294
           1       0.56      0.77      0.65        26

    accuracy                           0.93       320
   macro avg       0.77      0.86      0.80       320
weighted avg       0.94      0.93      0.94       320

0.6180732260818462
[REPAIR EXEC TIME]: 16.190635681152344