[Parallel(n_jobs=1)]: Using backend SequentialBackend with 1 concurrent workers.
[Parallel(n_jobs=1)]: Done   5 out of   5 | elapsed:    0.0s finished
[Parallel(n_jobs=1)]: Using backend SequentialBackend with 1 concurrent workers.
[Parallel(n_jobs=1)]: Done   5 out of   5 | elapsed:    0.0s finished
<class 'pandas.core.frame.DataFrame'>
RangeIndex: 115 entries, 0 to 114
Data columns (total 14 columns):
 #   Column          Non-Null Count  Dtype  
---  ------          --------------  -----  
 0   PatientId       115 non-null    float64
 1   AppointmentID   115 non-null    int64  
 2   Gender          115 non-null    object 
 3   ScheduledDay    115 non-null    object 
 4   AppointmentDay  115 non-null    object 
 5   Age             115 non-null    int64  
 6   Neighbourhood   115 non-null    object 
 7   Scholarship     115 non-null    int64  
 8   Hipertension    115 non-null    int64  
 9   Diabetes        115 non-null    int64  
 10  Alcoholism      115 non-null    int64  
 11  Handcap         115 non-null    int64  
 12  SMS_received    115 non-null    int64  
 13  No-show         115 non-null    object 
dtypes: float64(1), int64(8), object(5)
memory usage: 12.7+ KB

Accuracy: 77.27%
Feature ranking:
1. feature 4 (0.267697)
2. feature 9 (0.171049)
3. feature 0 (0.149659)
4. feature 8 (0.137803)
5. feature 10 (0.088672)
6. feature 3 (0.058857)
7. feature 7 (0.056604)
8. feature 6 (0.034105)
9. feature 1 (0.019647)
10. feature 5 (0.008987)
11. feature 2 (0.006921)

Accuracy: 81.82%
Feature ranking:
1. feature 0 (0.231997)
2. feature 8 (0.195708)
3. feature 4 (0.171957)
4. feature 9 (0.159674)
5. feature 10 (0.095782)
6. feature 7 (0.074942)
7. feature 3 (0.021051)
8. feature 6 (0.017425)
9. feature 1 (0.015868)
10. feature 2 (0.015596)
11. feature 5 (0.000000)

Confusion matrix, without normalization
[[27  2]
 [ 4  0]]

Normalized confusion matrix
[[0.93 0.07]
 [1.   0.  ]]


