/home/cgzhu/anaconda3/envs/migration-plus/lib/python3.6/site-packages/sklearn/linear_model/_logistic.py:764: ConvergenceWarning: lbfgs failed to converge (status=1):
STOP: TOTAL NO. of ITERATIONS REACHED LIMIT.

Increase the number of iterations (max_iter) or scale the data as shown in:
    https://scikit-learn.org/stable/modules/preprocessing.html
Please also refer to the documentation for alternative solver options:
    https://scikit-learn.org/stable/modules/linear_model.html#logistic-regression
  extra_warning_msg=_LOGISTIC_SOLVER_CONVERGENCE_MSG)
/home/cgzhu/anaconda3/envs/migration-plus/lib/python3.6/site-packages/sklearn/neural_network/_multilayer_perceptron.py:471: ConvergenceWarning: lbfgs failed to converge (status=1):
STOP: TOTAL NO. of ITERATIONS REACHED LIMIT.

Increase the number of iterations (max_iter) or scale the data as shown in:
    https://scikit-learn.org/stable/modules/preprocessing.html
  self.n_iter_ = _check_optimize_result("lbfgs", opt_res, self.max_iter)
/home/cgzhu/anaconda3/envs/migration-plus/lib/python3.6/site-packages/xgboost/sklearn.py:892: UserWarning: The use of label encoder in XGBClassifier is deprecated and will be removed in a future release. To remove this warning, do the following: 1) Pass option use_label_encoder=False when constructing XGBClassifier object; and 2) Encode your labels (y) as integers starting with 0, i.e. 0, 1, 2, ..., [num_class - 1].
  warnings.warn(label_encoder_deprecation_msg, UserWarning)
<class 'pandas.core.frame.DataFrame'>
RangeIndex: 480 entries, 0 to 479
Data columns (total 17 columns):
 #   Column                    Non-Null Count  Dtype 
---  ------                    --------------  ----- 
 0   gender                    480 non-null    object
 1   NationalITy               480 non-null    object
 2   PlaceofBirth              480 non-null    object
 3   StageID                   480 non-null    object
 4   GradeID                   480 non-null    object
 5   SectionID                 480 non-null    object
 6   Topic                     480 non-null    object
 7   Semester                  480 non-null    object
 8   Relation                  480 non-null    object
 9   raisedhands               480 non-null    int64 
 10  VisITedResources          480 non-null    int64 
 11  AnnouncementsView         480 non-null    int64 
 12  Discussion                480 non-null    int64 
 13  ParentAnsweringSurvey     480 non-null    object
 14  ParentschoolSatisfaction  480 non-null    object
 15  StudentAbsenceDays        480 non-null    object
 16  Class                     480 non-null    object
dtypes: int64(4), object(13)
memory usage: 63.9+ KB




[14:33:34] WARNING: ../src/learner.cc:1061: Starting in XGBoost 1.3.0, the default evaluation metric used with the objective 'multi:softprob' was changed from 'merror' to 'mlogloss'. Explicitly set eval_metric if you'd like to restore the old behavior.
