[Parallel(n_jobs=1)]: Using backend SequentialBackend with 1 concurrent workers.
[Parallel(n_jobs=1)]: Done   5 out of   5 | elapsed:    0.0s finished
[Parallel(n_jobs=1)]: Using backend SequentialBackend with 1 concurrent workers.
[Parallel(n_jobs=1)]: Done   5 out of   5 | elapsed:    0.0s finished
<class 'pandas.core.frame.DataFrame'>
RangeIndex: 115 entries, 0 to 114
Data columns (total 14 columns):
 #   Column          Non-Null Count  Dtype  
---  ------          --------------  -----  
 0   PatientId       115 non-null    float64
 1   AppointmentID   115 non-null    int64  
 2   Gender          115 non-null    object 
 3   ScheduledDay    115 non-null    object 
 4   AppointmentDay  115 non-null    object 
 5   Age             115 non-null    int64  
 6   Neighbourhood   115 non-null    object 
 7   Scholarship     115 non-null    int64  
 8   Hipertension    115 non-null    int64  
 9   Diabetes        115 non-null    int64  
 10  Alcoholism      115 non-null    int64  
 11  Handcap         115 non-null    int64  
 12  SMS_received    115 non-null    int64  
 13  No-show         115 non-null    object 
dtypes: float64(1), int64(8), object(5)
memory usage: 12.7+ KB

Accuracy: 77.27%
Feature ranking:
1. feature 4 (0.274497)
2. feature 0 (0.161183)
3. feature 8 (0.160361)
4. feature 9 (0.151634)
5. feature 10 (0.127357)
6. feature 1 (0.037322)
7. feature 7 (0.035565)
8. feature 3 (0.020963)
9. feature 6 (0.012982)
10. feature 5 (0.012196)
11. feature 2 (0.005940)

Accuracy: 84.85%
Feature ranking:
1. feature 9 (0.241840)
2. feature 4 (0.171804)
3. feature 8 (0.101175)
4. feature 10 (0.093864)
5. feature 1 (0.091975)
6. feature 6 (0.076937)
7. feature 7 (0.067760)
8. feature 2 (0.054116)
9. feature 0 (0.043341)
10. feature 5 (0.031951)
11. feature 3 (0.025236)

Confusion matrix, without normalization
[[28  1]
 [ 4  0]]

Normalized confusion matrix
[[0.97 0.03]
 [1.   0.  ]]


