Traceback (most recent call last):
  File "telecom-churn.py", line 60, in <module>
    from sklearn.externals import joblib
ImportError: cannot import name 'joblib'
[Try Solution]: OrderedDict([('action', 'fqn'), ('old_fqn', 'sklearn.externals.joblib'), ('new_fqn', 'sklearn.experimental'), ('line_no', 60)])/home/cgzhu/anaconda3/envs/migration-plus/lib/python3.6/site-packages/sklearn/linear_model/_logistic.py:764: ConvergenceWarning: lbfgs failed to converge (status=1):
STOP: TOTAL NO. of ITERATIONS REACHED LIMIT.

Increase the number of iterations (max_iter) or scale the data as shown in:
    https://scikit-learn.org/stable/modules/preprocessing.html
Please also refer to the documentation for alternative solver options:
    https://scikit-learn.org/stable/modules/linear_model.html#logistic-regression
  extra_warning_msg=_LOGISTIC_SOLVER_CONVERGENCE_MSG)
/home/cgzhu/anaconda3/envs/migration-plus/lib/python3.6/site-packages/sklearn/linear_model/_logistic.py:764: ConvergenceWarning: lbfgs failed to converge (status=1):
STOP: TOTAL NO. of ITERATIONS REACHED LIMIT.

Increase the number of iterations (max_iter) or scale the data as shown in:
    https://scikit-learn.org/stable/modules/preprocessing.html
Please also refer to the documentation for alternative solver options:
    https://scikit-learn.org/stable/modules/linear_model.html#logistic-regression
  extra_warning_msg=_LOGISTIC_SOLVER_CONVERGENCE_MSG)
(3333, 21)
Index(['state', 'account length', 'area code', 'phone number',
       'international plan', 'voice mail plan', 'number vmail messages',
       'total day minutes', 'total day calls', 'total day charge',
       'total eve minutes', 'total eve calls', 'total eve charge',
       'total night minutes', 'total night calls', 'total night charge',
       'total intl minutes', 'total intl calls', 'total intl charge',
       'customer service calls', 'churn'],
      dtype='object')
WV    106
MN     84
NY     83
AL     80
OH     78
WI     78
OR     78
WY     77
VA     77
CT     74
VT     73
ID     73
MI     73
TX     72
UT     72
IN     71
MD     70
KS     70
NJ     68
MT     68
NC     68
NV     66
WA     66
CO     66
MA     65
RI     65
MS     65
AZ     64
MO     63
FL     63
NM     62
ME     62
ND     62
OK     61
NE     61
DE     61
SD     60
SC     60
KY     59
IL     58
NH     56
AR     55
GA     54
DC     54
TN     53
HI     53
AK     52
LA     51
PA     45
IA     44
CA     34
Name: state, dtype: int64
no     3010
yes     323
Name: international plan, dtype: int64
no     2411
yes     922
Name: voice mail plan, dtype: int64

Train accuracy:  1.0
Test accuracy:  0.944
Train data accuracy: 1.0
Test data accuracy: 0.9
Train accuracy: 0.8594084869267038
Test accuracy: 0.864
Traceback (most recent call last):
  File "telecom-churn.py", line 460, in <module>
    sklearn.experimental.dump(X_train,'X_train.pkl') 
AttributeError: module 'sklearn' has no attribute 'experimental'
[REPAIR EXEC TIME]: 10.872143983840942Traceback (most recent call last):
  File "telecom-churn.py", line 60, in <module>
    from sklearn.externals import joblib
ImportError: cannot import name 'joblib'
[Try Solution]: OrderedDict([('action', 'fqn'), ('old_fqn', 'sklearn.externals.joblib'), ('new_fqn', 'sklearn.experimental'), ('line_no', 60)])/home/cgzhu/anaconda3/envs/migration-plus/lib/python3.6/site-packages/sklearn/linear_model/_logistic.py:764: ConvergenceWarning: lbfgs failed to converge (status=1):
STOP: TOTAL NO. of ITERATIONS REACHED LIMIT.

Increase the number of iterations (max_iter) or scale the data as shown in:
    https://scikit-learn.org/stable/modules/preprocessing.html
Please also refer to the documentation for alternative solver options:
    https://scikit-learn.org/stable/modules/linear_model.html#logistic-regression
  extra_warning_msg=_LOGISTIC_SOLVER_CONVERGENCE_MSG)
/home/cgzhu/anaconda3/envs/migration-plus/lib/python3.6/site-packages/sklearn/linear_model/_logistic.py:764: ConvergenceWarning: lbfgs failed to converge (status=1):
STOP: TOTAL NO. of ITERATIONS REACHED LIMIT.

Increase the number of iterations (max_iter) or scale the data as shown in:
    https://scikit-learn.org/stable/modules/preprocessing.html
Please also refer to the documentation for alternative solver options:
    https://scikit-learn.org/stable/modules/linear_model.html#logistic-regression
  extra_warning_msg=_LOGISTIC_SOLVER_CONVERGENCE_MSG)
(3333, 21)
Index(['state', 'account length', 'area code', 'phone number',
       'international plan', 'voice mail plan', 'number vmail messages',
       'total day minutes', 'total day calls', 'total day charge',
       'total eve minutes', 'total eve calls', 'total eve charge',
       'total night minutes', 'total night calls', 'total night charge',
       'total intl minutes', 'total intl calls', 'total intl charge',
       'customer service calls', 'churn'],
      dtype='object')
WV    106
MN     84
NY     83
AL     80
OH     78
WI     78
OR     78
WY     77
VA     77
CT     74
MI     73
ID     73
VT     73
TX     72
UT     72
IN     71
KS     70
MD     70
MT     68
NJ     68
NC     68
NV     66
CO     66
WA     66
RI     65
MS     65
MA     65
AZ     64
FL     63
MO     63
ND     62
ME     62
NM     62
DE     61
OK     61
NE     61
SD     60
SC     60
KY     59
IL     58
NH     56
AR     55
GA     54
DC     54
HI     53
TN     53
AK     52
LA     51
PA     45
IA     44
CA     34
Name: state, dtype: int64
no     3010
yes     323
Name: international plan, dtype: int64
no     2411
yes     922
Name: voice mail plan, dtype: int64

Train accuracy:  1.0
Test accuracy:  0.958
Train data accuracy: 1.0
Test data accuracy: 0.909
Train accuracy: 0.8645520788684098
Test accuracy: 0.848
Traceback (most recent call last):
  File "telecom-churn.py", line 460, in <module>
    sklearn.experimental.dump(X_train,'X_train.pkl') 
AttributeError: module 'sklearn' has no attribute 'experimental'
[REPAIR EXEC TIME]: 7.206439733505249Traceback (most recent call last):
  File "telecom-churn.py", line 60, in <module>
    from sklearn.externals import joblib
ImportError: cannot import name 'joblib'
[Try Solution]: OrderedDict([('action', 'fqn'), ('old_fqn', 'sklearn.externals.joblib'), ('new_fqn', 'sklearn.experimental'), ('line_no', 60)])/home/cgzhu/anaconda3/envs/migration-plus/lib/python3.6/site-packages/sklearn/linear_model/_logistic.py:764: ConvergenceWarning: lbfgs failed to converge (status=1):
STOP: TOTAL NO. of ITERATIONS REACHED LIMIT.

Increase the number of iterations (max_iter) or scale the data as shown in:
    https://scikit-learn.org/stable/modules/preprocessing.html
Please also refer to the documentation for alternative solver options:
    https://scikit-learn.org/stable/modules/linear_model.html#logistic-regression
  extra_warning_msg=_LOGISTIC_SOLVER_CONVERGENCE_MSG)
/home/cgzhu/anaconda3/envs/migration-plus/lib/python3.6/site-packages/sklearn/linear_model/_logistic.py:764: ConvergenceWarning: lbfgs failed to converge (status=1):
STOP: TOTAL NO. of ITERATIONS REACHED LIMIT.

Increase the number of iterations (max_iter) or scale the data as shown in:
    https://scikit-learn.org/stable/modules/preprocessing.html
Please also refer to the documentation for alternative solver options:
    https://scikit-learn.org/stable/modules/linear_model.html#logistic-regression
  extra_warning_msg=_LOGISTIC_SOLVER_CONVERGENCE_MSG)
(3333, 21)
Index(['state', 'account length', 'area code', 'phone number',
       'international plan', 'voice mail plan', 'number vmail messages',
       'total day minutes', 'total day calls', 'total day charge',
       'total eve minutes', 'total eve calls', 'total eve charge',
       'total night minutes', 'total night calls', 'total night charge',
       'total intl minutes', 'total intl calls', 'total intl charge',
       'customer service calls', 'churn'],
      dtype='object')
WV    106
MN     84
NY     83
AL     80
WI     78
OH     78
OR     78
VA     77
WY     77
CT     74
ID     73
VT     73
MI     73
UT     72
TX     72
IN     71
KS     70
MD     70
MT     68
NJ     68
NC     68
CO     66
NV     66
WA     66
MS     65
MA     65
RI     65
AZ     64
FL     63
MO     63
NM     62
ND     62
ME     62
OK     61
DE     61
NE     61
SC     60
SD     60
KY     59
IL     58
NH     56
AR     55
DC     54
GA     54
TN     53
HI     53
AK     52
LA     51
PA     45
IA     44
CA     34
Name: state, dtype: int64
no     3010
yes     323
Name: international plan, dtype: int64
no     2411
yes     922
Name: voice mail plan, dtype: int64

Train accuracy:  1.0
Test accuracy:  0.953
Train data accuracy: 1.0
Test data accuracy: 0.904
Train accuracy: 0.8551221603086155
Test accuracy: 0.871
Traceback (most recent call last):
  File "telecom-churn.py", line 460, in <module>
    sklearn.experimental.dump(X_train,'X_train.pkl') 
AttributeError: module 'sklearn' has no attribute 'experimental'
[REPAIR EXEC TIME]: 7.100064516067505Traceback (most recent call last):
  File "telecom-churn.py", line 60, in <module>
    from sklearn.externals import joblib
ImportError: cannot import name 'joblib'
[Try Solution]: OrderedDict([('action', 'fqn'), ('old_fqn', 'sklearn.externals.joblib'), ('new_fqn', 'sklearn.experimental'), ('line_no', 60)])/home/cgzhu/anaconda3/envs/migration-plus/lib/python3.6/site-packages/sklearn/linear_model/_logistic.py:764: ConvergenceWarning: lbfgs failed to converge (status=1):
STOP: TOTAL NO. of ITERATIONS REACHED LIMIT.

Increase the number of iterations (max_iter) or scale the data as shown in:
    https://scikit-learn.org/stable/modules/preprocessing.html
Please also refer to the documentation for alternative solver options:
    https://scikit-learn.org/stable/modules/linear_model.html#logistic-regression
  extra_warning_msg=_LOGISTIC_SOLVER_CONVERGENCE_MSG)
/home/cgzhu/anaconda3/envs/migration-plus/lib/python3.6/site-packages/sklearn/linear_model/_logistic.py:764: ConvergenceWarning: lbfgs failed to converge (status=1):
STOP: TOTAL NO. of ITERATIONS REACHED LIMIT.

Increase the number of iterations (max_iter) or scale the data as shown in:
    https://scikit-learn.org/stable/modules/preprocessing.html
Please also refer to the documentation for alternative solver options:
    https://scikit-learn.org/stable/modules/linear_model.html#logistic-regression
  extra_warning_msg=_LOGISTIC_SOLVER_CONVERGENCE_MSG)
(3333, 21)
Index(['state', 'account length', 'area code', 'phone number',
       'international plan', 'voice mail plan', 'number vmail messages',
       'total day minutes', 'total day calls', 'total day charge',
       'total eve minutes', 'total eve calls', 'total eve charge',
       'total night minutes', 'total night calls', 'total night charge',
       'total intl minutes', 'total intl calls', 'total intl charge',
       'customer service calls', 'churn'],
      dtype='object')
WV    106
MN     84
NY     83
AL     80
WI     78
OR     78
OH     78
WY     77
VA     77
CT     74
MI     73
ID     73
VT     73
UT     72
TX     72
IN     71
MD     70
KS     70
NJ     68
NC     68
MT     68
NV     66
WA     66
CO     66
MA     65
RI     65
MS     65
AZ     64
MO     63
FL     63
ND     62
ME     62
NM     62
DE     61
NE     61
OK     61
SD     60
SC     60
KY     59
IL     58
NH     56
AR     55
DC     54
GA     54
TN     53
HI     53
AK     52
LA     51
PA     45
IA     44
CA     34
Name: state, dtype: int64
no     3010
yes     323
Name: international plan, dtype: int64
no     2411
yes     922
Name: voice mail plan, dtype: int64

Train accuracy:  1.0
Test accuracy:  0.954
Train data accuracy: 1.0
Test data accuracy: 0.933
Train accuracy: 0.856408058294042
Test accuracy: 0.859
Traceback (most recent call last):
  File "telecom-churn.py", line 460, in <module>
    sklearn.experimental.dump(X_train,'X_train.pkl') 
AttributeError: module 'sklearn' has no attribute 'experimental'
[REPAIR EXEC TIME]: 9.35339617729187