../../../input/piyushgoyal443_red-wine-dataset/wineQualityReds.csv
Traceback (most recent call last):
  File "quality-of-red-wine-with-different-classifiers.py", line 55, in <module>
    from sklearn.externals.six import StringIO
ModuleNotFoundError: No module named 'sklearn.externals.six'
[Try Solution]: OrderedDict([('action', 'fqn'), ('old_fqn', 'sklearn.externals.six'), ('new_fqn', 'six'), ('line_no', 55)])../../../input/piyushgoyal443_red-wine-dataset/wineQualityReds.csv
<class 'pandas.core.frame.DataFrame'>
RangeIndex: 1599 entries, 0 to 1598
Data columns (total 13 columns):
 #   Column                Non-Null Count  Dtype  
---  ------                --------------  -----  
 0   Unnamed: 0            1599 non-null   int64  
 1   fixed.acidity         1599 non-null   float64
 2   volatile.acidity      1599 non-null   float64
 3   citric.acid           1599 non-null   float64
 4   residual.sugar        1599 non-null   float64
 5   chlorides             1599 non-null   float64
 6   free.sulfur.dioxide   1599 non-null   float64
 7   total.sulfur.dioxide  1599 non-null   float64
 8   density               1599 non-null   float64
 9   pH                    1599 non-null   float64
 10  sulphates             1599 non-null   float64
 11  alcohol               1599 non-null   float64
 12  quality               1599 non-null   int64  
dtypes: float64(11), int64(2)
memory usage: 162.5 KB
       Unnamed: 0  fixed.acidity  volatile.acidity  ...  sulphates  alcohol  quality
count      1599.0         1599.0            1599.0  ...     1599.0   1599.0   1599.0
mean        800.0            8.0               1.0  ...        1.0     10.0      6.0
std         462.0            2.0               0.0  ...        0.0      1.0      1.0
min           1.0            5.0               0.0  ...        0.0      8.0      3.0
25%         400.0            7.0               0.0  ...        1.0     10.0      5.0
50%         800.0            8.0               1.0  ...        1.0     10.0      6.0
75%        1200.0            9.0               1.0  ...        1.0     11.0      6.0
max        1599.0           16.0               2.0  ...        2.0     15.0      8.0

[8 rows x 13 columns]
Index([], dtype='object')




X_train (1279, 12) , X_test (320, 12) 
CV:  0.7396592027559056
Training set accuracy for Logistic Regression:  0.746677091477717
Test set accuracy for Logistic Regression:  0.709375
              precision    recall  f1-score   support

           0       0.63      0.72      0.68       134
           1       0.78      0.70      0.74       186

    accuracy                           0.71       320
   macro avg       0.71      0.71      0.71       320
weighted avg       0.72      0.71      0.71       320

CV:  0.7920337106299213
Training set accuracy for KNN:  1.0
Test set accuracy for KNN:  0.771875
CV:  0.7427965059055118
Training set accuracy for SVC:  0.7521501172791243
Test set accuracy for SVC:  0.703125
CV:  0.7232468011811024
Training set accuracy for DecisionTree:  0.7474589523064894
Test set accuracy for DecisionTree:  0.703125
CV:  0.8060716043307087
Training set:  1.0
Test set:  0.825
                      importance
alcohol                 0.162470
sulphates               0.116715
volatile.acidity        0.110261
total.sulfur.dioxide    0.090816
Unnamed: 0              0.076973
density                 0.076339
chlorides               0.068550
fixed.acidity           0.064365
pH                      0.063480
citric.acid             0.061705
free.sulfur.dioxide     0.055481
residual.sugar          0.052844


[REPAIR EXEC TIME]: 38.91321921348572