Traceback (most recent call last):
  File "daraspeeding-decision-features-analysis.py", line 34, in <module>
    from sklearn.cross_validation import train_test_split
ModuleNotFoundError: No module named 'sklearn.cross_validation'
[Try Solution]: OrderedDict([('action', 'fqn'), ('old_fqn', 'sklearn.cross_validation'), ('new_fqn', 'sklearn.model_selection'), ('line_no', 34)])Speed Dating Data.csv

Top 10 Features with the highest F value
   Model.Feature_Importances_Based_on_F predictors.columns
0                               1316.63               like
1                               1093.92               attr
2                                533.17             attr_o
3                                379.04               shar
4                                366.71            C(race)
5                                360.49               prob
6                                327.71        C(samerace)
7                                247.59             prob_o
8                                134.75               sinc
9                                116.37                fun

if the partner are from the same race are more keen to go for a date?
what are the cross selections from the different races 
Top 10 Features with the highest F value
   Model.Feature_Importances_Based_on_F predictors.columns
0                           3158.150321               attr
1                           2620.042686               like
2                            802.125591               prob
3                            430.722457               sinc
4                            390.236235                amb
5                            155.712514               date
6                            153.864091             attr_o
7                            141.762974            imprace
8                            133.352701             go_out
9                            132.115839               shar

Confusion Matrix
[[9934 2328]
 [1927 4966]]
Accuracy Score
0.7778647872618115
Traceback (most recent call last):
  File "daraspeeding-decision-features-analysis.py", line 260, in <module>
    from sklearn.externals.six import StringIO
ModuleNotFoundError: No module named 'sklearn.externals.six'
[Try Solution]: OrderedDict([('action', 'fqn'), ('old_fqn', 'sklearn.externals.six'), ('new_fqn', 'six'), ('line_no', 260)])Speed Dating Data.csv

Top 10 Features with the highest F value
   Model.Feature_Importances_Based_on_F predictors.columns
0                               1316.63               like
1                               1093.92               attr
2                                533.17             attr_o
3                                379.04               shar
4                                366.71            C(race)
5                                360.49               prob
6                                327.71        C(samerace)
7                                247.59             prob_o
8                                134.75               sinc
9                                116.37                fun

if the partner are from the same race are more keen to go for a date?
what are the cross selections from the different races 
Top 10 Features with the highest F value
   Model.Feature_Importances_Based_on_F predictors.columns
0                           3158.150321               attr
1                           2620.042686               like
2                            802.125591               prob
3                            430.722457               sinc
4                            390.236235                amb
5                            155.712514               date
6                            153.864091             attr_o
7                            141.762974            imprace
8                            133.352701             go_out
9                            132.115839               shar

Confusion Matrix
[[10035  2393]
 [ 1838  4889]]
Accuracy Score
0.7791177238318977
ROC AUC: 0.76

Confusion Matrix
[[7758 2036]
 [1828 7416]]
Accuracy Score
0.7970375039394895
ROC AUC: 0.80

Confusion Matrix
[[11873     0]
 [    0  7282]]
Accuracy Score
1.0
AxesSubplot(0.125,0.11;0.775x0.77)
Confusion Matrix
[[9586    0]
 [   0 9452]]
Accuracy Score
1.0
AxesSubplot(0.125,0.11;0.775x0.77)
[REPAIR EXEC TIME]: 18.867501497268677Traceback (most recent call last):
  File "daraspeeding-decision-features-analysis.py", line 34, in <module>
    from sklearn.cross_validation import train_test_split
ModuleNotFoundError: No module named 'sklearn.cross_validation'
[Try Solution]: OrderedDict([('action', 'fqn'), ('old_fqn', 'sklearn.cross_validation'), ('new_fqn', 'sklearn.model_selection'), ('line_no', 34)])Speed Dating Data.csv

Top 10 Features with the highest F value
   Model.Feature_Importances_Based_on_F predictors.columns
0                               1316.63               like
1                               1093.92               attr
2                                533.17             attr_o
3                                379.04               shar
4                                366.71            C(race)
5                                360.49               prob
6                                327.71        C(samerace)
7                                247.59             prob_o
8                                134.75               sinc
9                                116.37                fun

if the partner are from the same race are more keen to go for a date?
what are the cross selections from the different races 
Top 10 Features with the highest F value
   Model.Feature_Importances_Based_on_F predictors.columns
0                           3158.150321               attr
1                           2620.042686               like
2                            802.125591               prob
3                            430.722457               sinc
4                            390.236235                amb
5                            155.712514               date
6                            153.864091             attr_o
7                            141.762974            imprace
8                            133.352701             go_out
9                            132.115839               shar

Confusion Matrix
[[10045  2336]
 [ 1865  4909]]
Accuracy Score
0.7806838945445054
Traceback (most recent call last):
  File "daraspeeding-decision-features-analysis.py", line 260, in <module>
    from sklearn.externals.six import StringIO
ModuleNotFoundError: No module named 'sklearn.externals.six'
[Try Solution]: OrderedDict([('action', 'fqn'), ('old_fqn', 'sklearn.externals.six'), ('new_fqn', 'six'), ('line_no', 260)])Speed Dating Data.csv

Top 10 Features with the highest F value
   Model.Feature_Importances_Based_on_F predictors.columns
0                               1316.63               like
1                               1093.92               attr
2                                533.17             attr_o
3                                379.04               shar
4                                366.71            C(race)
5                                360.49               prob
6                                327.71        C(samerace)
7                                247.59             prob_o
8                                134.75               sinc
9                                116.37                fun

if the partner are from the same race are more keen to go for a date?
what are the cross selections from the different races 
Top 10 Features with the highest F value
   Model.Feature_Importances_Based_on_F predictors.columns
0                           3158.150321               attr
1                           2620.042686               like
2                            802.125591               prob
3                            430.722457               sinc
4                            390.236235                amb
5                            155.712514               date
6                            153.864091             attr_o
7                            141.762974            imprace
8                            133.352701             go_out
9                            132.115839               shar

Confusion Matrix
[[10125  2405]
 [ 1790  4835]]
Accuracy Score
0.7809971286870269
ROC AUC: 0.76

Confusion Matrix
[[7829 2135]
 [1805 7269]]
Accuracy Score
0.7930454879714256
ROC AUC: 0.79

Confusion Matrix
[[11915     6]
 [    0  7234]]
Accuracy Score
0.9996867658574785
AxesSubplot(0.125,0.11;0.775x0.77)
Confusion Matrix
[[9634    0]
 [   0 9404]]
Accuracy Score
1.0
AxesSubplot(0.125,0.11;0.775x0.77)
[REPAIR EXEC TIME]: 19.419570207595825