<class 'pandas.core.frame.DataFrame'>
Int64Index: 53940 entries, 1 to 53940
Data columns (total 10 columns):
 #   Column   Non-Null Count  Dtype  
---  ------   --------------  -----  
 0   carat    53940 non-null  float64
 1   cut      53940 non-null  object 
 2   color    53940 non-null  object 
 3   clarity  53940 non-null  object 
 4   depth    53940 non-null  float64
 5   table    53940 non-null  float64
 6   price    53940 non-null  int64  
 7   x        53940 non-null  float64
 8   y        53940 non-null  float64
 9   z        53940 non-null  float64
dtypes: float64(6), int64(1), object(3)
memory usage: 4.5+ MB
(48545, 9)
(5394, 8)
Traceback (most recent call last):
  File "diamond-exploratory-analysis-and-visualizations.py", line 182, in <module>
    from sklearn.cross_validation import train_test_split
ModuleNotFoundError: No module named 'sklearn.cross_validation'
[Try Solution]: OrderedDict([('old_fqn', 'sklearn.cross_validation'), ('new_fqn', 'sklearn.model_selection'), ('line_no', 182)])<class 'pandas.core.frame.DataFrame'>
Int64Index: 53940 entries, 1 to 53940
Data columns (total 10 columns):
 #   Column   Non-Null Count  Dtype  
---  ------   --------------  -----  
 0   carat    53940 non-null  float64
 1   cut      53940 non-null  object 
 2   color    53940 non-null  object 
 3   clarity  53940 non-null  object 
 4   depth    53940 non-null  float64
 5   table    53940 non-null  float64
 6   price    53940 non-null  int64  
 7   x        53940 non-null  float64
 8   y        53940 non-null  float64
 9   z        53940 non-null  float64
dtypes: float64(6), int64(1), object(3)
memory usage: 4.5+ MB
(48545, 9)
(5394, 8)
Linear regression accuracy:  0.9050525874286627
Ridge regression accuracy:  0.7747096189238167
Lasso regression accuracy:  0.7747096189238167
Elastic net accuracy:  0.8741970439386988
[REPAIR EXEC TIME]: 15.207664966583252<class 'pandas.core.frame.DataFrame'>
Int64Index: 53940 entries, 1 to 53940
Data columns (total 10 columns):
 #   Column   Non-Null Count  Dtype  
---  ------   --------------  -----  
 0   carat    53940 non-null  float64
 1   cut      53940 non-null  object 
 2   color    53940 non-null  object 
 3   clarity  53940 non-null  object 
 4   depth    53940 non-null  float64
 5   table    53940 non-null  float64
 6   price    53940 non-null  int64  
 7   x        53940 non-null  float64
 8   y        53940 non-null  float64
 9   z        53940 non-null  float64
dtypes: float64(6), int64(1), object(3)
memory usage: 4.5+ MB
(48545, 9)
(5394, 8)
Traceback (most recent call last):
  File "diamond-exploratory-analysis-and-visualizations.py", line 182, in <module>
    from sklearn.cross_validation import train_test_split
ModuleNotFoundError: No module named 'sklearn.cross_validation'
[Try Solution]: OrderedDict([('action', 'fqn'), ('old_fqn', 'sklearn.cross_validation'), ('new_fqn', 'sklearn.model_selection'), ('line_no', 182)])<class 'pandas.core.frame.DataFrame'>
Int64Index: 53940 entries, 1 to 53940
Data columns (total 10 columns):
 #   Column   Non-Null Count  Dtype  
---  ------   --------------  -----  
 0   carat    53940 non-null  float64
 1   cut      53940 non-null  object 
 2   color    53940 non-null  object 
 3   clarity  53940 non-null  object 
 4   depth    53940 non-null  float64
 5   table    53940 non-null  float64
 6   price    53940 non-null  int64  
 7   x        53940 non-null  float64
 8   y        53940 non-null  float64
 9   z        53940 non-null  float64
dtypes: float64(6), int64(1), object(3)
memory usage: 4.5+ MB
(48545, 9)
(5394, 8)
Linear regression accuracy:  0.9068242011019628
Ridge regression accuracy:  0.7676503768146969
Lasso regression accuracy:  0.7676503768146969
Elastic net accuracy:  0.8833961145362142
[REPAIR EXEC TIME]: 14.959476232528687<class 'pandas.core.frame.DataFrame'>
Int64Index: 53940 entries, 1 to 53940
Data columns (total 10 columns):
 #   Column   Non-Null Count  Dtype  
---  ------   --------------  -----  
 0   carat    53940 non-null  float64
 1   cut      53940 non-null  object 
 2   color    53940 non-null  object 
 3   clarity  53940 non-null  object 
 4   depth    53940 non-null  float64
 5   table    53940 non-null  float64
 6   price    53940 non-null  int64  
 7   x        53940 non-null  float64
 8   y        53940 non-null  float64
 9   z        53940 non-null  float64
dtypes: float64(6), int64(1), object(3)
memory usage: 4.5+ MB
(48545, 9)
(5394, 8)
Traceback (most recent call last):
  File "diamond-exploratory-analysis-and-visualizations.py", line 182, in <module>
    from sklearn.cross_validation import train_test_split
ModuleNotFoundError: No module named 'sklearn.cross_validation'
[Try Solution]: OrderedDict([('action', 'fqn'), ('old_fqn', 'sklearn.cross_validation'), ('new_fqn', 'sklearn.model_selection'), ('line_no', 182)])<class 'pandas.core.frame.DataFrame'>
Int64Index: 53940 entries, 1 to 53940
Data columns (total 10 columns):
 #   Column   Non-Null Count  Dtype  
---  ------   --------------  -----  
 0   carat    53940 non-null  float64
 1   cut      53940 non-null  object 
 2   color    53940 non-null  object 
 3   clarity  53940 non-null  object 
 4   depth    53940 non-null  float64
 5   table    53940 non-null  float64
 6   price    53940 non-null  int64  
 7   x        53940 non-null  float64
 8   y        53940 non-null  float64
 9   z        53940 non-null  float64
dtypes: float64(6), int64(1), object(3)
memory usage: 4.5+ MB
(48545, 9)
(5394, 8)
Linear regression accuracy:  0.9017700363312929
Ridge regression accuracy:  0.7679284904378919
Lasso regression accuracy:  0.7679284904378919
Elastic net accuracy:  0.8793150807187432
[REPAIR EXEC TIME]: 15.13978123664856