['adult.csv']
<class 'pandas.core.frame.DataFrame'>
RangeIndex: 48842 entries, 0 to 48841
Data columns (total 15 columns):
 #   Column          Non-Null Count  Dtype 
---  ------          --------------  ----- 
 0   Age             48842 non-null  int64 
 1   Workclass       48842 non-null  object
 2   Fnlwgt          48842 non-null  int64 
 3   Education       48842 non-null  object
 4   Education_num   48842 non-null  int64 
 5   Martial_status  48842 non-null  object
 6   Occupation      48842 non-null  object
 7   Relationship    48842 non-null  object
 8   Race            48842 non-null  object
 9   Gender          48842 non-null  object
 10  Capital_gain    48842 non-null  int64 
 11  Capital_loss    48842 non-null  int64 
 12  hours_per_week  48842 non-null  int64 
 13  Native_country  48842 non-null  object
 14  Target          48842 non-null  object
dtypes: int64(6), object(9)
memory usage: 5.6+ MB
None
(48842, 15)
Workclass
2799
5.73%


Occupation
2809
5.75%


Native_country
857
1.75%


0.7896978134468922
0.8108263041519941
0.8543116861845876
0.7984604045532716
