Traceback (most recent call last):
  File "linear-regression-predicting-house-prices.py", line 17, in <module>
    from sklearn.cross_validation import train_test_split
ModuleNotFoundError: No module named 'sklearn.cross_validation'
[Try Solution]: OrderedDict([('old_fqn', 'sklearn.cross_validation'), ('new_fqn', 'sklearn.model_selection'), ('line_no', 17)])housing.csv

Shape : (20640, 9)
Features Data types : 
 longitude             float64
latitude              float64
housing_median_age    float64
total_rooms           float64
total_bedrooms        float64
population            float64
households            float64
median_income         float64
median_house_value    float64
dtype: object
checking if any null values
longitude               0
latitude                0
housing_median_age      0
total_rooms             0
total_bedrooms        207
population              0
households              0
median_income           0
median_house_value      0
dtype: int64
(20433, 8) (20433,)
(16346, 8)
(4087, 8)
Predicted Value : 95720.0557144424
Actual Value : 104900.0
[REPAIR EXEC TIME]: 2.4207749366760254Traceback (most recent call last):
  File "linear-regression-predicting-house-prices.py", line 17, in <module>
    from sklearn.cross_validation import train_test_split
ModuleNotFoundError: No module named 'sklearn.cross_validation'
[Try Solution]: OrderedDict([('action', 'fqn'), ('old_fqn', 'sklearn.cross_validation'), ('new_fqn', 'sklearn.model_selection'), ('line_no', 17)])housing.csv

Shape : (20640, 9)
Features Data types : 
 longitude             float64
latitude              float64
housing_median_age    float64
total_rooms           float64
total_bedrooms        float64
population            float64
households            float64
median_income         float64
median_house_value    float64
dtype: object
checking if any null values
longitude               0
latitude                0
housing_median_age      0
total_rooms             0
total_bedrooms        207
population              0
households              0
median_income           0
median_house_value      0
dtype: int64
(20433, 8) (20433,)
(16346, 8)
(4087, 8)
Predicted Value : 145854.2792747924
Actual Value : 78200.0
[REPAIR EXEC TIME]: 2.529513359069824Traceback (most recent call last):
  File "linear-regression-predicting-house-prices.py", line 17, in <module>
    from sklearn.cross_validation import train_test_split
ModuleNotFoundError: No module named 'sklearn.cross_validation'
[Try Solution]: OrderedDict([('action', 'fqn'), ('old_fqn', 'sklearn.cross_validation'), ('new_fqn', 'sklearn.model_selection'), ('line_no', 17)])housing.csv

Shape : (20640, 9)
Features Data types : 
 longitude             float64
latitude              float64
housing_median_age    float64
total_rooms           float64
total_bedrooms        float64
population            float64
households            float64
median_income         float64
median_house_value    float64
dtype: object
checking if any null values
longitude               0
latitude                0
housing_median_age      0
total_rooms             0
total_bedrooms        207
population              0
households              0
median_income           0
median_house_value      0
dtype: int64
(20433, 8) (20433,)
(16346, 8)
(4087, 8)
Predicted Value : 227905.81789214816
Actual Value : 224700.0
[REPAIR EXEC TIME]: 2.560079336166382