<class 'pandas.core.frame.DataFrame'>
RangeIndex: 3333 entries, 0 to 3332
Data columns (total 21 columns):
 #   Column                  Non-Null Count  Dtype  
---  ------                  --------------  -----  
 0   state                   3333 non-null   object 
 1   account length          3333 non-null   int64  
 2   area code               3333 non-null   int64  
 3   phone number            3333 non-null   object 
 4   international plan      3333 non-null   object 
 5   voice mail plan         3333 non-null   object 
 6   number vmail messages   3333 non-null   int64  
 7   total day minutes       3333 non-null   float64
 8   total day calls         3333 non-null   int64  
 9   total day charge        3333 non-null   float64
 10  total eve minutes       3333 non-null   float64
 11  total eve calls         3333 non-null   int64  
 12  total eve charge        3333 non-null   float64
 13  total night minutes     3333 non-null   float64
 14  total night calls       3333 non-null   int64  
 15  total night charge      3333 non-null   float64
 16  total intl minutes      3333 non-null   float64
 17  total intl calls        3333 non-null   int64  
 18  total intl charge       3333 non-null   float64
 19  customer service calls  3333 non-null   int64  
 20  churn                   3333 non-null   bool   
dtypes: bool(1), float64(8), int64(8), object(4)
memory usage: 524.2+ KB
num of pepole who stay: 2850
num of pepole who churn: 483

Traceback (most recent call last):
  File "churn-prediction-telecom.py", line 193, in <module>
    sm = SMOTE(n_jobs=0, ratio = 1.0)
  File "/home/cgzhu/anaconda3/envs/migration-plus/lib/python3.6/site-packages/imblearn/utils/_validation.py", line 640, in inner_f
    return f(**kwargs)
TypeError: __init__() got an unexpected keyword argument 'ratio'
