../../../input/johndasilva_diabetes/diabetes.csv
<class 'pandas.core.frame.DataFrame'>
RangeIndex: 2000 entries, 0 to 1999
Data columns (total 9 columns):
 #   Column                    Non-Null Count  Dtype  
---  ------                    --------------  -----  
 0   Pregnancies               2000 non-null   int64  
 1   Glucose                   2000 non-null   int64  
 2   BloodPressure             2000 non-null   int64  
 3   SkinThickness             2000 non-null   int64  
 4   Insulin                   2000 non-null   int64  
 5   BMI                       2000 non-null   float64
 6   DiabetesPedigreeFunction  2000 non-null   float64
 7   Age                       2000 non-null   int64  
 8   Outcome                   2000 non-null   int64  
dtypes: float64(2), int64(7)
memory usage: 140.8 KB
satir ve sutun =  (2000, 9)
Boyut sayisi =  2
eleman sayisi =  18000




Traceback (most recent call last):
  File "diabetes-classifications.py", line 159, in <module>
    loj_reg = LogisticRegression(penalty='l1').fit(x_train,y_train)
  File "/home/cgzhu/anaconda3/envs/migration-plus/lib/python3.6/site-packages/sklearn/linear_model/_logistic.py", line 1304, in fit
    solver = _check_solver(self.solver, self.penalty, self.dual)
  File "/home/cgzhu/anaconda3/envs/migration-plus/lib/python3.6/site-packages/sklearn/linear_model/_logistic.py", line 443, in _check_solver
    "got %s penalty." % (solver, penalty))
ValueError: Solver lbfgs supports only 'l2' or 'none' penalties, got l1 penalty.
