<class 'pandas.core.frame.DataFrame'>
RangeIndex: 569 entries, 0 to 568
Data columns (total 6 columns):
 #   Column           Non-Null Count  Dtype  
---  ------           --------------  -----  
 0   mean_radius      569 non-null    float64
 1   mean_texture     569 non-null    float64
 2   mean_perimeter   569 non-null    float64
 3   mean_area        569 non-null    float64
 4   mean_smoothness  569 non-null    float64
 5   diagnosis        569 non-null    int64  
dtypes: float64(5), int64(1)
memory usage: 26.8 KB



best depth =  {'max_depth': 50, 'min_samples_split': 50}
AUC value on train data =  91.7360724862971




Accuracy=92.105263%

precision=93.548387%

recall=92.063492%

F1-Score=92.800000%


Feature: 0, Score: 0.00000
Feature: 1, Score: 0.04277
Feature: 2, Score: 0.95723
Feature: 3, Score: 0.00000
Feature: 4, Score: 0.00000
Traceback (most recent call last):
  File "breast-cancer-prediction-decision-tree.py", line 204, in <module>
    from sklearn.externals.six import StringIO  
ModuleNotFoundError: No module named 'sklearn.externals.six'
[Try Solution]: OrderedDict([('action', 'fqn'), ('old_fqn', 'sklearn.externals.six'), ('new_fqn', 'six'), ('line_no', 204)])<class 'pandas.core.frame.DataFrame'>
RangeIndex: 569 entries, 0 to 568
Data columns (total 6 columns):
 #   Column           Non-Null Count  Dtype  
---  ------           --------------  -----  
 0   mean_radius      569 non-null    float64
 1   mean_texture     569 non-null    float64
 2   mean_perimeter   569 non-null    float64
 3   mean_area        569 non-null    float64
 4   mean_smoothness  569 non-null    float64
 5   diagnosis        569 non-null    int64  
dtypes: float64(5), int64(1)
memory usage: 26.8 KB



best depth =  {'max_depth': 100, 'min_samples_split': 50}
AUC value on train data =  94.24462299849846




Accuracy=90.350877%

precision=91.139241%

recall=94.736842%

F1-Score=92.903226%


Feature: 0, Score: 0.00000
Feature: 1, Score: 0.03678
Feature: 2, Score: 0.05364
Feature: 3, Score: 0.90958
Feature: 4, Score: 0.00000
[REPAIR EXEC TIME]: 6.13735294342041