['Hostel.csv']
Traceback (most recent call last):
  File "regression-mlr-lasso-ridge-and-elastic.py", line 27, in <module>
    from pandas.tools.plotting import scatter_matrix
ModuleNotFoundError: No module named 'pandas.tools'
[Try Solution]: OrderedDict([('action', 'fqn'), ('old_fqn', 'pandas.tools.plotting'), ('new_fqn', 'pandas.Series.rolling'), ('line_no', 27)])['Hostel.csv']
Traceback (most recent call last):
  File "regression-mlr-lasso-ridge-and-elastic.py", line 28, in <module>
    from pandas.Series.rolling import scatter_matrix
ModuleNotFoundError: No module named 'pandas.Series'
[Try Solution]: OrderedDict([('action', 'fqn'), ('old_fqn', 'pandas.tools.plotting'), ('new_fqn', 'pandas.Series.combine'), ('line_no', 27)])['Hostel.csv']
Traceback (most recent call last):
  File "regression-mlr-lasso-ridge-and-elastic.py", line 28, in <module>
    from pandas.Series.combine import scatter_matrix
ModuleNotFoundError: No module named 'pandas.Series'
[Try Solution]: OrderedDict([('action', 'fqn'), ('old_fqn', 'pandas.tools.plotting'), ('new_fqn', 'pandas.Timestamp.time'), ('line_no', 27)])['Hostel.csv']
Traceback (most recent call last):
  File "regression-mlr-lasso-ridge-and-elastic.py", line 28, in <module>
    from pandas.Timestamp.time import scatter_matrix
ModuleNotFoundError: No module named 'pandas.Timestamp'
[Try Solution]: OrderedDict([('action', 'fqn'), ('old_fqn', 'pandas.tools.plotting'), ('new_fqn', 'pandas.to_timedelta'), ('line_no', 27)])['Hostel.csv']
Traceback (most recent call last):
  File "regression-mlr-lasso-ridge-and-elastic.py", line 28, in <module>
    from pandas.to_timedelta import scatter_matrix
ModuleNotFoundError: No module named 'pandas.to_timedelta'
[Try Solution]: OrderedDict([('action', 'fqn'), ('old_fqn', 'pandas.tools.plotting'), ('new_fqn', 'pandas.BooleanDtype'), ('line_no', 27)])['Hostel.csv']
Traceback (most recent call last):
  File "regression-mlr-lasso-ridge-and-elastic.py", line 28, in <module>
    from pandas.BooleanDtype import scatter_matrix
ModuleNotFoundError: No module named 'pandas.BooleanDtype'
[Try Solution]: OrderedDict([('action', 'fqn'), ('old_fqn', 'pandas.tools.plotting'), ('new_fqn', 'pandas.Timestamp.min'), ('line_no', 27)])['Hostel.csv']
Traceback (most recent call last):
  File "regression-mlr-lasso-ridge-and-elastic.py", line 28, in <module>
    from pandas.Timestamp.min import scatter_matrix
ModuleNotFoundError: No module named 'pandas.Timestamp'
[Try Solution]: OrderedDict([('action', 'fqn'), ('old_fqn', 'pandas.tools.plotting'), ('new_fqn', 'pandas.Index.identical'), ('line_no', 27)])['Hostel.csv']
Traceback (most recent call last):
  File "regression-mlr-lasso-ridge-and-elastic.py", line 28, in <module>
    from pandas.Index.identical import scatter_matrix
ModuleNotFoundError: No module named 'pandas.Index'
[Try Solution]: OrderedDict([('action', 'fqn'), ('old_fqn', 'pandas.tools.plotting'), ('new_fqn', 'pandas.timedelta_range'), ('line_no', 27)])['Hostel.csv']
Traceback (most recent call last):
  File "regression-mlr-lasso-ridge-and-elastic.py", line 28, in <module>
    from pandas.timedelta_range import scatter_matrix
ModuleNotFoundError: No module named 'pandas.timedelta_range'
[Try Solution]: OrderedDict([('action', 'fqn'), ('old_fqn', 'pandas.tools.plotting'), ('new_fqn', 'pandas.plotting.table'), ('line_no', 27)])['Hostel.csv']
Traceback (most recent call last):
  File "regression-mlr-lasso-ridge-and-elastic.py", line 28, in <module>
    from pandas.plotting.table import scatter_matrix
ModuleNotFoundError: No module named 'pandas.plotting.table'
[Try Solution]: OrderedDict([('action', 'fqn'), ('old_fqn', 'pandas.tools.plotting'), ('new_fqn', 'pandas.Series.to_list'), ('line_no', 27)])['Hostel.csv']
Traceback (most recent call last):
  File "regression-mlr-lasso-ridge-and-elastic.py", line 28, in <module>
    from pandas.Series.to_list import scatter_matrix
ModuleNotFoundError: No module named 'pandas.Series'
[Try Solution]: OrderedDict([('action', 'fqn'), ('old_fqn', 'pandas.tools.plotting'), ('new_fqn', 'pandas.Series.notna'), ('line_no', 27)])['Hostel.csv']
Traceback (most recent call last):
  File "regression-mlr-lasso-ridge-and-elastic.py", line 28, in <module>
    from pandas.Series.notna import scatter_matrix
ModuleNotFoundError: No module named 'pandas.Series'
[Try Solution]: OrderedDict([('action', 'fqn'), ('old_fqn', 'pandas.tools.plotting'), ('new_fqn', 'pandas.Series.to_dict'), ('line_no', 27)])['Hostel.csv']
Traceback (most recent call last):
  File "regression-mlr-lasso-ridge-and-elastic.py", line 28, in <module>
    from pandas.Series.to_dict import scatter_matrix
ModuleNotFoundError: No module named 'pandas.Series'
[Try Solution]: OrderedDict([('action', 'fqn'), ('old_fqn', 'pandas.tools.plotting'), ('new_fqn', 'pandas.to_datetime'), ('line_no', 27)])['Hostel.csv']
Traceback (most recent call last):
  File "regression-mlr-lasso-ridge-and-elastic.py", line 28, in <module>
    from pandas.to_datetime import scatter_matrix
ModuleNotFoundError: No module named 'pandas.to_datetime'
[Try Solution]: OrderedDict([('action', 'fqn'), ('old_fqn', 'pandas.tools.plotting'), ('new_fqn', 'pandas.Series.loc'), ('line_no', 27)])['Hostel.csv']
Traceback (most recent call last):
  File "regression-mlr-lasso-ridge-and-elastic.py", line 28, in <module>
    from pandas.Series.loc import scatter_matrix
ModuleNotFoundError: No module named 'pandas.Series'
[Try Solution]: OrderedDict([('action', 'fqn'), ('old_fqn', 'pandas.tools.plotting'), ('new_fqn', 'pandas.Series.dot'), ('line_no', 27)])['Hostel.csv']
Traceback (most recent call last):
  File "regression-mlr-lasso-ridge-and-elastic.py", line 28, in <module>
    from pandas.Series.dot import scatter_matrix
ModuleNotFoundError: No module named 'pandas.Series'
[Try Solution]: OrderedDict([('action', 'fqn'), ('old_fqn', 'pandas.tools.plotting'), ('new_fqn', 'pandas.Period.month'), ('line_no', 27)])['Hostel.csv']
Traceback (most recent call last):
  File "regression-mlr-lasso-ridge-and-elastic.py", line 28, in <module>
    from pandas.Period.month import scatter_matrix
ModuleNotFoundError: No module named 'pandas.Period'
[Try Solution]: OrderedDict([('action', 'fqn'), ('old_fqn', 'pandas.tools.plotting'), ('new_fqn', 'pandas.Series.dt.time'), ('line_no', 27)])['Hostel.csv']
Traceback (most recent call last):
  File "regression-mlr-lasso-ridge-and-elastic.py", line 28, in <module>
    from pandas.Series.dt.time import scatter_matrix
ModuleNotFoundError: No module named 'pandas.Series'
[Try Solution]: OrderedDict([('action', 'fqn'), ('old_fqn', 'pandas.tools.plotting'), ('new_fqn', 'pandas.option_context'), ('line_no', 27)])['Hostel.csv']
Traceback (most recent call last):
  File "regression-mlr-lasso-ridge-and-elastic.py", line 28, in <module>
    from pandas.option_context import scatter_matrix
ModuleNotFoundError: No module named 'pandas.option_context'
[Try Solution]: OrderedDict([('action', 'fqn'), ('old_fqn', 'pandas.tools.plotting'), ('new_fqn', 'pandas.Series.last'), ('line_no', 27)])['Hostel.csv']
Traceback (most recent call last):
  File "regression-mlr-lasso-ridge-and-elastic.py", line 28, in <module>
    from pandas.Series.last import scatter_matrix
ModuleNotFoundError: No module named 'pandas.Series'
[Try Solution]: OrderedDict([('action', 'fqn'), ('old_fqn', 'pandas.tools.plotting'), ('new_fqn', 'pandas.Index.dropna'), ('line_no', 27)])['Hostel.csv']
Traceback (most recent call last):
  File "regression-mlr-lasso-ridge-and-elastic.py", line 28, in <module>
    from pandas.Index.dropna import scatter_matrix
ModuleNotFoundError: No module named 'pandas.Index'
[Try Solution]: OrderedDict([('action', 'fqn'), ('old_fqn', 'pandas.tools.plotting'), ('new_fqn', 'pandas.Series.cummin'), ('line_no', 27)])['Hostel.csv']
Traceback (most recent call last):
  File "regression-mlr-lasso-ridge-and-elastic.py", line 28, in <module>
    from pandas.Series.cummin import scatter_matrix
ModuleNotFoundError: No module named 'pandas.Series'
[Try Solution]: OrderedDict([('action', 'fqn'), ('old_fqn', 'pandas.tools.plotting'), ('new_fqn', 'pandas.Series.idxmin'), ('line_no', 27)])['Hostel.csv']
Traceback (most recent call last):
  File "regression-mlr-lasso-ridge-and-elastic.py", line 28, in <module>
    from pandas.Series.idxmin import scatter_matrix
ModuleNotFoundError: No module named 'pandas.Series'
[Try Solution]: OrderedDict([('action', 'fqn'), ('old_fqn', 'pandas.tools.plotting'), ('new_fqn', 'pandas.Series.argmin'), ('line_no', 27)])['Hostel.csv']
Traceback (most recent call last):
  File "regression-mlr-lasso-ridge-and-elastic.py", line 28, in <module>
    from pandas.Series.argmin import scatter_matrix
ModuleNotFoundError: No module named 'pandas.Series'
[Try Solution]: OrderedDict([('action', 'fqn'), ('old_fqn', 'pandas.tools.plotting'), ('new_fqn', 'pandas.DataFrame.min'), ('line_no', 27)])['Hostel.csv']
Traceback (most recent call last):
  File "regression-mlr-lasso-ridge-and-elastic.py", line 28, in <module>
    from pandas.DataFrame.min import scatter_matrix
ModuleNotFoundError: No module named 'pandas.DataFrame'
[Try Solution]: OrderedDict([('action', 'fqn'), ('old_fqn', 'pandas.tools.plotting'), ('new_fqn', 'pandas.Timedelta.min'), ('line_no', 27)])['Hostel.csv']
Traceback (most recent call last):
  File "regression-mlr-lasso-ridge-and-elastic.py", line 28, in <module>
    from pandas.Timedelta.min import scatter_matrix
ModuleNotFoundError: No module named 'pandas.Timedelta'
[Try Solution]: OrderedDict([('action', 'fqn'), ('old_fqn', 'pandas.tools.plotting'), ('new_fqn', 'pandas.Index.putmask'), ('line_no', 27)])['Hostel.csv']
Traceback (most recent call last):
  File "regression-mlr-lasso-ridge-and-elastic.py", line 28, in <module>
    from pandas.Index.putmask import scatter_matrix
ModuleNotFoundError: No module named 'pandas.Index'
[Try Solution]: OrderedDict([('action', 'fqn'), ('old_fqn', 'pandas.tools.plotting'), ('new_fqn', 'pandas.Series.at_time'), ('line_no', 27)])['Hostel.csv']
Traceback (most recent call last):
  File "regression-mlr-lasso-ridge-and-elastic.py", line 28, in <module>
    from pandas.Series.at_time import scatter_matrix
ModuleNotFoundError: No module named 'pandas.Series'
[Try Solution]: OrderedDict([('action', 'fqn'), ('old_fqn', 'pandas.tools.plotting'), ('new_fqn', 'pandas.crosstab'), ('line_no', 27)])['Hostel.csv']
Traceback (most recent call last):
  File "regression-mlr-lasso-ridge-and-elastic.py", line 28, in <module>
    from pandas.crosstab import scatter_matrix
ModuleNotFoundError: No module named 'pandas.crosstab'
[Try Solution]: OrderedDict([('action', 'fqn'), ('old_fqn', 'pandas.tools.plotting'), ('new_fqn', 'pandas.json_normalize'), ('line_no', 27)])['Hostel.csv']
Traceback (most recent call last):
  File "regression-mlr-lasso-ridge-and-elastic.py", line 28, in <module>
    from pandas.json_normalize import scatter_matrix
ModuleNotFoundError: No module named 'pandas.json_normalize'
[Try Solution]: OrderedDict([('action', 'fqn'), ('old_fqn', 'pandas.tools.plotting'), ('new_fqn', 'pandas.Index.all'), ('line_no', 27)])['Hostel.csv']
Traceback (most recent call last):
  File "regression-mlr-lasso-ridge-and-elastic.py", line 28, in <module>
    from pandas.Index.all import scatter_matrix
ModuleNotFoundError: No module named 'pandas.Index'
[Try Solution]: OrderedDict([('action', 'fqn'), ('old_fqn', 'pandas.tools.plotting'), ('new_fqn', 'pandas.to_numeric'), ('line_no', 27)])['Hostel.csv']
Traceback (most recent call last):
  File "regression-mlr-lasso-ridge-and-elastic.py", line 28, in <module>
    from pandas.to_numeric import scatter_matrix
ModuleNotFoundError: No module named 'pandas.to_numeric'
[Try Solution]: OrderedDict([('action', 'fqn'), ('old_fqn', 'pandas.tools.plotting'), ('new_fqn', 'pandas.Index.drop'), ('line_no', 27)])['Hostel.csv']
Traceback (most recent call last):
  File "regression-mlr-lasso-ridge-and-elastic.py", line 28, in <module>
    from pandas.Index.drop import scatter_matrix
ModuleNotFoundError: No module named 'pandas.Index'
[Try Solution]: OrderedDict([('action', 'fqn'), ('old_fqn', 'pandas.tools.plotting'), ('new_fqn', 'pandas.Index.asof'), ('line_no', 27)])['Hostel.csv']
Traceback (most recent call last):
  File "regression-mlr-lasso-ridge-and-elastic.py", line 28, in <module>
    from pandas.Index.asof import scatter_matrix
ModuleNotFoundError: No module named 'pandas.Index'
[Try Solution]: OrderedDict([('action', 'fqn'), ('old_fqn', 'pandas.tools.plotting'), ('new_fqn', 'pandas.Timestamp.tz'), ('line_no', 27)])['Hostel.csv']
Traceback (most recent call last):
  File "regression-mlr-lasso-ridge-and-elastic.py", line 28, in <module>
    from pandas.Timestamp.tz import scatter_matrix
ModuleNotFoundError: No module named 'pandas.Timestamp'
[Try Solution]: OrderedDict([('action', 'fqn'), ('old_fqn', 'pandas.tools.plotting'), ('new_fqn', 'pandas.read_sql_table'), ('line_no', 27)])['Hostel.csv']
Traceback (most recent call last):
  File "regression-mlr-lasso-ridge-and-elastic.py", line 28, in <module>
    from pandas.read_sql_table import scatter_matrix
ModuleNotFoundError: No module named 'pandas.read_sql_table'
[Try Solution]: OrderedDict([('action', 'fqn'), ('old_fqn', 'pandas.tools.plotting'), ('new_fqn', 'pandas.Index.empty'), ('line_no', 27)])['Hostel.csv']
Traceback (most recent call last):
  File "regression-mlr-lasso-ridge-and-elastic.py", line 28, in <module>
    from pandas.Index.empty import scatter_matrix
ModuleNotFoundError: No module named 'pandas.Index'
[Try Solution]: OrderedDict([('action', 'fqn'), ('old_fqn', 'pandas.tools.plotting'), ('new_fqn', 'pandas.Index.shift'), ('line_no', 27)])['Hostel.csv']
Traceback (most recent call last):
  File "regression-mlr-lasso-ridge-and-elastic.py", line 28, in <module>
    from pandas.Index.shift import scatter_matrix
ModuleNotFoundError: No module named 'pandas.Index'
[Try Solution]: OrderedDict([('action', 'fqn'), ('old_fqn', 'pandas.tools.plotting'), ('new_fqn', 'pandas.Index.nbytes'), ('line_no', 27)])['Hostel.csv']
Traceback (most recent call last):
  File "regression-mlr-lasso-ridge-and-elastic.py", line 28, in <module>
    from pandas.Index.nbytes import scatter_matrix
ModuleNotFoundError: No module named 'pandas.Index'
[Try Solution]: OrderedDict([('action', 'fqn'), ('old_fqn', 'pandas.tools.plotting'), ('new_fqn', 'pandas.Index.delete'), ('line_no', 27)])['Hostel.csv']
Traceback (most recent call last):
  File "regression-mlr-lasso-ridge-and-elastic.py", line 28, in <module>
    from pandas.Index.delete import scatter_matrix
ModuleNotFoundError: No module named 'pandas.Index'
[Try Solution]: OrderedDict([('action', 'fqn'), ('old_fqn', 'pandas.tools.plotting'), ('new_fqn', 'pandas.IntervalDtype'), ('line_no', 27)])['Hostel.csv']
Traceback (most recent call last):
  File "regression-mlr-lasso-ridge-and-elastic.py", line 28, in <module>
    from pandas.IntervalDtype import scatter_matrix
ModuleNotFoundError: No module named 'pandas.IntervalDtype'
[Try Solution]: OrderedDict([('action', 'fqn'), ('old_fqn', 'pandas.tools.plotting'), ('new_fqn', 'pandas.Timestamp.minute'), ('line_no', 27)])['Hostel.csv']
Traceback (most recent call last):
  File "regression-mlr-lasso-ridge-and-elastic.py", line 28, in <module>
    from pandas.Timestamp.minute import scatter_matrix
ModuleNotFoundError: No module named 'pandas.Timestamp'
[Try Solution]: OrderedDict([('action', 'fqn'), ('old_fqn', 'pandas.tools.plotting'), ('new_fqn', 'pandas.Timestamp.timetz'), ('line_no', 27)])['Hostel.csv']
Traceback (most recent call last):
  File "regression-mlr-lasso-ridge-and-elastic.py", line 28, in <module>
    from pandas.Timestamp.timetz import scatter_matrix
ModuleNotFoundError: No module named 'pandas.Timestamp'
[Try Solution]: OrderedDict([('action', 'fqn'), ('old_fqn', 'pandas.tools.plotting'), ('new_fqn', 'pandas.Timestamp.tzname'), ('line_no', 27)])['Hostel.csv']
Traceback (most recent call last):
  File "regression-mlr-lasso-ridge-and-elastic.py", line 28, in <module>
    from pandas.Timestamp.tzname import scatter_matrix
ModuleNotFoundError: No module named 'pandas.Timestamp'
[Try Solution]: OrderedDict([('action', 'fqn'), ('old_fqn', 'pandas.tools.plotting'), ('new_fqn', 'pandas.Timestamp.today'), ('line_no', 27)])['Hostel.csv']
Traceback (most recent call last):
  File "regression-mlr-lasso-ridge-and-elastic.py", line 28, in <module>
    from pandas.Timestamp.today import scatter_matrix
ModuleNotFoundError: No module named 'pandas.Timestamp'
[Try Solution]: OrderedDict([('action', 'fqn'), ('old_fqn', 'pandas.tools.plotting'), ('new_fqn', 'pandas.Index.asof_locs'), ('line_no', 27)])['Hostel.csv']
Traceback (most recent call last):
  File "regression-mlr-lasso-ridge-and-elastic.py", line 28, in <module>
    from pandas.Index.asof_locs import scatter_matrix
ModuleNotFoundError: No module named 'pandas.Index'
[Try Solution]: OrderedDict([('action', 'fqn'), ('old_fqn', 'pandas.tools.plotting'), ('new_fqn', 'pandas.Timestamp.month'), ('line_no', 27)])['Hostel.csv']
Traceback (most recent call last):
  File "regression-mlr-lasso-ridge-and-elastic.py", line 28, in <module>
    from pandas.Timestamp.month import scatter_matrix
ModuleNotFoundError: No module named 'pandas.Timestamp'
[Try Solution]: OrderedDict([('action', 'fqn'), ('old_fqn', 'pandas.tools.plotting'), ('new_fqn', 'pandas.Index.factorize'), ('line_no', 27)])['Hostel.csv']
Traceback (most recent call last):
  File "regression-mlr-lasso-ridge-and-elastic.py", line 28, in <module>
    from pandas.Index.factorize import scatter_matrix
ModuleNotFoundError: No module named 'pandas.Index'
[Try Solution]: OrderedDict([('action', 'fqn'), ('old_fqn', 'pandas.tools.plotting'), ('new_fqn', 'pandas.Index.droplevel'), ('line_no', 27)])['Hostel.csv']
Traceback (most recent call last):
  File "regression-mlr-lasso-ridge-and-elastic.py", line 28, in <module>
    from pandas.Index.droplevel import scatter_matrix
ModuleNotFoundError: No module named 'pandas.Index'
[Try Solution]: OrderedDict([('action', 'fqn'), ('old_fqn', 'pandas.tools.plotting'), ('new_fqn', 'pandas.Index.is_unique'), ('line_no', 27)])['Hostel.csv']
Traceback (most recent call last):
  File "regression-mlr-lasso-ridge-and-elastic.py", line 28, in <module>
    from pandas.Index.is_unique import scatter_matrix
ModuleNotFoundError: No module named 'pandas.Index'
[Try Solution]: OrderedDict([('action', 'fqn'), ('old_fqn', 'pandas.tools.plotting'), ('new_fqn', 'pandas.Series.to_pickle'), ('line_no', 27)])['Hostel.csv']
Traceback (most recent call last):
  File "regression-mlr-lasso-ridge-and-elastic.py", line 28, in <module>
    from pandas.Series.to_pickle import scatter_matrix
ModuleNotFoundError: No module named 'pandas.Series'
[Try Solution]: OrderedDict([('action', 'fqn'), ('old_fqn', 'pandas.tools.plotting'), ('new_fqn', 'pandas.DataFrame.to_gbq'), ('line_no', 27)])['Hostel.csv']
Traceback (most recent call last):
  File "regression-mlr-lasso-ridge-and-elastic.py", line 28, in <module>
    from pandas.DataFrame.to_gbq import scatter_matrix
ModuleNotFoundError: No module named 'pandas.DataFrame'
[Try Solution]: OrderedDict([('action', 'fqn'), ('old_fqn', 'pandas.tools.plotting'), ('new_fqn', 'pandas.Timestamp.tzinfo'), ('line_no', 27)])['Hostel.csv']
Traceback (most recent call last):
  File "regression-mlr-lasso-ridge-and-elastic.py", line 28, in <module>
    from pandas.Timestamp.tzinfo import scatter_matrix
ModuleNotFoundError: No module named 'pandas.Timestamp'
[Try Solution]: OrderedDict([('action', 'fqn'), ('old_fqn', 'pandas.tools.plotting'), ('new_fqn', 'pandas.Index.slice_locs'), ('line_no', 27)])['Hostel.csv']
Traceback (most recent call last):
  File "regression-mlr-lasso-ridge-and-elastic.py", line 28, in <module>
    from pandas.Index.slice_locs import scatter_matrix
ModuleNotFoundError: No module named 'pandas.Index'
[Try Solution]: OrderedDict([('action', 'fqn'), ('old_fqn', 'pandas.tools.plotting'), ('new_fqn', 'pandas.Series.dt.timetz'), ('line_no', 27)])['Hostel.csv']
Traceback (most recent call last):
  File "regression-mlr-lasso-ridge-and-elastic.py", line 28, in <module>
    from pandas.Series.dt.timetz import scatter_matrix
ModuleNotFoundError: No module named 'pandas.Series'
[Try Solution]: OrderedDict([('action', 'fqn'), ('old_fqn', 'pandas.tools.plotting'), ('new_fqn', 'pandas.Series.dt.minute'), ('line_no', 27)])['Hostel.csv']
Traceback (most recent call last):
  File "regression-mlr-lasso-ridge-and-elastic.py", line 28, in <module>
    from pandas.Series.dt.minute import scatter_matrix
ModuleNotFoundError: No module named 'pandas.Series'
[Try Solution]: OrderedDict([('action', 'fqn'), ('old_fqn', 'pandas.tools.plotting'), ('new_fqn', 'pandas.Series.str.index'), ('line_no', 27)])['Hostel.csv']
Traceback (most recent call last):
  File "regression-mlr-lasso-ridge-and-elastic.py", line 28, in <module>
    from pandas.Series.str.index import scatter_matrix
ModuleNotFoundError: No module named 'pandas.Series'
[Try Solution]: OrderedDict([('action', 'fqn'), ('old_fqn', 'pandas.tools.plotting'), ('new_fqn', 'pandas.Index.is_integer'), ('line_no', 27)])['Hostel.csv']
Traceback (most recent call last):
  File "regression-mlr-lasso-ridge-and-elastic.py", line 28, in <module>
    from pandas.Index.is_integer import scatter_matrix
ModuleNotFoundError: No module named 'pandas.Index'
[Try Solution]: OrderedDict([('action', 'fqn'), ('old_fqn', 'pandas.tools.plotting'), ('new_fqn', 'pandas.plotting'), ('line_no', 27)])['Hostel.csv']
Traceback (most recent call last):
  File "regression-mlr-lasso-ridge-and-elastic.py", line 29, in <module>
    from sklearn.preprocessing import Imputer
ImportError: cannot import name 'Imputer'
[Try Solution]: OrderedDict([('action', 'fqn'), ('old_fqn', 'sklearn.preprocessing.Imputer'), ('new_fqn', 'sklearn.preprocessing.scale'), ('line_no', 29)])['Hostel.csv']
<class 'pandas.core.frame.DataFrame'>
RangeIndex: 342 entries, 0 to 341
Data columns (total 16 columns):
 #   Column         Non-Null Count  Dtype  
---  ------         --------------  -----  
 0   Unnamed: 0     342 non-null    int64  
 1   hostel.name    342 non-null    object 
 2   City           342 non-null    object 
 3   price.from     342 non-null    int64  
 4   Distance       342 non-null    object 
 5   summary.score  327 non-null    float64
 6   rating.band    327 non-null    object 
 7   atmosphere     327 non-null    float64
 8   cleanliness    327 non-null    float64
 9   facilities     327 non-null    float64
 10  location.y     327 non-null    float64
 11  security       327 non-null    float64
 12  staff          327 non-null    float64
 13  valueformoney  327 non-null    float64
 14  lon            298 non-null    float64
 15  lat            298 non-null    float64
dtypes: float64(10), int64(2), object(4)
memory usage: 42.9+ KB
None
Index(['Unnamed: 0', 'hostel.name', 'City', 'price.from', 'Distance',
       'summary.score', 'rating.band', 'atmosphere', 'cleanliness',
       'facilities', 'location.y', 'security', 'staff', 'valueformoney', 'lon',
       'lat'],
      dtype='object')
(342, 16)
Tokyo           127
Osaka           104
Kyoto            78
Fukuoka-City     19
Hiroshima        14
Name: City, dtype: int64 Superb       182
Fabulous     106
Very Good     20
Good          11
Rating         8
Name: rating.band, dtype: int64
Superb       182
Fabulous     106
Very Good     20
Unknown       15
Good          11
Rating         8
Name: rating.band, dtype: int64
0      3
1      3
2      0
3      5
4      3
      ..
337    0
338    0
339    3
340    0
341    0
Name: rating.band, Length: 342, dtype: int64
Tokyo           127
Osaka           104
Kyoto            78
Fukuoka-City     19
Hiroshima        14
Name: City, dtype: int64
0      3
1      0
2      4
3      4
4      4
      ..
337    4
338    4
339    4
340    2
341    4
Name: City, Length: 342, dtype: int64
3    182
0    106
5     20
4     15
1     11
2      8
Name: rating.band, dtype: int64
0        (0, 3)\t1.0\n  (1, 3)\t1.0\n  (2, 0)\t1.0\n ...
1        (0, 3)\t1.0\n  (1, 3)\t1.0\n  (2, 0)\t1.0\n ...
2        (0, 3)\t1.0\n  (1, 3)\t1.0\n  (2, 0)\t1.0\n ...
3        (0, 3)\t1.0\n  (1, 3)\t1.0\n  (2, 0)\t1.0\n ...
4        (0, 3)\t1.0\n  (1, 3)\t1.0\n  (2, 0)\t1.0\n ...
                             ...                        
337      (0, 3)\t1.0\n  (1, 3)\t1.0\n  (2, 0)\t1.0\n ...
338      (0, 3)\t1.0\n  (1, 3)\t1.0\n  (2, 0)\t1.0\n ...
339      (0, 3)\t1.0\n  (1, 3)\t1.0\n  (2, 0)\t1.0\n ...
340      (0, 3)\t1.0\n  (1, 3)\t1.0\n  (2, 0)\t1.0\n ...
341      (0, 3)\t1.0\n  (1, 3)\t1.0\n  (2, 0)\t1.0\n ...
Name: rating.band, Length: 342, dtype: object
4    127
3    104
2     78
0     19
1     14
Name: City, dtype: int64
0        (0, 3)\t1.0\n  (1, 0)\t1.0\n  (2, 4)\t1.0\n ...
1        (0, 3)\t1.0\n  (1, 0)\t1.0\n  (2, 4)\t1.0\n ...
2        (0, 3)\t1.0\n  (1, 0)\t1.0\n  (2, 4)\t1.0\n ...
3        (0, 3)\t1.0\n  (1, 0)\t1.0\n  (2, 4)\t1.0\n ...
4        (0, 3)\t1.0\n  (1, 0)\t1.0\n  (2, 4)\t1.0\n ...
                             ...                        
337      (0, 3)\t1.0\n  (1, 0)\t1.0\n  (2, 4)\t1.0\n ...
338      (0, 3)\t1.0\n  (1, 0)\t1.0\n  (2, 4)\t1.0\n ...
339      (0, 3)\t1.0\n  (1, 0)\t1.0\n  (2, 4)\t1.0\n ...
340      (0, 3)\t1.0\n  (1, 0)\t1.0\n  (2, 4)\t1.0\n ...
341      (0, 3)\t1.0\n  (1, 0)\t1.0\n  (2, 4)\t1.0\n ...
Name: City, Length: 342, dtype: object
0       2.9km from city centre
1       0.7km from city centre
2       7.8km from city centre
3       8.7km from city centre
4      10.5km from city centre
                ...           
337     2.6km from city centre
338     2.9km from city centre
339    17.5km from city centre
340     2.4km from city centre
341     5.9km from city centre
Name: Distance, Length: 342, dtype: object
0      2.9
1      2.9
2      2.9
3      2.9
4      2.9
      ... 
337    2.9
338    2.9
339    2.9
340    2.9
341    2.9
Name: Distance, Length: 342, dtype: object
<class 'pandas.core.frame.DataFrame'>
RangeIndex: 342 entries, 0 to 341
Data columns (total 13 columns):
 #   Column         Non-Null Count  Dtype  
---  ------         --------------  -----  
 0   Unnamed: 0     342 non-null    int64  
 1   price.from     342 non-null    int64  
 2   Distance       342 non-null    object 
 3   summary.score  327 non-null    float64
 4   atmosphere     327 non-null    float64
 5   cleanliness    327 non-null    float64
 6   facilities     327 non-null    float64
 7   location.y     327 non-null    float64
 8   security       327 non-null    float64
 9   staff          327 non-null    float64
 10  valueformoney  327 non-null    float64
 11  lon            298 non-null    float64
 12  lat            298 non-null    float64
dtypes: float64(10), int64(2), object(1)
memory usage: 34.9+ KB
None
Traceback (most recent call last):
  File "regression-mlr-lasso-ridge-and-elastic.py", line 107, in <module>
    imputer = scale(strategy="median")
  File "/home/cgzhu/anaconda3/envs/migration-plus/lib/python3.6/site-packages/sklearn/utils/validation.py", line 73, in inner_f
    return f(**kwargs)
TypeError: scale() got an unexpected keyword argument 'strategy'
[Try Solution]: OrderedDict([('API', 'sklearn.preprocessing.scale'), ('action', 'arg_delete'), ('from_name', 'strategy'), ('to_name', '*')])['Hostel.csv']
<class 'pandas.core.frame.DataFrame'>
RangeIndex: 342 entries, 0 to 341
Data columns (total 16 columns):
 #   Column         Non-Null Count  Dtype  
---  ------         --------------  -----  
 0   Unnamed: 0     342 non-null    int64  
 1   hostel.name    342 non-null    object 
 2   City           342 non-null    object 
 3   price.from     342 non-null    int64  
 4   Distance       342 non-null    object 
 5   summary.score  327 non-null    float64
 6   rating.band    327 non-null    object 
 7   atmosphere     327 non-null    float64
 8   cleanliness    327 non-null    float64
 9   facilities     327 non-null    float64
 10  location.y     327 non-null    float64
 11  security       327 non-null    float64
 12  staff          327 non-null    float64
 13  valueformoney  327 non-null    float64
 14  lon            298 non-null    float64
 15  lat            298 non-null    float64
dtypes: float64(10), int64(2), object(4)
memory usage: 42.9+ KB
None
Index(['Unnamed: 0', 'hostel.name', 'City', 'price.from', 'Distance',
       'summary.score', 'rating.band', 'atmosphere', 'cleanliness',
       'facilities', 'location.y', 'security', 'staff', 'valueformoney', 'lon',
       'lat'],
      dtype='object')
(342, 16)
Tokyo           127
Osaka           104
Kyoto            78
Fukuoka-City     19
Hiroshima        14
Name: City, dtype: int64 Superb       182
Fabulous     106
Very Good     20
Good          11
Rating         8
Name: rating.band, dtype: int64
Superb       182
Fabulous     106
Very Good     20
Unknown       15
Good          11
Rating         8
Name: rating.band, dtype: int64
0      3
1      3
2      0
3      5
4      3
      ..
337    0
338    0
339    3
340    0
341    0
Name: rating.band, Length: 342, dtype: int64
Tokyo           127
Osaka           104
Kyoto            78
Fukuoka-City     19
Hiroshima        14
Name: City, dtype: int64
0      3
1      0
2      4
3      4
4      4
      ..
337    4
338    4
339    4
340    2
341    4
Name: City, Length: 342, dtype: int64
3    182
0    106
5     20
4     15
1     11
2      8
Name: rating.band, dtype: int64
0        (0, 3)\t1.0\n  (1, 3)\t1.0\n  (2, 0)\t1.0\n ...
1        (0, 3)\t1.0\n  (1, 3)\t1.0\n  (2, 0)\t1.0\n ...
2        (0, 3)\t1.0\n  (1, 3)\t1.0\n  (2, 0)\t1.0\n ...
3        (0, 3)\t1.0\n  (1, 3)\t1.0\n  (2, 0)\t1.0\n ...
4        (0, 3)\t1.0\n  (1, 3)\t1.0\n  (2, 0)\t1.0\n ...
                             ...                        
337      (0, 3)\t1.0\n  (1, 3)\t1.0\n  (2, 0)\t1.0\n ...
338      (0, 3)\t1.0\n  (1, 3)\t1.0\n  (2, 0)\t1.0\n ...
339      (0, 3)\t1.0\n  (1, 3)\t1.0\n  (2, 0)\t1.0\n ...
340      (0, 3)\t1.0\n  (1, 3)\t1.0\n  (2, 0)\t1.0\n ...
341      (0, 3)\t1.0\n  (1, 3)\t1.0\n  (2, 0)\t1.0\n ...
Name: rating.band, Length: 342, dtype: object
4    127
3    104
2     78
0     19
1     14
Name: City, dtype: int64
0        (0, 3)\t1.0\n  (1, 0)\t1.0\n  (2, 4)\t1.0\n ...
1        (0, 3)\t1.0\n  (1, 0)\t1.0\n  (2, 4)\t1.0\n ...
2        (0, 3)\t1.0\n  (1, 0)\t1.0\n  (2, 4)\t1.0\n ...
3        (0, 3)\t1.0\n  (1, 0)\t1.0\n  (2, 4)\t1.0\n ...
4        (0, 3)\t1.0\n  (1, 0)\t1.0\n  (2, 4)\t1.0\n ...
                             ...                        
337      (0, 3)\t1.0\n  (1, 0)\t1.0\n  (2, 4)\t1.0\n ...
338      (0, 3)\t1.0\n  (1, 0)\t1.0\n  (2, 4)\t1.0\n ...
339      (0, 3)\t1.0\n  (1, 0)\t1.0\n  (2, 4)\t1.0\n ...
340      (0, 3)\t1.0\n  (1, 0)\t1.0\n  (2, 4)\t1.0\n ...
341      (0, 3)\t1.0\n  (1, 0)\t1.0\n  (2, 4)\t1.0\n ...
Name: City, Length: 342, dtype: object
0       2.9km from city centre
1       0.7km from city centre
2       7.8km from city centre
3       8.7km from city centre
4      10.5km from city centre
                ...           
337     2.6km from city centre
338     2.9km from city centre
339    17.5km from city centre
340     2.4km from city centre
341     5.9km from city centre
Name: Distance, Length: 342, dtype: object
0      2.9
1      2.9
2      2.9
3      2.9
4      2.9
      ... 
337    2.9
338    2.9
339    2.9
340    2.9
341    2.9
Name: Distance, Length: 342, dtype: object
<class 'pandas.core.frame.DataFrame'>
RangeIndex: 342 entries, 0 to 341
Data columns (total 13 columns):
 #   Column         Non-Null Count  Dtype  
---  ------         --------------  -----  
 0   Unnamed: 0     342 non-null    int64  
 1   price.from     342 non-null    int64  
 2   Distance       342 non-null    object 
 3   summary.score  327 non-null    float64
 4   atmosphere     327 non-null    float64
 5   cleanliness    327 non-null    float64
 6   facilities     327 non-null    float64
 7   location.y     327 non-null    float64
 8   security       327 non-null    float64
 9   staff          327 non-null    float64
 10  valueformoney  327 non-null    float64
 11  lon            298 non-null    float64
 12  lat            298 non-null    float64
dtypes: float64(10), int64(2), object(1)
memory usage: 34.9+ KB
None
Traceback (most recent call last):
  File "regression-mlr-lasso-ridge-and-elastic.py", line 107, in <module>
    imputer = scale()
  File "/home/cgzhu/anaconda3/envs/migration-plus/lib/python3.6/site-packages/sklearn/utils/validation.py", line 73, in inner_f
    return f(**kwargs)
TypeError: scale() missing 1 required positional argument: 'X'
[Try Solution]: OrderedDict([('API', 'sklearn.preprocessing.scale'), ('action', 'arg_rename'), ('from_name', 'strategy'), ('to_name', 'X')])['Hostel.csv']
<class 'pandas.core.frame.DataFrame'>
RangeIndex: 342 entries, 0 to 341
Data columns (total 16 columns):
 #   Column         Non-Null Count  Dtype  
---  ------         --------------  -----  
 0   Unnamed: 0     342 non-null    int64  
 1   hostel.name    342 non-null    object 
 2   City           342 non-null    object 
 3   price.from     342 non-null    int64  
 4   Distance       342 non-null    object 
 5   summary.score  327 non-null    float64
 6   rating.band    327 non-null    object 
 7   atmosphere     327 non-null    float64
 8   cleanliness    327 non-null    float64
 9   facilities     327 non-null    float64
 10  location.y     327 non-null    float64
 11  security       327 non-null    float64
 12  staff          327 non-null    float64
 13  valueformoney  327 non-null    float64
 14  lon            298 non-null    float64
 15  lat            298 non-null    float64
dtypes: float64(10), int64(2), object(4)
memory usage: 42.9+ KB
None
Index(['Unnamed: 0', 'hostel.name', 'City', 'price.from', 'Distance',
       'summary.score', 'rating.band', 'atmosphere', 'cleanliness',
       'facilities', 'location.y', 'security', 'staff', 'valueformoney', 'lon',
       'lat'],
      dtype='object')
(342, 16)
Tokyo           127
Osaka           104
Kyoto            78
Fukuoka-City     19
Hiroshima        14
Name: City, dtype: int64 Superb       182
Fabulous     106
Very Good     20
Good          11
Rating         8
Name: rating.band, dtype: int64
Superb       182
Fabulous     106
Very Good     20
Unknown       15
Good          11
Rating         8
Name: rating.band, dtype: int64
0      3
1      3
2      0
3      5
4      3
      ..
337    0
338    0
339    3
340    0
341    0
Name: rating.band, Length: 342, dtype: int64
Tokyo           127
Osaka           104
Kyoto            78
Fukuoka-City     19
Hiroshima        14
Name: City, dtype: int64
0      3
1      0
2      4
3      4
4      4
      ..
337    4
338    4
339    4
340    2
341    4
Name: City, Length: 342, dtype: int64
3    182
0    106
5     20
4     15
1     11
2      8
Name: rating.band, dtype: int64
0        (0, 3)\t1.0\n  (1, 3)\t1.0\n  (2, 0)\t1.0\n ...
1        (0, 3)\t1.0\n  (1, 3)\t1.0\n  (2, 0)\t1.0\n ...
2        (0, 3)\t1.0\n  (1, 3)\t1.0\n  (2, 0)\t1.0\n ...
3        (0, 3)\t1.0\n  (1, 3)\t1.0\n  (2, 0)\t1.0\n ...
4        (0, 3)\t1.0\n  (1, 3)\t1.0\n  (2, 0)\t1.0\n ...
                             ...                        
337      (0, 3)\t1.0\n  (1, 3)\t1.0\n  (2, 0)\t1.0\n ...
338      (0, 3)\t1.0\n  (1, 3)\t1.0\n  (2, 0)\t1.0\n ...
339      (0, 3)\t1.0\n  (1, 3)\t1.0\n  (2, 0)\t1.0\n ...
340      (0, 3)\t1.0\n  (1, 3)\t1.0\n  (2, 0)\t1.0\n ...
341      (0, 3)\t1.0\n  (1, 3)\t1.0\n  (2, 0)\t1.0\n ...
Name: rating.band, Length: 342, dtype: object
4    127
3    104
2     78
0     19
1     14
Name: City, dtype: int64
0        (0, 3)\t1.0\n  (1, 0)\t1.0\n  (2, 4)\t1.0\n ...
1        (0, 3)\t1.0\n  (1, 0)\t1.0\n  (2, 4)\t1.0\n ...
2        (0, 3)\t1.0\n  (1, 0)\t1.0\n  (2, 4)\t1.0\n ...
3        (0, 3)\t1.0\n  (1, 0)\t1.0\n  (2, 4)\t1.0\n ...
4        (0, 3)\t1.0\n  (1, 0)\t1.0\n  (2, 4)\t1.0\n ...
                             ...                        
337      (0, 3)\t1.0\n  (1, 0)\t1.0\n  (2, 4)\t1.0\n ...
338      (0, 3)\t1.0\n  (1, 0)\t1.0\n  (2, 4)\t1.0\n ...
339      (0, 3)\t1.0\n  (1, 0)\t1.0\n  (2, 4)\t1.0\n ...
340      (0, 3)\t1.0\n  (1, 0)\t1.0\n  (2, 4)\t1.0\n ...
341      (0, 3)\t1.0\n  (1, 0)\t1.0\n  (2, 4)\t1.0\n ...
Name: City, Length: 342, dtype: object
0       2.9km from city centre
1       0.7km from city centre
2       7.8km from city centre
3       8.7km from city centre
4      10.5km from city centre
                ...           
337     2.6km from city centre
338     2.9km from city centre
339    17.5km from city centre
340     2.4km from city centre
341     5.9km from city centre
Name: Distance, Length: 342, dtype: object
0      2.9
1      2.9
2      2.9
3      2.9
4      2.9
      ... 
337    2.9
338    2.9
339    2.9
340    2.9
341    2.9
Name: Distance, Length: 342, dtype: object
<class 'pandas.core.frame.DataFrame'>
RangeIndex: 342 entries, 0 to 341
Data columns (total 13 columns):
 #   Column         Non-Null Count  Dtype  
---  ------         --------------  -----  
 0   Unnamed: 0     342 non-null    int64  
 1   price.from     342 non-null    int64  
 2   Distance       342 non-null    object 
 3   summary.score  327 non-null    float64
 4   atmosphere     327 non-null    float64
 5   cleanliness    327 non-null    float64
 6   facilities     327 non-null    float64
 7   location.y     327 non-null    float64
 8   security       327 non-null    float64
 9   staff          327 non-null    float64
 10  valueformoney  327 non-null    float64
 11  lon            298 non-null    float64
 12  lat            298 non-null    float64
dtypes: float64(10), int64(2), object(1)
memory usage: 34.9+ KB
None
Traceback (most recent call last):
  File "regression-mlr-lasso-ridge-and-elastic.py", line 107, in <module>
    imputer = scale(X="median")
  File "/home/cgzhu/anaconda3/envs/migration-plus/lib/python3.6/site-packages/sklearn/utils/validation.py", line 73, in inner_f
    return f(**kwargs)
  File "/home/cgzhu/anaconda3/envs/migration-plus/lib/python3.6/site-packages/sklearn/preprocessing/_data.py", line 143, in scale
    force_all_finite='allow-nan')
  File "/home/cgzhu/anaconda3/envs/migration-plus/lib/python3.6/site-packages/sklearn/utils/validation.py", line 73, in inner_f
    return f(**kwargs)
  File "/home/cgzhu/anaconda3/envs/migration-plus/lib/python3.6/site-packages/sklearn/utils/validation.py", line 599, in check_array
    array = np.asarray(array, order=order, dtype=dtype)
  File "/home/cgzhu/anaconda3/envs/migration-plus/lib/python3.6/site-packages/numpy/core/_asarray.py", line 85, in asarray
    return array(a, dtype, copy=False, order=order)
ValueError: could not convert string to float: 'median'
[Try Solution]: OrderedDict([('API', 'sklearn.preprocessing.scale'), ('action', 'arg_value_update'), ('arg_name', 'with_mean'), ('target_value', 'True')])['Hostel.csv']
<class 'pandas.core.frame.DataFrame'>
RangeIndex: 342 entries, 0 to 341
Data columns (total 16 columns):
 #   Column         Non-Null Count  Dtype  
---  ------         --------------  -----  
 0   Unnamed: 0     342 non-null    int64  
 1   hostel.name    342 non-null    object 
 2   City           342 non-null    object 
 3   price.from     342 non-null    int64  
 4   Distance       342 non-null    object 
 5   summary.score  327 non-null    float64
 6   rating.band    327 non-null    object 
 7   atmosphere     327 non-null    float64
 8   cleanliness    327 non-null    float64
 9   facilities     327 non-null    float64
 10  location.y     327 non-null    float64
 11  security       327 non-null    float64
 12  staff          327 non-null    float64
 13  valueformoney  327 non-null    float64
 14  lon            298 non-null    float64
 15  lat            298 non-null    float64
dtypes: float64(10), int64(2), object(4)
memory usage: 42.9+ KB
None
Index(['Unnamed: 0', 'hostel.name', 'City', 'price.from', 'Distance',
       'summary.score', 'rating.band', 'atmosphere', 'cleanliness',
       'facilities', 'location.y', 'security', 'staff', 'valueformoney', 'lon',
       'lat'],
      dtype='object')
(342, 16)
Tokyo           127
Osaka           104
Kyoto            78
Fukuoka-City     19
Hiroshima        14
Name: City, dtype: int64 Superb       182
Fabulous     106
Very Good     20
Good          11
Rating         8
Name: rating.band, dtype: int64
Superb       182
Fabulous     106
Very Good     20
Unknown       15
Good          11
Rating         8
Name: rating.band, dtype: int64
0      3
1      3
2      0
3      5
4      3
      ..
337    0
338    0
339    3
340    0
341    0
Name: rating.band, Length: 342, dtype: int64
Tokyo           127
Osaka           104
Kyoto            78
Fukuoka-City     19
Hiroshima        14
Name: City, dtype: int64
0      3
1      0
2      4
3      4
4      4
      ..
337    4
338    4
339    4
340    2
341    4
Name: City, Length: 342, dtype: int64
3    182
0    106
5     20
4     15
1     11
2      8
Name: rating.band, dtype: int64
0        (0, 3)\t1.0\n  (1, 3)\t1.0\n  (2, 0)\t1.0\n ...
1        (0, 3)\t1.0\n  (1, 3)\t1.0\n  (2, 0)\t1.0\n ...
2        (0, 3)\t1.0\n  (1, 3)\t1.0\n  (2, 0)\t1.0\n ...
3        (0, 3)\t1.0\n  (1, 3)\t1.0\n  (2, 0)\t1.0\n ...
4        (0, 3)\t1.0\n  (1, 3)\t1.0\n  (2, 0)\t1.0\n ...
                             ...                        
337      (0, 3)\t1.0\n  (1, 3)\t1.0\n  (2, 0)\t1.0\n ...
338      (0, 3)\t1.0\n  (1, 3)\t1.0\n  (2, 0)\t1.0\n ...
339      (0, 3)\t1.0\n  (1, 3)\t1.0\n  (2, 0)\t1.0\n ...
340      (0, 3)\t1.0\n  (1, 3)\t1.0\n  (2, 0)\t1.0\n ...
341      (0, 3)\t1.0\n  (1, 3)\t1.0\n  (2, 0)\t1.0\n ...
Name: rating.band, Length: 342, dtype: object
4    127
3    104
2     78
0     19
1     14
Name: City, dtype: int64
0        (0, 3)\t1.0\n  (1, 0)\t1.0\n  (2, 4)\t1.0\n ...
1        (0, 3)\t1.0\n  (1, 0)\t1.0\n  (2, 4)\t1.0\n ...
2        (0, 3)\t1.0\n  (1, 0)\t1.0\n  (2, 4)\t1.0\n ...
3        (0, 3)\t1.0\n  (1, 0)\t1.0\n  (2, 4)\t1.0\n ...
4        (0, 3)\t1.0\n  (1, 0)\t1.0\n  (2, 4)\t1.0\n ...
                             ...                        
337      (0, 3)\t1.0\n  (1, 0)\t1.0\n  (2, 4)\t1.0\n ...
338      (0, 3)\t1.0\n  (1, 0)\t1.0\n  (2, 4)\t1.0\n ...
339      (0, 3)\t1.0\n  (1, 0)\t1.0\n  (2, 4)\t1.0\n ...
340      (0, 3)\t1.0\n  (1, 0)\t1.0\n  (2, 4)\t1.0\n ...
341      (0, 3)\t1.0\n  (1, 0)\t1.0\n  (2, 4)\t1.0\n ...
Name: City, Length: 342, dtype: object
0       2.9km from city centre
1       0.7km from city centre
2       7.8km from city centre
3       8.7km from city centre
4      10.5km from city centre
                ...           
337     2.6km from city centre
338     2.9km from city centre
339    17.5km from city centre
340     2.4km from city centre
341     5.9km from city centre
Name: Distance, Length: 342, dtype: object
0      2.9
1      2.9
2      2.9
3      2.9
4      2.9
      ... 
337    2.9
338    2.9
339    2.9
340    2.9
341    2.9
Name: Distance, Length: 342, dtype: object
<class 'pandas.core.frame.DataFrame'>
RangeIndex: 342 entries, 0 to 341
Data columns (total 13 columns):
 #   Column         Non-Null Count  Dtype  
---  ------         --------------  -----  
 0   Unnamed: 0     342 non-null    int64  
 1   price.from     342 non-null    int64  
 2   Distance       342 non-null    object 
 3   summary.score  327 non-null    float64
 4   atmosphere     327 non-null    float64
 5   cleanliness    327 non-null    float64
 6   facilities     327 non-null    float64
 7   location.y     327 non-null    float64
 8   security       327 non-null    float64
 9   staff          327 non-null    float64
 10  valueformoney  327 non-null    float64
 11  lon            298 non-null    float64
 12  lat            298 non-null    float64
dtypes: float64(10), int64(2), object(1)
memory usage: 34.9+ KB
None
Traceback (most recent call last):
  File "regression-mlr-lasso-ridge-and-elastic.py", line 107, in <module>
    imputer = scale(X="median",with_mean=True)
  File "/home/cgzhu/anaconda3/envs/migration-plus/lib/python3.6/site-packages/sklearn/utils/validation.py", line 73, in inner_f
    return f(**kwargs)
  File "/home/cgzhu/anaconda3/envs/migration-plus/lib/python3.6/site-packages/sklearn/preprocessing/_data.py", line 143, in scale
    force_all_finite='allow-nan')
  File "/home/cgzhu/anaconda3/envs/migration-plus/lib/python3.6/site-packages/sklearn/utils/validation.py", line 73, in inner_f
    return f(**kwargs)
  File "/home/cgzhu/anaconda3/envs/migration-plus/lib/python3.6/site-packages/sklearn/utils/validation.py", line 599, in check_array
    array = np.asarray(array, order=order, dtype=dtype)
  File "/home/cgzhu/anaconda3/envs/migration-plus/lib/python3.6/site-packages/numpy/core/_asarray.py", line 85, in asarray
    return array(a, dtype, copy=False, order=order)
ValueError: could not convert string to float: 'median'
[Try Solution]: OrderedDict([('API', 'sklearn.preprocessing.scale'), ('action', 'arg_value_update'), ('arg_name', 'with_mean'), ('target_value', 'False')])['Hostel.csv']
<class 'pandas.core.frame.DataFrame'>
RangeIndex: 342 entries, 0 to 341
Data columns (total 16 columns):
 #   Column         Non-Null Count  Dtype  
---  ------         --------------  -----  
 0   Unnamed: 0     342 non-null    int64  
 1   hostel.name    342 non-null    object 
 2   City           342 non-null    object 
 3   price.from     342 non-null    int64  
 4   Distance       342 non-null    object 
 5   summary.score  327 non-null    float64
 6   rating.band    327 non-null    object 
 7   atmosphere     327 non-null    float64
 8   cleanliness    327 non-null    float64
 9   facilities     327 non-null    float64
 10  location.y     327 non-null    float64
 11  security       327 non-null    float64
 12  staff          327 non-null    float64
 13  valueformoney  327 non-null    float64
 14  lon            298 non-null    float64
 15  lat            298 non-null    float64
dtypes: float64(10), int64(2), object(4)
memory usage: 42.9+ KB
None
Index(['Unnamed: 0', 'hostel.name', 'City', 'price.from', 'Distance',
       'summary.score', 'rating.band', 'atmosphere', 'cleanliness',
       'facilities', 'location.y', 'security', 'staff', 'valueformoney', 'lon',
       'lat'],
      dtype='object')
(342, 16)
Tokyo           127
Osaka           104
Kyoto            78
Fukuoka-City     19
Hiroshima        14
Name: City, dtype: int64 Superb       182
Fabulous     106
Very Good     20
Good          11
Rating         8
Name: rating.band, dtype: int64
Superb       182
Fabulous     106
Very Good     20
Unknown       15
Good          11
Rating         8
Name: rating.band, dtype: int64
0      3
1      3
2      0
3      5
4      3
      ..
337    0
338    0
339    3
340    0
341    0
Name: rating.band, Length: 342, dtype: int64
Tokyo           127
Osaka           104
Kyoto            78
Fukuoka-City     19
Hiroshima        14
Name: City, dtype: int64
0      3
1      0
2      4
3      4
4      4
      ..
337    4
338    4
339    4
340    2
341    4
Name: City, Length: 342, dtype: int64
3    182
0    106
5     20
4     15
1     11
2      8
Name: rating.band, dtype: int64
0        (0, 3)\t1.0\n  (1, 3)\t1.0\n  (2, 0)\t1.0\n ...
1        (0, 3)\t1.0\n  (1, 3)\t1.0\n  (2, 0)\t1.0\n ...
2        (0, 3)\t1.0\n  (1, 3)\t1.0\n  (2, 0)\t1.0\n ...
3        (0, 3)\t1.0\n  (1, 3)\t1.0\n  (2, 0)\t1.0\n ...
4        (0, 3)\t1.0\n  (1, 3)\t1.0\n  (2, 0)\t1.0\n ...
                             ...                        
337      (0, 3)\t1.0\n  (1, 3)\t1.0\n  (2, 0)\t1.0\n ...
338      (0, 3)\t1.0\n  (1, 3)\t1.0\n  (2, 0)\t1.0\n ...
339      (0, 3)\t1.0\n  (1, 3)\t1.0\n  (2, 0)\t1.0\n ...
340      (0, 3)\t1.0\n  (1, 3)\t1.0\n  (2, 0)\t1.0\n ...
341      (0, 3)\t1.0\n  (1, 3)\t1.0\n  (2, 0)\t1.0\n ...
Name: rating.band, Length: 342, dtype: object
4    127
3    104
2     78
0     19
1     14
Name: City, dtype: int64
0        (0, 3)\t1.0\n  (1, 0)\t1.0\n  (2, 4)\t1.0\n ...
1        (0, 3)\t1.0\n  (1, 0)\t1.0\n  (2, 4)\t1.0\n ...
2        (0, 3)\t1.0\n  (1, 0)\t1.0\n  (2, 4)\t1.0\n ...
3        (0, 3)\t1.0\n  (1, 0)\t1.0\n  (2, 4)\t1.0\n ...
4        (0, 3)\t1.0\n  (1, 0)\t1.0\n  (2, 4)\t1.0\n ...
                             ...                        
337      (0, 3)\t1.0\n  (1, 0)\t1.0\n  (2, 4)\t1.0\n ...
338      (0, 3)\t1.0\n  (1, 0)\t1.0\n  (2, 4)\t1.0\n ...
339      (0, 3)\t1.0\n  (1, 0)\t1.0\n  (2, 4)\t1.0\n ...
340      (0, 3)\t1.0\n  (1, 0)\t1.0\n  (2, 4)\t1.0\n ...
341      (0, 3)\t1.0\n  (1, 0)\t1.0\n  (2, 4)\t1.0\n ...
Name: City, Length: 342, dtype: object
0       2.9km from city centre
1       0.7km from city centre
2       7.8km from city centre
3       8.7km from city centre
4      10.5km from city centre
                ...           
337     2.6km from city centre
338     2.9km from city centre
339    17.5km from city centre
340     2.4km from city centre
341     5.9km from city centre
Name: Distance, Length: 342, dtype: object
0      2.9
1      2.9
2      2.9
3      2.9
4      2.9
      ... 
337    2.9
338    2.9
339    2.9
340    2.9
341    2.9
Name: Distance, Length: 342, dtype: object
<class 'pandas.core.frame.DataFrame'>
RangeIndex: 342 entries, 0 to 341
Data columns (total 13 columns):
 #   Column         Non-Null Count  Dtype  
---  ------         --------------  -----  
 0   Unnamed: 0     342 non-null    int64  
 1   price.from     342 non-null    int64  
 2   Distance       342 non-null    object 
 3   summary.score  327 non-null    float64
 4   atmosphere     327 non-null    float64
 5   cleanliness    327 non-null    float64
 6   facilities     327 non-null    float64
 7   location.y     327 non-null    float64
 8   security       327 non-null    float64
 9   staff          327 non-null    float64
 10  valueformoney  327 non-null    float64
 11  lon            298 non-null    float64
 12  lat            298 non-null    float64
dtypes: float64(10), int64(2), object(1)
memory usage: 34.9+ KB
None
Traceback (most recent call last):
  File "regression-mlr-lasso-ridge-and-elastic.py", line 107, in <module>
    imputer = scale(X="median",with_mean=False)
  File "/home/cgzhu/anaconda3/envs/migration-plus/lib/python3.6/site-packages/sklearn/utils/validation.py", line 73, in inner_f
    return f(**kwargs)
  File "/home/cgzhu/anaconda3/envs/migration-plus/lib/python3.6/site-packages/sklearn/preprocessing/_data.py", line 143, in scale
    force_all_finite='allow-nan')
  File "/home/cgzhu/anaconda3/envs/migration-plus/lib/python3.6/site-packages/sklearn/utils/validation.py", line 73, in inner_f
    return f(**kwargs)
  File "/home/cgzhu/anaconda3/envs/migration-plus/lib/python3.6/site-packages/sklearn/utils/validation.py", line 599, in check_array
    array = np.asarray(array, order=order, dtype=dtype)
  File "/home/cgzhu/anaconda3/envs/migration-plus/lib/python3.6/site-packages/numpy/core/_asarray.py", line 85, in asarray
    return array(a, dtype, copy=False, order=order)
ValueError: could not convert string to float: 'median'
[Try Solution]: OrderedDict([('API', 'sklearn.preprocessing.scale'), ('action', 'arg_value_update'), ('arg_name', 'with_std'), ('target_value', 'True')])['Hostel.csv']
<class 'pandas.core.frame.DataFrame'>
RangeIndex: 342 entries, 0 to 341
Data columns (total 16 columns):
 #   Column         Non-Null Count  Dtype  
---  ------         --------------  -----  
 0   Unnamed: 0     342 non-null    int64  
 1   hostel.name    342 non-null    object 
 2   City           342 non-null    object 
 3   price.from     342 non-null    int64  
 4   Distance       342 non-null    object 
 5   summary.score  327 non-null    float64
 6   rating.band    327 non-null    object 
 7   atmosphere     327 non-null    float64
 8   cleanliness    327 non-null    float64
 9   facilities     327 non-null    float64
 10  location.y     327 non-null    float64
 11  security       327 non-null    float64
 12  staff          327 non-null    float64
 13  valueformoney  327 non-null    float64
 14  lon            298 non-null    float64
 15  lat            298 non-null    float64
dtypes: float64(10), int64(2), object(4)
memory usage: 42.9+ KB
None
Index(['Unnamed: 0', 'hostel.name', 'City', 'price.from', 'Distance',
       'summary.score', 'rating.band', 'atmosphere', 'cleanliness',
       'facilities', 'location.y', 'security', 'staff', 'valueformoney', 'lon',
       'lat'],
      dtype='object')
(342, 16)
Tokyo           127
Osaka           104
Kyoto            78
Fukuoka-City     19
Hiroshima        14
Name: City, dtype: int64 Superb       182
Fabulous     106
Very Good     20
Good          11
Rating         8
Name: rating.band, dtype: int64
Superb       182
Fabulous     106
Very Good     20
Unknown       15
Good          11
Rating         8
Name: rating.band, dtype: int64
0      3
1      3
2      0
3      5
4      3
      ..
337    0
338    0
339    3
340    0
341    0
Name: rating.band, Length: 342, dtype: int64
Tokyo           127
Osaka           104
Kyoto            78
Fukuoka-City     19
Hiroshima        14
Name: City, dtype: int64
0      3
1      0
2      4
3      4
4      4
      ..
337    4
338    4
339    4
340    2
341    4
Name: City, Length: 342, dtype: int64
3    182
0    106
5     20
4     15
1     11
2      8
Name: rating.band, dtype: int64
0        (0, 3)\t1.0\n  (1, 3)\t1.0\n  (2, 0)\t1.0\n ...
1        (0, 3)\t1.0\n  (1, 3)\t1.0\n  (2, 0)\t1.0\n ...
2        (0, 3)\t1.0\n  (1, 3)\t1.0\n  (2, 0)\t1.0\n ...
3        (0, 3)\t1.0\n  (1, 3)\t1.0\n  (2, 0)\t1.0\n ...
4        (0, 3)\t1.0\n  (1, 3)\t1.0\n  (2, 0)\t1.0\n ...
                             ...                        
337      (0, 3)\t1.0\n  (1, 3)\t1.0\n  (2, 0)\t1.0\n ...
338      (0, 3)\t1.0\n  (1, 3)\t1.0\n  (2, 0)\t1.0\n ...
339      (0, 3)\t1.0\n  (1, 3)\t1.0\n  (2, 0)\t1.0\n ...
340      (0, 3)\t1.0\n  (1, 3)\t1.0\n  (2, 0)\t1.0\n ...
341      (0, 3)\t1.0\n  (1, 3)\t1.0\n  (2, 0)\t1.0\n ...
Name: rating.band, Length: 342, dtype: object
4    127
3    104
2     78
0     19
1     14
Name: City, dtype: int64
0        (0, 3)\t1.0\n  (1, 0)\t1.0\n  (2, 4)\t1.0\n ...
1        (0, 3)\t1.0\n  (1, 0)\t1.0\n  (2, 4)\t1.0\n ...
2        (0, 3)\t1.0\n  (1, 0)\t1.0\n  (2, 4)\t1.0\n ...
3        (0, 3)\t1.0\n  (1, 0)\t1.0\n  (2, 4)\t1.0\n ...
4        (0, 3)\t1.0\n  (1, 0)\t1.0\n  (2, 4)\t1.0\n ...
                             ...                        
337      (0, 3)\t1.0\n  (1, 0)\t1.0\n  (2, 4)\t1.0\n ...
338      (0, 3)\t1.0\n  (1, 0)\t1.0\n  (2, 4)\t1.0\n ...
339      (0, 3)\t1.0\n  (1, 0)\t1.0\n  (2, 4)\t1.0\n ...
340      (0, 3)\t1.0\n  (1, 0)\t1.0\n  (2, 4)\t1.0\n ...
341      (0, 3)\t1.0\n  (1, 0)\t1.0\n  (2, 4)\t1.0\n ...
Name: City, Length: 342, dtype: object
0       2.9km from city centre
1       0.7km from city centre
2       7.8km from city centre
3       8.7km from city centre
4      10.5km from city centre
                ...           
337     2.6km from city centre
338     2.9km from city centre
339    17.5km from city centre
340     2.4km from city centre
341     5.9km from city centre
Name: Distance, Length: 342, dtype: object
0      2.9
1      2.9
2      2.9
3      2.9
4      2.9
      ... 
337    2.9
338    2.9
339    2.9
340    2.9
341    2.9
Name: Distance, Length: 342, dtype: object
<class 'pandas.core.frame.DataFrame'>
RangeIndex: 342 entries, 0 to 341
Data columns (total 13 columns):
 #   Column         Non-Null Count  Dtype  
---  ------         --------------  -----  
 0   Unnamed: 0     342 non-null    int64  
 1   price.from     342 non-null    int64  
 2   Distance       342 non-null    object 
 3   summary.score  327 non-null    float64
 4   atmosphere     327 non-null    float64
 5   cleanliness    327 non-null    float64
 6   facilities     327 non-null    float64
 7   location.y     327 non-null    float64
 8   security       327 non-null    float64
 9   staff          327 non-null    float64
 10  valueformoney  327 non-null    float64
 11  lon            298 non-null    float64
 12  lat            298 non-null    float64
dtypes: float64(10), int64(2), object(1)
memory usage: 34.9+ KB
None
Traceback (most recent call last):
  File "regression-mlr-lasso-ridge-and-elastic.py", line 107, in <module>
    imputer = scale(X="median",with_std=True)
  File "/home/cgzhu/anaconda3/envs/migration-plus/lib/python3.6/site-packages/sklearn/utils/validation.py", line 73, in inner_f
    return f(**kwargs)
  File "/home/cgzhu/anaconda3/envs/migration-plus/lib/python3.6/site-packages/sklearn/preprocessing/_data.py", line 143, in scale
    force_all_finite='allow-nan')
  File "/home/cgzhu/anaconda3/envs/migration-plus/lib/python3.6/site-packages/sklearn/utils/validation.py", line 73, in inner_f
    return f(**kwargs)
  File "/home/cgzhu/anaconda3/envs/migration-plus/lib/python3.6/site-packages/sklearn/utils/validation.py", line 599, in check_array
    array = np.asarray(array, order=order, dtype=dtype)
  File "/home/cgzhu/anaconda3/envs/migration-plus/lib/python3.6/site-packages/numpy/core/_asarray.py", line 85, in asarray
    return array(a, dtype, copy=False, order=order)
ValueError: could not convert string to float: 'median'
[Try Solution]: OrderedDict([('API', 'sklearn.preprocessing.scale'), ('action', 'arg_value_update'), ('arg_name', 'with_std'), ('target_value', 'False')])['Hostel.csv']
<class 'pandas.core.frame.DataFrame'>
RangeIndex: 342 entries, 0 to 341
Data columns (total 16 columns):
 #   Column         Non-Null Count  Dtype  
---  ------         --------------  -----  
 0   Unnamed: 0     342 non-null    int64  
 1   hostel.name    342 non-null    object 
 2   City           342 non-null    object 
 3   price.from     342 non-null    int64  
 4   Distance       342 non-null    object 
 5   summary.score  327 non-null    float64
 6   rating.band    327 non-null    object 
 7   atmosphere     327 non-null    float64
 8   cleanliness    327 non-null    float64
 9   facilities     327 non-null    float64
 10  location.y     327 non-null    float64
 11  security       327 non-null    float64
 12  staff          327 non-null    float64
 13  valueformoney  327 non-null    float64
 14  lon            298 non-null    float64
 15  lat            298 non-null    float64
dtypes: float64(10), int64(2), object(4)
memory usage: 42.9+ KB
None
Index(['Unnamed: 0', 'hostel.name', 'City', 'price.from', 'Distance',
       'summary.score', 'rating.band', 'atmosphere', 'cleanliness',
       'facilities', 'location.y', 'security', 'staff', 'valueformoney', 'lon',
       'lat'],
      dtype='object')
(342, 16)
Tokyo           127
Osaka           104
Kyoto            78
Fukuoka-City     19
Hiroshima        14
Name: City, dtype: int64 Superb       182
Fabulous     106
Very Good     20
Good          11
Rating         8
Name: rating.band, dtype: int64
Superb       182
Fabulous     106
Very Good     20
Unknown       15
Good          11
Rating         8
Name: rating.band, dtype: int64
0      3
1      3
2      0
3      5
4      3
      ..
337    0
338    0
339    3
340    0
341    0
Name: rating.band, Length: 342, dtype: int64
Tokyo           127
Osaka           104
Kyoto            78
Fukuoka-City     19
Hiroshima        14
Name: City, dtype: int64
0      3
1      0
2      4
3      4
4      4
      ..
337    4
338    4
339    4
340    2
341    4
Name: City, Length: 342, dtype: int64
3    182
0    106
5     20
4     15
1     11
2      8
Name: rating.band, dtype: int64
0        (0, 3)\t1.0\n  (1, 3)\t1.0\n  (2, 0)\t1.0\n ...
1        (0, 3)\t1.0\n  (1, 3)\t1.0\n  (2, 0)\t1.0\n ...
2        (0, 3)\t1.0\n  (1, 3)\t1.0\n  (2, 0)\t1.0\n ...
3        (0, 3)\t1.0\n  (1, 3)\t1.0\n  (2, 0)\t1.0\n ...
4        (0, 3)\t1.0\n  (1, 3)\t1.0\n  (2, 0)\t1.0\n ...
                             ...                        
337      (0, 3)\t1.0\n  (1, 3)\t1.0\n  (2, 0)\t1.0\n ...
338      (0, 3)\t1.0\n  (1, 3)\t1.0\n  (2, 0)\t1.0\n ...
339      (0, 3)\t1.0\n  (1, 3)\t1.0\n  (2, 0)\t1.0\n ...
340      (0, 3)\t1.0\n  (1, 3)\t1.0\n  (2, 0)\t1.0\n ...
341      (0, 3)\t1.0\n  (1, 3)\t1.0\n  (2, 0)\t1.0\n ...
Name: rating.band, Length: 342, dtype: object
4    127
3    104
2     78
0     19
1     14
Name: City, dtype: int64
0        (0, 3)\t1.0\n  (1, 0)\t1.0\n  (2, 4)\t1.0\n ...
1        (0, 3)\t1.0\n  (1, 0)\t1.0\n  (2, 4)\t1.0\n ...
2        (0, 3)\t1.0\n  (1, 0)\t1.0\n  (2, 4)\t1.0\n ...
3        (0, 3)\t1.0\n  (1, 0)\t1.0\n  (2, 4)\t1.0\n ...
4        (0, 3)\t1.0\n  (1, 0)\t1.0\n  (2, 4)\t1.0\n ...
                             ...                        
337      (0, 3)\t1.0\n  (1, 0)\t1.0\n  (2, 4)\t1.0\n ...
338      (0, 3)\t1.0\n  (1, 0)\t1.0\n  (2, 4)\t1.0\n ...
339      (0, 3)\t1.0\n  (1, 0)\t1.0\n  (2, 4)\t1.0\n ...
340      (0, 3)\t1.0\n  (1, 0)\t1.0\n  (2, 4)\t1.0\n ...
341      (0, 3)\t1.0\n  (1, 0)\t1.0\n  (2, 4)\t1.0\n ...
Name: City, Length: 342, dtype: object
0       2.9km from city centre
1       0.7km from city centre
2       7.8km from city centre
3       8.7km from city centre
4      10.5km from city centre
                ...           
337     2.6km from city centre
338     2.9km from city centre
339    17.5km from city centre
340     2.4km from city centre
341     5.9km from city centre
Name: Distance, Length: 342, dtype: object
0      2.9
1      2.9
2      2.9
3      2.9
4      2.9
      ... 
337    2.9
338    2.9
339    2.9
340    2.9
341    2.9
Name: Distance, Length: 342, dtype: object
<class 'pandas.core.frame.DataFrame'>
RangeIndex: 342 entries, 0 to 341
Data columns (total 13 columns):
 #   Column         Non-Null Count  Dtype  
---  ------         --------------  -----  
 0   Unnamed: 0     342 non-null    int64  
 1   price.from     342 non-null    int64  
 2   Distance       342 non-null    object 
 3   summary.score  327 non-null    float64
 4   atmosphere     327 non-null    float64
 5   cleanliness    327 non-null    float64
 6   facilities     327 non-null    float64
 7   location.y     327 non-null    float64
 8   security       327 non-null    float64
 9   staff          327 non-null    float64
 10  valueformoney  327 non-null    float64
 11  lon            298 non-null    float64
 12  lat            298 non-null    float64
dtypes: float64(10), int64(2), object(1)
memory usage: 34.9+ KB
None
Traceback (most recent call last):
  File "regression-mlr-lasso-ridge-and-elastic.py", line 107, in <module>
    imputer = scale(X="median",with_std=False)
  File "/home/cgzhu/anaconda3/envs/migration-plus/lib/python3.6/site-packages/sklearn/utils/validation.py", line 73, in inner_f
    return f(**kwargs)
  File "/home/cgzhu/anaconda3/envs/migration-plus/lib/python3.6/site-packages/sklearn/preprocessing/_data.py", line 143, in scale
    force_all_finite='allow-nan')
  File "/home/cgzhu/anaconda3/envs/migration-plus/lib/python3.6/site-packages/sklearn/utils/validation.py", line 73, in inner_f
    return f(**kwargs)
  File "/home/cgzhu/anaconda3/envs/migration-plus/lib/python3.6/site-packages/sklearn/utils/validation.py", line 599, in check_array
    array = np.asarray(array, order=order, dtype=dtype)
  File "/home/cgzhu/anaconda3/envs/migration-plus/lib/python3.6/site-packages/numpy/core/_asarray.py", line 85, in asarray
    return array(a, dtype, copy=False, order=order)
ValueError: could not convert string to float: 'median'
[Try Solution]: OrderedDict([('API', 'sklearn.preprocessing.scale'), ('action', 'arg_value_update'), ('arg_name', 'copy'), ('target_value', 'True')])['Hostel.csv']
<class 'pandas.core.frame.DataFrame'>
RangeIndex: 342 entries, 0 to 341
Data columns (total 16 columns):
 #   Column         Non-Null Count  Dtype  
---  ------         --------------  -----  
 0   Unnamed: 0     342 non-null    int64  
 1   hostel.name    342 non-null    object 
 2   City           342 non-null    object 
 3   price.from     342 non-null    int64  
 4   Distance       342 non-null    object 
 5   summary.score  327 non-null    float64
 6   rating.band    327 non-null    object 
 7   atmosphere     327 non-null    float64
 8   cleanliness    327 non-null    float64
 9   facilities     327 non-null    float64
 10  location.y     327 non-null    float64
 11  security       327 non-null    float64
 12  staff          327 non-null    float64
 13  valueformoney  327 non-null    float64
 14  lon            298 non-null    float64
 15  lat            298 non-null    float64
dtypes: float64(10), int64(2), object(4)
memory usage: 42.9+ KB
None
Index(['Unnamed: 0', 'hostel.name', 'City', 'price.from', 'Distance',
       'summary.score', 'rating.band', 'atmosphere', 'cleanliness',
       'facilities', 'location.y', 'security', 'staff', 'valueformoney', 'lon',
       'lat'],
      dtype='object')
(342, 16)
Tokyo           127
Osaka           104
Kyoto            78
Fukuoka-City     19
Hiroshima        14
Name: City, dtype: int64 Superb       182
Fabulous     106
Very Good     20
Good          11
Rating         8
Name: rating.band, dtype: int64
Superb       182
Fabulous     106
Very Good     20
Unknown       15
Good          11
Rating         8
Name: rating.band, dtype: int64
0      3
1      3
2      0
3      5
4      3
      ..
337    0
338    0
339    3
340    0
341    0
Name: rating.band, Length: 342, dtype: int64
Tokyo           127
Osaka           104
Kyoto            78
Fukuoka-City     19
Hiroshima        14
Name: City, dtype: int64
0      3
1      0
2      4
3      4
4      4
      ..
337    4
338    4
339    4
340    2
341    4
Name: City, Length: 342, dtype: int64
3    182
0    106
5     20
4     15
1     11
2      8
Name: rating.band, dtype: int64
0        (0, 3)\t1.0\n  (1, 3)\t1.0\n  (2, 0)\t1.0\n ...
1        (0, 3)\t1.0\n  (1, 3)\t1.0\n  (2, 0)\t1.0\n ...
2        (0, 3)\t1.0\n  (1, 3)\t1.0\n  (2, 0)\t1.0\n ...
3        (0, 3)\t1.0\n  (1, 3)\t1.0\n  (2, 0)\t1.0\n ...
4        (0, 3)\t1.0\n  (1, 3)\t1.0\n  (2, 0)\t1.0\n ...
                             ...                        
337      (0, 3)\t1.0\n  (1, 3)\t1.0\n  (2, 0)\t1.0\n ...
338      (0, 3)\t1.0\n  (1, 3)\t1.0\n  (2, 0)\t1.0\n ...
339      (0, 3)\t1.0\n  (1, 3)\t1.0\n  (2, 0)\t1.0\n ...
340      (0, 3)\t1.0\n  (1, 3)\t1.0\n  (2, 0)\t1.0\n ...
341      (0, 3)\t1.0\n  (1, 3)\t1.0\n  (2, 0)\t1.0\n ...
Name: rating.band, Length: 342, dtype: object
4    127
3    104
2     78
0     19
1     14
Name: City, dtype: int64
0        (0, 3)\t1.0\n  (1, 0)\t1.0\n  (2, 4)\t1.0\n ...
1        (0, 3)\t1.0\n  (1, 0)\t1.0\n  (2, 4)\t1.0\n ...
2        (0, 3)\t1.0\n  (1, 0)\t1.0\n  (2, 4)\t1.0\n ...
3        (0, 3)\t1.0\n  (1, 0)\t1.0\n  (2, 4)\t1.0\n ...
4        (0, 3)\t1.0\n  (1, 0)\t1.0\n  (2, 4)\t1.0\n ...
                             ...                        
337      (0, 3)\t1.0\n  (1, 0)\t1.0\n  (2, 4)\t1.0\n ...
338      (0, 3)\t1.0\n  (1, 0)\t1.0\n  (2, 4)\t1.0\n ...
339      (0, 3)\t1.0\n  (1, 0)\t1.0\n  (2, 4)\t1.0\n ...
340      (0, 3)\t1.0\n  (1, 0)\t1.0\n  (2, 4)\t1.0\n ...
341      (0, 3)\t1.0\n  (1, 0)\t1.0\n  (2, 4)\t1.0\n ...
Name: City, Length: 342, dtype: object
0       2.9km from city centre
1       0.7km from city centre
2       7.8km from city centre
3       8.7km from city centre
4      10.5km from city centre
                ...           
337     2.6km from city centre
338     2.9km from city centre
339    17.5km from city centre
340     2.4km from city centre
341     5.9km from city centre
Name: Distance, Length: 342, dtype: object
0      2.9
1      2.9
2      2.9
3      2.9
4      2.9
      ... 
337    2.9
338    2.9
339    2.9
340    2.9
341    2.9
Name: Distance, Length: 342, dtype: object
<class 'pandas.core.frame.DataFrame'>
RangeIndex: 342 entries, 0 to 341
Data columns (total 13 columns):
 #   Column         Non-Null Count  Dtype  
---  ------         --------------  -----  
 0   Unnamed: 0     342 non-null    int64  
 1   price.from     342 non-null    int64  
 2   Distance       342 non-null    object 
 3   summary.score  327 non-null    float64
 4   atmosphere     327 non-null    float64
 5   cleanliness    327 non-null    float64
 6   facilities     327 non-null    float64
 7   location.y     327 non-null    float64
 8   security       327 non-null    float64
 9   staff          327 non-null    float64
 10  valueformoney  327 non-null    float64
 11  lon            298 non-null    float64
 12  lat            298 non-null    float64
dtypes: float64(10), int64(2), object(1)
memory usage: 34.9+ KB
None
Traceback (most recent call last):
  File "regression-mlr-lasso-ridge-and-elastic.py", line 107, in <module>
    imputer = scale(X="median",copy=True)
  File "/home/cgzhu/anaconda3/envs/migration-plus/lib/python3.6/site-packages/sklearn/utils/validation.py", line 73, in inner_f
    return f(**kwargs)
  File "/home/cgzhu/anaconda3/envs/migration-plus/lib/python3.6/site-packages/sklearn/preprocessing/_data.py", line 143, in scale
    force_all_finite='allow-nan')
  File "/home/cgzhu/anaconda3/envs/migration-plus/lib/python3.6/site-packages/sklearn/utils/validation.py", line 73, in inner_f
    return f(**kwargs)
  File "/home/cgzhu/anaconda3/envs/migration-plus/lib/python3.6/site-packages/sklearn/utils/validation.py", line 599, in check_array
    array = np.asarray(array, order=order, dtype=dtype)
  File "/home/cgzhu/anaconda3/envs/migration-plus/lib/python3.6/site-packages/numpy/core/_asarray.py", line 85, in asarray
    return array(a, dtype, copy=False, order=order)
ValueError: could not convert string to float: 'median'
[Try Solution]: OrderedDict([('API', 'sklearn.preprocessing.scale'), ('action', 'arg_value_update'), ('arg_name', 'copy'), ('target_value', 'False')])['Hostel.csv']
<class 'pandas.core.frame.DataFrame'>
RangeIndex: 342 entries, 0 to 341
Data columns (total 16 columns):
 #   Column         Non-Null Count  Dtype  
---  ------         --------------  -----  
 0   Unnamed: 0     342 non-null    int64  
 1   hostel.name    342 non-null    object 
 2   City           342 non-null    object 
 3   price.from     342 non-null    int64  
 4   Distance       342 non-null    object 
 5   summary.score  327 non-null    float64
 6   rating.band    327 non-null    object 
 7   atmosphere     327 non-null    float64
 8   cleanliness    327 non-null    float64
 9   facilities     327 non-null    float64
 10  location.y     327 non-null    float64
 11  security       327 non-null    float64
 12  staff          327 non-null    float64
 13  valueformoney  327 non-null    float64
 14  lon            298 non-null    float64
 15  lat            298 non-null    float64
dtypes: float64(10), int64(2), object(4)
memory usage: 42.9+ KB
None
Index(['Unnamed: 0', 'hostel.name', 'City', 'price.from', 'Distance',
       'summary.score', 'rating.band', 'atmosphere', 'cleanliness',
       'facilities', 'location.y', 'security', 'staff', 'valueformoney', 'lon',
       'lat'],
      dtype='object')
(342, 16)
Tokyo           127
Osaka           104
Kyoto            78
Fukuoka-City     19
Hiroshima        14
Name: City, dtype: int64 Superb       182
Fabulous     106
Very Good     20
Good          11
Rating         8
Name: rating.band, dtype: int64
Superb       182
Fabulous     106
Very Good     20
Unknown       15
Good          11
Rating         8
Name: rating.band, dtype: int64
0      3
1      3
2      0
3      5
4      3
      ..
337    0
338    0
339    3
340    0
341    0
Name: rating.band, Length: 342, dtype: int64
Tokyo           127
Osaka           104
Kyoto            78
Fukuoka-City     19
Hiroshima        14
Name: City, dtype: int64
0      3
1      0
2      4
3      4
4      4
      ..
337    4
338    4
339    4
340    2
341    4
Name: City, Length: 342, dtype: int64
3    182
0    106
5     20
4     15
1     11
2      8
Name: rating.band, dtype: int64
0        (0, 3)\t1.0\n  (1, 3)\t1.0\n  (2, 0)\t1.0\n ...
1        (0, 3)\t1.0\n  (1, 3)\t1.0\n  (2, 0)\t1.0\n ...
2        (0, 3)\t1.0\n  (1, 3)\t1.0\n  (2, 0)\t1.0\n ...
3        (0, 3)\t1.0\n  (1, 3)\t1.0\n  (2, 0)\t1.0\n ...
4        (0, 3)\t1.0\n  (1, 3)\t1.0\n  (2, 0)\t1.0\n ...
                             ...                        
337      (0, 3)\t1.0\n  (1, 3)\t1.0\n  (2, 0)\t1.0\n ...
338      (0, 3)\t1.0\n  (1, 3)\t1.0\n  (2, 0)\t1.0\n ...
339      (0, 3)\t1.0\n  (1, 3)\t1.0\n  (2, 0)\t1.0\n ...
340      (0, 3)\t1.0\n  (1, 3)\t1.0\n  (2, 0)\t1.0\n ...
341      (0, 3)\t1.0\n  (1, 3)\t1.0\n  (2, 0)\t1.0\n ...
Name: rating.band, Length: 342, dtype: object
4    127
3    104
2     78
0     19
1     14
Name: City, dtype: int64
0        (0, 3)\t1.0\n  (1, 0)\t1.0\n  (2, 4)\t1.0\n ...
1        (0, 3)\t1.0\n  (1, 0)\t1.0\n  (2, 4)\t1.0\n ...
2        (0, 3)\t1.0\n  (1, 0)\t1.0\n  (2, 4)\t1.0\n ...
3        (0, 3)\t1.0\n  (1, 0)\t1.0\n  (2, 4)\t1.0\n ...
4        (0, 3)\t1.0\n  (1, 0)\t1.0\n  (2, 4)\t1.0\n ...
                             ...                        
337      (0, 3)\t1.0\n  (1, 0)\t1.0\n  (2, 4)\t1.0\n ...
338      (0, 3)\t1.0\n  (1, 0)\t1.0\n  (2, 4)\t1.0\n ...
339      (0, 3)\t1.0\n  (1, 0)\t1.0\n  (2, 4)\t1.0\n ...
340      (0, 3)\t1.0\n  (1, 0)\t1.0\n  (2, 4)\t1.0\n ...
341      (0, 3)\t1.0\n  (1, 0)\t1.0\n  (2, 4)\t1.0\n ...
Name: City, Length: 342, dtype: object
0       2.9km from city centre
1       0.7km from city centre
2       7.8km from city centre
3       8.7km from city centre
4      10.5km from city centre
                ...           
337     2.6km from city centre
338     2.9km from city centre
339    17.5km from city centre
340     2.4km from city centre
341     5.9km from city centre
Name: Distance, Length: 342, dtype: object
0      2.9
1      2.9
2      2.9
3      2.9
4      2.9
      ... 
337    2.9
338    2.9
339    2.9
340    2.9
341    2.9
Name: Distance, Length: 342, dtype: object
<class 'pandas.core.frame.DataFrame'>
RangeIndex: 342 entries, 0 to 341
Data columns (total 13 columns):
 #   Column         Non-Null Count  Dtype  
---  ------         --------------  -----  
 0   Unnamed: 0     342 non-null    int64  
 1   price.from     342 non-null    int64  
 2   Distance       342 non-null    object 
 3   summary.score  327 non-null    float64
 4   atmosphere     327 non-null    float64
 5   cleanliness    327 non-null    float64
 6   facilities     327 non-null    float64
 7   location.y     327 non-null    float64
 8   security       327 non-null    float64
 9   staff          327 non-null    float64
 10  valueformoney  327 non-null    float64
 11  lon            298 non-null    float64
 12  lat            298 non-null    float64
dtypes: float64(10), int64(2), object(1)
memory usage: 34.9+ KB
None
Traceback (most recent call last):
  File "regression-mlr-lasso-ridge-and-elastic.py", line 107, in <module>
    imputer = scale(X="median",copy=False)
  File "/home/cgzhu/anaconda3/envs/migration-plus/lib/python3.6/site-packages/sklearn/utils/validation.py", line 73, in inner_f
    return f(**kwargs)
  File "/home/cgzhu/anaconda3/envs/migration-plus/lib/python3.6/site-packages/sklearn/preprocessing/_data.py", line 143, in scale
    force_all_finite='allow-nan')
  File "/home/cgzhu/anaconda3/envs/migration-plus/lib/python3.6/site-packages/sklearn/utils/validation.py", line 73, in inner_f
    return f(**kwargs)
  File "/home/cgzhu/anaconda3/envs/migration-plus/lib/python3.6/site-packages/sklearn/utils/validation.py", line 599, in check_array
    array = np.asarray(array, order=order, dtype=dtype)
  File "/home/cgzhu/anaconda3/envs/migration-plus/lib/python3.6/site-packages/numpy/core/_asarray.py", line 85, in asarray
    return array(a, dtype, copy=False, order=order)
ValueError: could not convert string to float: 'median'
[REPAIR EXEC TIME]: 120.34065437316895