voice.csv

Total number ber of people involve in the test: 3168
Number of Male: 1584
Number of Female: 1584

[1 1 1 ... 0 0 0]
Traceback (most recent call last):
  File "extracting-results-by-visualizing-and-applying-svm.py", line 248, in <module>
    from sklearn.cross_validation import train_test_split
ModuleNotFoundError: No module named 'sklearn.cross_validation'
[Try Solution]: OrderedDict([('action', 'fqn'), ('old_fqn', 'sklearn.cross_validation'), ('new_fqn', 'sklearn.model_selection'), ('line_no', 248)])voice.csv

Total number ber of people involve in the test: 3168
Number of Male: 1584
Number of Female: 1584

[1 1 1 ... 0 0 0]
96.84542586750788
97.79179810725552
96.37223974763407

We got an accuracy of 96.84542586750788 by applying SVM using Linear Kernal 
We got an accuracy of 97.79179810725552 by applying SVM using RBF Kernal 
We got an accuracy of 96.37223974763407 by applying SVM using Polynomial Kernal 
[REPAIR EXEC TIME]: 7.19952654838562