<class 'pandas.core.frame.DataFrame'>
RangeIndex: 569 entries, 0 to 568
Data columns (total 6 columns):
 #   Column           Non-Null Count  Dtype  
---  ------           --------------  -----  
 0   mean_radius      569 non-null    float64
 1   mean_texture     569 non-null    float64
 2   mean_perimeter   569 non-null    float64
 3   mean_area        569 non-null    float64
 4   mean_smoothness  569 non-null    float64
 5   diagnosis        569 non-null    int64  
dtypes: float64(5), int64(1)
memory usage: 26.8 KB



best depth =  {'max_depth': 5, 'min_samples_split': 50}
AUC value on train data =  92.32934150632303




Accuracy=85.964912%

precision=92.857143%

recall=85.526316%

F1-Score=89.041096%


Feature: 0, Score: 0.00000
Feature: 1, Score: 0.05020
Feature: 2, Score: 0.08996
Feature: 3, Score: 0.85984
Feature: 4, Score: 0.00000
