../../../input/johndasilva_diabetes/diabetes.csv
<class 'pandas.core.frame.DataFrame'>
RangeIndex: 2000 entries, 0 to 1999
Data columns (total 9 columns):
 #   Column                    Non-Null Count  Dtype  
---  ------                    --------------  -----  
 0   Pregnancies               2000 non-null   int64  
 1   Glucose                   2000 non-null   int64  
 2   BloodPressure             2000 non-null   int64  
 3   SkinThickness             2000 non-null   int64  
 4   Insulin                   2000 non-null   int64  
 5   BMI                       2000 non-null   float64
 6   DiabetesPedigreeFunction  2000 non-null   float64
 7   Age                       2000 non-null   int64  
 8   Outcome                   2000 non-null   int64  
dtypes: float64(2), int64(7)
memory usage: 140.8 KB
satir ve sutun =  (2000, 9)
Boyut sayisi =  2
eleman sayisi =  18000




Traceback (most recent call last):
  File "diabetes-classifications.py", line 159, in <module>
    loj_reg = LogisticRegression(penalty='l1').fit(x_train,y_train)
  File "/home/cgzhu/anaconda3/envs/migration-plus/lib/python3.6/site-packages/sklearn/linear_model/_logistic.py", line 1304, in fit
    solver = _check_solver(self.solver, self.penalty, self.dual)
  File "/home/cgzhu/anaconda3/envs/migration-plus/lib/python3.6/site-packages/sklearn/linear_model/_logistic.py", line 443, in _check_solver
    "got %s penalty." % (solver, penalty))
ValueError: Solver lbfgs supports only 'l2' or 'none' penalties, got l1 penalty.
[Try Solution]: OrderedDict([('API', 'sklearn.linear_model.LogisticRegression'), ('action', 'arg_value_update'), ('arg_name', 'penalty'), ('target_value', 'l1')])../../../input/johndasilva_diabetes/diabetes.csv
<class 'pandas.core.frame.DataFrame'>
RangeIndex: 2000 entries, 0 to 1999
Data columns (total 9 columns):
 #   Column                    Non-Null Count  Dtype  
---  ------                    --------------  -----  
 0   Pregnancies               2000 non-null   int64  
 1   Glucose                   2000 non-null   int64  
 2   BloodPressure             2000 non-null   int64  
 3   SkinThickness             2000 non-null   int64  
 4   Insulin                   2000 non-null   int64  
 5   BMI                       2000 non-null   float64
 6   DiabetesPedigreeFunction  2000 non-null   float64
 7   Age                       2000 non-null   int64  
 8   Outcome                   2000 non-null   int64  
dtypes: float64(2), int64(7)
memory usage: 140.8 KB
satir ve sutun =  (2000, 9)
Boyut sayisi =  2
eleman sayisi =  18000




Traceback (most recent call last):
  File "diabetes-classifications.py", line 159, in <module>
    loj_reg = LogisticRegression(penalty="l1").fit(x_train,y_train)
  File "/home/cgzhu/anaconda3/envs/migration-plus/lib/python3.6/site-packages/sklearn/linear_model/_logistic.py", line 1304, in fit
    solver = _check_solver(self.solver, self.penalty, self.dual)
  File "/home/cgzhu/anaconda3/envs/migration-plus/lib/python3.6/site-packages/sklearn/linear_model/_logistic.py", line 443, in _check_solver
    "got %s penalty." % (solver, penalty))
ValueError: Solver lbfgs supports only 'l2' or 'none' penalties, got l1 penalty.
[Try Solution]: OrderedDict([('API', 'sklearn.linear_model.LogisticRegression'), ('action', 'arg_value_update'), ('arg_name', 'penalty'), ('target_value', 'l2')])../../../input/johndasilva_diabetes/diabetes.csv
<class 'pandas.core.frame.DataFrame'>
RangeIndex: 2000 entries, 0 to 1999
Data columns (total 9 columns):
 #   Column                    Non-Null Count  Dtype  
---  ------                    --------------  -----  
 0   Pregnancies               2000 non-null   int64  
 1   Glucose                   2000 non-null   int64  
 2   BloodPressure             2000 non-null   int64  
 3   SkinThickness             2000 non-null   int64  
 4   Insulin                   2000 non-null   int64  
 5   BMI                       2000 non-null   float64
 6   DiabetesPedigreeFunction  2000 non-null   float64
 7   Age                       2000 non-null   int64  
 8   Outcome                   2000 non-null   int64  
dtypes: float64(2), int64(7)
memory usage: 140.8 KB
satir ve sutun =  (2000, 9)
Boyut sayisi =  2
eleman sayisi =  18000




b0 =  [-8.02999887]
Coefs =  [[ 0.12164685  0.03347113 -0.01044301  0.0059472  -0.00173991  0.07995459
   0.63944714  0.0144454 ]]
Logistic_reg_class_SCORE =  0.795
random_forest_class_SCORE =  0.9775
KNN_class_SCORE =  0.815
SVM_class_SCORE =  0.7825
NB_class_SCORE =  0.7775

Traceback (most recent call last):
  File "diabetes-classifications.py", line 387, in <module>
    from plotly.plotly import iplot
  File "/home/cgzhu/anaconda3/envs/migration-plus/lib/python3.6/site-packages/plotly/plotly/__init__.py", line 4, in <module>
    _chart_studio_error("plotly")
  File "/home/cgzhu/anaconda3/envs/migration-plus/lib/python3.6/site-packages/_plotly_future_/__init__.py", line 49, in _chart_studio_error
    submodule=submodule
ImportError: 
The plotly.plotly module is deprecated,
please install the chart-studio package and use the
chart_studio.plotly module instead. 

[Try Solution]: OrderedDict([('action', 'fqn'), ('old_fqn', 'plotly.plotly'), ('new_fqn', 'plotly.io'), ('line_no', 387)])../../../input/johndasilva_diabetes/diabetes.csv
<class 'pandas.core.frame.DataFrame'>
RangeIndex: 2000 entries, 0 to 1999
Data columns (total 9 columns):
 #   Column                    Non-Null Count  Dtype  
---  ------                    --------------  -----  
 0   Pregnancies               2000 non-null   int64  
 1   Glucose                   2000 non-null   int64  
 2   BloodPressure             2000 non-null   int64  
 3   SkinThickness             2000 non-null   int64  
 4   Insulin                   2000 non-null   int64  
 5   BMI                       2000 non-null   float64
 6   DiabetesPedigreeFunction  2000 non-null   float64
 7   Age                       2000 non-null   int64  
 8   Outcome                   2000 non-null   int64  
dtypes: float64(2), int64(7)
memory usage: 140.8 KB
satir ve sutun =  (2000, 9)
Boyut sayisi =  2
eleman sayisi =  18000




b0 =  [-8.02999887]
Coefs =  [[ 0.12164685  0.03347113 -0.01044301  0.0059472  -0.00173991  0.07995459
   0.63944714  0.0144454 ]]
Logistic_reg_class_SCORE =  0.795
random_forest_class_SCORE =  0.985
KNN_class_SCORE =  0.815
SVM_class_SCORE =  0.7825
NB_class_SCORE =  0.7775

Traceback (most recent call last):
  File "diabetes-classifications.py", line 388, in <module>
    from plotly.io import iplot
ImportError: cannot import name 'iplot'
[Try Solution]: OrderedDict([('action', 'fqn'), ('old_fqn', 'plotly.plotly'), ('new_fqn', 'plotly.io.show'), ('line_no', 387)])../../../input/johndasilva_diabetes/diabetes.csv
<class 'pandas.core.frame.DataFrame'>
RangeIndex: 2000 entries, 0 to 1999
Data columns (total 9 columns):
 #   Column                    Non-Null Count  Dtype  
---  ------                    --------------  -----  
 0   Pregnancies               2000 non-null   int64  
 1   Glucose                   2000 non-null   int64  
 2   BloodPressure             2000 non-null   int64  
 3   SkinThickness             2000 non-null   int64  
 4   Insulin                   2000 non-null   int64  
 5   BMI                       2000 non-null   float64
 6   DiabetesPedigreeFunction  2000 non-null   float64
 7   Age                       2000 non-null   int64  
 8   Outcome                   2000 non-null   int64  
dtypes: float64(2), int64(7)
memory usage: 140.8 KB
satir ve sutun =  (2000, 9)
Boyut sayisi =  2
eleman sayisi =  18000




b0 =  [-8.02999887]
Coefs =  [[ 0.12164685  0.03347113 -0.01044301  0.0059472  -0.00173991  0.07995459
   0.63944714  0.0144454 ]]
Logistic_reg_class_SCORE =  0.795
random_forest_class_SCORE =  0.985
KNN_class_SCORE =  0.815
SVM_class_SCORE =  0.7825
NB_class_SCORE =  0.7775

Traceback (most recent call last):
  File "diabetes-classifications.py", line 388, in <module>
    from plotly.io.show import iplot
ModuleNotFoundError: No module named 'plotly.io.show'
[Try Solution]: OrderedDict([('action', 'fqn'), ('old_fqn', 'plotly.plotly'), ('new_fqn', 'plotly.version'), ('line_no', 387)])../../../input/johndasilva_diabetes/diabetes.csv
<class 'pandas.core.frame.DataFrame'>
RangeIndex: 2000 entries, 0 to 1999
Data columns (total 9 columns):
 #   Column                    Non-Null Count  Dtype  
---  ------                    --------------  -----  
 0   Pregnancies               2000 non-null   int64  
 1   Glucose                   2000 non-null   int64  
 2   BloodPressure             2000 non-null   int64  
 3   SkinThickness             2000 non-null   int64  
 4   Insulin                   2000 non-null   int64  
 5   BMI                       2000 non-null   float64
 6   DiabetesPedigreeFunction  2000 non-null   float64
 7   Age                       2000 non-null   int64  
 8   Outcome                   2000 non-null   int64  
dtypes: float64(2), int64(7)
memory usage: 140.8 KB
satir ve sutun =  (2000, 9)
Boyut sayisi =  2
eleman sayisi =  18000




b0 =  [-8.02999887]
Coefs =  [[ 0.12164685  0.03347113 -0.01044301  0.0059472  -0.00173991  0.07995459
   0.63944714  0.0144454 ]]
Logistic_reg_class_SCORE =  0.795
random_forest_class_SCORE =  0.99
KNN_class_SCORE =  0.815
SVM_class_SCORE =  0.7825
NB_class_SCORE =  0.7775

Traceback (most recent call last):
  File "diabetes-classifications.py", line 388, in <module>
    from plotly.version import iplot
ImportError: cannot import name 'iplot'
[Try Solution]: OrderedDict([('action', 'fqn'), ('old_fqn', 'plotly.plotly'), ('new_fqn', 'plotly.io.to_json'), ('line_no', 387)])../../../input/johndasilva_diabetes/diabetes.csv
<class 'pandas.core.frame.DataFrame'>
RangeIndex: 2000 entries, 0 to 1999
Data columns (total 9 columns):
 #   Column                    Non-Null Count  Dtype  
---  ------                    --------------  -----  
 0   Pregnancies               2000 non-null   int64  
 1   Glucose                   2000 non-null   int64  
 2   BloodPressure             2000 non-null   int64  
 3   SkinThickness             2000 non-null   int64  
 4   Insulin                   2000 non-null   int64  
 5   BMI                       2000 non-null   float64
 6   DiabetesPedigreeFunction  2000 non-null   float64
 7   Age                       2000 non-null   int64  
 8   Outcome                   2000 non-null   int64  
dtypes: float64(2), int64(7)
memory usage: 140.8 KB
satir ve sutun =  (2000, 9)
Boyut sayisi =  2
eleman sayisi =  18000




b0 =  [-8.02999887]
Coefs =  [[ 0.12164685  0.03347113 -0.01044301  0.0059472  -0.00173991  0.07995459
   0.63944714  0.0144454 ]]
Logistic_reg_class_SCORE =  0.795
random_forest_class_SCORE =  0.9725
KNN_class_SCORE =  0.815
SVM_class_SCORE =  0.7825
NB_class_SCORE =  0.7775

Traceback (most recent call last):
  File "diabetes-classifications.py", line 388, in <module>
    from plotly.io.to_json import iplot
ModuleNotFoundError: No module named 'plotly.io.to_json'
[Try Solution]: OrderedDict([('action', 'fqn'), ('old_fqn', 'plotly.plotly'), ('new_fqn', 'plotly.io.to_html'), ('line_no', 387)])../../../input/johndasilva_diabetes/diabetes.csv
<class 'pandas.core.frame.DataFrame'>
RangeIndex: 2000 entries, 0 to 1999
Data columns (total 9 columns):
 #   Column                    Non-Null Count  Dtype  
---  ------                    --------------  -----  
 0   Pregnancies               2000 non-null   int64  
 1   Glucose                   2000 non-null   int64  
 2   BloodPressure             2000 non-null   int64  
 3   SkinThickness             2000 non-null   int64  
 4   Insulin                   2000 non-null   int64  
 5   BMI                       2000 non-null   float64
 6   DiabetesPedigreeFunction  2000 non-null   float64
 7   Age                       2000 non-null   int64  
 8   Outcome                   2000 non-null   int64  
dtypes: float64(2), int64(7)
memory usage: 140.8 KB
satir ve sutun =  (2000, 9)
Boyut sayisi =  2
eleman sayisi =  18000




b0 =  [-8.02999887]
Coefs =  [[ 0.12164685  0.03347113 -0.01044301  0.0059472  -0.00173991  0.07995459
   0.63944714  0.0144454 ]]
Logistic_reg_class_SCORE =  0.795
random_forest_class_SCORE =  0.98
KNN_class_SCORE =  0.815
SVM_class_SCORE =  0.7825
NB_class_SCORE =  0.7775

Traceback (most recent call last):
  File "diabetes-classifications.py", line 388, in <module>
    from plotly.io.to_html import iplot
ModuleNotFoundError: No module named 'plotly.io.to_html'
[Try Solution]: OrderedDict([('action', 'fqn'), ('old_fqn', 'plotly.plotly'), ('new_fqn', 'plotly.io.to_image'), ('line_no', 387)])../../../input/johndasilva_diabetes/diabetes.csv
<class 'pandas.core.frame.DataFrame'>
RangeIndex: 2000 entries, 0 to 1999
Data columns (total 9 columns):
 #   Column                    Non-Null Count  Dtype  
---  ------                    --------------  -----  
 0   Pregnancies               2000 non-null   int64  
 1   Glucose                   2000 non-null   int64  
 2   BloodPressure             2000 non-null   int64  
 3   SkinThickness             2000 non-null   int64  
 4   Insulin                   2000 non-null   int64  
 5   BMI                       2000 non-null   float64
 6   DiabetesPedigreeFunction  2000 non-null   float64
 7   Age                       2000 non-null   int64  
 8   Outcome                   2000 non-null   int64  
dtypes: float64(2), int64(7)
memory usage: 140.8 KB
satir ve sutun =  (2000, 9)
Boyut sayisi =  2
eleman sayisi =  18000




b0 =  [-8.02999887]
Coefs =  [[ 0.12164685  0.03347113 -0.01044301  0.0059472  -0.00173991  0.07995459
   0.63944714  0.0144454 ]]
Logistic_reg_class_SCORE =  0.795
random_forest_class_SCORE =  0.9775
KNN_class_SCORE =  0.815
SVM_class_SCORE =  0.7825
NB_class_SCORE =  0.7775

Traceback (most recent call last):
  File "diabetes-classifications.py", line 388, in <module>
    from plotly.io.to_image import iplot
ModuleNotFoundError: No module named 'plotly.io.to_image'
[Try Solution]: OrderedDict([('action', 'fqn'), ('old_fqn', 'plotly.plotly'), ('new_fqn', 'plotly.io.templates'), ('line_no', 387)])../../../input/johndasilva_diabetes/diabetes.csv
<class 'pandas.core.frame.DataFrame'>
RangeIndex: 2000 entries, 0 to 1999
Data columns (total 9 columns):
 #   Column                    Non-Null Count  Dtype  
---  ------                    --------------  -----  
 0   Pregnancies               2000 non-null   int64  
 1   Glucose                   2000 non-null   int64  
 2   BloodPressure             2000 non-null   int64  
 3   SkinThickness             2000 non-null   int64  
 4   Insulin                   2000 non-null   int64  
 5   BMI                       2000 non-null   float64
 6   DiabetesPedigreeFunction  2000 non-null   float64
 7   Age                       2000 non-null   int64  
 8   Outcome                   2000 non-null   int64  
dtypes: float64(2), int64(7)
memory usage: 140.8 KB
satir ve sutun =  (2000, 9)
Boyut sayisi =  2
eleman sayisi =  18000




b0 =  [-8.02999887]
Coefs =  [[ 0.12164685  0.03347113 -0.01044301  0.0059472  -0.00173991  0.07995459
   0.63944714  0.0144454 ]]
Logistic_reg_class_SCORE =  0.795
random_forest_class_SCORE =  0.9825
KNN_class_SCORE =  0.815
SVM_class_SCORE =  0.7825
NB_class_SCORE =  0.7775

Traceback (most recent call last):
  File "diabetes-classifications.py", line 388, in <module>
    from plotly.io.templates import iplot
ModuleNotFoundError: No module named 'plotly.io.templates'
[Try Solution]: OrderedDict([('action', 'fqn'), ('old_fqn', 'plotly.plotly'), ('new_fqn', 'plotly.express.bar'), ('line_no', 387)])../../../input/johndasilva_diabetes/diabetes.csv
<class 'pandas.core.frame.DataFrame'>
RangeIndex: 2000 entries, 0 to 1999
Data columns (total 9 columns):
 #   Column                    Non-Null Count  Dtype  
---  ------                    --------------  -----  
 0   Pregnancies               2000 non-null   int64  
 1   Glucose                   2000 non-null   int64  
 2   BloodPressure             2000 non-null   int64  
 3   SkinThickness             2000 non-null   int64  
 4   Insulin                   2000 non-null   int64  
 5   BMI                       2000 non-null   float64
 6   DiabetesPedigreeFunction  2000 non-null   float64
 7   Age                       2000 non-null   int64  
 8   Outcome                   2000 non-null   int64  
dtypes: float64(2), int64(7)
memory usage: 140.8 KB
satir ve sutun =  (2000, 9)
Boyut sayisi =  2
eleman sayisi =  18000




b0 =  [-8.02999887]
Coefs =  [[ 0.12164685  0.03347113 -0.01044301  0.0059472  -0.00173991  0.07995459
   0.63944714  0.0144454 ]]
Logistic_reg_class_SCORE =  0.795
random_forest_class_SCORE =  0.985
KNN_class_SCORE =  0.815
SVM_class_SCORE =  0.7825
NB_class_SCORE =  0.7775

Traceback (most recent call last):
  File "diabetes-classifications.py", line 388, in <module>
    from plotly.express.bar import iplot
ModuleNotFoundError: No module named 'plotly.express.bar'
[Try Solution]: OrderedDict([('action', 'fqn'), ('old_fqn', 'plotly.plotly'), ('new_fqn', 'plotly.express.box'), ('line_no', 387)])../../../input/johndasilva_diabetes/diabetes.csv
<class 'pandas.core.frame.DataFrame'>
RangeIndex: 2000 entries, 0 to 1999
Data columns (total 9 columns):
 #   Column                    Non-Null Count  Dtype  
---  ------                    --------------  -----  
 0   Pregnancies               2000 non-null   int64  
 1   Glucose                   2000 non-null   int64  
 2   BloodPressure             2000 non-null   int64  
 3   SkinThickness             2000 non-null   int64  
 4   Insulin                   2000 non-null   int64  
 5   BMI                       2000 non-null   float64
 6   DiabetesPedigreeFunction  2000 non-null   float64
 7   Age                       2000 non-null   int64  
 8   Outcome                   2000 non-null   int64  
dtypes: float64(2), int64(7)
memory usage: 140.8 KB
satir ve sutun =  (2000, 9)
Boyut sayisi =  2
eleman sayisi =  18000




b0 =  [-8.02999887]
Coefs =  [[ 0.12164685  0.03347113 -0.01044301  0.0059472  -0.00173991  0.07995459
   0.63944714  0.0144454 ]]
Logistic_reg_class_SCORE =  0.795
random_forest_class_SCORE =  0.985
KNN_class_SCORE =  0.815
SVM_class_SCORE =  0.7825
NB_class_SCORE =  0.7775

Traceback (most recent call last):
  File "diabetes-classifications.py", line 388, in <module>
    from plotly.express.box import iplot
ModuleNotFoundError: No module named 'plotly.express.box'
[Try Solution]: OrderedDict([('action', 'fqn'), ('old_fqn', 'plotly.plotly'), ('new_fqn', 'plotly.express.pie'), ('line_no', 387)])../../../input/johndasilva_diabetes/diabetes.csv
<class 'pandas.core.frame.DataFrame'>
RangeIndex: 2000 entries, 0 to 1999
Data columns (total 9 columns):
 #   Column                    Non-Null Count  Dtype  
---  ------                    --------------  -----  
 0   Pregnancies               2000 non-null   int64  
 1   Glucose                   2000 non-null   int64  
 2   BloodPressure             2000 non-null   int64  
 3   SkinThickness             2000 non-null   int64  
 4   Insulin                   2000 non-null   int64  
 5   BMI                       2000 non-null   float64
 6   DiabetesPedigreeFunction  2000 non-null   float64
 7   Age                       2000 non-null   int64  
 8   Outcome                   2000 non-null   int64  
dtypes: float64(2), int64(7)
memory usage: 140.8 KB
satir ve sutun =  (2000, 9)
Boyut sayisi =  2
eleman sayisi =  18000




b0 =  [-8.02999887]
Coefs =  [[ 0.12164685  0.03347113 -0.01044301  0.0059472  -0.00173991  0.07995459
   0.63944714  0.0144454 ]]
Logistic_reg_class_SCORE =  0.795
random_forest_class_SCORE =  0.975
KNN_class_SCORE =  0.815
SVM_class_SCORE =  0.7825
NB_class_SCORE =  0.7775

Traceback (most recent call last):
  File "diabetes-classifications.py", line 388, in <module>
    from plotly.express.pie import iplot
ModuleNotFoundError: No module named 'plotly.express.pie'
[Try Solution]: OrderedDict([('action', 'fqn'), ('old_fqn', 'plotly.plotly'), ('new_fqn', 'plotly.express.line'), ('line_no', 387)])../../../input/johndasilva_diabetes/diabetes.csv
<class 'pandas.core.frame.DataFrame'>
RangeIndex: 2000 entries, 0 to 1999
Data columns (total 9 columns):
 #   Column                    Non-Null Count  Dtype  
---  ------                    --------------  -----  
 0   Pregnancies               2000 non-null   int64  
 1   Glucose                   2000 non-null   int64  
 2   BloodPressure             2000 non-null   int64  
 3   SkinThickness             2000 non-null   int64  
 4   Insulin                   2000 non-null   int64  
 5   BMI                       2000 non-null   float64
 6   DiabetesPedigreeFunction  2000 non-null   float64
 7   Age                       2000 non-null   int64  
 8   Outcome                   2000 non-null   int64  
dtypes: float64(2), int64(7)
memory usage: 140.8 KB
satir ve sutun =  (2000, 9)
Boyut sayisi =  2
eleman sayisi =  18000




b0 =  [-8.02999887]
Coefs =  [[ 0.12164685  0.03347113 -0.01044301  0.0059472  -0.00173991  0.07995459
   0.63944714  0.0144454 ]]
Logistic_reg_class_SCORE =  0.795
random_forest_class_SCORE =  0.98
KNN_class_SCORE =  0.815
SVM_class_SCORE =  0.7825
NB_class_SCORE =  0.7775

Traceback (most recent call last):
  File "diabetes-classifications.py", line 388, in <module>
    from plotly.express.line import iplot
ModuleNotFoundError: No module named 'plotly.express.line'
[Try Solution]: OrderedDict([('action', 'fqn'), ('old_fqn', 'plotly.plotly'), ('new_fqn', 'plotly.express.area'), ('line_no', 387)])../../../input/johndasilva_diabetes/diabetes.csv
<class 'pandas.core.frame.DataFrame'>
RangeIndex: 2000 entries, 0 to 1999
Data columns (total 9 columns):
 #   Column                    Non-Null Count  Dtype  
---  ------                    --------------  -----  
 0   Pregnancies               2000 non-null   int64  
 1   Glucose                   2000 non-null   int64  
 2   BloodPressure             2000 non-null   int64  
 3   SkinThickness             2000 non-null   int64  
 4   Insulin                   2000 non-null   int64  
 5   BMI                       2000 non-null   float64
 6   DiabetesPedigreeFunction  2000 non-null   float64
 7   Age                       2000 non-null   int64  
 8   Outcome                   2000 non-null   int64  
dtypes: float64(2), int64(7)
memory usage: 140.8 KB
satir ve sutun =  (2000, 9)
Boyut sayisi =  2
eleman sayisi =  18000




b0 =  [-8.02999887]
Coefs =  [[ 0.12164685  0.03347113 -0.01044301  0.0059472  -0.00173991  0.07995459
   0.63944714  0.0144454 ]]
Logistic_reg_class_SCORE =  0.795
random_forest_class_SCORE =  0.985
KNN_class_SCORE =  0.815
SVM_class_SCORE =  0.7825
NB_class_SCORE =  0.7775

Traceback (most recent call last):
  File "diabetes-classifications.py", line 388, in <module>
    from plotly.express.area import iplot
ModuleNotFoundError: No module named 'plotly.express.area'
[Try Solution]: OrderedDict([('action', 'fqn'), ('old_fqn', 'plotly.plotly'), ('new_fqn', 'plotly.express.data'), ('line_no', 387)])../../../input/johndasilva_diabetes/diabetes.csv
<class 'pandas.core.frame.DataFrame'>
RangeIndex: 2000 entries, 0 to 1999
Data columns (total 9 columns):
 #   Column                    Non-Null Count  Dtype  
---  ------                    --------------  -----  
 0   Pregnancies               2000 non-null   int64  
 1   Glucose                   2000 non-null   int64  
 2   BloodPressure             2000 non-null   int64  
 3   SkinThickness             2000 non-null   int64  
 4   Insulin                   2000 non-null   int64  
 5   BMI                       2000 non-null   float64
 6   DiabetesPedigreeFunction  2000 non-null   float64
 7   Age                       2000 non-null   int64  
 8   Outcome                   2000 non-null   int64  
dtypes: float64(2), int64(7)
memory usage: 140.8 KB
satir ve sutun =  (2000, 9)
Boyut sayisi =  2
eleman sayisi =  18000




b0 =  [-8.02999887]
Coefs =  [[ 0.12164685  0.03347113 -0.01044301  0.0059472  -0.00173991  0.07995459
   0.63944714  0.0144454 ]]
Logistic_reg_class_SCORE =  0.795
random_forest_class_SCORE =  0.985
KNN_class_SCORE =  0.815
SVM_class_SCORE =  0.7825
NB_class_SCORE =  0.7775

Traceback (most recent call last):
  File "diabetes-classifications.py", line 388, in <module>
    from plotly.express.data import iplot
ImportError: cannot import name 'iplot'
[Try Solution]: OrderedDict([('action', 'fqn'), ('old_fqn', 'plotly.plotly'), ('new_fqn', 'plotly.io.from_json'), ('line_no', 387)])../../../input/johndasilva_diabetes/diabetes.csv
<class 'pandas.core.frame.DataFrame'>
RangeIndex: 2000 entries, 0 to 1999
Data columns (total 9 columns):
 #   Column                    Non-Null Count  Dtype  
---  ------                    --------------  -----  
 0   Pregnancies               2000 non-null   int64  
 1   Glucose                   2000 non-null   int64  
 2   BloodPressure             2000 non-null   int64  
 3   SkinThickness             2000 non-null   int64  
 4   Insulin                   2000 non-null   int64  
 5   BMI                       2000 non-null   float64
 6   DiabetesPedigreeFunction  2000 non-null   float64
 7   Age                       2000 non-null   int64  
 8   Outcome                   2000 non-null   int64  
dtypes: float64(2), int64(7)
memory usage: 140.8 KB
satir ve sutun =  (2000, 9)
Boyut sayisi =  2
eleman sayisi =  18000




b0 =  [-8.02999887]
Coefs =  [[ 0.12164685  0.03347113 -0.01044301  0.0059472  -0.00173991  0.07995459
   0.63944714  0.0144454 ]]
Logistic_reg_class_SCORE =  0.795
random_forest_class_SCORE =  0.985
KNN_class_SCORE =  0.815
SVM_class_SCORE =  0.7825
NB_class_SCORE =  0.7775

Traceback (most recent call last):
  File "diabetes-classifications.py", line 388, in <module>
    from plotly.io.from_json import iplot
ModuleNotFoundError: No module named 'plotly.io.from_json'
[Try Solution]: OrderedDict([('action', 'fqn'), ('old_fqn', 'plotly.plotly'), ('new_fqn', 'plotly.io.read_json'), ('line_no', 387)])../../../input/johndasilva_diabetes/diabetes.csv
<class 'pandas.core.frame.DataFrame'>
RangeIndex: 2000 entries, 0 to 1999
Data columns (total 9 columns):
 #   Column                    Non-Null Count  Dtype  
---  ------                    --------------  -----  
 0   Pregnancies               2000 non-null   int64  
 1   Glucose                   2000 non-null   int64  
 2   BloodPressure             2000 non-null   int64  
 3   SkinThickness             2000 non-null   int64  
 4   Insulin                   2000 non-null   int64  
 5   BMI                       2000 non-null   float64
 6   DiabetesPedigreeFunction  2000 non-null   float64
 7   Age                       2000 non-null   int64  
 8   Outcome                   2000 non-null   int64  
dtypes: float64(2), int64(7)
memory usage: 140.8 KB
satir ve sutun =  (2000, 9)
Boyut sayisi =  2
eleman sayisi =  18000




b0 =  [-8.02999887]
Coefs =  [[ 0.12164685  0.03347113 -0.01044301  0.0059472  -0.00173991  0.07995459
   0.63944714  0.0144454 ]]
Logistic_reg_class_SCORE =  0.795
random_forest_class_SCORE =  0.98
KNN_class_SCORE =  0.815
SVM_class_SCORE =  0.7825
NB_class_SCORE =  0.7775

Traceback (most recent call last):
  File "diabetes-classifications.py", line 388, in <module>
    from plotly.io.read_json import iplot
ModuleNotFoundError: No module named 'plotly.io.read_json'
[Try Solution]: OrderedDict([('action', 'fqn'), ('old_fqn', 'plotly.plotly'), ('new_fqn', 'plotly.io.renderers'), ('line_no', 387)])../../../input/johndasilva_diabetes/diabetes.csv
<class 'pandas.core.frame.DataFrame'>
RangeIndex: 2000 entries, 0 to 1999
Data columns (total 9 columns):
 #   Column                    Non-Null Count  Dtype  
---  ------                    --------------  -----  
 0   Pregnancies               2000 non-null   int64  
 1   Glucose                   2000 non-null   int64  
 2   BloodPressure             2000 non-null   int64  
 3   SkinThickness             2000 non-null   int64  
 4   Insulin                   2000 non-null   int64  
 5   BMI                       2000 non-null   float64
 6   DiabetesPedigreeFunction  2000 non-null   float64
 7   Age                       2000 non-null   int64  
 8   Outcome                   2000 non-null   int64  
dtypes: float64(2), int64(7)
memory usage: 140.8 KB
satir ve sutun =  (2000, 9)
Boyut sayisi =  2
eleman sayisi =  18000




b0 =  [-8.02999887]
Coefs =  [[ 0.12164685  0.03347113 -0.01044301  0.0059472  -0.00173991  0.07995459
   0.63944714  0.0144454 ]]
Logistic_reg_class_SCORE =  0.795
random_forest_class_SCORE =  0.985
KNN_class_SCORE =  0.815
SVM_class_SCORE =  0.7825
NB_class_SCORE =  0.7775

Traceback (most recent call last):
  File "diabetes-classifications.py", line 388, in <module>
    from plotly.io.renderers import iplot
ModuleNotFoundError: No module named 'plotly.io.renderers'
[Try Solution]: OrderedDict([('action', 'fqn'), ('old_fqn', 'plotly.plotly'), ('new_fqn', 'plotly.io.to_templated'), ('line_no', 387)])../../../input/johndasilva_diabetes/diabetes.csv
<class 'pandas.core.frame.DataFrame'>
RangeIndex: 2000 entries, 0 to 1999
Data columns (total 9 columns):
 #   Column                    Non-Null Count  Dtype  
---  ------                    --------------  -----  
 0   Pregnancies               2000 non-null   int64  
 1   Glucose                   2000 non-null   int64  
 2   BloodPressure             2000 non-null   int64  
 3   SkinThickness             2000 non-null   int64  
 4   Insulin                   2000 non-null   int64  
 5   BMI                       2000 non-null   float64
 6   DiabetesPedigreeFunction  2000 non-null   float64
 7   Age                       2000 non-null   int64  
 8   Outcome                   2000 non-null   int64  
dtypes: float64(2), int64(7)
memory usage: 140.8 KB
satir ve sutun =  (2000, 9)
Boyut sayisi =  2
eleman sayisi =  18000




b0 =  [-8.02999887]
Coefs =  [[ 0.12164685  0.03347113 -0.01044301  0.0059472  -0.00173991  0.07995459
   0.63944714  0.0144454 ]]
Logistic_reg_class_SCORE =  0.795
random_forest_class_SCORE =  0.975
KNN_class_SCORE =  0.815
SVM_class_SCORE =  0.7825
NB_class_SCORE =  0.7775

Traceback (most recent call last):
  File "diabetes-classifications.py", line 388, in <module>
    from plotly.io.to_templated import iplot
ModuleNotFoundError: No module named 'plotly.io.to_templated'
[Try Solution]: OrderedDict([('action', 'fqn'), ('old_fqn', 'plotly.plotly'), ('new_fqn', 'plotly.graph_objects'), ('line_no', 387)])../../../input/johndasilva_diabetes/diabetes.csv
<class 'pandas.core.frame.DataFrame'>
RangeIndex: 2000 entries, 0 to 1999
Data columns (total 9 columns):
 #   Column                    Non-Null Count  Dtype  
---  ------                    --------------  -----  
 0   Pregnancies               2000 non-null   int64  
 1   Glucose                   2000 non-null   int64  
 2   BloodPressure             2000 non-null   int64  
 3   SkinThickness             2000 non-null   int64  
 4   Insulin                   2000 non-null   int64  
 5   BMI                       2000 non-null   float64
 6   DiabetesPedigreeFunction  2000 non-null   float64
 7   Age                       2000 non-null   int64  
 8   Outcome                   2000 non-null   int64  
dtypes: float64(2), int64(7)
memory usage: 140.8 KB
satir ve sutun =  (2000, 9)
Boyut sayisi =  2
eleman sayisi =  18000




b0 =  [-8.02999887]
Coefs =  [[ 0.12164685  0.03347113 -0.01044301  0.0059472  -0.00173991  0.07995459
   0.63944714  0.0144454 ]]
Logistic_reg_class_SCORE =  0.795
random_forest_class_SCORE =  0.99
KNN_class_SCORE =  0.815
SVM_class_SCORE =  0.7825
NB_class_SCORE =  0.7775

Traceback (most recent call last):
  File "diabetes-classifications.py", line 388, in <module>
    from plotly.graph_objects import iplot
ImportError: cannot import name 'iplot'
[Try Solution]: OrderedDict([('action', 'fqn'), ('old_fqn', 'plotly.plotly'), ('new_fqn', 'plotly.express.strip'), ('line_no', 387)])../../../input/johndasilva_diabetes/diabetes.csv
<class 'pandas.core.frame.DataFrame'>
RangeIndex: 2000 entries, 0 to 1999
Data columns (total 9 columns):
 #   Column                    Non-Null Count  Dtype  
---  ------                    --------------  -----  
 0   Pregnancies               2000 non-null   int64  
 1   Glucose                   2000 non-null   int64  
 2   BloodPressure             2000 non-null   int64  
 3   SkinThickness             2000 non-null   int64  
 4   Insulin                   2000 non-null   int64  
 5   BMI                       2000 non-null   float64
 6   DiabetesPedigreeFunction  2000 non-null   float64
 7   Age                       2000 non-null   int64  
 8   Outcome                   2000 non-null   int64  
dtypes: float64(2), int64(7)
memory usage: 140.8 KB
satir ve sutun =  (2000, 9)
Boyut sayisi =  2
eleman sayisi =  18000




b0 =  [-8.02999887]
Coefs =  [[ 0.12164685  0.03347113 -0.01044301  0.0059472  -0.00173991  0.07995459
   0.63944714  0.0144454 ]]
Logistic_reg_class_SCORE =  0.795
random_forest_class_SCORE =  0.9775
KNN_class_SCORE =  0.815
SVM_class_SCORE =  0.7825
NB_class_SCORE =  0.7775

Traceback (most recent call last):
  File "diabetes-classifications.py", line 388, in <module>
    from plotly.express.strip import iplot
ModuleNotFoundError: No module named 'plotly.express.strip'
[Try Solution]: OrderedDict([('action', 'fqn'), ('old_fqn', 'plotly.plotly'), ('new_fqn', 'plotly.io.write_json'), ('line_no', 387)])../../../input/johndasilva_diabetes/diabetes.csv
<class 'pandas.core.frame.DataFrame'>
RangeIndex: 2000 entries, 0 to 1999
Data columns (total 9 columns):
 #   Column                    Non-Null Count  Dtype  
---  ------                    --------------  -----  
 0   Pregnancies               2000 non-null   int64  
 1   Glucose                   2000 non-null   int64  
 2   BloodPressure             2000 non-null   int64  
 3   SkinThickness             2000 non-null   int64  
 4   Insulin                   2000 non-null   int64  
 5   BMI                       2000 non-null   float64
 6   DiabetesPedigreeFunction  2000 non-null   float64
 7   Age                       2000 non-null   int64  
 8   Outcome                   2000 non-null   int64  
dtypes: float64(2), int64(7)
memory usage: 140.8 KB
satir ve sutun =  (2000, 9)
Boyut sayisi =  2
eleman sayisi =  18000




b0 =  [-8.02999887]
Coefs =  [[ 0.12164685  0.03347113 -0.01044301  0.0059472  -0.00173991  0.07995459
   0.63944714  0.0144454 ]]
Logistic_reg_class_SCORE =  0.795
random_forest_class_SCORE =  0.9875
KNN_class_SCORE =  0.815
SVM_class_SCORE =  0.7825
NB_class_SCORE =  0.7775

Traceback (most recent call last):
  File "diabetes-classifications.py", line 388, in <module>
    from plotly.io.write_json import iplot
ModuleNotFoundError: No module named 'plotly.io.write_json'
[Try Solution]: OrderedDict([('action', 'fqn'), ('old_fqn', 'plotly.plotly'), ('new_fqn', 'plotly.io.write_html'), ('line_no', 387)])../../../input/johndasilva_diabetes/diabetes.csv
<class 'pandas.core.frame.DataFrame'>
RangeIndex: 2000 entries, 0 to 1999
Data columns (total 9 columns):
 #   Column                    Non-Null Count  Dtype  
---  ------                    --------------  -----  
 0   Pregnancies               2000 non-null   int64  
 1   Glucose                   2000 non-null   int64  
 2   BloodPressure             2000 non-null   int64  
 3   SkinThickness             2000 non-null   int64  
 4   Insulin                   2000 non-null   int64  
 5   BMI                       2000 non-null   float64
 6   DiabetesPedigreeFunction  2000 non-null   float64
 7   Age                       2000 non-null   int64  
 8   Outcome                   2000 non-null   int64  
dtypes: float64(2), int64(7)
memory usage: 140.8 KB
satir ve sutun =  (2000, 9)
Boyut sayisi =  2
eleman sayisi =  18000




b0 =  [-8.02999887]
Coefs =  [[ 0.12164685  0.03347113 -0.01044301  0.0059472  -0.00173991  0.07995459
   0.63944714  0.0144454 ]]
Logistic_reg_class_SCORE =  0.795
random_forest_class_SCORE =  0.985
KNN_class_SCORE =  0.815
SVM_class_SCORE =  0.7825
NB_class_SCORE =  0.7775

Traceback (most recent call last):
  File "diabetes-classifications.py", line 388, in <module>
    from plotly.io.write_html import iplot
ModuleNotFoundError: No module named 'plotly.io.write_html'
[Try Solution]: OrderedDict([('action', 'fqn'), ('old_fqn', 'plotly.plotly'), ('new_fqn', 'plotly.express.violin'), ('line_no', 387)])../../../input/johndasilva_diabetes/diabetes.csv
<class 'pandas.core.frame.DataFrame'>
RangeIndex: 2000 entries, 0 to 1999
Data columns (total 9 columns):
 #   Column                    Non-Null Count  Dtype  
---  ------                    --------------  -----  
 0   Pregnancies               2000 non-null   int64  
 1   Glucose                   2000 non-null   int64  
 2   BloodPressure             2000 non-null   int64  
 3   SkinThickness             2000 non-null   int64  
 4   Insulin                   2000 non-null   int64  
 5   BMI                       2000 non-null   float64
 6   DiabetesPedigreeFunction  2000 non-null   float64
 7   Age                       2000 non-null   int64  
 8   Outcome                   2000 non-null   int64  
dtypes: float64(2), int64(7)
memory usage: 140.8 KB
satir ve sutun =  (2000, 9)
Boyut sayisi =  2
eleman sayisi =  18000




b0 =  [-8.02999887]
Coefs =  [[ 0.12164685  0.03347113 -0.01044301  0.0059472  -0.00173991  0.07995459
   0.63944714  0.0144454 ]]
Logistic_reg_class_SCORE =  0.795
random_forest_class_SCORE =  0.985
KNN_class_SCORE =  0.815
SVM_class_SCORE =  0.7825
NB_class_SCORE =  0.7775

Traceback (most recent call last):
  File "diabetes-classifications.py", line 388, in <module>
    from plotly.express.violin import iplot
ModuleNotFoundError: No module named 'plotly.express.violin'
[Try Solution]: OrderedDict([('action', 'fqn'), ('old_fqn', 'plotly.plotly'), ('new_fqn', 'plotly.express.funnel'), ('line_no', 387)])../../../input/johndasilva_diabetes/diabetes.csv
<class 'pandas.core.frame.DataFrame'>
RangeIndex: 2000 entries, 0 to 1999
Data columns (total 9 columns):
 #   Column                    Non-Null Count  Dtype  
---  ------                    --------------  -----  
 0   Pregnancies               2000 non-null   int64  
 1   Glucose                   2000 non-null   int64  
 2   BloodPressure             2000 non-null   int64  
 3   SkinThickness             2000 non-null   int64  
 4   Insulin                   2000 non-null   int64  
 5   BMI                       2000 non-null   float64
 6   DiabetesPedigreeFunction  2000 non-null   float64
 7   Age                       2000 non-null   int64  
 8   Outcome                   2000 non-null   int64  
dtypes: float64(2), int64(7)
memory usage: 140.8 KB
satir ve sutun =  (2000, 9)
Boyut sayisi =  2
eleman sayisi =  18000




b0 =  [-8.02999887]
Coefs =  [[ 0.12164685  0.03347113 -0.01044301  0.0059472  -0.00173991  0.07995459
   0.63944714  0.0144454 ]]
Logistic_reg_class_SCORE =  0.795
random_forest_class_SCORE =  0.98
KNN_class_SCORE =  0.815
SVM_class_SCORE =  0.7825
NB_class_SCORE =  0.7775

Traceback (most recent call last):
  File "diabetes-classifications.py", line 388, in <module>
    from plotly.express.funnel import iplot
ModuleNotFoundError: No module named 'plotly.express.funnel'
[Try Solution]: OrderedDict([('action', 'fqn'), ('old_fqn', 'plotly.plotly'), ('new_fqn', 'plotly.express.imshow'), ('line_no', 387)])../../../input/johndasilva_diabetes/diabetes.csv
<class 'pandas.core.frame.DataFrame'>
RangeIndex: 2000 entries, 0 to 1999
Data columns (total 9 columns):
 #   Column                    Non-Null Count  Dtype  
---  ------                    --------------  -----  
 0   Pregnancies               2000 non-null   int64  
 1   Glucose                   2000 non-null   int64  
 2   BloodPressure             2000 non-null   int64  
 3   SkinThickness             2000 non-null   int64  
 4   Insulin                   2000 non-null   int64  
 5   BMI                       2000 non-null   float64
 6   DiabetesPedigreeFunction  2000 non-null   float64
 7   Age                       2000 non-null   int64  
 8   Outcome                   2000 non-null   int64  
dtypes: float64(2), int64(7)
memory usage: 140.8 KB
satir ve sutun =  (2000, 9)
Boyut sayisi =  2
eleman sayisi =  18000




b0 =  [-8.02999887]
Coefs =  [[ 0.12164685  0.03347113 -0.01044301  0.0059472  -0.00173991  0.07995459
   0.63944714  0.0144454 ]]
Logistic_reg_class_SCORE =  0.795
random_forest_class_SCORE =  0.985
KNN_class_SCORE =  0.815
SVM_class_SCORE =  0.7825
NB_class_SCORE =  0.7775

Traceback (most recent call last):
  File "diabetes-classifications.py", line 388, in <module>
    from plotly.express.imshow import iplot
ModuleNotFoundError: No module named 'plotly.express.imshow'
[Try Solution]: OrderedDict([('action', 'fqn'), ('old_fqn', 'plotly.plotly'), ('new_fqn', 'plotly.express.colors'), ('line_no', 387)])../../../input/johndasilva_diabetes/diabetes.csv
<class 'pandas.core.frame.DataFrame'>
RangeIndex: 2000 entries, 0 to 1999
Data columns (total 9 columns):
 #   Column                    Non-Null Count  Dtype  
---  ------                    --------------  -----  
 0   Pregnancies               2000 non-null   int64  
 1   Glucose                   2000 non-null   int64  
 2   BloodPressure             2000 non-null   int64  
 3   SkinThickness             2000 non-null   int64  
 4   Insulin                   2000 non-null   int64  
 5   BMI                       2000 non-null   float64
 6   DiabetesPedigreeFunction  2000 non-null   float64
 7   Age                       2000 non-null   int64  
 8   Outcome                   2000 non-null   int64  
dtypes: float64(2), int64(7)
memory usage: 140.8 KB
satir ve sutun =  (2000, 9)
Boyut sayisi =  2
eleman sayisi =  18000




b0 =  [-8.02999887]
Coefs =  [[ 0.12164685  0.03347113 -0.01044301  0.0059472  -0.00173991  0.07995459
   0.63944714  0.0144454 ]]
Logistic_reg_class_SCORE =  0.795
random_forest_class_SCORE =  0.9875
KNN_class_SCORE =  0.815
SVM_class_SCORE =  0.7825
NB_class_SCORE =  0.7775

Traceback (most recent call last):
  File "diabetes-classifications.py", line 388, in <module>
    from plotly.express.colors import iplot
ImportError: cannot import name 'iplot'
[Try Solution]: OrderedDict([('action', 'fqn'), ('old_fqn', 'plotly.plotly'), ('new_fqn', 'plotly.figure_factory'), ('line_no', 387)])../../../input/johndasilva_diabetes/diabetes.csv
<class 'pandas.core.frame.DataFrame'>
RangeIndex: 2000 entries, 0 to 1999
Data columns (total 9 columns):
 #   Column                    Non-Null Count  Dtype  
---  ------                    --------------  -----  
 0   Pregnancies               2000 non-null   int64  
 1   Glucose                   2000 non-null   int64  
 2   BloodPressure             2000 non-null   int64  
 3   SkinThickness             2000 non-null   int64  
 4   Insulin                   2000 non-null   int64  
 5   BMI                       2000 non-null   float64
 6   DiabetesPedigreeFunction  2000 non-null   float64
 7   Age                       2000 non-null   int64  
 8   Outcome                   2000 non-null   int64  
dtypes: float64(2), int64(7)
memory usage: 140.8 KB
satir ve sutun =  (2000, 9)
Boyut sayisi =  2
eleman sayisi =  18000




b0 =  [-8.02999887]
Coefs =  [[ 0.12164685  0.03347113 -0.01044301  0.0059472  -0.00173991  0.07995459
   0.63944714  0.0144454 ]]
Logistic_reg_class_SCORE =  0.795
random_forest_class_SCORE =  0.98
KNN_class_SCORE =  0.815
SVM_class_SCORE =  0.7825
NB_class_SCORE =  0.7775

Traceback (most recent call last):
  File "diabetes-classifications.py", line 388, in <module>
    from plotly.figure_factory import iplot
ImportError: cannot import name 'iplot'
[Try Solution]: OrderedDict([('action', 'fqn'), ('old_fqn', 'plotly.plotly'), ('new_fqn', 'plotly.io.write_image'), ('line_no', 387)])../../../input/johndasilva_diabetes/diabetes.csv
<class 'pandas.core.frame.DataFrame'>
RangeIndex: 2000 entries, 0 to 1999
Data columns (total 9 columns):
 #   Column                    Non-Null Count  Dtype  
---  ------                    --------------  -----  
 0   Pregnancies               2000 non-null   int64  
 1   Glucose                   2000 non-null   int64  
 2   BloodPressure             2000 non-null   int64  
 3   SkinThickness             2000 non-null   int64  
 4   Insulin                   2000 non-null   int64  
 5   BMI                       2000 non-null   float64
 6   DiabetesPedigreeFunction  2000 non-null   float64
 7   Age                       2000 non-null   int64  
 8   Outcome                   2000 non-null   int64  
dtypes: float64(2), int64(7)
memory usage: 140.8 KB
satir ve sutun =  (2000, 9)
Boyut sayisi =  2
eleman sayisi =  18000




b0 =  [-8.02999887]
Coefs =  [[ 0.12164685  0.03347113 -0.01044301  0.0059472  -0.00173991  0.07995459
   0.63944714  0.0144454 ]]
Logistic_reg_class_SCORE =  0.795
random_forest_class_SCORE =  0.99
KNN_class_SCORE =  0.815
SVM_class_SCORE =  0.7825
NB_class_SCORE =  0.7775

Traceback (most recent call last):
  File "diabetes-classifications.py", line 388, in <module>
    from plotly.io.write_image import iplot
ModuleNotFoundError: No module named 'plotly.io.write_image'
[Try Solution]: OrderedDict([('action', 'fqn'), ('old_fqn', 'plotly.plotly'), ('new_fqn', 'plotly.express.scatter'), ('line_no', 387)])../../../input/johndasilva_diabetes/diabetes.csv
<class 'pandas.core.frame.DataFrame'>
RangeIndex: 2000 entries, 0 to 1999
Data columns (total 9 columns):
 #   Column                    Non-Null Count  Dtype  
---  ------                    --------------  -----  
 0   Pregnancies               2000 non-null   int64  
 1   Glucose                   2000 non-null   int64  
 2   BloodPressure             2000 non-null   int64  
 3   SkinThickness             2000 non-null   int64  
 4   Insulin                   2000 non-null   int64  
 5   BMI                       2000 non-null   float64
 6   DiabetesPedigreeFunction  2000 non-null   float64
 7   Age                       2000 non-null   int64  
 8   Outcome                   2000 non-null   int64  
dtypes: float64(2), int64(7)
memory usage: 140.8 KB
satir ve sutun =  (2000, 9)
Boyut sayisi =  2
eleman sayisi =  18000




b0 =  [-8.02999887]
Coefs =  [[ 0.12164685  0.03347113 -0.01044301  0.0059472  -0.00173991  0.07995459
   0.63944714  0.0144454 ]]
Logistic_reg_class_SCORE =  0.795
random_forest_class_SCORE =  0.98
KNN_class_SCORE =  0.815
SVM_class_SCORE =  0.7825
NB_class_SCORE =  0.7775

Traceback (most recent call last):
  File "diabetes-classifications.py", line 388, in <module>
    from plotly.express.scatter import iplot
ModuleNotFoundError: No module named 'plotly.express.scatter'
[Try Solution]: OrderedDict([('action', 'fqn'), ('old_fqn', 'plotly.plotly'), ('new_fqn', 'plotly.express.line_3d'), ('line_no', 387)])../../../input/johndasilva_diabetes/diabetes.csv
<class 'pandas.core.frame.DataFrame'>
RangeIndex: 2000 entries, 0 to 1999
Data columns (total 9 columns):
 #   Column                    Non-Null Count  Dtype  
---  ------                    --------------  -----  
 0   Pregnancies               2000 non-null   int64  
 1   Glucose                   2000 non-null   int64  
 2   BloodPressure             2000 non-null   int64  
 3   SkinThickness             2000 non-null   int64  
 4   Insulin                   2000 non-null   int64  
 5   BMI                       2000 non-null   float64
 6   DiabetesPedigreeFunction  2000 non-null   float64
 7   Age                       2000 non-null   int64  
 8   Outcome                   2000 non-null   int64  
dtypes: float64(2), int64(7)
memory usage: 140.8 KB
satir ve sutun =  (2000, 9)
Boyut sayisi =  2
eleman sayisi =  18000




b0 =  [-8.02999887]
Coefs =  [[ 0.12164685  0.03347113 -0.01044301  0.0059472  -0.00173991  0.07995459
   0.63944714  0.0144454 ]]
Logistic_reg_class_SCORE =  0.795
random_forest_class_SCORE =  0.985
KNN_class_SCORE =  0.815
SVM_class_SCORE =  0.7825
NB_class_SCORE =  0.7775

Traceback (most recent call last):
  File "diabetes-classifications.py", line 388, in <module>
    from plotly.express.line_3d import iplot
ModuleNotFoundError: No module named 'plotly.express.line_3d'
[Try Solution]: OrderedDict([('action', 'fqn'), ('old_fqn', 'plotly.plotly'), ('new_fqn', 'plotly.express.treemap'), ('line_no', 387)])../../../input/johndasilva_diabetes/diabetes.csv
<class 'pandas.core.frame.DataFrame'>
RangeIndex: 2000 entries, 0 to 1999
Data columns (total 9 columns):
 #   Column                    Non-Null Count  Dtype  
---  ------                    --------------  -----  
 0   Pregnancies               2000 non-null   int64  
 1   Glucose                   2000 non-null   int64  
 2   BloodPressure             2000 non-null   int64  
 3   SkinThickness             2000 non-null   int64  
 4   Insulin                   2000 non-null   int64  
 5   BMI                       2000 non-null   float64
 6   DiabetesPedigreeFunction  2000 non-null   float64
 7   Age                       2000 non-null   int64  
 8   Outcome                   2000 non-null   int64  
dtypes: float64(2), int64(7)
memory usage: 140.8 KB
satir ve sutun =  (2000, 9)
Boyut sayisi =  2
eleman sayisi =  18000




b0 =  [-8.02999887]
Coefs =  [[ 0.12164685  0.03347113 -0.01044301  0.0059472  -0.00173991  0.07995459
   0.63944714  0.0144454 ]]
Logistic_reg_class_SCORE =  0.795
random_forest_class_SCORE =  0.98
KNN_class_SCORE =  0.815
SVM_class_SCORE =  0.7825
NB_class_SCORE =  0.7775

Traceback (most recent call last):
  File "diabetes-classifications.py", line 388, in <module>
    from plotly.express.treemap import iplot
ModuleNotFoundError: No module named 'plotly.express.treemap'
[Try Solution]: OrderedDict([('action', 'fqn'), ('old_fqn', 'plotly.plotly'), ('new_fqn', 'plot.Plot'), ('line_no', 387)])Traceback (most recent call last):
  File "diabetes-classifications.py", line 1, in <module>
    import plot
ModuleNotFoundError: No module named 'plot'
[REPAIR EXEC TIME]: 1555.5124340057373