data-analysis-student-s-behavior.py:154: SettingWithCopyWarning: 
A value is trying to be set on a copy of a slice from a DataFrame.
Try using .loc[row_indexer,col_indexer] = value instead

See the caveats in the documentation: https://pandas.pydata.org/pandas-docs/stable/user_guide/indexing.html#returning-a-view-versus-a-copy
  df2['raisedhands'] = pd.cut(df2.raisedhands, bins=3, labels=np.arange(3), right=False)
data-analysis-student-s-behavior.py:165: SettingWithCopyWarning: 
A value is trying to be set on a copy of a slice from a DataFrame.
Try using .loc[row_indexer,col_indexer] = value instead

See the caveats in the documentation: https://pandas.pydata.org/pandas-docs/stable/user_guide/indexing.html#returning-a-view-versus-a-copy
  df2['VisITedResources'] = pd.cut(df2.VisITedResources, bins=3, labels=np.arange(3), right=False)
data-analysis-student-s-behavior.py:174: SettingWithCopyWarning: 
A value is trying to be set on a copy of a slice from a DataFrame.
Try using .loc[row_indexer,col_indexer] = value instead

See the caveats in the documentation: https://pandas.pydata.org/pandas-docs/stable/user_guide/indexing.html#returning-a-view-versus-a-copy
  df2['AnnouncementsView'] = pd.cut(df2.AnnouncementsView, bins=3, labels=np.arange(3), right=False)
data-analysis-student-s-behavior.py:183: SettingWithCopyWarning: 
A value is trying to be set on a copy of a slice from a DataFrame.
Try using .loc[row_indexer,col_indexer] = value instead

See the caveats in the documentation: https://pandas.pydata.org/pandas-docs/stable/user_guide/indexing.html#returning-a-view-versus-a-copy
  df2['Discussion'] = pd.cut(df2.Discussion, bins=3, labels=np.arange(3), right=False)


Train set: (384, 4) (384,)
Test set: (96, 4) (96,)
The best accuracy was with 0.6458333333333334 with k= 4
Traceback (most recent call last):
  File "data-analysis-student-s-behavior.py", line 436, in <module>
    from sklearn.metrics import jaccard_similarity_score
ImportError: cannot import name 'jaccard_similarity_score'
