Traceback (most recent call last):
  File "predicting-boston-house-prices.py", line 24, in <module>
    from sklearn.cross_validation import ShuffleSplit
ModuleNotFoundError: No module named 'sklearn.cross_validation'
[Try Solution]: OrderedDict([('action', 'fqn'), ('old_fqn', 'sklearn.cross_validation'), ('new_fqn', 'sklearn.utils.validation'), ('line_no', 24)])Traceback (most recent call last):
  File "predicting-boston-house-prices.py", line 25, in <module>
    from sklearn.utils.validation import ShuffleSplit
ImportError: cannot import name 'ShuffleSplit'
[Try Solution]: OrderedDict([('action', 'fqn'), ('old_fqn', 'sklearn.cross_validation'), ('new_fqn', 'sklearn.cross_decomposition'), ('line_no', 24)])Traceback (most recent call last):
  File "predicting-boston-house-prices.py", line 25, in <module>
    from sklearn.cross_decomposition import ShuffleSplit
ImportError: cannot import name 'ShuffleSplit'
[Try Solution]: OrderedDict([('action', 'fqn'), ('old_fqn', 'sklearn.cross_validation'), ('new_fqn', 'sklearn.utils.validation.check_memory'), ('line_no', 24)])Traceback (most recent call last):
  File "predicting-boston-house-prices.py", line 25, in <module>
    from sklearn.utils.validation.check_memory import ShuffleSplit
ModuleNotFoundError: No module named 'sklearn.utils.validation.check_memory'; 'sklearn.utils.validation' is not a package
[Try Solution]: OrderedDict([('action', 'fqn'), ('old_fqn', 'sklearn.cross_validation'), ('new_fqn', 'sklearn.utils.validation.column_or_1d'), ('line_no', 24)])Traceback (most recent call last):
  File "predicting-boston-house-prices.py", line 25, in <module>
    from sklearn.utils.validation.column_or_1d import ShuffleSplit
ModuleNotFoundError: No module named 'sklearn.utils.validation.column_or_1d'; 'sklearn.utils.validation' is not a package
[Try Solution]: OrderedDict([('action', 'fqn'), ('old_fqn', 'sklearn.cross_validation'), ('new_fqn', 'sklearn.utils.validation.check_is_fitted'), ('line_no', 24)])Traceback (most recent call last):
  File "predicting-boston-house-prices.py", line 25, in <module>
    from sklearn.utils.validation.check_is_fitted import ShuffleSplit
ModuleNotFoundError: No module named 'sklearn.utils.validation.check_is_fitted'; 'sklearn.utils.validation' is not a package
[Try Solution]: OrderedDict([('action', 'fqn'), ('old_fqn', 'sklearn.cross_validation'), ('new_fqn', 'sklearn.utils.validation.check_symmetric'), ('line_no', 24)])Traceback (most recent call last):
  File "predicting-boston-house-prices.py", line 25, in <module>
    from sklearn.utils.validation.check_symmetric import ShuffleSplit
ModuleNotFoundError: No module named 'sklearn.utils.validation.check_symmetric'; 'sklearn.utils.validation' is not a package
[Try Solution]: OrderedDict([('action', 'fqn'), ('old_fqn', 'sklearn.cross_validation'), ('new_fqn', 'sklearn.cluster.Birch'), ('line_no', 24)])Traceback (most recent call last):
  File "predicting-boston-house-prices.py", line 25, in <module>
    from sklearn.cluster.Birch import ShuffleSplit
ModuleNotFoundError: No module named 'sklearn.cluster.Birch'
[Try Solution]: OrderedDict([('action', 'fqn'), ('old_fqn', 'sklearn.cross_validation'), ('new_fqn', 'sklearn.cluster.KMeans'), ('line_no', 24)])Traceback (most recent call last):
  File "predicting-boston-house-prices.py", line 25, in <module>
    from sklearn.cluster.KMeans import ShuffleSplit
ModuleNotFoundError: No module named 'sklearn.cluster.KMeans'
[Try Solution]: OrderedDict([('action', 'fqn'), ('old_fqn', 'sklearn.cross_validation'), ('new_fqn', 'sklearn.utils.validation.has_fit_parameter'), ('line_no', 24)])Traceback (most recent call last):
  File "predicting-boston-house-prices.py", line 25, in <module>
    from sklearn.utils.validation.has_fit_parameter import ShuffleSplit
ModuleNotFoundError: No module named 'sklearn.utils.validation.has_fit_parameter'; 'sklearn.utils.validation' is not a package
[Try Solution]: OrderedDict([('action', 'fqn'), ('old_fqn', 'sklearn.cross_validation'), ('new_fqn', 'sklearn.cross_decomposition.CCA'), ('line_no', 24)])Traceback (most recent call last):
  File "predicting-boston-house-prices.py", line 25, in <module>
    from sklearn.cross_decomposition.CCA import ShuffleSplit
ModuleNotFoundError: No module named 'sklearn.cross_decomposition.CCA'
[Try Solution]: OrderedDict([('action', 'fqn'), ('old_fqn', 'sklearn.cross_validation'), ('new_fqn', 'sklearn.utils.all_estimators'), ('line_no', 24)])Traceback (most recent call last):
  File "predicting-boston-house-prices.py", line 25, in <module>
    from sklearn.utils.all_estimators import ShuffleSplit
ModuleNotFoundError: No module named 'sklearn.utils.all_estimators'
[Try Solution]: OrderedDict([('action', 'fqn'), ('old_fqn', 'sklearn.cross_validation'), ('new_fqn', 'sklearn.model_selection'), ('line_no', 24)])
housing.csv

Statistics for Boston housing dataset:

Minimum price: $454,342.94
Maximum price: $1,024,800.00
Mean price: $454,342.94
Median price $438,900.00
Standard deviation of prices: $165,171.13
Model has a coefficient of determination, R^2, of 0.923.


Training and testing split was successful.

Traceback (most recent call last):
  File "predicting-boston-house-prices.py", line 282, in <module>
    import sklearn.learning_curve as curves
ModuleNotFoundError: No module named 'sklearn.learning_curve'
[Try Solution]: OrderedDict([('action', 'fqn'), ('old_fqn', 'sklearn.learning_curve'), ('new_fqn', 'sklearn.metrics.roc_curve'), ('line_no', 282)])
housing.csv

Statistics for Boston housing dataset:

Minimum price: $454,342.94
Maximum price: $1,024,800.00
Mean price: $454,342.94
Median price $438,900.00
Standard deviation of prices: $165,171.13
Model has a coefficient of determination, R^2, of 0.923.


Training and testing split was successful.

Traceback (most recent call last):
  File "predicting-boston-house-prices.py", line 397, in <module>
    ModelLearning(features, prices)
  File "predicting-boston-house-prices.py", line 291, in ModelLearning
    cv = ShuffleSplit(X.shape[0], n_iter = 10, test_size = 0.2, random_state = 0)
  File "/home/cgzhu/anaconda3/envs/migration-plus/lib/python3.6/site-packages/sklearn/utils/validation.py", line 73, in inner_f
    return f(**kwargs)
TypeError: __init__() got an unexpected keyword argument 'n_iter'
[Try Solution]: OrderedDict([('API', 'sklearn.model_selection.ShuffleSplit'), ('action', 'arg_delete'), ('from_name', 'n_iter'), ('to_name', '*')])
housing.csv

Statistics for Boston housing dataset:

Minimum price: $454,342.94
Maximum price: $1,024,800.00
Mean price: $454,342.94
Median price $438,900.00
Standard deviation of prices: $165,171.13
Model has a coefficient of determination, R^2, of 0.923.


Training and testing split was successful.

Traceback (most recent call last):
  File "predicting-boston-house-prices.py", line 397, in <module>
    ModelLearning(features, prices)
  File "predicting-boston-house-prices.py", line 306, in ModelLearning
    sizes, train_scores, test_scores = sklearn.metrics.roc_curve.learning_curve(regressor, X, y,             cv = cv, train_sizes = train_sizes, scoring = 'r2')
AttributeError: 'function' object has no attribute 'learning_curve'
[REPAIR EXEC TIME]: 31.63837480545044