
<class 'pandas.core.frame.DataFrame'>
RangeIndex: 10000 entries, 0 to 9999
Data columns (total 12 columns):
 #   Column           Non-Null Count  Dtype  
---  ------           --------------  -----  
 0   RowNumber        10000 non-null  int64  
 1   CreditScore      10000 non-null  int64  
 2   Geography        10000 non-null  object 
 3   Gender           10000 non-null  object 
 4   Age              10000 non-null  int64  
 5   Tenure           10000 non-null  int64  
 6   Balance          10000 non-null  float64
 7   NumOfProducts    10000 non-null  int64  
 8   HasCrCard        10000 non-null  int64  
 9   IsActiveMember   10000 non-null  int64  
 10  EstimatedSalary  10000 non-null  float64
 11  Exited           10000 non-null  int64  
dtypes: float64(2), int64(8), object(2)
memory usage: 937.6+ KB
Traceback (most recent call last):
  File "bank-churn-analysis-with-roc-auc-score-of-0-95.py", line 207, in <module>
    smote = SMOTE(ratio='minority')
  File "/home/cgzhu/anaconda3/envs/migration-plus/lib/python3.6/site-packages/imblearn/utils/_validation.py", line 640, in inner_f
    return f(**kwargs)
TypeError: __init__() got an unexpected keyword argument 'ratio'
