
<class 'pandas.core.frame.DataFrame'>
RangeIndex: 768 entries, 0 to 767
Data columns (total 9 columns):
 #   Column                    Non-Null Count  Dtype  
---  ------                    --------------  -----  
 0   Pregnancies               768 non-null    int64  
 1   Glucose                   768 non-null    int64  
 2   BloodPressure             768 non-null    int64  
 3   SkinThickness             768 non-null    int64  
 4   Insulin                   768 non-null    int64  
 5   BMI                       768 non-null    float64
 6   DiabetesPedigreeFunction  768 non-null    float64
 7   Age                       768 non-null    int64  
 8   Outcome                   768 non-null    int64  
dtypes: float64(2), int64(7)
memory usage: 54.1 KB




Traceback (most recent call last):
  File "pima-diabetes.py", line 102, in <module>
    from sklearn.cross_validation import train_test_split
ModuleNotFoundError: No module named 'sklearn.cross_validation'
[Try Solution]: OrderedDict([('action', 'fqn'), ('old_fqn', 'sklearn.cross_validation'), ('new_fqn', 'sklearn.model_selection'), ('line_no', 102)])
<class 'pandas.core.frame.DataFrame'>
RangeIndex: 768 entries, 0 to 767
Data columns (total 9 columns):
 #   Column                    Non-Null Count  Dtype  
---  ------                    --------------  -----  
 0   Pregnancies               768 non-null    int64  
 1   Glucose                   768 non-null    int64  
 2   BloodPressure             768 non-null    int64  
 3   SkinThickness             768 non-null    int64  
 4   Insulin                   768 non-null    int64  
 5   BMI                       768 non-null    float64
 6   DiabetesPedigreeFunction  768 non-null    float64
 7   Age                       768 non-null    int64  
 8   Outcome                   768 non-null    int64  
dtypes: float64(2), int64(7)
memory usage: 54.1 KB









=====Log Reg========


=====KNN========


=====SVC========


=====Discreet Tree Class========


=====Random Forest========


=====PCA LOG========


=====cr_log========
              precision    recall  f1-score   support

           0       0.77      0.90      0.83       137
           1       0.71      0.49      0.58        70

    accuracy                           0.76       207
   macro avg       0.74      0.69      0.70       207
weighted avg       0.75      0.76      0.74       207

=====cr_knn=========
              precision    recall  f1-score   support

           0       0.77      0.88      0.82       137
           1       0.67      0.49      0.56        70

    accuracy                           0.74       207
   macro avg       0.72      0.68      0.69       207
weighted avg       0.73      0.74      0.73       207

=====cr_svc========
              precision    recall  f1-score   support

           0       0.77      0.90      0.83       137
           1       0.70      0.47      0.56        70

    accuracy                           0.75       207
   macro avg       0.74      0.68      0.70       207
weighted avg       0.75      0.75      0.74       207

=====cr_dt=========
              precision    recall  f1-score   support

           0       0.80      0.77      0.78       137
           1       0.58      0.63      0.60        70

    accuracy                           0.72       207
   macro avg       0.69      0.70      0.69       207
weighted avg       0.73      0.72      0.72       207

=====cr_rf========
              precision    recall  f1-score   support

           0       0.79      0.88      0.83       137
           1       0.70      0.54      0.61        70

    accuracy                           0.77       207
   macro avg       0.75      0.71      0.72       207
weighted avg       0.76      0.77      0.76       207

=====cr_pca_log========
              precision    recall  f1-score   support

           0       0.76      0.88      0.82       137
           1       0.66      0.47      0.55        70

    accuracy                           0.74       207
   macro avg       0.71      0.67      0.68       207
weighted avg       0.73      0.74      0.73       207

=====cr_log========
              precision    recall  f1-score   support

           0       0.79      0.88      0.83       137
           1       0.70      0.54      0.61        70

    accuracy                           0.77       207
   macro avg       0.75      0.71      0.72       207
weighted avg       0.76      0.77      0.76       207

=====cr_knn=========
              precision    recall  f1-score   support

           0       0.81      0.88      0.84       137
           1       0.72      0.59      0.65        70

    accuracy                           0.78       207
   macro avg       0.76      0.73      0.74       207
weighted avg       0.78      0.78      0.78       207

=====cr_svc========
              precision    recall  f1-score   support

           0       0.78      0.88      0.83       137
           1       0.69      0.53      0.60        70

    accuracy                           0.76       207
   macro avg       0.73      0.70      0.71       207
weighted avg       0.75      0.76      0.75       207

=====cr_dt=========
              precision    recall  f1-score   support

           0       0.78      0.74      0.76       137
           1       0.54      0.59      0.56        70

    accuracy                           0.69       207
   macro avg       0.66      0.67      0.66       207
weighted avg       0.70      0.69      0.69       207

=====cr_rf========
              precision    recall  f1-score   support

           0       0.80      0.85      0.83       137
           1       0.67      0.59      0.63        70

    accuracy                           0.76       207
   macro avg       0.74      0.72      0.73       207
weighted avg       0.76      0.76      0.76       207

[REPAIR EXEC TIME]: 4.730165958404541