<class 'pandas.core.frame.DataFrame'>
RangeIndex: 215 entries, 0 to 214
Data columns (total 15 columns):
 #   Column          Non-Null Count  Dtype  
---  ------          --------------  -----  
 0   sl_no           215 non-null    int64  
 1   gender          215 non-null    object 
 2   ssc_p           215 non-null    float64
 3   ssc_b           215 non-null    object 
 4   hsc_p           215 non-null    float64
 5   hsc_b           215 non-null    object 
 6   hsc_s           215 non-null    object 
 7   degree_p        215 non-null    float64
 8   degree_t        215 non-null    object 
 9   workex          215 non-null    object 
 10  etest_p         215 non-null    float64
 11  specialisation  215 non-null    object 
 12  mba_p           215 non-null    float64
 13  status          215 non-null    object 
 14  salary          148 non-null    float64
dtypes: float64(6), int64(1), object(8)
memory usage: 25.3+ KB




RF: 0.863235 (0.096135)
SVM: 0.813603 (0.088450)
LR: 0.831618 (0.119084)
NB: 0.806985 (0.086538)
              precision    recall  f1-score   support

           0       0.88      0.88      0.88        17
           1       0.95      0.95      0.95        37

    accuracy                           0.93        54
   macro avg       0.91      0.91      0.91        54
weighted avg       0.93      0.93      0.93        54

92.5925925925926 %

              precision    recall  f1-score   support

           0       0.83      0.59      0.69        17
           1       0.83      0.95      0.89        37

    accuracy                           0.83        54
   macro avg       0.83      0.77      0.79        54
weighted avg       0.83      0.83      0.82        54

83.33333333333334 %

              precision    recall  f1-score   support

           0       0.85      0.65      0.73        17
           1       0.85      0.95      0.90        37

    accuracy                           0.85        54
   macro avg       0.85      0.80      0.82        54
weighted avg       0.85      0.85      0.85        54

85.18518518518519 %

Decision Tree Classifer Created
