2021-07-02 05:29:11.072223: I tensorflow/core/platform/cpu_feature_guard.cc:143] Your CPU supports instructions that this TensorFlow binary was not compiled to use: SSE4.1 SSE4.2 AVX AVX2 FMA
2021-07-02 05:29:11.097162: I tensorflow/core/platform/profile_utils/cpu_utils.cc:102] CPU Frequency: 2099940000 Hz
2021-07-02 05:29:11.097434: I tensorflow/compiler/xla/service/service.cc:168] XLA service 0x55c152db2fe0 initialized for platform Host (this does not guarantee that XLA will be used). Devices:
2021-07-02 05:29:11.097450: I tensorflow/compiler/xla/service/service.cc:176]   StreamExecutor device (0): Host, Default Version
2021-07-02 05:29:11.097524: I tensorflow/core/common_runtime/process_util.cc:147] Creating new thread pool with default inter op setting: 2. Tune using inter_op_parallelism_threads for best performance.
../../../input/shrutimechlearn_churn-modelling/Churn_Modelling.csv

<class 'pandas.core.frame.DataFrame'>
RangeIndex: 10000 entries, 0 to 9999
Data columns (total 14 columns):
 #   Column           Non-Null Count  Dtype  
---  ------           --------------  -----  
 0   RowNumber        10000 non-null  int64  
 1   CustomerId       10000 non-null  int64  
 2   Surname          10000 non-null  object 
 3   CreditScore      10000 non-null  int64  
 4   Geography        10000 non-null  object 
 5   Gender           10000 non-null  object 
 6   Age              10000 non-null  int64  
 7   Tenure           10000 non-null  int64  
 8   Balance          10000 non-null  float64
 9   NumOfProducts    10000 non-null  int64  
 10  HasCrCard        10000 non-null  int64  
 11  IsActiveMember   10000 non-null  int64  
 12  EstimatedSalary  10000 non-null  float64
 13  Exited           10000 non-null  int64  
dtypes: float64(2), int64(9), object(3)
memory usage: 1.1+ MB
[[1979   12]
 [ 438   71]]
[[1863  128]
 [ 275  234]]
[[1941   50]
 [ 391  118]]
(10000, 10)
(10000, 5)
[[1. 0. 0. 1. 0.]
 [0. 0. 1. 1. 0.]
 [1. 0. 0. 1. 0.]
 [1. 0. 0. 1. 0.]
 [0. 0. 1. 1. 0.]
 [0. 0. 1. 0. 1.]
 [1. 0. 0. 0. 1.]
 [0. 1. 0. 1. 0.]
 [1. 0. 0. 0. 1.]
 [1. 0. 0. 0. 1.]
 [1. 0. 0. 0. 1.]
 [0. 0. 1. 0. 1.]
 [1. 0. 0. 1. 0.]
 [1. 0. 0. 1. 0.]
 [0. 0. 1. 1. 0.]
 [0. 1. 0. 0. 1.]
 [0. 1. 0. 0. 1.]
 [0. 0. 1. 1. 0.]
 [0. 0. 1. 0. 1.]
 [1. 0. 0. 1. 0.]]
(10000, 5)
[[1. 0. 0. 1. 0.]
 [0. 0. 1. 1. 0.]
 [1. 0. 0. 1. 0.]
 [1. 0. 0. 1. 0.]
 [0. 0. 1. 1. 0.]
 [0. 0. 1. 0. 1.]
 [1. 0. 0. 0. 1.]
 [0. 1. 0. 1. 0.]
 [1. 0. 0. 0. 1.]
 [1. 0. 0. 0. 1.]]
(10000, 11)
[[619 42 2 0.0 1 1 1 101348.88 0.0 0.0 1.0]
 [608 41 1 83807.86 1 0 1 112542.58 0.0 1.0 1.0]
 [502 42 8 159660.8 3 1 0 113931.57 0.0 0.0 1.0]
 [699 39 1 0.0 2 0 0 93826.63 0.0 0.0 1.0]
 [850 43 2 125510.82 1 1 1 79084.1 0.0 1.0 1.0]]
Model: "sequential"
_________________________________________________________________
Layer (type)                 Output Shape              Param #   
=================================================================
dense (Dense)                (None, 6)                 72        
_________________________________________________________________
dense_1 (Dense)              (None, 6)                 42        
_________________________________________________________________
dense_2 (Dense)              (None, 1)                 7         
=================================================================
Total params: 121
Trainable params: 121
Non-trainable params: 0
_________________________________________________________________
