['housing.csv']
<class 'pandas.core.frame.DataFrame'>
RangeIndex: 20640 entries, 0 to 20639
Data columns (total 10 columns):
 #   Column              Non-Null Count  Dtype  
---  ------              --------------  -----  
 0   longitude           20640 non-null  float64
 1   latitude            20640 non-null  float64
 2   housing_median_age  20640 non-null  float64
 3   total_rooms         20640 non-null  float64
 4   total_bedrooms      20433 non-null  float64
 5   population          20640 non-null  float64
 6   households          20640 non-null  float64
 7   median_income       20640 non-null  float64
 8   median_house_value  20640 non-null  float64
 9   ocean_proximity     20640 non-null  object 
dtypes: float64(9), object(1)
memory usage: 1.6+ MB

Traceback (most recent call last):
  File "end-to-end-ml-project.py", line 161, in <module>
    from pandas.tools.plotting import scatter_matrix
ModuleNotFoundError: No module named 'pandas.tools'
[Try Solution]: OrderedDict([('action', 'fqn'), ('old_fqn', 'pandas.tools.plotting'), ('new_fqn', 'pandas.Series.rolling'), ('line_no', 161)])['housing.csv']
<class 'pandas.core.frame.DataFrame'>
RangeIndex: 20640 entries, 0 to 20639
Data columns (total 10 columns):
 #   Column              Non-Null Count  Dtype  
---  ------              --------------  -----  
 0   longitude           20640 non-null  float64
 1   latitude            20640 non-null  float64
 2   housing_median_age  20640 non-null  float64
 3   total_rooms         20640 non-null  float64
 4   total_bedrooms      20433 non-null  float64
 5   population          20640 non-null  float64
 6   households          20640 non-null  float64
 7   median_income       20640 non-null  float64
 8   median_house_value  20640 non-null  float64
 9   ocean_proximity     20640 non-null  object 
dtypes: float64(9), object(1)
memory usage: 1.6+ MB

Traceback (most recent call last):
  File "end-to-end-ml-project.py", line 162, in <module>
    from pandas.Series.rolling import scatter_matrix
ModuleNotFoundError: No module named 'pandas.Series'
[Try Solution]: OrderedDict([('action', 'fqn'), ('old_fqn', 'pandas.tools.plotting'), ('new_fqn', 'pandas.Series.combine'), ('line_no', 161)])['housing.csv']
<class 'pandas.core.frame.DataFrame'>
RangeIndex: 20640 entries, 0 to 20639
Data columns (total 10 columns):
 #   Column              Non-Null Count  Dtype  
---  ------              --------------  -----  
 0   longitude           20640 non-null  float64
 1   latitude            20640 non-null  float64
 2   housing_median_age  20640 non-null  float64
 3   total_rooms         20640 non-null  float64
 4   total_bedrooms      20433 non-null  float64
 5   population          20640 non-null  float64
 6   households          20640 non-null  float64
 7   median_income       20640 non-null  float64
 8   median_house_value  20640 non-null  float64
 9   ocean_proximity     20640 non-null  object 
dtypes: float64(9), object(1)
memory usage: 1.6+ MB

Traceback (most recent call last):
  File "end-to-end-ml-project.py", line 162, in <module>
    from pandas.Series.combine import scatter_matrix
ModuleNotFoundError: No module named 'pandas.Series'
[REPAIR EXEC TIME]: 35.953765630722046['housing.csv']
<class 'pandas.core.frame.DataFrame'>
RangeIndex: 20640 entries, 0 to 20639
Data columns (total 10 columns):
 #   Column              Non-Null Count  Dtype  
---  ------              --------------  -----  
 0   longitude           20640 non-null  float64
 1   latitude            20640 non-null  float64
 2   housing_median_age  20640 non-null  float64
 3   total_rooms         20640 non-null  float64
 4   total_bedrooms      20433 non-null  float64
 5   population          20640 non-null  float64
 6   households          20640 non-null  float64
 7   median_income       20640 non-null  float64
 8   median_house_value  20640 non-null  float64
 9   ocean_proximity     20640 non-null  object 
dtypes: float64(9), object(1)
memory usage: 1.6+ MB

Traceback (most recent call last):
  File "end-to-end-ml-project.py", line 161, in <module>
    from pandas.tools.plotting import scatter_matrix
ModuleNotFoundError: No module named 'pandas.tools'
[Try Solution]: OrderedDict([('action', 'fqn'), ('old_fqn', 'pandas.tools.plotting'), ('new_fqn', 'pandas.Series.rolling'), ('line_no', 161)])['housing.csv']
<class 'pandas.core.frame.DataFrame'>
RangeIndex: 20640 entries, 0 to 20639
Data columns (total 10 columns):
 #   Column              Non-Null Count  Dtype  
---  ------              --------------  -----  
 0   longitude           20640 non-null  float64
 1   latitude            20640 non-null  float64
 2   housing_median_age  20640 non-null  float64
 3   total_rooms         20640 non-null  float64
 4   total_bedrooms      20433 non-null  float64
 5   population          20640 non-null  float64
 6   households          20640 non-null  float64
 7   median_income       20640 non-null  float64
 8   median_house_value  20640 non-null  float64
 9   ocean_proximity     20640 non-null  object 
dtypes: float64(9), object(1)
memory usage: 1.6+ MB

Traceback (most recent call last):
  File "end-to-end-ml-project.py", line 162, in <module>
    from pandas.Series.rolling import scatter_matrix
ModuleNotFoundError: No module named 'pandas.Series'
[Try Solution]: OrderedDict([('action', 'fqn'), ('old_fqn', 'pandas.tools.plotting'), ('new_fqn', 'pandas.Series.combine'), ('line_no', 161)])['housing.csv']
<class 'pandas.core.frame.DataFrame'>
RangeIndex: 20640 entries, 0 to 20639
Data columns (total 10 columns):
 #   Column              Non-Null Count  Dtype  
---  ------              --------------  -----  
 0   longitude           20640 non-null  float64
 1   latitude            20640 non-null  float64
 2   housing_median_age  20640 non-null  float64
 3   total_rooms         20640 non-null  float64
 4   total_bedrooms      20433 non-null  float64
 5   population          20640 non-null  float64
 6   households          20640 non-null  float64
 7   median_income       20640 non-null  float64
 8   median_house_value  20640 non-null  float64
 9   ocean_proximity     20640 non-null  object 
dtypes: float64(9), object(1)
memory usage: 1.6+ MB

Traceback (most recent call last):
  File "end-to-end-ml-project.py", line 162, in <module>
    from pandas.Series.combine import scatter_matrix
ModuleNotFoundError: No module named 'pandas.Series'
[REPAIR EXEC TIME]: 8.544298648834229['housing.csv']
<class 'pandas.core.frame.DataFrame'>
RangeIndex: 20640 entries, 0 to 20639
Data columns (total 10 columns):
 #   Column              Non-Null Count  Dtype  
---  ------              --------------  -----  
 0   longitude           20640 non-null  float64
 1   latitude            20640 non-null  float64
 2   housing_median_age  20640 non-null  float64
 3   total_rooms         20640 non-null  float64
 4   total_bedrooms      20433 non-null  float64
 5   population          20640 non-null  float64
 6   households          20640 non-null  float64
 7   median_income       20640 non-null  float64
 8   median_house_value  20640 non-null  float64
 9   ocean_proximity     20640 non-null  object 
dtypes: float64(9), object(1)
memory usage: 1.6+ MB

Traceback (most recent call last):
  File "end-to-end-ml-project.py", line 161, in <module>
    from pandas.tools.plotting import scatter_matrix
ModuleNotFoundError: No module named 'pandas.tools'
[Try Solution]: OrderedDict([('action', 'fqn'), ('old_fqn', 'pandas.tools.plotting'), ('new_fqn', 'pandas.Series.rolling'), ('line_no', 161)])['housing.csv']
<class 'pandas.core.frame.DataFrame'>
RangeIndex: 20640 entries, 0 to 20639
Data columns (total 10 columns):
 #   Column              Non-Null Count  Dtype  
---  ------              --------------  -----  
 0   longitude           20640 non-null  float64
 1   latitude            20640 non-null  float64
 2   housing_median_age  20640 non-null  float64
 3   total_rooms         20640 non-null  float64
 4   total_bedrooms      20433 non-null  float64
 5   population          20640 non-null  float64
 6   households          20640 non-null  float64
 7   median_income       20640 non-null  float64
 8   median_house_value  20640 non-null  float64
 9   ocean_proximity     20640 non-null  object 
dtypes: float64(9), object(1)
memory usage: 1.6+ MB

Traceback (most recent call last):
  File "end-to-end-ml-project.py", line 162, in <module>
    from pandas.Series.rolling import scatter_matrix
ModuleNotFoundError: No module named 'pandas.Series'
[Try Solution]: OrderedDict([('action', 'fqn'), ('old_fqn', 'pandas.tools.plotting'), ('new_fqn', 'pandas.Series.combine'), ('line_no', 161)])['housing.csv']
<class 'pandas.core.frame.DataFrame'>
RangeIndex: 20640 entries, 0 to 20639
Data columns (total 10 columns):
 #   Column              Non-Null Count  Dtype  
---  ------              --------------  -----  
 0   longitude           20640 non-null  float64
 1   latitude            20640 non-null  float64
 2   housing_median_age  20640 non-null  float64
 3   total_rooms         20640 non-null  float64
 4   total_bedrooms      20433 non-null  float64
 5   population          20640 non-null  float64
 6   households          20640 non-null  float64
 7   median_income       20640 non-null  float64
 8   median_house_value  20640 non-null  float64
 9   ocean_proximity     20640 non-null  object 
dtypes: float64(9), object(1)
memory usage: 1.6+ MB

Traceback (most recent call last):
  File "end-to-end-ml-project.py", line 162, in <module>
    from pandas.Series.combine import scatter_matrix
ModuleNotFoundError: No module named 'pandas.Series'
[Try Solution]: OrderedDict([('action', 'fqn'), ('old_fqn', 'pandas.tools.plotting'), ('new_fqn', 'pandas.Timestamp.time'), ('line_no', 161)])['housing.csv']
<class 'pandas.core.frame.DataFrame'>
RangeIndex: 20640 entries, 0 to 20639
Data columns (total 10 columns):
 #   Column              Non-Null Count  Dtype  
---  ------              --------------  -----  
 0   longitude           20640 non-null  float64
 1   latitude            20640 non-null  float64
 2   housing_median_age  20640 non-null  float64
 3   total_rooms         20640 non-null  float64
 4   total_bedrooms      20433 non-null  float64
 5   population          20640 non-null  float64
 6   households          20640 non-null  float64
 7   median_income       20640 non-null  float64
 8   median_house_value  20640 non-null  float64
 9   ocean_proximity     20640 non-null  object 
dtypes: float64(9), object(1)
memory usage: 1.6+ MB

Traceback (most recent call last):
  File "end-to-end-ml-project.py", line 162, in <module>
    from pandas.Timestamp.time import scatter_matrix
ModuleNotFoundError: No module named 'pandas.Timestamp'
[Try Solution]: OrderedDict([('action', 'fqn'), ('old_fqn', 'pandas.tools.plotting'), ('new_fqn', 'pandas.to_timedelta'), ('line_no', 161)])['housing.csv']
<class 'pandas.core.frame.DataFrame'>
RangeIndex: 20640 entries, 0 to 20639
Data columns (total 10 columns):
 #   Column              Non-Null Count  Dtype  
---  ------              --------------  -----  
 0   longitude           20640 non-null  float64
 1   latitude            20640 non-null  float64
 2   housing_median_age  20640 non-null  float64
 3   total_rooms         20640 non-null  float64
 4   total_bedrooms      20433 non-null  float64
 5   population          20640 non-null  float64
 6   households          20640 non-null  float64
 7   median_income       20640 non-null  float64
 8   median_house_value  20640 non-null  float64
 9   ocean_proximity     20640 non-null  object 
dtypes: float64(9), object(1)
memory usage: 1.6+ MB

Traceback (most recent call last):
  File "end-to-end-ml-project.py", line 162, in <module>
    from pandas.to_timedelta import scatter_matrix
ModuleNotFoundError: No module named 'pandas.to_timedelta'
[Try Solution]: OrderedDict([('action', 'fqn'), ('old_fqn', 'pandas.tools.plotting'), ('new_fqn', 'pandas.BooleanDtype'), ('line_no', 161)])['housing.csv']
<class 'pandas.core.frame.DataFrame'>
RangeIndex: 20640 entries, 0 to 20639
Data columns (total 10 columns):
 #   Column              Non-Null Count  Dtype  
---  ------              --------------  -----  
 0   longitude           20640 non-null  float64
 1   latitude            20640 non-null  float64
 2   housing_median_age  20640 non-null  float64
 3   total_rooms         20640 non-null  float64
 4   total_bedrooms      20433 non-null  float64
 5   population          20640 non-null  float64
 6   households          20640 non-null  float64
 7   median_income       20640 non-null  float64
 8   median_house_value  20640 non-null  float64
 9   ocean_proximity     20640 non-null  object 
dtypes: float64(9), object(1)
memory usage: 1.6+ MB

Traceback (most recent call last):
  File "end-to-end-ml-project.py", line 162, in <module>
    from pandas.BooleanDtype import scatter_matrix
ModuleNotFoundError: No module named 'pandas.BooleanDtype'
[Try Solution]: OrderedDict([('action', 'fqn'), ('old_fqn', 'pandas.tools.plotting'), ('new_fqn', 'pandas.Timestamp.min'), ('line_no', 161)])['housing.csv']
<class 'pandas.core.frame.DataFrame'>
RangeIndex: 20640 entries, 0 to 20639
Data columns (total 10 columns):
 #   Column              Non-Null Count  Dtype  
---  ------              --------------  -----  
 0   longitude           20640 non-null  float64
 1   latitude            20640 non-null  float64
 2   housing_median_age  20640 non-null  float64
 3   total_rooms         20640 non-null  float64
 4   total_bedrooms      20433 non-null  float64
 5   population          20640 non-null  float64
 6   households          20640 non-null  float64
 7   median_income       20640 non-null  float64
 8   median_house_value  20640 non-null  float64
 9   ocean_proximity     20640 non-null  object 
dtypes: float64(9), object(1)
memory usage: 1.6+ MB

Traceback (most recent call last):
  File "end-to-end-ml-project.py", line 162, in <module>
    from pandas.Timestamp.min import scatter_matrix
ModuleNotFoundError: No module named 'pandas.Timestamp'
[Try Solution]: OrderedDict([('action', 'fqn'), ('old_fqn', 'pandas.tools.plotting'), ('new_fqn', 'pandas.Index.identical'), ('line_no', 161)])['housing.csv']
<class 'pandas.core.frame.DataFrame'>
RangeIndex: 20640 entries, 0 to 20639
Data columns (total 10 columns):
 #   Column              Non-Null Count  Dtype  
---  ------              --------------  -----  
 0   longitude           20640 non-null  float64
 1   latitude            20640 non-null  float64
 2   housing_median_age  20640 non-null  float64
 3   total_rooms         20640 non-null  float64
 4   total_bedrooms      20433 non-null  float64
 5   population          20640 non-null  float64
 6   households          20640 non-null  float64
 7   median_income       20640 non-null  float64
 8   median_house_value  20640 non-null  float64
 9   ocean_proximity     20640 non-null  object 
dtypes: float64(9), object(1)
memory usage: 1.6+ MB

Traceback (most recent call last):
  File "end-to-end-ml-project.py", line 162, in <module>
    from pandas.Index.identical import scatter_matrix
ModuleNotFoundError: No module named 'pandas.Index'
[Try Solution]: OrderedDict([('action', 'fqn'), ('old_fqn', 'pandas.tools.plotting'), ('new_fqn', 'pandas.timedelta_range'), ('line_no', 161)])['housing.csv']
<class 'pandas.core.frame.DataFrame'>
RangeIndex: 20640 entries, 0 to 20639
Data columns (total 10 columns):
 #   Column              Non-Null Count  Dtype  
---  ------              --------------  -----  
 0   longitude           20640 non-null  float64
 1   latitude            20640 non-null  float64
 2   housing_median_age  20640 non-null  float64
 3   total_rooms         20640 non-null  float64
 4   total_bedrooms      20433 non-null  float64
 5   population          20640 non-null  float64
 6   households          20640 non-null  float64
 7   median_income       20640 non-null  float64
 8   median_house_value  20640 non-null  float64
 9   ocean_proximity     20640 non-null  object 
dtypes: float64(9), object(1)
memory usage: 1.6+ MB

Traceback (most recent call last):
  File "end-to-end-ml-project.py", line 162, in <module>
    from pandas.timedelta_range import scatter_matrix
ModuleNotFoundError: No module named 'pandas.timedelta_range'
[Try Solution]: OrderedDict([('action', 'fqn'), ('old_fqn', 'pandas.tools.plotting'), ('new_fqn', 'pandas.plotting.table'), ('line_no', 161)])['housing.csv']
<class 'pandas.core.frame.DataFrame'>
RangeIndex: 20640 entries, 0 to 20639
Data columns (total 10 columns):
 #   Column              Non-Null Count  Dtype  
---  ------              --------------  -----  
 0   longitude           20640 non-null  float64
 1   latitude            20640 non-null  float64
 2   housing_median_age  20640 non-null  float64
 3   total_rooms         20640 non-null  float64
 4   total_bedrooms      20433 non-null  float64
 5   population          20640 non-null  float64
 6   households          20640 non-null  float64
 7   median_income       20640 non-null  float64
 8   median_house_value  20640 non-null  float64
 9   ocean_proximity     20640 non-null  object 
dtypes: float64(9), object(1)
memory usage: 1.6+ MB

Traceback (most recent call last):
  File "end-to-end-ml-project.py", line 162, in <module>
    from pandas.plotting.table import scatter_matrix
ModuleNotFoundError: No module named 'pandas.plotting.table'
[Try Solution]: OrderedDict([('action', 'fqn'), ('old_fqn', 'pandas.tools.plotting'), ('new_fqn', 'pandas.Series.to_list'), ('line_no', 161)])['housing.csv']
<class 'pandas.core.frame.DataFrame'>
RangeIndex: 20640 entries, 0 to 20639
Data columns (total 10 columns):
 #   Column              Non-Null Count  Dtype  
---  ------              --------------  -----  
 0   longitude           20640 non-null  float64
 1   latitude            20640 non-null  float64
 2   housing_median_age  20640 non-null  float64
 3   total_rooms         20640 non-null  float64
 4   total_bedrooms      20433 non-null  float64
 5   population          20640 non-null  float64
 6   households          20640 non-null  float64
 7   median_income       20640 non-null  float64
 8   median_house_value  20640 non-null  float64
 9   ocean_proximity     20640 non-null  object 
dtypes: float64(9), object(1)
memory usage: 1.6+ MB

Traceback (most recent call last):
  File "end-to-end-ml-project.py", line 162, in <module>
    from pandas.Series.to_list import scatter_matrix
ModuleNotFoundError: No module named 'pandas.Series'
[Try Solution]: OrderedDict([('action', 'fqn'), ('old_fqn', 'pandas.tools.plotting'), ('new_fqn', 'pandas.Series.notna'), ('line_no', 161)])['housing.csv']
<class 'pandas.core.frame.DataFrame'>
RangeIndex: 20640 entries, 0 to 20639
Data columns (total 10 columns):
 #   Column              Non-Null Count  Dtype  
---  ------              --------------  -----  
 0   longitude           20640 non-null  float64
 1   latitude            20640 non-null  float64
 2   housing_median_age  20640 non-null  float64
 3   total_rooms         20640 non-null  float64
 4   total_bedrooms      20433 non-null  float64
 5   population          20640 non-null  float64
 6   households          20640 non-null  float64
 7   median_income       20640 non-null  float64
 8   median_house_value  20640 non-null  float64
 9   ocean_proximity     20640 non-null  object 
dtypes: float64(9), object(1)
memory usage: 1.6+ MB

Traceback (most recent call last):
  File "end-to-end-ml-project.py", line 162, in <module>
    from pandas.Series.notna import scatter_matrix
ModuleNotFoundError: No module named 'pandas.Series'
[Try Solution]: OrderedDict([('action', 'fqn'), ('old_fqn', 'pandas.tools.plotting'), ('new_fqn', 'pandas.Series.to_dict'), ('line_no', 161)])['housing.csv']
<class 'pandas.core.frame.DataFrame'>
RangeIndex: 20640 entries, 0 to 20639
Data columns (total 10 columns):
 #   Column              Non-Null Count  Dtype  
---  ------              --------------  -----  
 0   longitude           20640 non-null  float64
 1   latitude            20640 non-null  float64
 2   housing_median_age  20640 non-null  float64
 3   total_rooms         20640 non-null  float64
 4   total_bedrooms      20433 non-null  float64
 5   population          20640 non-null  float64
 6   households          20640 non-null  float64
 7   median_income       20640 non-null  float64
 8   median_house_value  20640 non-null  float64
 9   ocean_proximity     20640 non-null  object 
dtypes: float64(9), object(1)
memory usage: 1.6+ MB

Traceback (most recent call last):
  File "end-to-end-ml-project.py", line 162, in <module>
    from pandas.Series.to_dict import scatter_matrix
ModuleNotFoundError: No module named 'pandas.Series'
[Try Solution]: OrderedDict([('action', 'fqn'), ('old_fqn', 'pandas.tools.plotting'), ('new_fqn', 'pandas.to_datetime'), ('line_no', 161)])['housing.csv']
<class 'pandas.core.frame.DataFrame'>
RangeIndex: 20640 entries, 0 to 20639
Data columns (total 10 columns):
 #   Column              Non-Null Count  Dtype  
---  ------              --------------  -----  
 0   longitude           20640 non-null  float64
 1   latitude            20640 non-null  float64
 2   housing_median_age  20640 non-null  float64
 3   total_rooms         20640 non-null  float64
 4   total_bedrooms      20433 non-null  float64
 5   population          20640 non-null  float64
 6   households          20640 non-null  float64
 7   median_income       20640 non-null  float64
 8   median_house_value  20640 non-null  float64
 9   ocean_proximity     20640 non-null  object 
dtypes: float64(9), object(1)
memory usage: 1.6+ MB

Traceback (most recent call last):
  File "end-to-end-ml-project.py", line 162, in <module>
    from pandas.to_datetime import scatter_matrix
ModuleNotFoundError: No module named 'pandas.to_datetime'
[Try Solution]: OrderedDict([('action', 'fqn'), ('old_fqn', 'pandas.tools.plotting'), ('new_fqn', 'pandas.Series.loc'), ('line_no', 161)])['housing.csv']
<class 'pandas.core.frame.DataFrame'>
RangeIndex: 20640 entries, 0 to 20639
Data columns (total 10 columns):
 #   Column              Non-Null Count  Dtype  
---  ------              --------------  -----  
 0   longitude           20640 non-null  float64
 1   latitude            20640 non-null  float64
 2   housing_median_age  20640 non-null  float64
 3   total_rooms         20640 non-null  float64
 4   total_bedrooms      20433 non-null  float64
 5   population          20640 non-null  float64
 6   households          20640 non-null  float64
 7   median_income       20640 non-null  float64
 8   median_house_value  20640 non-null  float64
 9   ocean_proximity     20640 non-null  object 
dtypes: float64(9), object(1)
memory usage: 1.6+ MB

Traceback (most recent call last):
  File "end-to-end-ml-project.py", line 162, in <module>
    from pandas.Series.loc import scatter_matrix
ModuleNotFoundError: No module named 'pandas.Series'
[Try Solution]: OrderedDict([('action', 'fqn'), ('old_fqn', 'pandas.tools.plotting'), ('new_fqn', 'pandas.Series.dot'), ('line_no', 161)])['housing.csv']
<class 'pandas.core.frame.DataFrame'>
RangeIndex: 20640 entries, 0 to 20639
Data columns (total 10 columns):
 #   Column              Non-Null Count  Dtype  
---  ------              --------------  -----  
 0   longitude           20640 non-null  float64
 1   latitude            20640 non-null  float64
 2   housing_median_age  20640 non-null  float64
 3   total_rooms         20640 non-null  float64
 4   total_bedrooms      20433 non-null  float64
 5   population          20640 non-null  float64
 6   households          20640 non-null  float64
 7   median_income       20640 non-null  float64
 8   median_house_value  20640 non-null  float64
 9   ocean_proximity     20640 non-null  object 
dtypes: float64(9), object(1)
memory usage: 1.6+ MB

Traceback (most recent call last):
  File "end-to-end-ml-project.py", line 162, in <module>
    from pandas.Series.dot import scatter_matrix
ModuleNotFoundError: No module named 'pandas.Series'
[Try Solution]: OrderedDict([('action', 'fqn'), ('old_fqn', 'pandas.tools.plotting'), ('new_fqn', 'pandas.Period.month'), ('line_no', 161)])['housing.csv']
<class 'pandas.core.frame.DataFrame'>
RangeIndex: 20640 entries, 0 to 20639
Data columns (total 10 columns):
 #   Column              Non-Null Count  Dtype  
---  ------              --------------  -----  
 0   longitude           20640 non-null  float64
 1   latitude            20640 non-null  float64
 2   housing_median_age  20640 non-null  float64
 3   total_rooms         20640 non-null  float64
 4   total_bedrooms      20433 non-null  float64
 5   population          20640 non-null  float64
 6   households          20640 non-null  float64
 7   median_income       20640 non-null  float64
 8   median_house_value  20640 non-null  float64
 9   ocean_proximity     20640 non-null  object 
dtypes: float64(9), object(1)
memory usage: 1.6+ MB

Traceback (most recent call last):
  File "end-to-end-ml-project.py", line 162, in <module>
    from pandas.Period.month import scatter_matrix
ModuleNotFoundError: No module named 'pandas.Period'
[Try Solution]: OrderedDict([('action', 'fqn'), ('old_fqn', 'pandas.tools.plotting'), ('new_fqn', 'pandas.Series.dt.time'), ('line_no', 161)])['housing.csv']
<class 'pandas.core.frame.DataFrame'>
RangeIndex: 20640 entries, 0 to 20639
Data columns (total 10 columns):
 #   Column              Non-Null Count  Dtype  
---  ------              --------------  -----  
 0   longitude           20640 non-null  float64
 1   latitude            20640 non-null  float64
 2   housing_median_age  20640 non-null  float64
 3   total_rooms         20640 non-null  float64
 4   total_bedrooms      20433 non-null  float64
 5   population          20640 non-null  float64
 6   households          20640 non-null  float64
 7   median_income       20640 non-null  float64
 8   median_house_value  20640 non-null  float64
 9   ocean_proximity     20640 non-null  object 
dtypes: float64(9), object(1)
memory usage: 1.6+ MB

Traceback (most recent call last):
  File "end-to-end-ml-project.py", line 162, in <module>
    from pandas.Series.dt.time import scatter_matrix
ModuleNotFoundError: No module named 'pandas.Series'
[Try Solution]: OrderedDict([('action', 'fqn'), ('old_fqn', 'pandas.tools.plotting'), ('new_fqn', 'pandas.option_context'), ('line_no', 161)])['housing.csv']
<class 'pandas.core.frame.DataFrame'>
RangeIndex: 20640 entries, 0 to 20639
Data columns (total 10 columns):
 #   Column              Non-Null Count  Dtype  
---  ------              --------------  -----  
 0   longitude           20640 non-null  float64
 1   latitude            20640 non-null  float64
 2   housing_median_age  20640 non-null  float64
 3   total_rooms         20640 non-null  float64
 4   total_bedrooms      20433 non-null  float64
 5   population          20640 non-null  float64
 6   households          20640 non-null  float64
 7   median_income       20640 non-null  float64
 8   median_house_value  20640 non-null  float64
 9   ocean_proximity     20640 non-null  object 
dtypes: float64(9), object(1)
memory usage: 1.6+ MB

Traceback (most recent call last):
  File "end-to-end-ml-project.py", line 162, in <module>
    from pandas.option_context import scatter_matrix
ModuleNotFoundError: No module named 'pandas.option_context'
[Try Solution]: OrderedDict([('action', 'fqn'), ('old_fqn', 'pandas.tools.plotting'), ('new_fqn', 'pandas.Series.last'), ('line_no', 161)])['housing.csv']
<class 'pandas.core.frame.DataFrame'>
RangeIndex: 20640 entries, 0 to 20639
Data columns (total 10 columns):
 #   Column              Non-Null Count  Dtype  
---  ------              --------------  -----  
 0   longitude           20640 non-null  float64
 1   latitude            20640 non-null  float64
 2   housing_median_age  20640 non-null  float64
 3   total_rooms         20640 non-null  float64
 4   total_bedrooms      20433 non-null  float64
 5   population          20640 non-null  float64
 6   households          20640 non-null  float64
 7   median_income       20640 non-null  float64
 8   median_house_value  20640 non-null  float64
 9   ocean_proximity     20640 non-null  object 
dtypes: float64(9), object(1)
memory usage: 1.6+ MB

Traceback (most recent call last):
  File "end-to-end-ml-project.py", line 162, in <module>
    from pandas.Series.last import scatter_matrix
ModuleNotFoundError: No module named 'pandas.Series'
[Try Solution]: OrderedDict([('action', 'fqn'), ('old_fqn', 'pandas.tools.plotting'), ('new_fqn', 'pandas.Index.dropna'), ('line_no', 161)])['housing.csv']
<class 'pandas.core.frame.DataFrame'>
RangeIndex: 20640 entries, 0 to 20639
Data columns (total 10 columns):
 #   Column              Non-Null Count  Dtype  
---  ------              --------------  -----  
 0   longitude           20640 non-null  float64
 1   latitude            20640 non-null  float64
 2   housing_median_age  20640 non-null  float64
 3   total_rooms         20640 non-null  float64
 4   total_bedrooms      20433 non-null  float64
 5   population          20640 non-null  float64
 6   households          20640 non-null  float64
 7   median_income       20640 non-null  float64
 8   median_house_value  20640 non-null  float64
 9   ocean_proximity     20640 non-null  object 
dtypes: float64(9), object(1)
memory usage: 1.6+ MB

Traceback (most recent call last):
  File "end-to-end-ml-project.py", line 162, in <module>
    from pandas.Index.dropna import scatter_matrix
ModuleNotFoundError: No module named 'pandas.Index'
[Try Solution]: OrderedDict([('action', 'fqn'), ('old_fqn', 'pandas.tools.plotting'), ('new_fqn', 'pandas.Series.cummin'), ('line_no', 161)])['housing.csv']
<class 'pandas.core.frame.DataFrame'>
RangeIndex: 20640 entries, 0 to 20639
Data columns (total 10 columns):
 #   Column              Non-Null Count  Dtype  
---  ------              --------------  -----  
 0   longitude           20640 non-null  float64
 1   latitude            20640 non-null  float64
 2   housing_median_age  20640 non-null  float64
 3   total_rooms         20640 non-null  float64
 4   total_bedrooms      20433 non-null  float64
 5   population          20640 non-null  float64
 6   households          20640 non-null  float64
 7   median_income       20640 non-null  float64
 8   median_house_value  20640 non-null  float64
 9   ocean_proximity     20640 non-null  object 
dtypes: float64(9), object(1)
memory usage: 1.6+ MB

Traceback (most recent call last):
  File "end-to-end-ml-project.py", line 162, in <module>
    from pandas.Series.cummin import scatter_matrix
ModuleNotFoundError: No module named 'pandas.Series'
[Try Solution]: OrderedDict([('action', 'fqn'), ('old_fqn', 'pandas.tools.plotting'), ('new_fqn', 'pandas.Series.idxmin'), ('line_no', 161)])['housing.csv']
<class 'pandas.core.frame.DataFrame'>
RangeIndex: 20640 entries, 0 to 20639
Data columns (total 10 columns):
 #   Column              Non-Null Count  Dtype  
---  ------              --------------  -----  
 0   longitude           20640 non-null  float64
 1   latitude            20640 non-null  float64
 2   housing_median_age  20640 non-null  float64
 3   total_rooms         20640 non-null  float64
 4   total_bedrooms      20433 non-null  float64
 5   population          20640 non-null  float64
 6   households          20640 non-null  float64
 7   median_income       20640 non-null  float64
 8   median_house_value  20640 non-null  float64
 9   ocean_proximity     20640 non-null  object 
dtypes: float64(9), object(1)
memory usage: 1.6+ MB

Traceback (most recent call last):
  File "end-to-end-ml-project.py", line 162, in <module>
    from pandas.Series.idxmin import scatter_matrix
ModuleNotFoundError: No module named 'pandas.Series'
[Try Solution]: OrderedDict([('action', 'fqn'), ('old_fqn', 'pandas.tools.plotting'), ('new_fqn', 'pandas.Series.argmin'), ('line_no', 161)])['housing.csv']
<class 'pandas.core.frame.DataFrame'>
RangeIndex: 20640 entries, 0 to 20639
Data columns (total 10 columns):
 #   Column              Non-Null Count  Dtype  
---  ------              --------------  -----  
 0   longitude           20640 non-null  float64
 1   latitude            20640 non-null  float64
 2   housing_median_age  20640 non-null  float64
 3   total_rooms         20640 non-null  float64
 4   total_bedrooms      20433 non-null  float64
 5   population          20640 non-null  float64
 6   households          20640 non-null  float64
 7   median_income       20640 non-null  float64
 8   median_house_value  20640 non-null  float64
 9   ocean_proximity     20640 non-null  object 
dtypes: float64(9), object(1)
memory usage: 1.6+ MB

Traceback (most recent call last):
  File "end-to-end-ml-project.py", line 162, in <module>
    from pandas.Series.argmin import scatter_matrix
ModuleNotFoundError: No module named 'pandas.Series'
[Try Solution]: OrderedDict([('action', 'fqn'), ('old_fqn', 'pandas.tools.plotting'), ('new_fqn', 'pandas.DataFrame.min'), ('line_no', 161)])['housing.csv']
<class 'pandas.core.frame.DataFrame'>
RangeIndex: 20640 entries, 0 to 20639
Data columns (total 10 columns):
 #   Column              Non-Null Count  Dtype  
---  ------              --------------  -----  
 0   longitude           20640 non-null  float64
 1   latitude            20640 non-null  float64
 2   housing_median_age  20640 non-null  float64
 3   total_rooms         20640 non-null  float64
 4   total_bedrooms      20433 non-null  float64
 5   population          20640 non-null  float64
 6   households          20640 non-null  float64
 7   median_income       20640 non-null  float64
 8   median_house_value  20640 non-null  float64
 9   ocean_proximity     20640 non-null  object 
dtypes: float64(9), object(1)
memory usage: 1.6+ MB

Traceback (most recent call last):
  File "end-to-end-ml-project.py", line 162, in <module>
    from pandas.DataFrame.min import scatter_matrix
ModuleNotFoundError: No module named 'pandas.DataFrame'
[Try Solution]: OrderedDict([('action', 'fqn'), ('old_fqn', 'pandas.tools.plotting'), ('new_fqn', 'pandas.Timedelta.min'), ('line_no', 161)])['housing.csv']
<class 'pandas.core.frame.DataFrame'>
RangeIndex: 20640 entries, 0 to 20639
Data columns (total 10 columns):
 #   Column              Non-Null Count  Dtype  
---  ------              --------------  -----  
 0   longitude           20640 non-null  float64
 1   latitude            20640 non-null  float64
 2   housing_median_age  20640 non-null  float64
 3   total_rooms         20640 non-null  float64
 4   total_bedrooms      20433 non-null  float64
 5   population          20640 non-null  float64
 6   households          20640 non-null  float64
 7   median_income       20640 non-null  float64
 8   median_house_value  20640 non-null  float64
 9   ocean_proximity     20640 non-null  object 
dtypes: float64(9), object(1)
memory usage: 1.6+ MB

Traceback (most recent call last):
  File "end-to-end-ml-project.py", line 162, in <module>
    from pandas.Timedelta.min import scatter_matrix
ModuleNotFoundError: No module named 'pandas.Timedelta'
[Try Solution]: OrderedDict([('action', 'fqn'), ('old_fqn', 'pandas.tools.plotting'), ('new_fqn', 'pandas.Index.putmask'), ('line_no', 161)])['housing.csv']
<class 'pandas.core.frame.DataFrame'>
RangeIndex: 20640 entries, 0 to 20639
Data columns (total 10 columns):
 #   Column              Non-Null Count  Dtype  
---  ------              --------------  -----  
 0   longitude           20640 non-null  float64
 1   latitude            20640 non-null  float64
 2   housing_median_age  20640 non-null  float64
 3   total_rooms         20640 non-null  float64
 4   total_bedrooms      20433 non-null  float64
 5   population          20640 non-null  float64
 6   households          20640 non-null  float64
 7   median_income       20640 non-null  float64
 8   median_house_value  20640 non-null  float64
 9   ocean_proximity     20640 non-null  object 
dtypes: float64(9), object(1)
memory usage: 1.6+ MB

Traceback (most recent call last):
  File "end-to-end-ml-project.py", line 162, in <module>
    from pandas.Index.putmask import scatter_matrix
ModuleNotFoundError: No module named 'pandas.Index'
[Try Solution]: OrderedDict([('action', 'fqn'), ('old_fqn', 'pandas.tools.plotting'), ('new_fqn', 'pandas.Series.at_time'), ('line_no', 161)])['housing.csv']
<class 'pandas.core.frame.DataFrame'>
RangeIndex: 20640 entries, 0 to 20639
Data columns (total 10 columns):
 #   Column              Non-Null Count  Dtype  
---  ------              --------------  -----  
 0   longitude           20640 non-null  float64
 1   latitude            20640 non-null  float64
 2   housing_median_age  20640 non-null  float64
 3   total_rooms         20640 non-null  float64
 4   total_bedrooms      20433 non-null  float64
 5   population          20640 non-null  float64
 6   households          20640 non-null  float64
 7   median_income       20640 non-null  float64
 8   median_house_value  20640 non-null  float64
 9   ocean_proximity     20640 non-null  object 
dtypes: float64(9), object(1)
memory usage: 1.6+ MB

Traceback (most recent call last):
  File "end-to-end-ml-project.py", line 162, in <module>
    from pandas.Series.at_time import scatter_matrix
ModuleNotFoundError: No module named 'pandas.Series'
[Try Solution]: OrderedDict([('action', 'fqn'), ('old_fqn', 'pandas.tools.plotting'), ('new_fqn', 'pandas.crosstab'), ('line_no', 161)])['housing.csv']
<class 'pandas.core.frame.DataFrame'>
RangeIndex: 20640 entries, 0 to 20639
Data columns (total 10 columns):
 #   Column              Non-Null Count  Dtype  
---  ------              --------------  -----  
 0   longitude           20640 non-null  float64
 1   latitude            20640 non-null  float64
 2   housing_median_age  20640 non-null  float64
 3   total_rooms         20640 non-null  float64
 4   total_bedrooms      20433 non-null  float64
 5   population          20640 non-null  float64
 6   households          20640 non-null  float64
 7   median_income       20640 non-null  float64
 8   median_house_value  20640 non-null  float64
 9   ocean_proximity     20640 non-null  object 
dtypes: float64(9), object(1)
memory usage: 1.6+ MB

Traceback (most recent call last):
  File "end-to-end-ml-project.py", line 162, in <module>
    from pandas.crosstab import scatter_matrix
ModuleNotFoundError: No module named 'pandas.crosstab'
[Try Solution]: OrderedDict([('action', 'fqn'), ('old_fqn', 'pandas.tools.plotting'), ('new_fqn', 'pandas.json_normalize'), ('line_no', 161)])['housing.csv']
<class 'pandas.core.frame.DataFrame'>
RangeIndex: 20640 entries, 0 to 20639
Data columns (total 10 columns):
 #   Column              Non-Null Count  Dtype  
---  ------              --------------  -----  
 0   longitude           20640 non-null  float64
 1   latitude            20640 non-null  float64
 2   housing_median_age  20640 non-null  float64
 3   total_rooms         20640 non-null  float64
 4   total_bedrooms      20433 non-null  float64
 5   population          20640 non-null  float64
 6   households          20640 non-null  float64
 7   median_income       20640 non-null  float64
 8   median_house_value  20640 non-null  float64
 9   ocean_proximity     20640 non-null  object 
dtypes: float64(9), object(1)
memory usage: 1.6+ MB

Traceback (most recent call last):
  File "end-to-end-ml-project.py", line 162, in <module>
    from pandas.json_normalize import scatter_matrix
ModuleNotFoundError: No module named 'pandas.json_normalize'
[Try Solution]: OrderedDict([('action', 'fqn'), ('old_fqn', 'pandas.tools.plotting'), ('new_fqn', 'pandas.Index.all'), ('line_no', 161)])['housing.csv']
<class 'pandas.core.frame.DataFrame'>
RangeIndex: 20640 entries, 0 to 20639
Data columns (total 10 columns):
 #   Column              Non-Null Count  Dtype  
---  ------              --------------  -----  
 0   longitude           20640 non-null  float64
 1   latitude            20640 non-null  float64
 2   housing_median_age  20640 non-null  float64
 3   total_rooms         20640 non-null  float64
 4   total_bedrooms      20433 non-null  float64
 5   population          20640 non-null  float64
 6   households          20640 non-null  float64
 7   median_income       20640 non-null  float64
 8   median_house_value  20640 non-null  float64
 9   ocean_proximity     20640 non-null  object 
dtypes: float64(9), object(1)
memory usage: 1.6+ MB

Traceback (most recent call last):
  File "end-to-end-ml-project.py", line 162, in <module>
    from pandas.Index.all import scatter_matrix
ModuleNotFoundError: No module named 'pandas.Index'
[Try Solution]: OrderedDict([('action', 'fqn'), ('old_fqn', 'pandas.tools.plotting'), ('new_fqn', 'pandas.to_numeric'), ('line_no', 161)])['housing.csv']
<class 'pandas.core.frame.DataFrame'>
RangeIndex: 20640 entries, 0 to 20639
Data columns (total 10 columns):
 #   Column              Non-Null Count  Dtype  
---  ------              --------------  -----  
 0   longitude           20640 non-null  float64
 1   latitude            20640 non-null  float64
 2   housing_median_age  20640 non-null  float64
 3   total_rooms         20640 non-null  float64
 4   total_bedrooms      20433 non-null  float64
 5   population          20640 non-null  float64
 6   households          20640 non-null  float64
 7   median_income       20640 non-null  float64
 8   median_house_value  20640 non-null  float64
 9   ocean_proximity     20640 non-null  object 
dtypes: float64(9), object(1)
memory usage: 1.6+ MB

Traceback (most recent call last):
  File "end-to-end-ml-project.py", line 162, in <module>
    from pandas.to_numeric import scatter_matrix
ModuleNotFoundError: No module named 'pandas.to_numeric'
[Try Solution]: OrderedDict([('action', 'fqn'), ('old_fqn', 'pandas.tools.plotting'), ('new_fqn', 'pandas.Index.drop'), ('line_no', 161)])['housing.csv']
<class 'pandas.core.frame.DataFrame'>
RangeIndex: 20640 entries, 0 to 20639
Data columns (total 10 columns):
 #   Column              Non-Null Count  Dtype  
---  ------              --------------  -----  
 0   longitude           20640 non-null  float64
 1   latitude            20640 non-null  float64
 2   housing_median_age  20640 non-null  float64
 3   total_rooms         20640 non-null  float64
 4   total_bedrooms      20433 non-null  float64
 5   population          20640 non-null  float64
 6   households          20640 non-null  float64
 7   median_income       20640 non-null  float64
 8   median_house_value  20640 non-null  float64
 9   ocean_proximity     20640 non-null  object 
dtypes: float64(9), object(1)
memory usage: 1.6+ MB

Traceback (most recent call last):
  File "end-to-end-ml-project.py", line 162, in <module>
    from pandas.Index.drop import scatter_matrix
ModuleNotFoundError: No module named 'pandas.Index'
[Try Solution]: OrderedDict([('action', 'fqn'), ('old_fqn', 'pandas.tools.plotting'), ('new_fqn', 'pandas.Index.asof'), ('line_no', 161)])['housing.csv']
<class 'pandas.core.frame.DataFrame'>
RangeIndex: 20640 entries, 0 to 20639
Data columns (total 10 columns):
 #   Column              Non-Null Count  Dtype  
---  ------              --------------  -----  
 0   longitude           20640 non-null  float64
 1   latitude            20640 non-null  float64
 2   housing_median_age  20640 non-null  float64
 3   total_rooms         20640 non-null  float64
 4   total_bedrooms      20433 non-null  float64
 5   population          20640 non-null  float64
 6   households          20640 non-null  float64
 7   median_income       20640 non-null  float64
 8   median_house_value  20640 non-null  float64
 9   ocean_proximity     20640 non-null  object 
dtypes: float64(9), object(1)
memory usage: 1.6+ MB

Traceback (most recent call last):
  File "end-to-end-ml-project.py", line 162, in <module>
    from pandas.Index.asof import scatter_matrix
ModuleNotFoundError: No module named 'pandas.Index'
[Try Solution]: OrderedDict([('action', 'fqn'), ('old_fqn', 'pandas.tools.plotting'), ('new_fqn', 'pandas.Timestamp.tz'), ('line_no', 161)])['housing.csv']
<class 'pandas.core.frame.DataFrame'>
RangeIndex: 20640 entries, 0 to 20639
Data columns (total 10 columns):
 #   Column              Non-Null Count  Dtype  
---  ------              --------------  -----  
 0   longitude           20640 non-null  float64
 1   latitude            20640 non-null  float64
 2   housing_median_age  20640 non-null  float64
 3   total_rooms         20640 non-null  float64
 4   total_bedrooms      20433 non-null  float64
 5   population          20640 non-null  float64
 6   households          20640 non-null  float64
 7   median_income       20640 non-null  float64
 8   median_house_value  20640 non-null  float64
 9   ocean_proximity     20640 non-null  object 
dtypes: float64(9), object(1)
memory usage: 1.6+ MB

Traceback (most recent call last):
  File "end-to-end-ml-project.py", line 162, in <module>
    from pandas.Timestamp.tz import scatter_matrix
ModuleNotFoundError: No module named 'pandas.Timestamp'
[Try Solution]: OrderedDict([('action', 'fqn'), ('old_fqn', 'pandas.tools.plotting'), ('new_fqn', 'pandas.read_sql_table'), ('line_no', 161)])['housing.csv']
<class 'pandas.core.frame.DataFrame'>
RangeIndex: 20640 entries, 0 to 20639
Data columns (total 10 columns):
 #   Column              Non-Null Count  Dtype  
---  ------              --------------  -----  
 0   longitude           20640 non-null  float64
 1   latitude            20640 non-null  float64
 2   housing_median_age  20640 non-null  float64
 3   total_rooms         20640 non-null  float64
 4   total_bedrooms      20433 non-null  float64
 5   population          20640 non-null  float64
 6   households          20640 non-null  float64
 7   median_income       20640 non-null  float64
 8   median_house_value  20640 non-null  float64
 9   ocean_proximity     20640 non-null  object 
dtypes: float64(9), object(1)
memory usage: 1.6+ MB

Traceback (most recent call last):
  File "end-to-end-ml-project.py", line 162, in <module>
    from pandas.read_sql_table import scatter_matrix
ModuleNotFoundError: No module named 'pandas.read_sql_table'
[Try Solution]: OrderedDict([('action', 'fqn'), ('old_fqn', 'pandas.tools.plotting'), ('new_fqn', 'pandas.Index.empty'), ('line_no', 161)])['housing.csv']
<class 'pandas.core.frame.DataFrame'>
RangeIndex: 20640 entries, 0 to 20639
Data columns (total 10 columns):
 #   Column              Non-Null Count  Dtype  
---  ------              --------------  -----  
 0   longitude           20640 non-null  float64
 1   latitude            20640 non-null  float64
 2   housing_median_age  20640 non-null  float64
 3   total_rooms         20640 non-null  float64
 4   total_bedrooms      20433 non-null  float64
 5   population          20640 non-null  float64
 6   households          20640 non-null  float64
 7   median_income       20640 non-null  float64
 8   median_house_value  20640 non-null  float64
 9   ocean_proximity     20640 non-null  object 
dtypes: float64(9), object(1)
memory usage: 1.6+ MB

Traceback (most recent call last):
  File "end-to-end-ml-project.py", line 162, in <module>
    from pandas.Index.empty import scatter_matrix
ModuleNotFoundError: No module named 'pandas.Index'
[Try Solution]: OrderedDict([('action', 'fqn'), ('old_fqn', 'pandas.tools.plotting'), ('new_fqn', 'pandas.Index.shift'), ('line_no', 161)])['housing.csv']
<class 'pandas.core.frame.DataFrame'>
RangeIndex: 20640 entries, 0 to 20639
Data columns (total 10 columns):
 #   Column              Non-Null Count  Dtype  
---  ------              --------------  -----  
 0   longitude           20640 non-null  float64
 1   latitude            20640 non-null  float64
 2   housing_median_age  20640 non-null  float64
 3   total_rooms         20640 non-null  float64
 4   total_bedrooms      20433 non-null  float64
 5   population          20640 non-null  float64
 6   households          20640 non-null  float64
 7   median_income       20640 non-null  float64
 8   median_house_value  20640 non-null  float64
 9   ocean_proximity     20640 non-null  object 
dtypes: float64(9), object(1)
memory usage: 1.6+ MB

Traceback (most recent call last):
  File "end-to-end-ml-project.py", line 162, in <module>
    from pandas.Index.shift import scatter_matrix
ModuleNotFoundError: No module named 'pandas.Index'
[Try Solution]: OrderedDict([('action', 'fqn'), ('old_fqn', 'pandas.tools.plotting'), ('new_fqn', 'pandas.Index.nbytes'), ('line_no', 161)])['housing.csv']
<class 'pandas.core.frame.DataFrame'>
RangeIndex: 20640 entries, 0 to 20639
Data columns (total 10 columns):
 #   Column              Non-Null Count  Dtype  
---  ------              --------------  -----  
 0   longitude           20640 non-null  float64
 1   latitude            20640 non-null  float64
 2   housing_median_age  20640 non-null  float64
 3   total_rooms         20640 non-null  float64
 4   total_bedrooms      20433 non-null  float64
 5   population          20640 non-null  float64
 6   households          20640 non-null  float64
 7   median_income       20640 non-null  float64
 8   median_house_value  20640 non-null  float64
 9   ocean_proximity     20640 non-null  object 
dtypes: float64(9), object(1)
memory usage: 1.6+ MB

Traceback (most recent call last):
  File "end-to-end-ml-project.py", line 162, in <module>
    from pandas.Index.nbytes import scatter_matrix
ModuleNotFoundError: No module named 'pandas.Index'
[Try Solution]: OrderedDict([('action', 'fqn'), ('old_fqn', 'pandas.tools.plotting'), ('new_fqn', 'pandas.Index.delete'), ('line_no', 161)])['housing.csv']
<class 'pandas.core.frame.DataFrame'>
RangeIndex: 20640 entries, 0 to 20639
Data columns (total 10 columns):
 #   Column              Non-Null Count  Dtype  
---  ------              --------------  -----  
 0   longitude           20640 non-null  float64
 1   latitude            20640 non-null  float64
 2   housing_median_age  20640 non-null  float64
 3   total_rooms         20640 non-null  float64
 4   total_bedrooms      20433 non-null  float64
 5   population          20640 non-null  float64
 6   households          20640 non-null  float64
 7   median_income       20640 non-null  float64
 8   median_house_value  20640 non-null  float64
 9   ocean_proximity     20640 non-null  object 
dtypes: float64(9), object(1)
memory usage: 1.6+ MB

Traceback (most recent call last):
  File "end-to-end-ml-project.py", line 162, in <module>
    from pandas.Index.delete import scatter_matrix
ModuleNotFoundError: No module named 'pandas.Index'
[Try Solution]: OrderedDict([('action', 'fqn'), ('old_fqn', 'pandas.tools.plotting'), ('new_fqn', 'pandas.IntervalDtype'), ('line_no', 161)])['housing.csv']
<class 'pandas.core.frame.DataFrame'>
RangeIndex: 20640 entries, 0 to 20639
Data columns (total 10 columns):
 #   Column              Non-Null Count  Dtype  
---  ------              --------------  -----  
 0   longitude           20640 non-null  float64
 1   latitude            20640 non-null  float64
 2   housing_median_age  20640 non-null  float64
 3   total_rooms         20640 non-null  float64
 4   total_bedrooms      20433 non-null  float64
 5   population          20640 non-null  float64
 6   households          20640 non-null  float64
 7   median_income       20640 non-null  float64
 8   median_house_value  20640 non-null  float64
 9   ocean_proximity     20640 non-null  object 
dtypes: float64(9), object(1)
memory usage: 1.6+ MB

Traceback (most recent call last):
  File "end-to-end-ml-project.py", line 162, in <module>
    from pandas.IntervalDtype import scatter_matrix
ModuleNotFoundError: No module named 'pandas.IntervalDtype'
[Try Solution]: OrderedDict([('action', 'fqn'), ('old_fqn', 'pandas.tools.plotting'), ('new_fqn', 'pandas.Timestamp.minute'), ('line_no', 161)])['housing.csv']
<class 'pandas.core.frame.DataFrame'>
RangeIndex: 20640 entries, 0 to 20639
Data columns (total 10 columns):
 #   Column              Non-Null Count  Dtype  
---  ------              --------------  -----  
 0   longitude           20640 non-null  float64
 1   latitude            20640 non-null  float64
 2   housing_median_age  20640 non-null  float64
 3   total_rooms         20640 non-null  float64
 4   total_bedrooms      20433 non-null  float64
 5   population          20640 non-null  float64
 6   households          20640 non-null  float64
 7   median_income       20640 non-null  float64
 8   median_house_value  20640 non-null  float64
 9   ocean_proximity     20640 non-null  object 
dtypes: float64(9), object(1)
memory usage: 1.6+ MB

Traceback (most recent call last):
  File "end-to-end-ml-project.py", line 162, in <module>
    from pandas.Timestamp.minute import scatter_matrix
ModuleNotFoundError: No module named 'pandas.Timestamp'
[Try Solution]: OrderedDict([('action', 'fqn'), ('old_fqn', 'pandas.tools.plotting'), ('new_fqn', 'pandas.Timestamp.timetz'), ('line_no', 161)])['housing.csv']
<class 'pandas.core.frame.DataFrame'>
RangeIndex: 20640 entries, 0 to 20639
Data columns (total 10 columns):
 #   Column              Non-Null Count  Dtype  
---  ------              --------------  -----  
 0   longitude           20640 non-null  float64
 1   latitude            20640 non-null  float64
 2   housing_median_age  20640 non-null  float64
 3   total_rooms         20640 non-null  float64
 4   total_bedrooms      20433 non-null  float64
 5   population          20640 non-null  float64
 6   households          20640 non-null  float64
 7   median_income       20640 non-null  float64
 8   median_house_value  20640 non-null  float64
 9   ocean_proximity     20640 non-null  object 
dtypes: float64(9), object(1)
memory usage: 1.6+ MB

Traceback (most recent call last):
  File "end-to-end-ml-project.py", line 162, in <module>
    from pandas.Timestamp.timetz import scatter_matrix
ModuleNotFoundError: No module named 'pandas.Timestamp'
[Try Solution]: OrderedDict([('action', 'fqn'), ('old_fqn', 'pandas.tools.plotting'), ('new_fqn', 'pandas.Timestamp.tzname'), ('line_no', 161)])['housing.csv']
<class 'pandas.core.frame.DataFrame'>
RangeIndex: 20640 entries, 0 to 20639
Data columns (total 10 columns):
 #   Column              Non-Null Count  Dtype  
---  ------              --------------  -----  
 0   longitude           20640 non-null  float64
 1   latitude            20640 non-null  float64
 2   housing_median_age  20640 non-null  float64
 3   total_rooms         20640 non-null  float64
 4   total_bedrooms      20433 non-null  float64
 5   population          20640 non-null  float64
 6   households          20640 non-null  float64
 7   median_income       20640 non-null  float64
 8   median_house_value  20640 non-null  float64
 9   ocean_proximity     20640 non-null  object 
dtypes: float64(9), object(1)
memory usage: 1.6+ MB

Traceback (most recent call last):
  File "end-to-end-ml-project.py", line 162, in <module>
    from pandas.Timestamp.tzname import scatter_matrix
ModuleNotFoundError: No module named 'pandas.Timestamp'
[Try Solution]: OrderedDict([('action', 'fqn'), ('old_fqn', 'pandas.tools.plotting'), ('new_fqn', 'pandas.Timestamp.today'), ('line_no', 161)])['housing.csv']
<class 'pandas.core.frame.DataFrame'>
RangeIndex: 20640 entries, 0 to 20639
Data columns (total 10 columns):
 #   Column              Non-Null Count  Dtype  
---  ------              --------------  -----  
 0   longitude           20640 non-null  float64
 1   latitude            20640 non-null  float64
 2   housing_median_age  20640 non-null  float64
 3   total_rooms         20640 non-null  float64
 4   total_bedrooms      20433 non-null  float64
 5   population          20640 non-null  float64
 6   households          20640 non-null  float64
 7   median_income       20640 non-null  float64
 8   median_house_value  20640 non-null  float64
 9   ocean_proximity     20640 non-null  object 
dtypes: float64(9), object(1)
memory usage: 1.6+ MB

Traceback (most recent call last):
  File "end-to-end-ml-project.py", line 162, in <module>
    from pandas.Timestamp.today import scatter_matrix
ModuleNotFoundError: No module named 'pandas.Timestamp'
[Try Solution]: OrderedDict([('action', 'fqn'), ('old_fqn', 'pandas.tools.plotting'), ('new_fqn', 'pandas.Index.asof_locs'), ('line_no', 161)])['housing.csv']
<class 'pandas.core.frame.DataFrame'>
RangeIndex: 20640 entries, 0 to 20639
Data columns (total 10 columns):
 #   Column              Non-Null Count  Dtype  
---  ------              --------------  -----  
 0   longitude           20640 non-null  float64
 1   latitude            20640 non-null  float64
 2   housing_median_age  20640 non-null  float64
 3   total_rooms         20640 non-null  float64
 4   total_bedrooms      20433 non-null  float64
 5   population          20640 non-null  float64
 6   households          20640 non-null  float64
 7   median_income       20640 non-null  float64
 8   median_house_value  20640 non-null  float64
 9   ocean_proximity     20640 non-null  object 
dtypes: float64(9), object(1)
memory usage: 1.6+ MB

Traceback (most recent call last):
  File "end-to-end-ml-project.py", line 162, in <module>
    from pandas.Index.asof_locs import scatter_matrix
ModuleNotFoundError: No module named 'pandas.Index'
[Try Solution]: OrderedDict([('action', 'fqn'), ('old_fqn', 'pandas.tools.plotting'), ('new_fqn', 'pandas.Timestamp.month'), ('line_no', 161)])['housing.csv']
<class 'pandas.core.frame.DataFrame'>
RangeIndex: 20640 entries, 0 to 20639
Data columns (total 10 columns):
 #   Column              Non-Null Count  Dtype  
---  ------              --------------  -----  
 0   longitude           20640 non-null  float64
 1   latitude            20640 non-null  float64
 2   housing_median_age  20640 non-null  float64
 3   total_rooms         20640 non-null  float64
 4   total_bedrooms      20433 non-null  float64
 5   population          20640 non-null  float64
 6   households          20640 non-null  float64
 7   median_income       20640 non-null  float64
 8   median_house_value  20640 non-null  float64
 9   ocean_proximity     20640 non-null  object 
dtypes: float64(9), object(1)
memory usage: 1.6+ MB

Traceback (most recent call last):
  File "end-to-end-ml-project.py", line 162, in <module>
    from pandas.Timestamp.month import scatter_matrix
ModuleNotFoundError: No module named 'pandas.Timestamp'
[Try Solution]: OrderedDict([('action', 'fqn'), ('old_fqn', 'pandas.tools.plotting'), ('new_fqn', 'pandas.Index.factorize'), ('line_no', 161)])['housing.csv']
<class 'pandas.core.frame.DataFrame'>
RangeIndex: 20640 entries, 0 to 20639
Data columns (total 10 columns):
 #   Column              Non-Null Count  Dtype  
---  ------              --------------  -----  
 0   longitude           20640 non-null  float64
 1   latitude            20640 non-null  float64
 2   housing_median_age  20640 non-null  float64
 3   total_rooms         20640 non-null  float64
 4   total_bedrooms      20433 non-null  float64
 5   population          20640 non-null  float64
 6   households          20640 non-null  float64
 7   median_income       20640 non-null  float64
 8   median_house_value  20640 non-null  float64
 9   ocean_proximity     20640 non-null  object 
dtypes: float64(9), object(1)
memory usage: 1.6+ MB

Traceback (most recent call last):
  File "end-to-end-ml-project.py", line 162, in <module>
    from pandas.Index.factorize import scatter_matrix
ModuleNotFoundError: No module named 'pandas.Index'
[Try Solution]: OrderedDict([('action', 'fqn'), ('old_fqn', 'pandas.tools.plotting'), ('new_fqn', 'pandas.Index.droplevel'), ('line_no', 161)])['housing.csv']
<class 'pandas.core.frame.DataFrame'>
RangeIndex: 20640 entries, 0 to 20639
Data columns (total 10 columns):
 #   Column              Non-Null Count  Dtype  
---  ------              --------------  -----  
 0   longitude           20640 non-null  float64
 1   latitude            20640 non-null  float64
 2   housing_median_age  20640 non-null  float64
 3   total_rooms         20640 non-null  float64
 4   total_bedrooms      20433 non-null  float64
 5   population          20640 non-null  float64
 6   households          20640 non-null  float64
 7   median_income       20640 non-null  float64
 8   median_house_value  20640 non-null  float64
 9   ocean_proximity     20640 non-null  object 
dtypes: float64(9), object(1)
memory usage: 1.6+ MB

Traceback (most recent call last):
  File "end-to-end-ml-project.py", line 162, in <module>
    from pandas.Index.droplevel import scatter_matrix
ModuleNotFoundError: No module named 'pandas.Index'
[Try Solution]: OrderedDict([('action', 'fqn'), ('old_fqn', 'pandas.tools.plotting'), ('new_fqn', 'pandas.Index.is_unique'), ('line_no', 161)])['housing.csv']
<class 'pandas.core.frame.DataFrame'>
RangeIndex: 20640 entries, 0 to 20639
Data columns (total 10 columns):
 #   Column              Non-Null Count  Dtype  
---  ------              --------------  -----  
 0   longitude           20640 non-null  float64
 1   latitude            20640 non-null  float64
 2   housing_median_age  20640 non-null  float64
 3   total_rooms         20640 non-null  float64
 4   total_bedrooms      20433 non-null  float64
 5   population          20640 non-null  float64
 6   households          20640 non-null  float64
 7   median_income       20640 non-null  float64
 8   median_house_value  20640 non-null  float64
 9   ocean_proximity     20640 non-null  object 
dtypes: float64(9), object(1)
memory usage: 1.6+ MB

Traceback (most recent call last):
  File "end-to-end-ml-project.py", line 162, in <module>
    from pandas.Index.is_unique import scatter_matrix
ModuleNotFoundError: No module named 'pandas.Index'
[Try Solution]: OrderedDict([('action', 'fqn'), ('old_fqn', 'pandas.tools.plotting'), ('new_fqn', 'pandas.Series.to_pickle'), ('line_no', 161)])['housing.csv']
<class 'pandas.core.frame.DataFrame'>
RangeIndex: 20640 entries, 0 to 20639
Data columns (total 10 columns):
 #   Column              Non-Null Count  Dtype  
---  ------              --------------  -----  
 0   longitude           20640 non-null  float64
 1   latitude            20640 non-null  float64
 2   housing_median_age  20640 non-null  float64
 3   total_rooms         20640 non-null  float64
 4   total_bedrooms      20433 non-null  float64
 5   population          20640 non-null  float64
 6   households          20640 non-null  float64
 7   median_income       20640 non-null  float64
 8   median_house_value  20640 non-null  float64
 9   ocean_proximity     20640 non-null  object 
dtypes: float64(9), object(1)
memory usage: 1.6+ MB

Traceback (most recent call last):
  File "end-to-end-ml-project.py", line 162, in <module>
    from pandas.Series.to_pickle import scatter_matrix
ModuleNotFoundError: No module named 'pandas.Series'
[Try Solution]: OrderedDict([('action', 'fqn'), ('old_fqn', 'pandas.tools.plotting'), ('new_fqn', 'pandas.DataFrame.to_gbq'), ('line_no', 161)])['housing.csv']
<class 'pandas.core.frame.DataFrame'>
RangeIndex: 20640 entries, 0 to 20639
Data columns (total 10 columns):
 #   Column              Non-Null Count  Dtype  
---  ------              --------------  -----  
 0   longitude           20640 non-null  float64
 1   latitude            20640 non-null  float64
 2   housing_median_age  20640 non-null  float64
 3   total_rooms         20640 non-null  float64
 4   total_bedrooms      20433 non-null  float64
 5   population          20640 non-null  float64
 6   households          20640 non-null  float64
 7   median_income       20640 non-null  float64
 8   median_house_value  20640 non-null  float64
 9   ocean_proximity     20640 non-null  object 
dtypes: float64(9), object(1)
memory usage: 1.6+ MB

Traceback (most recent call last):
  File "end-to-end-ml-project.py", line 162, in <module>
    from pandas.DataFrame.to_gbq import scatter_matrix
ModuleNotFoundError: No module named 'pandas.DataFrame'
[Try Solution]: OrderedDict([('action', 'fqn'), ('old_fqn', 'pandas.tools.plotting'), ('new_fqn', 'pandas.Timestamp.tzinfo'), ('line_no', 161)])['housing.csv']
<class 'pandas.core.frame.DataFrame'>
RangeIndex: 20640 entries, 0 to 20639
Data columns (total 10 columns):
 #   Column              Non-Null Count  Dtype  
---  ------              --------------  -----  
 0   longitude           20640 non-null  float64
 1   latitude            20640 non-null  float64
 2   housing_median_age  20640 non-null  float64
 3   total_rooms         20640 non-null  float64
 4   total_bedrooms      20433 non-null  float64
 5   population          20640 non-null  float64
 6   households          20640 non-null  float64
 7   median_income       20640 non-null  float64
 8   median_house_value  20640 non-null  float64
 9   ocean_proximity     20640 non-null  object 
dtypes: float64(9), object(1)
memory usage: 1.6+ MB

Traceback (most recent call last):
  File "end-to-end-ml-project.py", line 162, in <module>
    from pandas.Timestamp.tzinfo import scatter_matrix
ModuleNotFoundError: No module named 'pandas.Timestamp'
[Try Solution]: OrderedDict([('action', 'fqn'), ('old_fqn', 'pandas.tools.plotting'), ('new_fqn', 'pandas.Index.slice_locs'), ('line_no', 161)])['housing.csv']
<class 'pandas.core.frame.DataFrame'>
RangeIndex: 20640 entries, 0 to 20639
Data columns (total 10 columns):
 #   Column              Non-Null Count  Dtype  
---  ------              --------------  -----  
 0   longitude           20640 non-null  float64
 1   latitude            20640 non-null  float64
 2   housing_median_age  20640 non-null  float64
 3   total_rooms         20640 non-null  float64
 4   total_bedrooms      20433 non-null  float64
 5   population          20640 non-null  float64
 6   households          20640 non-null  float64
 7   median_income       20640 non-null  float64
 8   median_house_value  20640 non-null  float64
 9   ocean_proximity     20640 non-null  object 
dtypes: float64(9), object(1)
memory usage: 1.6+ MB

Traceback (most recent call last):
  File "end-to-end-ml-project.py", line 162, in <module>
    from pandas.Index.slice_locs import scatter_matrix
ModuleNotFoundError: No module named 'pandas.Index'
[Try Solution]: OrderedDict([('action', 'fqn'), ('old_fqn', 'pandas.tools.plotting'), ('new_fqn', 'pandas.Series.dt.timetz'), ('line_no', 161)])['housing.csv']
<class 'pandas.core.frame.DataFrame'>
RangeIndex: 20640 entries, 0 to 20639
Data columns (total 10 columns):
 #   Column              Non-Null Count  Dtype  
---  ------              --------------  -----  
 0   longitude           20640 non-null  float64
 1   latitude            20640 non-null  float64
 2   housing_median_age  20640 non-null  float64
 3   total_rooms         20640 non-null  float64
 4   total_bedrooms      20433 non-null  float64
 5   population          20640 non-null  float64
 6   households          20640 non-null  float64
 7   median_income       20640 non-null  float64
 8   median_house_value  20640 non-null  float64
 9   ocean_proximity     20640 non-null  object 
dtypes: float64(9), object(1)
memory usage: 1.6+ MB

Traceback (most recent call last):
  File "end-to-end-ml-project.py", line 162, in <module>
    from pandas.Series.dt.timetz import scatter_matrix
ModuleNotFoundError: No module named 'pandas.Series'
[Try Solution]: OrderedDict([('action', 'fqn'), ('old_fqn', 'pandas.tools.plotting'), ('new_fqn', 'pandas.Series.dt.minute'), ('line_no', 161)])['housing.csv']
<class 'pandas.core.frame.DataFrame'>
RangeIndex: 20640 entries, 0 to 20639
Data columns (total 10 columns):
 #   Column              Non-Null Count  Dtype  
---  ------              --------------  -----  
 0   longitude           20640 non-null  float64
 1   latitude            20640 non-null  float64
 2   housing_median_age  20640 non-null  float64
 3   total_rooms         20640 non-null  float64
 4   total_bedrooms      20433 non-null  float64
 5   population          20640 non-null  float64
 6   households          20640 non-null  float64
 7   median_income       20640 non-null  float64
 8   median_house_value  20640 non-null  float64
 9   ocean_proximity     20640 non-null  object 
dtypes: float64(9), object(1)
memory usage: 1.6+ MB

Traceback (most recent call last):
  File "end-to-end-ml-project.py", line 162, in <module>
    from pandas.Series.dt.minute import scatter_matrix
ModuleNotFoundError: No module named 'pandas.Series'
[Try Solution]: OrderedDict([('action', 'fqn'), ('old_fqn', 'pandas.tools.plotting'), ('new_fqn', 'pandas.Series.str.index'), ('line_no', 161)])['housing.csv']
<class 'pandas.core.frame.DataFrame'>
RangeIndex: 20640 entries, 0 to 20639
Data columns (total 10 columns):
 #   Column              Non-Null Count  Dtype  
---  ------              --------------  -----  
 0   longitude           20640 non-null  float64
 1   latitude            20640 non-null  float64
 2   housing_median_age  20640 non-null  float64
 3   total_rooms         20640 non-null  float64
 4   total_bedrooms      20433 non-null  float64
 5   population          20640 non-null  float64
 6   households          20640 non-null  float64
 7   median_income       20640 non-null  float64
 8   median_house_value  20640 non-null  float64
 9   ocean_proximity     20640 non-null  object 
dtypes: float64(9), object(1)
memory usage: 1.6+ MB

Traceback (most recent call last):
  File "end-to-end-ml-project.py", line 162, in <module>
    from pandas.Series.str.index import scatter_matrix
ModuleNotFoundError: No module named 'pandas.Series'
[Try Solution]: OrderedDict([('action', 'fqn'), ('old_fqn', 'pandas.tools.plotting'), ('new_fqn', 'pandas.Index.is_integer'), ('line_no', 161)])['housing.csv']
<class 'pandas.core.frame.DataFrame'>
RangeIndex: 20640 entries, 0 to 20639
Data columns (total 10 columns):
 #   Column              Non-Null Count  Dtype  
---  ------              --------------  -----  
 0   longitude           20640 non-null  float64
 1   latitude            20640 non-null  float64
 2   housing_median_age  20640 non-null  float64
 3   total_rooms         20640 non-null  float64
 4   total_bedrooms      20433 non-null  float64
 5   population          20640 non-null  float64
 6   households          20640 non-null  float64
 7   median_income       20640 non-null  float64
 8   median_house_value  20640 non-null  float64
 9   ocean_proximity     20640 non-null  object 
dtypes: float64(9), object(1)
memory usage: 1.6+ MB

Traceback (most recent call last):
  File "end-to-end-ml-project.py", line 162, in <module>
    from pandas.Index.is_integer import scatter_matrix
ModuleNotFoundError: No module named 'pandas.Index'
[Try Solution]: OrderedDict([('action', 'fqn'), ('old_fqn', 'pandas.tools.plotting'), ('new_fqn', 'pandas.plotting'), ('line_no', 161)])['housing.csv']
<class 'pandas.core.frame.DataFrame'>
RangeIndex: 20640 entries, 0 to 20639
Data columns (total 10 columns):
 #   Column              Non-Null Count  Dtype  
---  ------              --------------  -----  
 0   longitude           20640 non-null  float64
 1   latitude            20640 non-null  float64
 2   housing_median_age  20640 non-null  float64
 3   total_rooms         20640 non-null  float64
 4   total_bedrooms      20433 non-null  float64
 5   population          20640 non-null  float64
 6   households          20640 non-null  float64
 7   median_income       20640 non-null  float64
 8   median_house_value  20640 non-null  float64
 9   ocean_proximity     20640 non-null  object 
dtypes: float64(9), object(1)
memory usage: 1.6+ MB

Scores: [68167.65074008 69025.02354298 71020.42288171 70000.8265888
 71063.57195438 74694.96648835 70303.87845216 72102.87112865
 76287.1299423  69423.52764528]
Mean: 71208.98693646849
Standard Deviation: 2414.1557599023213
Scores: [66782.73843989 66960.118071   70347.95244419 74739.57052552
 68031.13388938 71193.84183426 64969.63056405 68281.61137997
 71552.91566558 67665.10082067]
Mean: 69052.46136345083
Standard Deviation: 2731.674001798349
Scores: [49396.45608856 47848.3114019  50583.50573333 52521.08723478
 49627.91151726 53433.61595996 48689.40864969 47877.27674305
 53170.15007975 50468.35239128]
Mean: 50361.60757995628
Standard Deviation: 1969.8671540674036
64438.608748651226 {'max_features': 2, 'n_estimators': 3}
55126.14021198882 {'max_features': 2, 'n_estimators': 10}
52891.329061569406 {'max_features': 2, 'n_estimators': 30}
60817.79144350755 {'max_features': 4, 'n_estimators': 3}
53005.46611087983 {'max_features': 4, 'n_estimators': 10}
50583.41052503737 {'max_features': 4, 'n_estimators': 30}
60461.16240894658 {'max_features': 6, 'n_estimators': 3}
52180.06783303033 {'max_features': 6, 'n_estimators': 10}
49825.63862669717 {'max_features': 6, 'n_estimators': 30}
59031.81714917846 {'max_features': 8, 'n_estimators': 3}
52305.249521992126 {'max_features': 8, 'n_estimators': 10}
49736.10617536981 {'max_features': 8, 'n_estimators': 30}
64117.537272592745 {'bootstrap': False, 'max_features': 2, 'n_estimators': 3}
55069.89277482935 {'bootstrap': False, 'max_features': 2, 'n_estimators': 10}
60313.3062722487 {'bootstrap': False, 'max_features': 3, 'n_estimators': 3}
52775.897763273904 {'bootstrap': False, 'max_features': 3, 'n_estimators': 10}
58890.13820454078 {'bootstrap': False, 'max_features': 4, 'n_estimators': 3}
51567.03026255684 {'bootstrap': False, 'max_features': 4, 'n_estimators': 10}
49150.70756927707 {'max_features': 7, 'n_estimators': 180}
51389.889203389284 {'max_features': 5, 'n_estimators': 15}
50796.155224308866 {'max_features': 3, 'n_estimators': 72}
50835.13360315349 {'max_features': 5, 'n_estimators': 21}
49280.9449827171 {'max_features': 7, 'n_estimators': 122}
50774.90662363929 {'max_features': 3, 'n_estimators': 75}
50682.78888164288 {'max_features': 3, 'n_estimators': 88}
49608.99608105296 {'max_features': 5, 'n_estimators': 100}
50473.61930350219 {'max_features': 3, 'n_estimators': 150}
64429.84143294435 {'max_features': 5, 'n_estimators': 2}
Traceback (most recent call last):
  File "end-to-end-ml-project.py", line 705, in <module>
    from sklearn.externals import joblib
ImportError: cannot import name 'joblib'
[Try Solution]: OrderedDict([('action', 'fqn'), ('old_fqn', 'sklearn.externals.joblib'), ('new_fqn', 'sklearn.experimental'), ('line_no', 705)])['housing.csv']
<class 'pandas.core.frame.DataFrame'>
RangeIndex: 20640 entries, 0 to 20639
Data columns (total 10 columns):
 #   Column              Non-Null Count  Dtype  
---  ------              --------------  -----  
 0   longitude           20640 non-null  float64
 1   latitude            20640 non-null  float64
 2   housing_median_age  20640 non-null  float64
 3   total_rooms         20640 non-null  float64
 4   total_bedrooms      20433 non-null  float64
 5   population          20640 non-null  float64
 6   households          20640 non-null  float64
 7   median_income       20640 non-null  float64
 8   median_house_value  20640 non-null  float64
 9   ocean_proximity     20640 non-null  object 
dtypes: float64(9), object(1)
memory usage: 1.6+ MB

Scores: [69004.14055137 65287.80831311 71482.87539697 68807.40426763
 70399.09653637 75044.84345816 69782.43554796 71732.581759
 75975.60517849 69058.77894259]
Mean: 70657.55699516476
Standard Deviation: 2962.204082662465
Scores: [66782.73843989 66960.118071   70347.95244419 74739.57052552
 68031.13388938 71193.84183426 64969.63056405 68281.61137997
 71552.91566558 67665.10082067]
Mean: 69052.46136345083
Standard Deviation: 2731.674001798349
Scores: [49465.27556921 47906.31097198 49853.11978771 52432.11479959
 49719.18231746 53418.54906915 48851.45108729 47860.38857616
 52967.75588794 50074.08168908]
Mean: 50254.822975556664
Standard Deviation: 1908.726636670735
64266.14490528433 {'max_features': 2, 'n_estimators': 3}
55885.47246194205 {'max_features': 2, 'n_estimators': 10}
52696.35495990166 {'max_features': 2, 'n_estimators': 30}
60291.59619514344 {'max_features': 4, 'n_estimators': 3}
52240.03620256074 {'max_features': 4, 'n_estimators': 10}
50413.4901712063 {'max_features': 4, 'n_estimators': 30}
60029.09402474767 {'max_features': 6, 'n_estimators': 3}
52463.90226597934 {'max_features': 6, 'n_estimators': 10}
49933.001713414335 {'max_features': 6, 'n_estimators': 30}
59660.35008341518 {'max_features': 8, 'n_estimators': 3}
51898.31593868474 {'max_features': 8, 'n_estimators': 10}
50267.77539363662 {'max_features': 8, 'n_estimators': 30}
61539.940895539934 {'bootstrap': False, 'max_features': 2, 'n_estimators': 3}
54536.49081293197 {'bootstrap': False, 'max_features': 2, 'n_estimators': 10}
59778.844495744 {'bootstrap': False, 'max_features': 3, 'n_estimators': 3}
52916.21849301498 {'bootstrap': False, 'max_features': 3, 'n_estimators': 10}
58174.25222191405 {'bootstrap': False, 'max_features': 4, 'n_estimators': 3}
51775.42797822458 {'bootstrap': False, 'max_features': 4, 'n_estimators': 10}
49150.70756927707 {'max_features': 7, 'n_estimators': 180}
51389.889203389284 {'max_features': 5, 'n_estimators': 15}
50796.155224308866 {'max_features': 3, 'n_estimators': 72}
50835.13360315349 {'max_features': 5, 'n_estimators': 21}
49280.9449827171 {'max_features': 7, 'n_estimators': 122}
50774.90662363929 {'max_features': 3, 'n_estimators': 75}
50682.78888164288 {'max_features': 3, 'n_estimators': 88}
49608.99608105296 {'max_features': 5, 'n_estimators': 100}
50473.61930350219 {'max_features': 3, 'n_estimators': 150}
64429.84143294435 {'max_features': 5, 'n_estimators': 2}
Traceback (most recent call last):
  File "end-to-end-ml-project.py", line 708, in <module>
    sklearn.experimental.dump(my_model, "my_model.pkl") # DIFF
AttributeError: module 'sklearn' has no attribute 'experimental'
[REPAIR EXEC TIME]: 850.3847527503967