<class 'pandas.core.frame.DataFrame'>
RangeIndex: 20640 entries, 0 to 20639
Data columns (total 10 columns):
 #   Column              Non-Null Count  Dtype  
---  ------              --------------  -----  
 0   longitude           20640 non-null  float64
 1   latitude            20640 non-null  float64
 2   housing_median_age  20640 non-null  float64
 3   total_rooms         20640 non-null  float64
 4   total_bedrooms      20433 non-null  float64
 5   population          20640 non-null  float64
 6   households          20640 non-null  float64
 7   median_income       20640 non-null  float64
 8   median_house_value  20640 non-null  float64
 9   ocean_proximity     20640 non-null  object 
dtypes: float64(9), object(1)
memory usage: 1.6+ MB
Description : 

           longitude      latitude  ...  median_income  median_house_value
count  20640.000000  20640.000000  ...   20640.000000        20640.000000
mean    -119.569704     35.631861  ...       3.870671       206855.816909
std        2.003532      2.135952  ...       1.899822       115395.615874
min     -124.350000     32.540000  ...       0.499900        14999.000000
25%     -121.800000     33.930000  ...       2.563400       119600.000000
50%     -118.490000     34.260000  ...       3.534800       179700.000000
75%     -118.010000     37.710000  ...       4.743250       264725.000000
max     -114.310000     41.950000  ...      15.000100       500001.000000

[8 rows x 9 columns]

Let's check for null values

longitude               0
latitude                0
housing_median_age      0
total_rooms             0
total_bedrooms        207
population              0
households              0
median_income           0
median_house_value      0
ocean_proximity         0
dtype: int64

New Shape after dropping NULL value :  (20433, 10)
Let's check for null values

longitude             0
latitude              0
housing_median_age    0
total_rooms           0
total_bedrooms        0
population            0
households            0
median_income         0
median_house_value    0
ocean_proximity       0
dtype: int64
Traceback (most recent call last):
  File "simple-exploration-using-tensorflow-regression.py", line 179, in <module>
    input_func = tensorflow.raw_ops.Maximum.pandas_input_fn(x = x_train, y = y_train, batch_size = 20, num_epochs = 2000, shuffle = True)
AttributeError: 'function' object has no attribute 'pandas_input_fn'
