No handles with labels found to put in legend.
No handles with labels found to put in legend.
['heart.csv']
Data First 5 Rows Show

Data Last 5 Rows Show

Data Show Describe

Data Show Info

<class 'pandas.core.frame.DataFrame'>
RangeIndex: 303 entries, 0 to 302
Data columns (total 14 columns):
 #   Column    Non-Null Count  Dtype  
---  ------    --------------  -----  
 0   age       303 non-null    int64  
 1   sex       303 non-null    int64  
 2   cp        303 non-null    int64  
 3   trestbps  303 non-null    int64  
 4   chol      303 non-null    int64  
 5   fbs       303 non-null    int64  
 6   restecg   303 non-null    int64  
 7   thalach   303 non-null    int64  
 8   exang     303 non-null    int64  
 9   oldpeak   303 non-null    float64
 10  slope     303 non-null    int64  
 11  ca        303 non-null    int64  
 12  thal      303 non-null    int64  
 13  target    303 non-null    int64  
dtypes: float64(1), int64(13)
memory usage: 33.3 KB
Data Show Columns:

Data Shape Show

Data Sum of Null Values 








Min Age : 29
Max Age : 77
Mean Age : 54.366336633663366
Young Ages : 16
Middle Ages : 128
Elderly Ages : 151










Total Genders : 303
Male Count    : 207
Female Count  : 96
Male State: 68.32%
Female State: 31.68%


















Target 1 Thal 0:  1
Target 1 Thal 1:  6
Target 1 Thal 2:  130
Target 1 Thal 3:  28
**************************************************
Target 0 Thal 0:  1
Target 0 Thal 1:  12
Target 0 Thal 2:  36
Target 0 Thal 3:  89







8
55
30


X_train (242, 14)
X_test (61, 14)
y_train (242,)
y_test (61,)
[0.25069557 0.17935193 0.12879318 0.09556117 0.07603197 0.06460611
 0.05580481 0.04257635 0.02999253 0.02360139 0.02075818 0.0156925
 0.01026596 0.00626834]

['Age', 'Sex', 'Cp', 'Trestbps', 'Chol', 'Fbs', 'Restecg', 'Thalach', 'Exang', 'Oldpeak', 'Slope', 'Ca', 'Thal', 'AgeRange']
[[ 8.81347322e-02  4.65342239e-01 -3.12452745e-01  1.31979053e-02
  -2.64386397e-03  1.94504864e-02 -3.71456984e-02 -1.75249277e-01
   7.17707790e-01  1.68676245e-01 -2.23545648e-01  1.20887016e-01
   1.28737326e-01  1.43856767e-01]
 [ 1.62605861e-01 -8.54520916e-01 -2.04167585e-01  6.49323130e-02
   6.97159523e-02 -2.53324239e-02 -7.27306422e-03 -1.29131596e-01
   3.18807628e-01  4.99567080e-02 -1.41977238e-01 -5.38494882e-03
  -3.12811740e-02  2.23436334e-01]
 [ 3.23243751e-01  1.05671125e-01  2.09016455e-01  1.17663387e-01
   3.88361436e-02  5.11356159e-01 -2.02594772e-01 -7.34055729e-02
  -2.67149471e-01  5.70813735e-02 -1.18879224e-01  2.18032882e-01
  -2.85637322e-02  6.16664038e-01]
 [-1.65405805e-01 -1.06315939e-01  4.98120560e-01  5.24303442e-02
  -1.58249854e-02  6.14881787e-01  7.34197833e-02  6.04270565e-02
   3.61726569e-01  2.82122497e-02 -1.55670437e-01 -1.81326619e-01
  -3.45369842e-02 -3.64890941e-01]
 [-6.80302758e-03  1.47337086e-02  2.24759957e-01 -3.24429274e-02
  -3.41407924e-02 -3.11704285e-01  9.87897786e-02 -1.07643734e-01
  -2.35386839e-01  3.48461538e-01 -8.03566320e-01 -4.68999189e-02
   1.35491646e-03 -6.11770361e-02]
 [-1.31253505e-01 -3.64387932e-02 -6.55196290e-01 -1.10620013e-02
  -7.79399013e-03  4.88316662e-01  2.42135522e-01 -2.72372475e-02
  -3.16668152e-01  7.28393312e-02 -2.03181195e-01  1.76153799e-01
   4.71592272e-02 -2.72091454e-01]
 [ 1.38045727e-01  1.02795636e-02  2.01378124e-01  1.12154874e-02
  -4.36920652e-02 -4.77546999e-02  9.00345234e-01 -7.46967320e-02
   5.16786589e-02  3.49304776e-02  1.70475172e-01  2.32681962e-01
   8.68889546e-02  1.58508456e-01]
 [-5.69792233e-02 -1.14387390e-01  1.89334222e-01  1.64615873e-02
   1.76006297e-02 -9.27964324e-02 -2.38410562e-01 -7.21389846e-02
   4.44457167e-02  1.69785780e-01  1.00301808e-01  8.59984215e-01
   5.86119637e-04 -3.10079979e-01]
 [-4.09760085e-02  6.62115956e-02 -3.69645660e-02 -2.32324913e-01
  -1.78090458e-01  7.20538549e-03  6.62828816e-02 -2.36977391e-01
   6.14484897e-02 -1.94150434e-01 -6.51146605e-02  7.56983947e-02
  -8.91037223e-01  2.98011427e-02]
 [ 9.64365862e-02  7.43255890e-02 -7.20101714e-02  8.55560390e-01
   1.13061054e-01 -7.57258213e-02  4.31402934e-02  5.97691718e-02
  -1.96390083e-02  2.76470195e-01  1.07307643e-01 -8.79748541e-02
  -3.35921625e-01 -1.23031305e-01]
 [ 1.04005136e-01  6.40258621e-03  5.83518757e-02  5.98687704e-03
  -3.48565703e-02  4.33849455e-02 -7.26592712e-02 -8.89828407e-01
  -1.28515809e-01  1.28679870e-01  2.29941496e-01 -2.06391236e-01
   1.52909916e-01 -1.83311918e-01]
 [-2.98138380e-02 -1.01370359e-02 -2.49083191e-02 -4.02129006e-01
   2.93640681e-01  6.72162842e-02  3.15167990e-03  1.52911403e-01
  -4.34890700e-03  7.63437738e-01  2.85304264e-01 -1.34088421e-01
  -1.88670802e-01  6.86623109e-02]
 [ 2.50082070e-01  7.66845116e-02  2.34419071e-02 -8.32610912e-02
   8.78956704e-01 -2.22488833e-02  5.77348518e-02 -6.73781260e-02
  -3.06387189e-03 -3.05490472e-01 -1.23548405e-01  2.62582875e-02
  -6.68303790e-02 -1.71492460e-01]
 [ 8.42106263e-01  1.06579011e-02 -3.93746421e-02 -1.51029393e-01
  -2.92275845e-01  1.51389781e-02 -3.74820610e-02  2.02517404e-01
   2.06519506e-03  3.70108075e-02  9.48229424e-03 -5.70944505e-02
  -2.07015085e-02 -3.64908675e-01]]



('Dim1', 'Dim2', 'Dim3')
**************************************************
Best parameters set:
{'C': 0.1, 'penalty': 'l2', 'random_state': 0}

Train Classification Report:
**************************************************
              precision    recall  f1-score   support

           0       0.80      0.62      0.70       109
           1       0.74      0.87      0.80       133

    accuracy                           0.76       242
   macro avg       0.77      0.75      0.75       242
weighted avg       0.77      0.76      0.76       242

**************************************************
Train Confusion Matrix:
[[ 68  41]
 [ 17 116]]
**************************************************
Test Classification Report:
**************************************************
              precision    recall  f1-score   support

           0       0.83      0.69      0.75        29
           1       0.76      0.88      0.81        32

    accuracy                           0.79        61
   macro avg       0.80      0.78      0.78        61
weighted avg       0.79      0.79      0.78        61

**************************************************
Test Confusion Matrix:
[[20  9]
 [ 4 28]]
**************************************************
**************************************************
0.8101190476190476
0.07789587527418683
**************************************************
('Dim4', 'Dim5', 'Dim5', 'Dim6')
**************************************************
Best parameters set:
{'C': 0.1, 'penalty': 'l2', 'random_state': 0}

Train Classification Report:
**************************************************
              precision    recall  f1-score   support

           0       0.56      0.17      0.26       109
           1       0.57      0.89      0.69       133

    accuracy                           0.57       242
   macro avg       0.56      0.53      0.47       242
weighted avg       0.56      0.57      0.50       242

**************************************************
Train Confusion Matrix:
[[ 18  91]
 [ 14 119]]
**************************************************
Test Classification Report:
**************************************************
              precision    recall  f1-score   support

           0       0.31      0.14      0.19        29
           1       0.48      0.72      0.57        32

    accuracy                           0.44        61
   macro avg       0.39      0.43      0.38        61
weighted avg       0.40      0.44      0.39        61

**************************************************
Test Confusion Matrix:
[[ 4 25]
 [ 9 23]]
**************************************************
**************************************************
0.8101190476190476
0.07789587527418683
**************************************************
('Dim7', 'Dim8', 'Dim1')
**************************************************
Best parameters set:
{'C': 0.1, 'penalty': 'l2', 'random_state': 0}

Train Classification Report:
**************************************************
              precision    recall  f1-score   support

           0       0.81      0.62      0.70       109
           1       0.74      0.88      0.80       133

    accuracy                           0.76       242
   macro avg       0.78      0.75      0.75       242
weighted avg       0.77      0.76      0.76       242

**************************************************
Train Confusion Matrix:
[[ 68  41]
 [ 16 117]]
**************************************************
Test Classification Report:
**************************************************
              precision    recall  f1-score   support

           0       0.84      0.72      0.78        29
           1       0.78      0.88      0.82        32

    accuracy                           0.80        61
   macro avg       0.81      0.80      0.80        61
weighted avg       0.81      0.80      0.80        61

**************************************************
Test Confusion Matrix:
[[21  8]
 [ 4 28]]
**************************************************
**************************************************
0.8101190476190476
0.07789587527418683
**************************************************
('Dim4', 'Dim8', 'Dim5')
**************************************************
Best parameters set:
{'C': 0.5, 'penalty': 'l2', 'random_state': 0}

Train Classification Report:
**************************************************
              precision    recall  f1-score   support

           0       0.69      0.33      0.45       109
           1       0.62      0.88      0.72       133

    accuracy                           0.63       242
   macro avg       0.65      0.60      0.59       242
weighted avg       0.65      0.63      0.60       242

**************************************************
Train Confusion Matrix:
[[ 36  73]
 [ 16 117]]
**************************************************
Test Classification Report:
**************************************************
              precision    recall  f1-score   support

           0       0.35      0.21      0.26        29
           1       0.48      0.66      0.55        32

    accuracy                           0.44        61
   macro avg       0.42      0.43      0.41        61
weighted avg       0.42      0.44      0.41        61

**************************************************
Test Confusion Matrix:
[[ 6 23]
 [11 21]]
**************************************************
**************************************************
0.8101190476190476
0.07789587527418683
**************************************************

Accurancy Oran覺 : 0.819672131147541
Logistic TRAIN score with  0.7520661157024794
Logistic TEST score with  0.819672131147541

[[23  6]
 [ 5 27]]


CoEf:

[[-2.1206582  0.         0.         0.         0.         0.
   0.         0.       ]]
Intercept_

[0.]
Proba:

<bound method LogisticRegression.predict_log_proba of LogisticRegression(C=0.1, penalty='l1', random_state=0, solver='liblinear')>
**************************************************
**************************************************
Best parameters set:
{'n_jobs': 2, 'n_neighbors': 9}
**************************************************
Train Classification Report:
**************************************************
              precision    recall  f1-score   support

           0       0.81      0.84      0.83       109
           1       0.87      0.83      0.85       133

    accuracy                           0.84       242
   macro avg       0.84      0.84      0.84       242
weighted avg       0.84      0.84      0.84       242

**************************************************
Train Confusion Matrix:
[[ 92  17]
 [ 22 111]]
**************************************************
Test1 Classification Report:
**************************************************
              precision    recall  f1-score   support

           0       0.83      0.66      0.73        29
           1       0.74      0.88      0.80        32

    accuracy                           0.77        61
   macro avg       0.78      0.77      0.77        61
weighted avg       0.78      0.77      0.77        61

**************************************************
Test1 Confusion Matrix:
[[19 10]
 [ 4 28]]
**************************************************
**************************************************
0.826984126984127
0.08281775503632505
**************************************************
**************************************************
Best parameters set:
{'n_jobs': 2, 'n_neighbors': 3}
**************************************************
Train Classification Report:
**************************************************
              precision    recall  f1-score   support

           0       0.83      0.83      0.83       109
           1       0.86      0.86      0.86       133

    accuracy                           0.85       242
   macro avg       0.85      0.85      0.85       242
weighted avg       0.85      0.85      0.85       242

**************************************************
Train Confusion Matrix:
[[ 90  19]
 [ 18 115]]
**************************************************
Test1 Classification Report:
**************************************************
              precision    recall  f1-score   support

           0       0.44      0.59      0.50        29
           1       0.45      0.31      0.37        32

    accuracy                           0.44        61
   macro avg       0.45      0.45      0.44        61
weighted avg       0.45      0.44      0.43        61

**************************************************
Test1 Confusion Matrix:
[[17 12]
 [22 10]]
**************************************************
**************************************************
0.826984126984127
0.08281775503632505
**************************************************
**************************************************
Best parameters set:
{'n_jobs': 2, 'n_neighbors': 29}
**************************************************
Train Classification Report:
**************************************************
              precision    recall  f1-score   support

           0       0.79      0.74      0.76       109
           1       0.80      0.83      0.82       133

    accuracy                           0.79       242
   macro avg       0.79      0.79      0.79       242
weighted avg       0.79      0.79      0.79       242

**************************************************
Train Confusion Matrix:
[[ 81  28]
 [ 22 111]]
**************************************************
Test1 Classification Report:
**************************************************
              precision    recall  f1-score   support

           0       0.73      0.76      0.75        29
           1       0.77      0.75      0.76        32

    accuracy                           0.75        61
   macro avg       0.75      0.75      0.75        61
weighted avg       0.75      0.75      0.75        61

**************************************************
Test1 Confusion Matrix:
[[22  7]
 [ 8 24]]
**************************************************
**************************************************
0.826984126984127
0.08281775503632505
**************************************************
**************************************************
Best parameters set:
{'n_jobs': 2, 'n_neighbors': 12}
**************************************************
Train Classification Report:
**************************************************
              precision    recall  f1-score   support

           0       0.68      0.60      0.64       109
           1       0.70      0.77      0.74       133

    accuracy                           0.69       242
   macro avg       0.69      0.69      0.69       242
weighted avg       0.69      0.69      0.69       242

**************************************************
Train Confusion Matrix:
[[ 65  44]
 [ 30 103]]
**************************************************
Test1 Classification Report:
**************************************************
              precision    recall  f1-score   support

           0       0.45      0.62      0.52        29
           1       0.48      0.31      0.38        32

    accuracy                           0.46        61
   macro avg       0.46      0.47      0.45        61
weighted avg       0.46      0.46      0.45        61

**************************************************
Test1 Confusion Matrix:
[[18 11]
 [22 10]]
**************************************************
**************************************************
0.826984126984127
0.08281775503632505
**************************************************

Accurancy Oran覺 : 0.8032786885245902
KNN TRAIN score with  0.7851239669421488
KNN TEST score with  0.8032786885245902

[[21  8]
 [ 4 28]]



[0.8059523809523809, 0.7692460317460318, 0.8232142857142857, 0.8025793650793651, 0.826984126984127, 0.8061507936507937, 0.798015873015873, 0.8017857142857142, 0.7648809523809522, 0.7688492063492064, 0.7690476190476191, 0.748015873015873, 0.7605158730158729, 0.7563492063492063, 0.7688492063492064, 0.7646825396825397]

Leaf Size : 30
Metric : None
Radius : None
Weights : uniform
Algorithms : auto
**************************************************
Best parameters set:
{'C': 5, 'degree': 2, 'gamma': 0.9, 'kernel': 'rbf', 'probability': True, 'random_state': 0}
**************************************************
Train Classification Report:
**************************************************
              precision    recall  f1-score   support

           0       0.80      0.75      0.77       109
           1       0.81      0.84      0.82       133

    accuracy                           0.80       242
   macro avg       0.80      0.80      0.80       242
weighted avg       0.80      0.80      0.80       242

**************************************************
Train Confusion Matrix:
[[ 82  27]
 [ 21 112]]
**************************************************
Test1 Classification Report:
**************************************************
              precision    recall  f1-score   support

           0       0.76      0.66      0.70        29
           1       0.72      0.81      0.76        32

    accuracy                           0.74        61
   macro avg       0.74      0.73      0.73        61
weighted avg       0.74      0.74      0.74        61

**************************************************
Test1 Confusion Matrix:
[[19 10]
 [ 6 26]]
**************************************************
**************************************************
0.8137295081967213
0.044123092431015
**************************************************
**************************************************
Best parameters set:
{'C': 4, 'degree': 2, 'gamma': 0.06, 'kernel': 'rbf', 'probability': True, 'random_state': 0}
**************************************************
Train Classification Report:
**************************************************
              precision    recall  f1-score   support

           0       0.60      0.19      0.29       109
           1       0.57      0.89      0.70       133

    accuracy                           0.58       242
   macro avg       0.59      0.54      0.50       242
weighted avg       0.59      0.58      0.52       242

**************************************************
Train Confusion Matrix:
[[ 21  88]
 [ 14 119]]
**************************************************
Test1 Classification Report:
**************************************************
              precision    recall  f1-score   support

           0       0.31      0.14      0.19        29
           1       0.48      0.72      0.57        32

    accuracy                           0.44        61
   macro avg       0.39      0.43      0.38        61
weighted avg       0.40      0.44      0.39        61

**************************************************
Test1 Confusion Matrix:
[[ 4 25]
 [ 9 23]]
**************************************************
**************************************************
0.8137295081967213
0.044123092431015
**************************************************
**************************************************
Best parameters set:
{'C': 6, 'degree': 2, 'gamma': 0.9, 'kernel': 'rbf', 'probability': True, 'random_state': 0}
**************************************************
Train Classification Report:
**************************************************
              precision    recall  f1-score   support

           0       0.77      0.85      0.81       109
           1       0.87      0.79      0.83       133

    accuracy                           0.82       242
   macro avg       0.82      0.82      0.82       242
weighted avg       0.82      0.82      0.82       242

**************************************************
Train Confusion Matrix:
[[ 93  16]
 [ 28 105]]
**************************************************
Test1 Classification Report:
**************************************************
              precision    recall  f1-score   support

           0       0.69      0.76      0.72        29
           1       0.76      0.69      0.72        32

    accuracy                           0.72        61
   macro avg       0.72      0.72      0.72        61
weighted avg       0.72      0.72      0.72        61

**************************************************
Test1 Confusion Matrix:
[[22  7]
 [10 22]]
**************************************************
**************************************************
0.8137295081967213
0.044123092431015
**************************************************
**************************************************
Best parameters set:
{'C': 3, 'degree': 2, 'gamma': 0.9, 'kernel': 'rbf', 'probability': True, 'random_state': 0}
**************************************************
Train Classification Report:
**************************************************
              precision    recall  f1-score   support

           0       0.76      0.39      0.51       109
           1       0.64      0.90      0.75       133

    accuracy                           0.67       242
   macro avg       0.70      0.64      0.63       242
weighted avg       0.70      0.67      0.64       242

**************************************************
Train Confusion Matrix:
[[ 42  67]
 [ 13 120]]
**************************************************
Test1 Classification Report:
**************************************************
              precision    recall  f1-score   support

           0       0.42      0.28      0.33        29
           1       0.50      0.66      0.57        32

    accuracy                           0.48        61
   macro avg       0.46      0.47      0.45        61
weighted avg       0.46      0.48      0.46        61

**************************************************
Test1 Confusion Matrix:
[[ 8 21]
 [11 21]]
**************************************************
**************************************************
0.8137295081967213
0.044123092431015
**************************************************

Accurancy Oran覺 : 0.7704918032786885
SVC TRAIN score with  0.8140495867768595
SVC TEST score with  0.7704918032786885

[[20  9]
 [ 5 27]]


Coef : 0.0
Dual Coef_ [[-5.         -5.         -5.         -5.         -5.         -5.
  -5.         -5.         -5.         -5.         -5.         -5.
  -5.         -0.96732361 -5.         -5.         -5.         -5.
  -5.         -5.         -5.         -1.39769137 -5.         -5.
  -5.         -5.         -5.         -5.         -5.         -5.
  -5.         -5.         -5.         -5.         -5.         -5.
  -5.         -5.         -5.         -5.         -5.         -5.
  -5.         -5.         -5.         -5.         -5.         -5.
  -5.         -2.06369507 -5.         -5.         -5.         -5.
  -5.         -5.         -5.         -3.77204316 -5.         -5.
  -5.          4.24991139  5.          5.          5.          5.
   5.          5.          5.          5.          5.          2.56904229
   5.          5.          5.          5.          5.          5.
   5.          5.          5.          5.          5.          5.
   5.          5.          5.          5.          5.          5.
   5.          5.          5.          5.          5.          2.9396376
   5.          5.          5.          5.          5.          5.
   5.          5.          2.21769793  5.          5.          4.13015068
   5.          5.          5.          5.          5.          5.
   5.          5.          5.          5.          5.          5.
   5.          2.09431332]]
Fit Status : 0
Gamma : 0.06
Kernel : rbf
SV : [[ 8.12906269e-01  8.80724248e-02 -4.90311586e-02 -2.06402519e-01
  -4.45497220e-01 -3.06657183e-01 -1.59657070e-01 -1.84165149e-01]
 [-1.27543509e-01 -4.63516724e-01 -6.21548357e-02  1.48419345e-01
   5.66058323e-01 -2.24684098e-02  1.42934850e-01 -4.21279324e-02]
 [-2.61663913e-01 -3.96266108e-01  2.61497197e-01 -1.95345242e-01
  -1.08151750e-01 -3.59521461e-01  3.17892320e-01 -2.81945358e-01]
 [ 3.57324535e-01  9.86381770e-01 -1.84006002e-01  3.89526743e-02
  -1.12887091e-02 -7.62190513e-02  1.55730233e-01 -2.54153422e-01]
 [-1.28280698e-01 -3.63737364e-01  3.04198383e-01 -4.04870502e-01
  -2.45378409e-01 -2.00170700e-01 -1.53303448e-01 -8.17784872e-03]
 [-5.03227622e-02 -3.39769596e-01  8.73226952e-01  4.75930092e-01
   1.43876412e-01  3.10412638e-01  2.39379818e-01 -1.29375451e-01]
 [ 1.83537870e-01 -2.44314526e-01  7.86191012e-01  5.13710586e-02
  -1.72260148e-01  7.67334574e-01  2.09007806e-01 -1.27401570e-01]
 [-1.14045320e-01  7.49574686e-01  3.61604394e-01 -3.64275292e-01
   6.85684758e-01  3.36927526e-01 -3.08792535e-01  2.62647914e-01]
 [ 7.04591582e-01  1.56195966e-02  5.96575445e-02  2.20385946e-01
   2.03212051e-01 -5.26854541e-01  3.43122248e-01 -2.19372104e-01]
 [ 1.00716943e-02 -3.31860536e-01  7.19568789e-02 -5.81859069e-01
  -2.39098102e-01  1.61552596e-01  2.61065926e-01 -1.92381332e-01]
 [-3.59330810e-01 -5.94792466e-01 -2.04125790e-01  2.87433200e-02
  -5.16408249e-02 -1.70288498e-01  1.99299406e-01 -1.12043276e-01]
 [-1.09028360e-01 -4.57468429e-01 -1.99493072e-01 -3.74088385e-01
  -2.68149734e-01  1.96146630e-01 -3.40522676e-01  1.01446010e-01]
 [-7.78961906e-03 -3.74824821e-01  4.04755448e-01 -1.85225616e-01
   4.00315395e-01 -2.66938078e-01 -1.29242153e-01  7.18191234e-02]
 [ 3.07418508e-01  7.35504450e-01 -9.12462671e-01  3.87787728e-01
   1.59357130e-01  4.12563169e-01  5.35281931e-01  1.88319927e-01]
 [ 6.20264714e-01 -4.20549567e-02  6.73922741e-01  8.08215701e-01
  -2.51914903e-01 -1.42978064e-01 -1.86340643e-01 -1.35193298e-02]
 [ 4.01238464e-01  9.76317558e-01 -2.31744569e-01  1.69523235e-02
  -5.19801653e-02 -5.38461014e-02  1.82298901e-01 -2.66590337e-01]
 [-4.76593698e-02 -3.69515022e-01  4.05394974e-01 -1.91713580e-01
   2.78729740e-01 -2.89722572e-01 -1.33456512e-01  2.14754529e-02]
 [ 5.30238912e-01 -2.85358598e-01 -8.85452426e-01  2.44289183e-01
  -4.66332526e-01  9.66247353e-03 -4.22745572e-01  9.69427159e-02]
 [-7.78242677e-02 -4.37691504e-01  4.25282750e-01 -2.89706109e-01
   1.66630779e-02 -3.19446247e-01  1.61846647e-02  3.56242538e-01]
 [ 1.05766014e-02 -2.81581621e-01  3.00629172e-01 -2.98292187e-01
   2.90926129e-01 -1.18082827e-01 -2.89125152e-01 -2.21004142e-01]
 [-5.23866106e-01  5.67949351e-01  7.80385043e-02 -4.46818323e-01
  -3.28377068e-01 -5.58937516e-04 -2.93287291e-01 -1.79858074e-01]
 [-1.53165598e-01  7.05589637e-01  3.78621980e-01 -5.39852179e-01
   1.53932467e-01  2.63709207e-01 -1.08387179e-01  4.74640530e-01]
 [ 4.04293036e-01  8.16529696e-01 -2.16868272e-03  8.38875220e-01
  -2.23787306e-01  5.20147485e-01 -4.37204886e-01  1.08649634e-02]
 [-2.05654412e-01 -4.97771004e-01 -3.61996583e-03 -1.88701357e-01
  -2.59785717e-01 -5.28158524e-02 -2.33332135e-01  1.39458092e-01]
 [-2.81300231e-02 -4.99831638e-01  6.10175090e-02 -3.62055195e-02
   4.52225274e-01  1.02423812e-01  3.51204526e-01  5.49259433e-01]
 [-4.27728155e-02 -3.29181746e-01  4.14354619e-01 -1.21430482e-01
   4.46139058e-01 -3.25622995e-01 -1.93207415e-01 -1.21384866e-01]
 [ 7.22347809e-01  1.49744579e-02  7.47871581e-01  8.24541969e-01
  -2.04287836e-01 -1.83262645e-01 -1.47172133e-01 -2.07982504e-01]
 [ 1.66650011e-01 -2.19289987e-01  4.04909600e-01 -4.01039034e-01
   3.08254167e-01 -6.07926121e-02 -1.55331818e-01  1.32590085e-02]
 [ 4.16165542e-01  9.88527709e-01 -9.82427873e-02 -1.70567451e-02
  -8.07385091e-02 -1.82693656e-01 -2.72537772e-01 -1.38909918e-01]
 [-1.66333834e-01 -4.28480924e-01  1.06131787e+00  5.94325502e-01
   7.24340008e-02 -5.22099090e-02 -1.33732129e-01  1.06435549e-03]
 [ 3.41448045e-01  9.72875154e-01 -2.15384035e-01  6.72017571e-03
  -6.92363235e-02 -8.90818985e-02  1.63434807e-01 -2.92674389e-01]
 [-1.00999716e-01 -3.88506109e-01  4.98032886e-01 -2.51062867e-02
   5.29537360e-01 -3.40629857e-01  4.41734457e-01  2.46510631e-01]
 [-3.04892439e-02 -4.57792500e-01 -1.92782527e-01 -3.98995544e-01
  -1.81253978e-01  3.64456764e-01  2.25558500e-01  2.07775664e-01]
 [-1.23306652e-01 -4.51593526e-01 -2.56805311e-01 -3.59042855e-01
  -2.21767560e-01  2.94746342e-01  1.34125248e-01 -3.41242817e-02]
 [ 1.89935316e-02 -4.01930640e-01 -1.56669529e-01  1.85158496e-02
   7.24874559e-01  2.73487252e-01 -9.06747170e-03 -2.56487189e-01]
 [-2.45437222e-01 -5.70996043e-01 -6.86090646e-02  2.63745063e-01
   5.17034725e-01 -2.46124887e-01  2.23098606e-01 -4.62850748e-02]
 [-1.45624439e-01 -5.00952811e-01 -2.25689420e-01 -3.59038006e-01
  -2.82816692e-01  1.92312225e-01 -3.47092984e-01  8.21426304e-02]
 [-9.39865678e-02 -3.62933640e-01  1.23320990e-01 -3.62131314e-01
  -1.35776781e-01 -9.51599776e-02  2.78243761e-01 -3.22394253e-01]
 [ 7.23114841e-01 -2.81736679e-05 -1.50427615e-01 -1.97418536e-01
  -4.95262385e-01 -1.64073350e-01  3.21394733e-01 -1.51549287e-01]
 [ 3.90487676e-01 -4.19749895e-01 -6.87876958e-01  8.78196518e-01
   4.27093513e-01 -3.86268853e-01  1.63321684e-01  2.09037674e-01]
 [-4.41354772e-02 -3.17559553e-01  4.49597221e-01 -1.65364919e-01
   3.07322726e-01 -3.58305755e-01 -1.55910399e-01 -1.89923325e-01]
 [-1.80433997e-01 -5.60340558e-01  1.02636378e-01 -1.51819250e-01
  -5.80624437e-02 -1.47528961e-01 -3.79541177e-02  6.88342726e-01]
 [-5.26622584e-01  4.83166563e-01  7.65044248e-01  2.48379193e-01
  -5.73252985e-01  3.69221634e-01 -1.53267217e-01  2.35328501e-01]
 [-4.16759866e-01  5.72278391e-01  2.79830104e-01 -9.01530816e-02
   4.09164483e-01 -1.23657463e-01  3.57331902e-01  7.02336240e-02]
 [-2.10679133e-01  6.60876802e-01  2.82023231e-01 -4.47643510e-01
   2.22722120e-01  2.43286537e-01 -2.02462259e-01  2.88221103e-01]
 [-2.68757500e-02 -5.09878935e-01 -6.25945190e-01 -2.10891479e-02
   3.17059435e-01  5.59519411e-01 -7.45750411e-02 -7.90046514e-02]
 [ 1.95692904e-02 -3.86900468e-01 -1.67447497e-01 -2.59803102e-01
   1.61369551e-01  2.60811706e-01 -4.45875401e-01 -1.59955440e-01]
 [-8.58532602e-04 -2.73927975e-01  3.11015562e-01 -6.56580191e-01
  -2.77303568e-01  3.85875535e-02 -1.67190417e-01  1.49262462e-01]
 [ 3.02695988e-01  8.28589168e-01 -8.61432573e-01  4.68155379e-01
   2.43187058e-01  3.66055181e-01  4.59039732e-01  3.74951089e-02]
 [ 7.11306095e-01 -1.91782120e-01 -9.08997528e-01  3.52973280e-01
   1.17565746e-01  2.61533337e-01 -2.30049115e-02 -1.18727887e-02]
 [-2.96612672e-01 -5.06414156e-01  3.93140029e-01 -9.50103483e-02
   2.34544271e-03 -4.63685896e-01  5.01880662e-01  2.32484658e-01]
 [ 3.17468280e-01  8.35351257e-01 -5.88789470e-01  2.27493535e-01
   2.20076721e-02  1.07050573e-01  7.19747000e-02 -8.52104943e-02]
 [ 6.37778418e-01 -1.29719326e-01 -5.12667313e-01 -6.52179380e-04
  -4.64914985e-01 -8.69703112e-03  2.13420121e-01  1.35878189e-02]
 [ 3.29758681e-01  9.92896618e-01 -1.82132108e-01  4.90641416e-02
  -9.59316704e-02 -8.63964460e-02  1.47819458e-01 -2.81843237e-01]
 [ 1.15352312e-02 -3.01441050e-01  1.42771390e-01 -5.63237277e-01
  -2.63913188e-01  1.45993809e-01  2.74415222e-01 -1.95335686e-01]
 [-1.09081310e-01 -5.02699736e-01 -2.99929629e-01 -3.24038310e-01
  -2.50303085e-01  1.77186402e-01 -3.69956255e-01 -1.18089887e-01]
 [ 6.36813854e-01 -1.16044969e-01 -5.46973558e-01  6.73587758e-02
  -3.72260631e-01 -3.42034039e-02  1.51424485e-01 -1.55500301e-01]
 [-1.63339325e-01  6.97134071e-01  7.84105231e-01  1.24941500e-01
  -4.63145305e-02  8.79307470e-01  2.58959796e-01  2.99143045e-01]
 [-5.00479420e-01  5.35187075e-01  2.23071025e-01 -2.28404999e-01
   1.39858428e-01 -6.18934797e-02 -2.58523214e-01  4.58618396e-02]
 [-1.63382353e-01 -5.12929518e-01 -4.29398103e-02  6.57357003e-02
   3.55587156e-01 -1.53990758e-02  2.11029380e-01  6.56353309e-02]
 [-5.34055927e-02 -4.43743416e-01 -2.30176539e-01 -3.42122734e-01
  -1.97393837e-01  1.74749932e-01 -3.48038424e-01 -8.61012800e-02]
 [-4.85720655e-01  5.58707625e-01  1.07225884e-01 -4.83750009e-01
  -3.27301724e-01  5.75182912e-02 -2.37572706e-01  4.47807802e-02]
 [ 7.04801812e-02  6.62481130e-01  9.60271951e-02  8.54370090e-01
  -7.68600649e-01  1.54835598e-01 -2.52433434e-01  2.18204843e-01]
 [-1.80873679e-01 -4.84274620e-01 -2.42405805e-01 -3.17213252e-01
  -2.86100602e-01  1.33381144e-01 -4.00806086e-01 -1.40264968e-01]
 [ 1.39294680e-01 -3.02387168e-01  4.04138635e-01 -4.64941250e-01
   2.25256209e-01  1.81059026e-01  4.31473712e-01  4.85886888e-01]
 [-3.54724824e-01 -7.57242805e-01 -3.38634784e-01  9.05423823e-02
  -9.10756729e-02  1.59341345e-01  3.23378526e-01  9.02650963e-01]
 [-4.31957926e-01  4.92428420e-01 -3.01873008e-01 -1.55559194e-01
   2.02796543e-01  3.12396076e-01 -4.74529202e-01 -1.18273050e-02]
 [ 5.26525589e-01 -1.79227862e-01 -3.78360452e-01  4.52283680e-01
   2.01661287e-01 -3.77264087e-01  1.91829967e-01 -8.26162951e-02]
 [-1.28831833e-01 -4.96679958e-01 -3.86192307e-01 -2.94055486e-01
  -2.07099421e-01  2.91366499e-01  8.00672503e-02 -2.39982421e-01]
 [-4.23014778e-01  5.82076607e-01  1.08194043e-01 -5.43177290e-01
  -2.42738520e-01  2.07167128e-01  3.18094864e-01  1.41606809e-01]
 [ 6.38373228e-01 -6.21884417e-02  6.33062369e-02  2.02319416e-01
   7.03410706e-02 -6.49119726e-01 -1.42187978e-01 -1.50145670e-01]
 [-5.13231520e-01  6.01427143e-01  2.20658468e-01 -2.75130235e-02
   4.45578753e-01 -1.06411187e-01  7.55365365e-01 -2.96840098e-01]
 [-1.09995339e-01 -4.12765885e-01 -2.51187990e-01 -2.99906454e-01
  -1.45634742e-01  2.57524853e-01  9.14880408e-02 -2.10042659e-01]
 [-3.54724824e-01 -7.57242805e-01 -3.38634784e-01  9.05423823e-02
  -9.10756729e-02  1.59341345e-01  3.23378526e-01  9.02650963e-01]
 [-3.58873585e-01  6.52121034e-01  3.46334967e-02 -3.34194169e-01
   2.06929244e-01  2.49580059e-01  1.05081771e-01 -3.08821594e-01]
 [ 2.19394188e-02 -4.76595144e-01  3.58902651e-01  1.45026623e-01
  -5.36884815e-01  8.91663861e-01  2.40055829e-01  3.13975074e-01]
 [-1.33404614e-01 -4.51223027e-01 -3.35350962e-01 -3.04038461e-01
  -1.85009244e-01  2.70210529e-01  7.59612811e-02 -2.30452394e-01]
 [ 2.93770269e-02 -2.81926855e-01  9.68493964e-02 -5.54835447e-01
  -1.96716477e-01  1.04866336e-01  2.43422618e-01 -3.95423853e-01]
 [-1.36768795e-01 -4.51899742e-01 -3.16565752e-01 -2.49601249e-01
  -1.39736088e-01  2.87604957e-01  5.48534517e-02 -1.92845094e-01]
 [-3.54708994e-01  6.83553583e-01  1.81917670e-01 -3.69733312e-01
   1.50908894e-01  1.14491945e-01 -3.65614520e-01 -1.82938568e-01]
 [-1.42912129e-01 -4.01553978e-01  3.16505315e-01 -2.74295907e-01
  -3.93007946e-02 -2.92494270e-01  4.30688587e-01 -4.28067720e-02]
 [-1.97146545e-01 -5.00339805e-01 -1.53877665e-01 -1.77202522e-01
  -1.00175408e-01  8.52697370e-02  2.12995847e-01  5.70244967e-02]
 [ 2.22621403e-01  9.01102171e-01  3.80832079e-02 -3.67366683e-02
  -4.36522480e-01 -5.10838734e-01 -4.12151474e-02  1.59542030e-01]
 [-1.57991901e-01 -4.50920650e-01  4.08553366e-01  3.40574862e-02
   4.53010325e-01 -5.31230861e-01 -1.23166303e-01 -9.41445045e-02]
 [-2.32055932e-01  7.09504792e-01  2.13628158e-01 -4.47124714e-01
   2.69884688e-01  3.39702414e-01  2.42612218e-01  1.66498438e-01]
 [-4.73564079e-02 -4.36310050e-01  6.02332621e-01  7.61406662e-01
   4.60990132e-01  3.97688030e-01 -4.37202850e-01 -1.54850326e-01]
 [ 2.38117033e-01  8.03032067e-01 -5.31591991e-01  2.30036207e-01
  -9.58641376e-02 -2.83875197e-02 -4.29328521e-01  2.81402985e-03]
 [-1.19053850e-01 -3.92745939e-01  2.04276460e-01 -3.80573347e-01
  -2.23303293e-01 -2.22608975e-01 -1.86368362e-01 -2.25637202e-01]
 [ 1.68169821e-01  7.36090624e-01 -3.19482550e-01  6.51088127e-01
   5.26061425e-01 -3.52021366e-01 -3.68783648e-01  1.07292819e-01]
 [ 1.00973140e-01 -1.85821238e-01  2.77970247e-01 -5.04381479e-01
   1.34835862e-01  6.20568293e-02 -3.37895379e-01 -3.29631683e-01]
 [ 7.06891858e-01 -6.01054221e-02 -4.12740456e-01 -1.34295442e-02
  -4.57862599e-01 -1.65649815e-01 -2.54756839e-01 -5.05772552e-02]
 [-1.57067029e-01 -4.63757540e-01 -9.57239054e-02 -7.20711978e-02
   2.04251173e-01  1.92909022e-02 -4.15143982e-01 -1.15165188e-01]
 [-3.18768540e-01  6.57854611e-01  1.14358130e-01 -3.91573475e-01
   1.96832960e-01  1.38333744e-01 -3.45278193e-01 -1.74759782e-01]
 [-5.44604113e-02 -4.09088438e-01 -3.03623106e-01 -1.88748554e-01
   2.41108379e-01  3.85846932e-01 -4.84639918e-02 -2.62022491e-01]
 [-6.61223223e-02 -3.20531209e-01  1.09093929e+00  7.33245081e-01
   5.65984703e-01  1.26237268e-02 -2.84770167e-01 -2.20245616e-01]
 [-4.04137802e-01 -6.74492782e-01  8.17173880e-02  1.23815601e-01
  -3.69480032e-02 -4.08345370e-01 -8.93551355e-02  5.20762880e-01]
 [-1.21437464e-01 -5.38483071e-01  3.78166138e-01  8.37835593e-01
   4.47767438e-01  5.49671654e-01 -2.52009827e-02 -2.99439457e-01]
 [-2.92073752e-01 -5.77897795e-01 -1.30754768e-01  2.12067855e-02
   3.30266063e-02 -9.67674485e-02  2.46517723e-01  1.65601077e-01]
 [ 2.93406191e-02 -2.00119188e-01  2.97178334e-01 -5.43918519e-01
  -1.44303078e-01 -3.06172686e-02 -2.49206564e-01 -2.10132832e-01]
 [ 1.93727107e-01  8.78957279e-01 -3.17219906e-01 -4.09828466e-02
  -4.69383302e-01 -1.75287007e-01  2.01167964e-01 -2.28585446e-01]
 [ 8.11505042e-01  1.24532139e-01 -1.35318688e-01 -7.27877143e-02
   5.29957850e-02 -1.01425693e-01  1.41398558e-01 -3.50517498e-01]
 [-1.51960557e-01 -4.87283018e-01  1.72795863e-02  3.94713226e-02
   3.24662993e-01 -1.88414160e-01 -2.81385193e-01 -3.31860235e-02]
 [ 6.46070756e-01 -1.74437925e-02  5.72410853e-01  8.72055184e-01
  -1.67036711e-01 -5.95273764e-02  2.58376084e-01 -3.35337999e-01]
 [ 2.10600526e-01  9.42598009e-01 -2.00963104e-01 -3.97377420e-02
  -5.16788836e-01 -2.06332703e-01  2.33247075e-01 -2.40491339e-01]
 [-4.46290361e-01  5.22511778e-01 -2.09828595e-01 -1.68324326e-01
   1.59772792e-01  2.71555783e-01 -4.54595834e-01 -3.95749193e-02]
 [-1.02159899e-01 -2.91146402e-01  3.54324700e-01 -4.14872661e-01
  -2.17353920e-01 -2.75199341e-01 -1.61409514e-01 -2.24452639e-01]
 [-1.80939964e-01 -4.00020384e-01  1.00335066e-01 -3.26268122e-01
  -1.36615676e-01 -1.09580410e-01  2.27344802e-01 -3.31344749e-01]
 [-4.79968299e-01  5.75302903e-01  3.51343167e-01 -8.30918063e-02
   3.79274312e-01 -3.19223841e-01 -1.68538773e-01 -3.89630793e-02]
 [-1.71536844e-01 -5.91128649e-01 -4.20739907e-01  4.49017839e-01
   9.60836221e-01  2.30835868e-01 -7.84797541e-02  4.25137504e-02]
 [ 3.96513309e-01 -2.78693377e-01 -1.69484379e-01  4.63617582e-01
  -1.64446955e-01 -7.70040676e-01 -3.09975510e-02  3.86135047e-01]
 [ 6.78736602e-01 -1.27239729e-02 -2.29182225e-01 -1.47391048e-01
  -4.88636416e-01 -2.03713422e-01  2.49598217e-01 -3.68092354e-01]
 [ 5.19672820e-02 -3.40238645e-01  4.66211905e-01 -2.56967042e-01
   3.94038584e-01 -7.53463810e-02  4.58817483e-01  3.71721828e-01]
 [ 5.54694800e-01 -7.88154953e-02  2.04978109e-01  3.63675958e-01
   2.28703116e-01 -8.81689648e-01 -6.92332818e-02 -5.19803091e-02]
 [ 3.26434310e-01 -3.00196594e-01 -4.79268963e-01  4.29270134e-01
  -2.93701569e-01 -4.82304730e-01  2.30680727e-01 -6.57053737e-02]
 [ 3.23201225e-02 -2.54341192e-01  2.17213749e-01 -1.79544752e-01
   6.25353226e-01  8.52734757e-02  5.73730500e-02 -4.50043893e-01]
 [-2.97790378e-01  6.92222692e-01  1.10318429e-01 -3.85009836e-01
   2.82721057e-01  2.31368592e-01  1.55421622e-01 -2.95112455e-01]
 [-2.48963655e-01 -6.08929074e-01  6.25619109e-01  4.73036260e-01
  -4.76114073e-01  3.05114370e-01 -1.18405601e-01  5.42759973e-01]
 [-8.07430853e-02 -3.12271148e-01  1.66183742e-01 -5.32915229e-01
  -3.23631486e-01 -3.44758584e-02 -2.90408708e-01 -3.01152140e-01]
 [ 1.02534374e-01 -2.35043276e-01  1.26502852e-01 -4.38747556e-01
   1.82850442e-01  2.16427774e-01  1.23758195e-01 -4.43872653e-01]
 [ 4.33993469e-01 -2.88325266e-01 -4.18883231e-01  3.13996920e-01
  -2.94860153e-01 -4.36745811e-01  3.48317157e-01  1.38577978e-01]
 [-1.28787582e-01 -3.70971682e-01  1.12480095e+00  5.64724099e-01
   2.80782403e-02 -7.14024404e-02 -9.48008717e-02 -1.41438010e-02]
 [-5.95675801e-01  4.73902219e-01  1.62357316e-01 -3.26038922e-01
  -2.29904190e-01 -1.63699474e-02  3.54318584e-01  1.81530304e-01]]
Probablity : True
**************************************************
Best parameters set:
{'learning_rate': 0.02, 'n_estimators': 17, 'random_state': 0}
**************************************************
Train Classification Report:
**************************************************
              precision    recall  f1-score   support

           0       0.98      0.54      0.70       109
           1       0.73      0.99      0.84       133

    accuracy                           0.79       242
   macro avg       0.85      0.77      0.77       242
weighted avg       0.84      0.79      0.78       242

**************************************************
Train Confusion Matrix:
[[ 59  50]
 [  1 132]]
**************************************************
Test1 Classification Report:
**************************************************
              precision    recall  f1-score   support

           0       0.87      0.45      0.59        29
           1       0.65      0.94      0.77        32

    accuracy                           0.70        61
   macro avg       0.76      0.69      0.68        61
weighted avg       0.75      0.70      0.68        61

**************************************************
Test1 Confusion Matrix:
[[13 16]
 [ 2 30]]
**************************************************
**************************************************
0.8140027322404372
0.02970070716383418
**************************************************
**************************************************
Best parameters set:
{'learning_rate': 0.02, 'n_estimators': 19, 'random_state': 0}
**************************************************
Train Classification Report:
**************************************************
              precision    recall  f1-score   support

           0       0.73      0.56      0.64       109
           1       0.70      0.83      0.76       133

    accuracy                           0.71       242
   macro avg       0.72      0.70      0.70       242
weighted avg       0.71      0.71      0.70       242

**************************************************
Train Confusion Matrix:
[[ 61  48]
 [ 22 111]]
**************************************************
Test1 Classification Report:
**************************************************
              precision    recall  f1-score   support

           0       0.44      0.38      0.41        29
           1       0.50      0.56      0.53        32

    accuracy                           0.48        61
   macro avg       0.47      0.47      0.47        61
weighted avg       0.47      0.48      0.47        61

**************************************************
Test1 Confusion Matrix:
[[11 18]
 [14 18]]
**************************************************
**************************************************
0.8099043715846995
0.02484564835837928
**************************************************
**************************************************
Best parameters set:
{'learning_rate': 0.02, 'n_estimators': 17, 'random_state': 0}
**************************************************
Train Classification Report:
**************************************************
              precision    recall  f1-score   support

           0       0.84      0.86      0.85       109
           1       0.88      0.86      0.87       133

    accuracy                           0.86       242
   macro avg       0.86      0.86      0.86       242
weighted avg       0.86      0.86      0.86       242

**************************************************
Train Confusion Matrix:
[[ 94  15]
 [ 18 115]]
**************************************************
Test1 Classification Report:
**************************************************
              precision    recall  f1-score   support

           0       0.75      0.72      0.74        29
           1       0.76      0.78      0.77        32

    accuracy                           0.75        61
   macro avg       0.75      0.75      0.75        61
weighted avg       0.75      0.75      0.75        61

**************************************************
Test1 Confusion Matrix:
[[21  8]
 [ 7 25]]
**************************************************
**************************************************
0.8099043715846995
0.02484564835837928
**************************************************
**************************************************
Best parameters set:
{'learning_rate': 0.02, 'n_estimators': 14, 'random_state': 0}
**************************************************
Train Classification Report:
**************************************************
              precision    recall  f1-score   support

           0       0.83      0.45      0.58       109
           1       0.67      0.92      0.78       133

    accuracy                           0.71       242
   macro avg       0.75      0.69      0.68       242
weighted avg       0.74      0.71      0.69       242

**************************************************
Train Confusion Matrix:
[[ 49  60]
 [ 10 123]]
**************************************************
Test1 Classification Report:
**************************************************
              precision    recall  f1-score   support

           0       0.40      0.21      0.27        29
           1       0.50      0.72      0.59        32

    accuracy                           0.48        61
   macro avg       0.45      0.46      0.43        61
weighted avg       0.45      0.48      0.44        61

**************************************************
Test1 Confusion Matrix:
[[ 6 23]
 [ 9 23]]
**************************************************
**************************************************
0.8140027322404372
0.02970070716383418
**************************************************

Accurancy Oran覺 : 0.7377049180327869
GradientBoostingClassifier TRAIN score with  0.8884297520661157
GradientBoostingClassifier TEST score with  0.7377049180327869

[[18 11]
 [ 5 27]]



**************************************************
Best parameters set:
{'max_depth': 9, 'min_samples_split': 4, 'n_estimators': 18, 'random_state': 3}
**************************************************
Train Classification Report:
**************************************************
              precision    recall  f1-score   support

           0       0.97      0.97      0.97       109
           1       0.98      0.98      0.98       133

    accuracy                           0.98       242
   macro avg       0.97      0.97      0.97       242
weighted avg       0.98      0.98      0.98       242

**************************************************
Train Confusion Matrix:
[[106   3]
 [  3 130]]
**************************************************
Test1 Classification Report:
**************************************************
              precision    recall  f1-score   support

           0       0.79      0.52      0.62        29
           1       0.67      0.88      0.76        32

    accuracy                           0.70        61
   macro avg       0.73      0.70      0.69        61
weighted avg       0.73      0.70      0.69        61

**************************************************
Test1 Confusion Matrix:
[[15 14]
 [ 4 28]]
**************************************************
**************************************************
0.8139344262295082
0.04179122294820508
**************************************************
**************************************************
Best parameters set:
{'max_depth': 7, 'min_samples_split': 4, 'n_estimators': 14, 'random_state': 3}
**************************************************
Train Classification Report:
**************************************************
              precision    recall  f1-score   support

           0       0.94      0.93      0.93       109
           1       0.94      0.95      0.94       133

    accuracy                           0.94       242
   macro avg       0.94      0.94      0.94       242
weighted avg       0.94      0.94      0.94       242

**************************************************
Train Confusion Matrix:
[[101   8]
 [  7 126]]
**************************************************
Test1 Classification Report:
**************************************************
              precision    recall  f1-score   support

           0       0.46      0.62      0.53        29
           1       0.50      0.34      0.41        32

    accuracy                           0.48        61
   macro avg       0.48      0.48      0.47        61
weighted avg       0.48      0.48      0.47        61

**************************************************
Test1 Confusion Matrix:
[[18 11]
 [21 11]]
**************************************************
**************************************************
0.8344945355191257
0.04891106274235308
**************************************************
**************************************************
Best parameters set:
{'max_depth': 4, 'min_samples_split': 4, 'n_estimators': 11, 'random_state': 3}
**************************************************
Train Classification Report:
**************************************************
              precision    recall  f1-score   support

           0       0.85      0.86      0.86       109
           1       0.89      0.88      0.88       133

    accuracy                           0.87       242
   macro avg       0.87      0.87      0.87       242
weighted avg       0.87      0.87      0.87       242

**************************************************
Train Confusion Matrix:
[[ 94  15]
 [ 16 117]]
**************************************************
Test1 Classification Report:
**************************************************
              precision    recall  f1-score   support

           0       0.71      0.69      0.70        29
           1       0.73      0.75      0.74        32

    accuracy                           0.72        61
   macro avg       0.72      0.72      0.72        61
weighted avg       0.72      0.72      0.72        61

**************************************************
Test1 Confusion Matrix:
[[20  9]
 [ 8 24]]
**************************************************
**************************************************
0.8220628415300546
0.03516287027996515
**************************************************
**************************************************
Best parameters set:
{'max_depth': 4, 'min_samples_split': 2, 'n_estimators': 12, 'random_state': 3}
**************************************************
Train Classification Report:
**************************************************
              precision    recall  f1-score   support

           0       0.75      0.74      0.75       109
           1       0.79      0.80      0.79       133

    accuracy                           0.77       242
   macro avg       0.77      0.77      0.77       242
weighted avg       0.77      0.77      0.77       242

**************************************************
Train Confusion Matrix:
[[ 81  28]
 [ 27 106]]
**************************************************
Test1 Classification Report:
**************************************************
              precision    recall  f1-score   support

           0       0.46      0.45      0.46        29
           1       0.52      0.53      0.52        32

    accuracy                           0.49        61
   macro avg       0.49      0.49      0.49        61
weighted avg       0.49      0.49      0.49        61

**************************************************
Test1 Confusion Matrix:
[[13 16]
 [15 17]]
**************************************************
**************************************************
0.817964480874317
0.049260095829362534
**************************************************

Accurancy Oran覺 : 0.7213114754098361
RandomForestClassifier TRAIN score with  0.9586776859504132
RandomForestClassifier TEST score with  0.7213114754098361

[[19 10]
 [ 7 25]]


TEST set score w/ 1 estimators: 0.47541
TEST set score w/ 2 estimators: 0.70492
TEST set score w/ 3 estimators: 0.59016
TEST set score w/ 4 estimators: 0.65574
TEST set score w/ 5 estimators: 0.68852
TEST set score w/ 6 estimators: 0.70492
TEST set score w/ 7 estimators: 0.72131
TEST set score w/ 8 estimators: 0.70492
TEST set score w/ 9 estimators: 0.65574
TEST set score w/ 10 estimators: 0.68852

**************************************************
Best parameters set:
{'random_state': 42}
**************************************************
Train Classification Report:
**************************************************
              precision    recall  f1-score   support

           0       1.00      1.00      1.00       109
           1       1.00      1.00      1.00       133

    accuracy                           1.00       242
   macro avg       1.00      1.00      1.00       242
weighted avg       1.00      1.00      1.00       242

**************************************************
Train Confusion Matrix:
[[109   0]
 [  0 133]]
**************************************************
Test1 Classification Report:
**************************************************
              precision    recall  f1-score   support

           0       0.67      0.55      0.60        29
           1       0.65      0.75      0.70        32

    accuracy                           0.66        61
   macro avg       0.66      0.65      0.65        61
weighted avg       0.66      0.66      0.65        61

**************************************************
Test1 Confusion Matrix:
[[16 13]
 [ 8 24]]
**************************************************
**************************************************
0.7478142076502733
0.07241055752521182
**************************************************
**************************************************
Best parameters set:
{'random_state': 42}
**************************************************
Train Classification Report:
**************************************************
              precision    recall  f1-score   support

           0       1.00      1.00      1.00       109
           1       1.00      1.00      1.00       133

    accuracy                           1.00       242
   macro avg       1.00      1.00      1.00       242
weighted avg       1.00      1.00      1.00       242

**************************************************
Train Confusion Matrix:
[[109   0]
 [  0 133]]
**************************************************
Test1 Classification Report:
**************************************************
              precision    recall  f1-score   support

           0       0.42      0.48      0.45        29
           1       0.46      0.41      0.43        32

    accuracy                           0.44        61
   macro avg       0.44      0.44      0.44        61
weighted avg       0.45      0.44      0.44        61

**************************************************
Test1 Confusion Matrix:
[[14 15]
 [19 13]]
**************************************************
**************************************************
0.7766393442622951
0.10067786983085172
**************************************************
**************************************************
Best parameters set:
{'random_state': 42}
**************************************************
Train Classification Report:
**************************************************
              precision    recall  f1-score   support

           0       1.00      1.00      1.00       109
           1       1.00      1.00      1.00       133

    accuracy                           1.00       242
   macro avg       1.00      1.00      1.00       242
weighted avg       1.00      1.00      1.00       242

**************************************************
Train Confusion Matrix:
[[109   0]
 [  0 133]]
**************************************************
Test1 Classification Report:
**************************************************
              precision    recall  f1-score   support

           0       0.65      0.59      0.62        29
           1       0.66      0.72      0.69        32

    accuracy                           0.66        61
   macro avg       0.66      0.65      0.65        61
weighted avg       0.66      0.66      0.65        61

**************************************************
Test1 Confusion Matrix:
[[17 12]
 [ 9 23]]
**************************************************
**************************************************
0.7396857923497268
0.08841054158334012
**************************************************
**************************************************
Best parameters set:
{'random_state': 42}
**************************************************
Train Classification Report:
**************************************************
              precision    recall  f1-score   support

           0       1.00      1.00      1.00       109
           1       1.00      1.00      1.00       133

    accuracy                           1.00       242
   macro avg       1.00      1.00      1.00       242
weighted avg       1.00      1.00      1.00       242

**************************************************
Train Confusion Matrix:
[[109   0]
 [  0 133]]
**************************************************
Test1 Classification Report:
**************************************************
              precision    recall  f1-score   support

           0       0.44      0.48      0.46        29
           1       0.48      0.44      0.46        32

    accuracy                           0.46        61
   macro avg       0.46      0.46      0.46        61
weighted avg       0.46      0.46      0.46        61

**************************************************
Test1 Confusion Matrix:
[[14 15]
 [18 14]]
**************************************************
**************************************************
0.7601775956284154
0.10591130589542395
**************************************************
**************************************************
Best parameters set:
{'random_state': 42}
**************************************************
Train Classification Report:
**************************************************
              precision    recall  f1-score   support

           0       0.78      0.72      0.75       109
           1       0.78      0.83      0.81       133

    accuracy                           0.78       242
   macro avg       0.78      0.78      0.78       242
weighted avg       0.78      0.78      0.78       242

**************************************************
Train Confusion Matrix:
[[ 78  31]
 [ 22 111]]
**************************************************
Test1 Classification Report:
**************************************************
              precision    recall  f1-score   support

           0       0.73      0.66      0.69        29
           1       0.71      0.78      0.75        32

    accuracy                           0.72        61
   macro avg       0.72      0.72      0.72        61
weighted avg       0.72      0.72      0.72        61

**************************************************
Test1 Confusion Matrix:
[[19 10]
 [ 7 25]]
**************************************************
**************************************************
0.8137295081967213
0.044123092431015
**************************************************
**************************************************
Best parameters set:
{'random_state': 42}
**************************************************
Train Classification Report:
**************************************************
              precision    recall  f1-score   support

           0       0.67      0.62      0.65       109
           1       0.71      0.75      0.73       133

    accuracy                           0.69       242
   macro avg       0.69      0.69      0.69       242
weighted avg       0.69      0.69      0.69       242

**************************************************
Train Confusion Matrix:
[[ 68  41]
 [ 33 100]]
**************************************************
Test1 Classification Report:
**************************************************
              precision    recall  f1-score   support

           0       0.44      0.41      0.43        29
           1       0.50      0.53      0.52        32

    accuracy                           0.48        61
   macro avg       0.47      0.47      0.47        61
weighted avg       0.47      0.48      0.47        61

**************************************************
Test1 Confusion Matrix:
[[12 17]
 [15 17]]
**************************************************
**************************************************
0.8137295081967213
0.044123092431015
**************************************************
**************************************************
Best parameters set:
{'random_state': 42}
**************************************************
Train Classification Report:
**************************************************
              precision    recall  f1-score   support

           0       0.78      0.83      0.81       109
           1       0.86      0.81      0.83       133

    accuracy                           0.82       242
   macro avg       0.82      0.82      0.82       242
weighted avg       0.82      0.82      0.82       242

**************************************************
Train Confusion Matrix:
[[ 91  18]
 [ 25 108]]
**************************************************
Test1 Classification Report:
**************************************************
              precision    recall  f1-score   support

           0       0.74      0.79      0.77        29
           1       0.80      0.75      0.77        32

    accuracy                           0.77        61
   macro avg       0.77      0.77      0.77        61
weighted avg       0.77      0.77      0.77        61

**************************************************
Test1 Confusion Matrix:
[[23  6]
 [ 8 24]]
**************************************************
**************************************************
0.8137295081967213
0.044123092431015
**************************************************
**************************************************
Best parameters set:
{'random_state': 42}
**************************************************
Train Classification Report:
**************************************************
              precision    recall  f1-score   support

           0       0.77      0.43      0.55       109
           1       0.66      0.89      0.76       133

    accuracy                           0.69       242
   macro avg       0.71      0.66      0.66       242
weighted avg       0.71      0.69      0.67       242

**************************************************
Train Confusion Matrix:
[[ 47  62]
 [ 14 119]]
**************************************************
Test1 Classification Report:
**************************************************
              precision    recall  f1-score   support

           0       0.40      0.34      0.37        29
           1       0.47      0.53      0.50        32

    accuracy                           0.44        61
   macro avg       0.44      0.44      0.44        61
weighted avg       0.44      0.44      0.44        61

**************************************************
Test1 Confusion Matrix:
[[10 19]
 [15 17]]
**************************************************
**************************************************
0.8137295081967213
0.044123092431015
**************************************************
