<class 'pandas.core.frame.DataFrame'>
RangeIndex: 21613 entries, 0 to 21612
Data columns (total 21 columns):
 #   Column         Non-Null Count  Dtype         
---  ------         --------------  -----         
 0   id             21613 non-null  int64         
 1   date           21613 non-null  datetime64[ns]
 2   price          21613 non-null  float64       
 3   bedrooms       21613 non-null  int64         
 4   bathrooms      21613 non-null  float64       
 5   sqft_living    21613 non-null  int64         
 6   sqft_lot       21613 non-null  int64         
 7   floors         21613 non-null  float64       
 8   waterfront     21613 non-null  int64         
 9   view           21613 non-null  int64         
 10  condition      21613 non-null  int64         
 11  grade          21613 non-null  int64         
 12  sqft_above     21613 non-null  int64         
 13  sqft_basement  21613 non-null  int64         
 14  yr_built       21613 non-null  int64         
 15  yr_renovated   21613 non-null  int64         
 16  zipcode        21613 non-null  int64         
 17  lat            21613 non-null  float64       
 18  long           21613 non-null  float64       
 19  sqft_living15  21613 non-null  int64         
 20  sqft_lot15     21613 non-null  int64         
dtypes: datetime64[ns](1), float64(5), int64(15)
memory usage: 3.5 MB
The average cost in the year 2015 is:  541988.9922636104
The average cost in the year 2014 is:  539181.4284152258
The percentage increase is:  0.5207085593872538 %
Traceback (most recent call last):
  File "king-county-s-housing-market-various-techniques.py", line 167, in <module>
    from sklearn.cross_validation import train_test_split
ModuleNotFoundError: No module named 'sklearn.cross_validation'
[Try Solution]: OrderedDict([('action', 'fqn'), ('old_fqn', 'sklearn.cross_validation'), ('new_fqn', 'sklearn.utils.validation'), ('line_no', 167)])<class 'pandas.core.frame.DataFrame'>
RangeIndex: 21613 entries, 0 to 21612
Data columns (total 21 columns):
 #   Column         Non-Null Count  Dtype         
---  ------         --------------  -----         
 0   id             21613 non-null  int64         
 1   date           21613 non-null  datetime64[ns]
 2   price          21613 non-null  float64       
 3   bedrooms       21613 non-null  int64         
 4   bathrooms      21613 non-null  float64       
 5   sqft_living    21613 non-null  int64         
 6   sqft_lot       21613 non-null  int64         
 7   floors         21613 non-null  float64       
 8   waterfront     21613 non-null  int64         
 9   view           21613 non-null  int64         
 10  condition      21613 non-null  int64         
 11  grade          21613 non-null  int64         
 12  sqft_above     21613 non-null  int64         
 13  sqft_basement  21613 non-null  int64         
 14  yr_built       21613 non-null  int64         
 15  yr_renovated   21613 non-null  int64         
 16  zipcode        21613 non-null  int64         
 17  lat            21613 non-null  float64       
 18  long           21613 non-null  float64       
 19  sqft_living15  21613 non-null  int64         
 20  sqft_lot15     21613 non-null  int64         
dtypes: datetime64[ns](1), float64(5), int64(15)
memory usage: 3.5 MB
The average cost in the year 2015 is:  541988.9922636104
The average cost in the year 2014 is:  539181.4284152258
The percentage increase is:  0.5207085593872538 %
Traceback (most recent call last):
  File "king-county-s-housing-market-various-techniques.py", line 168, in <module>
    from sklearn.utils.validation import train_test_split
ImportError: cannot import name 'train_test_split'
[Try Solution]: OrderedDict([('action', 'fqn'), ('old_fqn', 'sklearn.cross_validation'), ('new_fqn', 'sklearn.cross_decomposition'), ('line_no', 167)])<class 'pandas.core.frame.DataFrame'>
RangeIndex: 21613 entries, 0 to 21612
Data columns (total 21 columns):
 #   Column         Non-Null Count  Dtype         
---  ------         --------------  -----         
 0   id             21613 non-null  int64         
 1   date           21613 non-null  datetime64[ns]
 2   price          21613 non-null  float64       
 3   bedrooms       21613 non-null  int64         
 4   bathrooms      21613 non-null  float64       
 5   sqft_living    21613 non-null  int64         
 6   sqft_lot       21613 non-null  int64         
 7   floors         21613 non-null  float64       
 8   waterfront     21613 non-null  int64         
 9   view           21613 non-null  int64         
 10  condition      21613 non-null  int64         
 11  grade          21613 non-null  int64         
 12  sqft_above     21613 non-null  int64         
 13  sqft_basement  21613 non-null  int64         
 14  yr_built       21613 non-null  int64         
 15  yr_renovated   21613 non-null  int64         
 16  zipcode        21613 non-null  int64         
 17  lat            21613 non-null  float64       
 18  long           21613 non-null  float64       
 19  sqft_living15  21613 non-null  int64         
 20  sqft_lot15     21613 non-null  int64         
dtypes: datetime64[ns](1), float64(5), int64(15)
memory usage: 3.5 MB
The average cost in the year 2015 is:  541988.9922636104
The average cost in the year 2014 is:  539181.4284152258
The percentage increase is:  0.5207085593872538 %
Traceback (most recent call last):
  File "king-county-s-housing-market-various-techniques.py", line 168, in <module>
    from sklearn.cross_decomposition import train_test_split
ImportError: cannot import name 'train_test_split'
[Try Solution]: OrderedDict([('action', 'fqn'), ('old_fqn', 'sklearn.cross_validation'), ('new_fqn', 'sklearn.utils.validation.check_memory'), ('line_no', 167)])<class 'pandas.core.frame.DataFrame'>
RangeIndex: 21613 entries, 0 to 21612
Data columns (total 21 columns):
 #   Column         Non-Null Count  Dtype         
---  ------         --------------  -----         
 0   id             21613 non-null  int64         
 1   date           21613 non-null  datetime64[ns]
 2   price          21613 non-null  float64       
 3   bedrooms       21613 non-null  int64         
 4   bathrooms      21613 non-null  float64       
 5   sqft_living    21613 non-null  int64         
 6   sqft_lot       21613 non-null  int64         
 7   floors         21613 non-null  float64       
 8   waterfront     21613 non-null  int64         
 9   view           21613 non-null  int64         
 10  condition      21613 non-null  int64         
 11  grade          21613 non-null  int64         
 12  sqft_above     21613 non-null  int64         
 13  sqft_basement  21613 non-null  int64         
 14  yr_built       21613 non-null  int64         
 15  yr_renovated   21613 non-null  int64         
 16  zipcode        21613 non-null  int64         
 17  lat            21613 non-null  float64       
 18  long           21613 non-null  float64       
 19  sqft_living15  21613 non-null  int64         
 20  sqft_lot15     21613 non-null  int64         
dtypes: datetime64[ns](1), float64(5), int64(15)
memory usage: 3.5 MB
The average cost in the year 2015 is:  541988.9922636104
The average cost in the year 2014 is:  539181.4284152258
The percentage increase is:  0.5207085593872538 %
Traceback (most recent call last):
  File "king-county-s-housing-market-various-techniques.py", line 168, in <module>
    from sklearn.utils.validation.check_memory import train_test_split
ModuleNotFoundError: No module named 'sklearn.utils.validation.check_memory'; 'sklearn.utils.validation' is not a package
[Try Solution]: OrderedDict([('action', 'fqn'), ('old_fqn', 'sklearn.cross_validation'), ('new_fqn', 'sklearn.utils.validation.column_or_1d'), ('line_no', 167)])<class 'pandas.core.frame.DataFrame'>
RangeIndex: 21613 entries, 0 to 21612
Data columns (total 21 columns):
 #   Column         Non-Null Count  Dtype         
---  ------         --------------  -----         
 0   id             21613 non-null  int64         
 1   date           21613 non-null  datetime64[ns]
 2   price          21613 non-null  float64       
 3   bedrooms       21613 non-null  int64         
 4   bathrooms      21613 non-null  float64       
 5   sqft_living    21613 non-null  int64         
 6   sqft_lot       21613 non-null  int64         
 7   floors         21613 non-null  float64       
 8   waterfront     21613 non-null  int64         
 9   view           21613 non-null  int64         
 10  condition      21613 non-null  int64         
 11  grade          21613 non-null  int64         
 12  sqft_above     21613 non-null  int64         
 13  sqft_basement  21613 non-null  int64         
 14  yr_built       21613 non-null  int64         
 15  yr_renovated   21613 non-null  int64         
 16  zipcode        21613 non-null  int64         
 17  lat            21613 non-null  float64       
 18  long           21613 non-null  float64       
 19  sqft_living15  21613 non-null  int64         
 20  sqft_lot15     21613 non-null  int64         
dtypes: datetime64[ns](1), float64(5), int64(15)
memory usage: 3.5 MB
The average cost in the year 2015 is:  541988.9922636104
The average cost in the year 2014 is:  539181.4284152258
The percentage increase is:  0.5207085593872538 %
Traceback (most recent call last):
  File "king-county-s-housing-market-various-techniques.py", line 168, in <module>
    from sklearn.utils.validation.column_or_1d import train_test_split
ModuleNotFoundError: No module named 'sklearn.utils.validation.column_or_1d'; 'sklearn.utils.validation' is not a package
[Try Solution]: OrderedDict([('action', 'fqn'), ('old_fqn', 'sklearn.cross_validation'), ('new_fqn', 'sklearn.utils.validation.check_is_fitted'), ('line_no', 167)])<class 'pandas.core.frame.DataFrame'>
RangeIndex: 21613 entries, 0 to 21612
Data columns (total 21 columns):
 #   Column         Non-Null Count  Dtype         
---  ------         --------------  -----         
 0   id             21613 non-null  int64         
 1   date           21613 non-null  datetime64[ns]
 2   price          21613 non-null  float64       
 3   bedrooms       21613 non-null  int64         
 4   bathrooms      21613 non-null  float64       
 5   sqft_living    21613 non-null  int64         
 6   sqft_lot       21613 non-null  int64         
 7   floors         21613 non-null  float64       
 8   waterfront     21613 non-null  int64         
 9   view           21613 non-null  int64         
 10  condition      21613 non-null  int64         
 11  grade          21613 non-null  int64         
 12  sqft_above     21613 non-null  int64         
 13  sqft_basement  21613 non-null  int64         
 14  yr_built       21613 non-null  int64         
 15  yr_renovated   21613 non-null  int64         
 16  zipcode        21613 non-null  int64         
 17  lat            21613 non-null  float64       
 18  long           21613 non-null  float64       
 19  sqft_living15  21613 non-null  int64         
 20  sqft_lot15     21613 non-null  int64         
dtypes: datetime64[ns](1), float64(5), int64(15)
memory usage: 3.5 MB
The average cost in the year 2015 is:  541988.9922636104
The average cost in the year 2014 is:  539181.4284152258
The percentage increase is:  0.5207085593872538 %
Traceback (most recent call last):
  File "king-county-s-housing-market-various-techniques.py", line 168, in <module>
    from sklearn.utils.validation.check_is_fitted import train_test_split
ModuleNotFoundError: No module named 'sklearn.utils.validation.check_is_fitted'; 'sklearn.utils.validation' is not a package
[Try Solution]: OrderedDict([('action', 'fqn'), ('old_fqn', 'sklearn.cross_validation'), ('new_fqn', 'sklearn.utils.validation.check_symmetric'), ('line_no', 167)])<class 'pandas.core.frame.DataFrame'>
RangeIndex: 21613 entries, 0 to 21612
Data columns (total 21 columns):
 #   Column         Non-Null Count  Dtype         
---  ------         --------------  -----         
 0   id             21613 non-null  int64         
 1   date           21613 non-null  datetime64[ns]
 2   price          21613 non-null  float64       
 3   bedrooms       21613 non-null  int64         
 4   bathrooms      21613 non-null  float64       
 5   sqft_living    21613 non-null  int64         
 6   sqft_lot       21613 non-null  int64         
 7   floors         21613 non-null  float64       
 8   waterfront     21613 non-null  int64         
 9   view           21613 non-null  int64         
 10  condition      21613 non-null  int64         
 11  grade          21613 non-null  int64         
 12  sqft_above     21613 non-null  int64         
 13  sqft_basement  21613 non-null  int64         
 14  yr_built       21613 non-null  int64         
 15  yr_renovated   21613 non-null  int64         
 16  zipcode        21613 non-null  int64         
 17  lat            21613 non-null  float64       
 18  long           21613 non-null  float64       
 19  sqft_living15  21613 non-null  int64         
 20  sqft_lot15     21613 non-null  int64         
dtypes: datetime64[ns](1), float64(5), int64(15)
memory usage: 3.5 MB
The average cost in the year 2015 is:  541988.9922636104
The average cost in the year 2014 is:  539181.4284152258
The percentage increase is:  0.5207085593872538 %
Traceback (most recent call last):
  File "king-county-s-housing-market-various-techniques.py", line 168, in <module>
    from sklearn.utils.validation.check_symmetric import train_test_split
ModuleNotFoundError: No module named 'sklearn.utils.validation.check_symmetric'; 'sklearn.utils.validation' is not a package
[Try Solution]: OrderedDict([('action', 'fqn'), ('old_fqn', 'sklearn.cross_validation'), ('new_fqn', 'sklearn.cluster.Birch'), ('line_no', 167)])<class 'pandas.core.frame.DataFrame'>
RangeIndex: 21613 entries, 0 to 21612
Data columns (total 21 columns):
 #   Column         Non-Null Count  Dtype         
---  ------         --------------  -----         
 0   id             21613 non-null  int64         
 1   date           21613 non-null  datetime64[ns]
 2   price          21613 non-null  float64       
 3   bedrooms       21613 non-null  int64         
 4   bathrooms      21613 non-null  float64       
 5   sqft_living    21613 non-null  int64         
 6   sqft_lot       21613 non-null  int64         
 7   floors         21613 non-null  float64       
 8   waterfront     21613 non-null  int64         
 9   view           21613 non-null  int64         
 10  condition      21613 non-null  int64         
 11  grade          21613 non-null  int64         
 12  sqft_above     21613 non-null  int64         
 13  sqft_basement  21613 non-null  int64         
 14  yr_built       21613 non-null  int64         
 15  yr_renovated   21613 non-null  int64         
 16  zipcode        21613 non-null  int64         
 17  lat            21613 non-null  float64       
 18  long           21613 non-null  float64       
 19  sqft_living15  21613 non-null  int64         
 20  sqft_lot15     21613 non-null  int64         
dtypes: datetime64[ns](1), float64(5), int64(15)
memory usage: 3.5 MB
The average cost in the year 2015 is:  541988.9922636104
The average cost in the year 2014 is:  539181.4284152258
The percentage increase is:  0.5207085593872538 %
Traceback (most recent call last):
  File "king-county-s-housing-market-various-techniques.py", line 168, in <module>
    from sklearn.cluster.Birch import train_test_split
ModuleNotFoundError: No module named 'sklearn.cluster.Birch'
[Try Solution]: OrderedDict([('action', 'fqn'), ('old_fqn', 'sklearn.cross_validation'), ('new_fqn', 'sklearn.cluster.KMeans'), ('line_no', 167)])<class 'pandas.core.frame.DataFrame'>
RangeIndex: 21613 entries, 0 to 21612
Data columns (total 21 columns):
 #   Column         Non-Null Count  Dtype         
---  ------         --------------  -----         
 0   id             21613 non-null  int64         
 1   date           21613 non-null  datetime64[ns]
 2   price          21613 non-null  float64       
 3   bedrooms       21613 non-null  int64         
 4   bathrooms      21613 non-null  float64       
 5   sqft_living    21613 non-null  int64         
 6   sqft_lot       21613 non-null  int64         
 7   floors         21613 non-null  float64       
 8   waterfront     21613 non-null  int64         
 9   view           21613 non-null  int64         
 10  condition      21613 non-null  int64         
 11  grade          21613 non-null  int64         
 12  sqft_above     21613 non-null  int64         
 13  sqft_basement  21613 non-null  int64         
 14  yr_built       21613 non-null  int64         
 15  yr_renovated   21613 non-null  int64         
 16  zipcode        21613 non-null  int64         
 17  lat            21613 non-null  float64       
 18  long           21613 non-null  float64       
 19  sqft_living15  21613 non-null  int64         
 20  sqft_lot15     21613 non-null  int64         
dtypes: datetime64[ns](1), float64(5), int64(15)
memory usage: 3.5 MB
The average cost in the year 2015 is:  541988.9922636104
The average cost in the year 2014 is:  539181.4284152258
The percentage increase is:  0.5207085593872538 %
Traceback (most recent call last):
  File "king-county-s-housing-market-various-techniques.py", line 168, in <module>
    from sklearn.cluster.KMeans import train_test_split
ModuleNotFoundError: No module named 'sklearn.cluster.KMeans'
[Try Solution]: OrderedDict([('action', 'fqn'), ('old_fqn', 'sklearn.cross_validation'), ('new_fqn', 'sklearn.utils.validation.has_fit_parameter'), ('line_no', 167)])<class 'pandas.core.frame.DataFrame'>
RangeIndex: 21613 entries, 0 to 21612
Data columns (total 21 columns):
 #   Column         Non-Null Count  Dtype         
---  ------         --------------  -----         
 0   id             21613 non-null  int64         
 1   date           21613 non-null  datetime64[ns]
 2   price          21613 non-null  float64       
 3   bedrooms       21613 non-null  int64         
 4   bathrooms      21613 non-null  float64       
 5   sqft_living    21613 non-null  int64         
 6   sqft_lot       21613 non-null  int64         
 7   floors         21613 non-null  float64       
 8   waterfront     21613 non-null  int64         
 9   view           21613 non-null  int64         
 10  condition      21613 non-null  int64         
 11  grade          21613 non-null  int64         
 12  sqft_above     21613 non-null  int64         
 13  sqft_basement  21613 non-null  int64         
 14  yr_built       21613 non-null  int64         
 15  yr_renovated   21613 non-null  int64         
 16  zipcode        21613 non-null  int64         
 17  lat            21613 non-null  float64       
 18  long           21613 non-null  float64       
 19  sqft_living15  21613 non-null  int64         
 20  sqft_lot15     21613 non-null  int64         
dtypes: datetime64[ns](1), float64(5), int64(15)
memory usage: 3.5 MB
The average cost in the year 2015 is:  541988.9922636104
The average cost in the year 2014 is:  539181.4284152258
The percentage increase is:  0.5207085593872538 %
Traceback (most recent call last):
  File "king-county-s-housing-market-various-techniques.py", line 168, in <module>
    from sklearn.utils.validation.has_fit_parameter import train_test_split
ModuleNotFoundError: No module named 'sklearn.utils.validation.has_fit_parameter'; 'sklearn.utils.validation' is not a package
[Try Solution]: OrderedDict([('action', 'fqn'), ('old_fqn', 'sklearn.cross_validation'), ('new_fqn', 'sklearn.cross_decomposition.CCA'), ('line_no', 167)])<class 'pandas.core.frame.DataFrame'>
RangeIndex: 21613 entries, 0 to 21612
Data columns (total 21 columns):
 #   Column         Non-Null Count  Dtype         
---  ------         --------------  -----         
 0   id             21613 non-null  int64         
 1   date           21613 non-null  datetime64[ns]
 2   price          21613 non-null  float64       
 3   bedrooms       21613 non-null  int64         
 4   bathrooms      21613 non-null  float64       
 5   sqft_living    21613 non-null  int64         
 6   sqft_lot       21613 non-null  int64         
 7   floors         21613 non-null  float64       
 8   waterfront     21613 non-null  int64         
 9   view           21613 non-null  int64         
 10  condition      21613 non-null  int64         
 11  grade          21613 non-null  int64         
 12  sqft_above     21613 non-null  int64         
 13  sqft_basement  21613 non-null  int64         
 14  yr_built       21613 non-null  int64         
 15  yr_renovated   21613 non-null  int64         
 16  zipcode        21613 non-null  int64         
 17  lat            21613 non-null  float64       
 18  long           21613 non-null  float64       
 19  sqft_living15  21613 non-null  int64         
 20  sqft_lot15     21613 non-null  int64         
dtypes: datetime64[ns](1), float64(5), int64(15)
memory usage: 3.5 MB
The average cost in the year 2015 is:  541988.9922636104
The average cost in the year 2014 is:  539181.4284152258
The percentage increase is:  0.5207085593872538 %
Traceback (most recent call last):
  File "king-county-s-housing-market-various-techniques.py", line 168, in <module>
    from sklearn.cross_decomposition.CCA import train_test_split
ModuleNotFoundError: No module named 'sklearn.cross_decomposition.CCA'
[Try Solution]: OrderedDict([('action', 'fqn'), ('old_fqn', 'sklearn.cross_validation'), ('new_fqn', 'sklearn.utils.all_estimators'), ('line_no', 167)])<class 'pandas.core.frame.DataFrame'>
RangeIndex: 21613 entries, 0 to 21612
Data columns (total 21 columns):
 #   Column         Non-Null Count  Dtype         
---  ------         --------------  -----         
 0   id             21613 non-null  int64         
 1   date           21613 non-null  datetime64[ns]
 2   price          21613 non-null  float64       
 3   bedrooms       21613 non-null  int64         
 4   bathrooms      21613 non-null  float64       
 5   sqft_living    21613 non-null  int64         
 6   sqft_lot       21613 non-null  int64         
 7   floors         21613 non-null  float64       
 8   waterfront     21613 non-null  int64         
 9   view           21613 non-null  int64         
 10  condition      21613 non-null  int64         
 11  grade          21613 non-null  int64         
 12  sqft_above     21613 non-null  int64         
 13  sqft_basement  21613 non-null  int64         
 14  yr_built       21613 non-null  int64         
 15  yr_renovated   21613 non-null  int64         
 16  zipcode        21613 non-null  int64         
 17  lat            21613 non-null  float64       
 18  long           21613 non-null  float64       
 19  sqft_living15  21613 non-null  int64         
 20  sqft_lot15     21613 non-null  int64         
dtypes: datetime64[ns](1), float64(5), int64(15)
memory usage: 3.5 MB
The average cost in the year 2015 is:  541988.9922636104
The average cost in the year 2014 is:  539181.4284152258
The percentage increase is:  0.5207085593872538 %
Traceback (most recent call last):
  File "king-county-s-housing-market-various-techniques.py", line 168, in <module>
    from sklearn.utils.all_estimators import train_test_split
ModuleNotFoundError: No module named 'sklearn.utils.all_estimators'
[Try Solution]: OrderedDict([('action', 'fqn'), ('old_fqn', 'sklearn.cross_validation'), ('new_fqn', 'sklearn.model_selection'), ('line_no', 167)])<class 'pandas.core.frame.DataFrame'>
RangeIndex: 21613 entries, 0 to 21612
Data columns (total 21 columns):
 #   Column         Non-Null Count  Dtype         
---  ------         --------------  -----         
 0   id             21613 non-null  int64         
 1   date           21613 non-null  datetime64[ns]
 2   price          21613 non-null  float64       
 3   bedrooms       21613 non-null  int64         
 4   bathrooms      21613 non-null  float64       
 5   sqft_living    21613 non-null  int64         
 6   sqft_lot       21613 non-null  int64         
 7   floors         21613 non-null  float64       
 8   waterfront     21613 non-null  int64         
 9   view           21613 non-null  int64         
 10  condition      21613 non-null  int64         
 11  grade          21613 non-null  int64         
 12  sqft_above     21613 non-null  int64         
 13  sqft_basement  21613 non-null  int64         
 14  yr_built       21613 non-null  int64         
 15  yr_renovated   21613 non-null  int64         
 16  zipcode        21613 non-null  int64         
 17  lat            21613 non-null  float64       
 18  long           21613 non-null  float64       
 19  sqft_living15  21613 non-null  int64         
 20  sqft_lot15     21613 non-null  int64         
dtypes: datetime64[ns](1), float64(5), int64(15)
memory usage: 3.5 MB
The average cost in the year 2015 is:  541988.9922636104
The average cost in the year 2014 is:  539181.4284152258
The percentage increase is:  0.5207085593872538 %
[REPAIR EXEC TIME]: 90.92289566993713