/home/cgzhu/anaconda3/envs/migration-plus/lib/python3.6/site-packages/seaborn/axisgrid.py:243: UserWarning: The `size` parameter has been renamed to `height`; please update your code.
  warnings.warn(msg, UserWarning)
/home/cgzhu/anaconda3/envs/migration-plus/lib/python3.6/site-packages/seaborn/axisgrid.py:243: UserWarning: The `size` parameter has been renamed to `height`; please update your code.
  warnings.warn(msg, UserWarning)
voice.csv

<class 'pandas.core.frame.DataFrame'>
RangeIndex: 3168 entries, 0 to 3167
Data columns (total 21 columns):
 #   Column    Non-Null Count  Dtype  
---  ------    --------------  -----  
 0   meanfreq  3168 non-null   float64
 1   sd        3168 non-null   float64
 2   median    3168 non-null   float64
 3   Q25       3168 non-null   float64
 4   Q75       3168 non-null   float64
 5   IQR       3168 non-null   float64
 6   skew      3168 non-null   float64
 7   kurt      3168 non-null   float64
 8   sp.ent    3168 non-null   float64
 9   sfm       3168 non-null   float64
 10  mode      3168 non-null   float64
 11  centroid  3168 non-null   float64
 12  meanfun   3168 non-null   float64
 13  minfun    3168 non-null   float64
 14  maxfun    3168 non-null   float64
 15  meandom   3168 non-null   float64
 16  mindom    3168 non-null   float64
 17  maxdom    3168 non-null   float64
 18  dfrange   3168 non-null   float64
 19  modindx   3168 non-null   float64
 20  label     3168 non-null   object 
dtypes: float64(20), object(1)
memory usage: 519.9+ KB



0.9863301787592008
