['master.csv']
   year  population  suicides/100k pop  gdp_per_capita ($)
0  1987      312900               6.71                 796
1  1987      308000               5.19                 796
2  1987      289700               4.83                 796
3  1987       21800               4.59                 796
4  1987      274300               3.28                 796
0    21
1    16
2    14
3     1
4     9
Name: suicides_no, dtype: int64
(22256, 4) (22256,)
(5564,) (5564, 4)
       year  population  suicides/100k pop  gdp_per_capita ($)
23316  1998     1567615               0.77                3512
11872  2001       20597               9.71               30850
10153  1995      679656               0.00               13550
14401  2008      363431               1.38               43746
27196  2014     7994948              38.85               58531
